../data/case240_wecc_nk_f1.m
INFO: extending matpower format by appending matrix "branch_prob" onto "branch"
Warning: Control callbacks may disable some MIP features.
Tried aggregator 1 time.
MIP Presolve eliminated 1 rows and 1 columns.
Reduced MIP has 1 rows, 450 columns, and 448 nonzeros.
Reduced MIP has 448 binaries, 0 generals, 0 SOSs, and 0 indicators.
Presolve time = 0.00 sec. (0.15 ticks)
Probing time = 0.00 sec. (0.05 ticks)
MIP emphasis: balance optimality and feasibility.
MIP search method: traditional branch-and-cut.
Parallel mode: none, using 1 thread.
Root relaxation solution time = 0.00 sec. (0.11 ticks)

        Nodes                                         Cuts/
   Node  Left     Objective  IInf  Best Integer    Best Bound    ItCnt     Gap

*     0     0      integral     0       11.2696  1000000.0000        1     --- 
Elapsed time = 0.22 sec. (0.77 ticks, tree = 0.00 MB, solutions = 1)
Warning: Control callbacks may disable some MIP features.
Tried aggregator 1 time.
MIP Presolve eliminated 1 rows and 1 columns.
Reduced MIP has 1 rows, 450 columns, and 448 nonzeros.
Reduced MIP has 448 binaries, 0 generals, 0 SOSs, and 0 indicators.
Presolve time = 0.00 sec. (0.15 ticks)
Probing time = 0.00 sec. (0.05 ticks)
MIP emphasis: balance optimality and feasibility.
MIP search method: traditional branch-and-cut.
Parallel mode: none, using 1 thread.
Root relaxation solution time = 0.00 sec. (0.11 ticks)

        Nodes                                         Cuts/
   Node  Left     Objective  IInf  Best Integer    Best Bound    ItCnt     Gap

*     0     0      integral     0       11.2696  1000000.0000        1     --- 
Elapsed time = 0.21 sec. (0.77 ticks, tree = 0.00 MB, solutions = 1)
eads                   = 32
  Rows in Factor            = 9724
  Integer space required    = 20116
  Total non-zeros in factor = 121290
  Total FP ops to factor    = 2168678
 Itn      Primal Obj        Dual Obj  Prim Inf Upper Inf  Dual Inf Inf Ratio
   0   1.4881747e+03   1.7327710e+01  3.91e+05  0.00e+00  1.02e+04  1.00e+00
   1   1.4849420e+03   2.0578367e+01  3.91e+05  0.00e+00  1.02e+04  5.58e-01
   2   1.4677821e+03   2.8896480e+01  3.89e+05  0.00e+00  1.01e+04  2.62e-01
   3   1.4083289e+03   6.7730738e+01  3.83e+05  0.00e+00  9.97e+03  1.33e-01
   4   1.2357499e+03   2.3965234e+02  3.58e+05  0.00e+00  9.31e+03  6.45e-02
   5   8.2372237e+02   4.3351683e+02  2.69e+05  0.00e+00  6.99e+03  7.76e-02
   6   5.5111078e+02   3.6062130e+02  1.07e+05  0.00e+00  2.78e+03  1.77e-01
   7   3.0986046e+02   2.3922131e+02  5.21e+04  0.00e+00  1.36e+03  5.00e-01
   8   1.6339241e+02   1.2449883e+02  1.93e+04  0.00e+00  5.02e+02  9.11e-01
   9   8.4925848e+01   6.5536731e+01  1.06e+04  0.00e+00  2.76e+02  1.82e+00
  10   5.7841054e+01   4.4165403e+01  5.29e+03  0.00e+00  1.38e+02  2.56e+00
  11   3.1600605e+01   2.3389328e+01  3.73e+03  0.00e+00  9.72e+01  4.25e+00
  12   2.1673107e+01   1.6616684e+01  2.24e+03  0.00e+00  5.83e+01  6.87e+00
  13   1.0962018e+01   8.5269538e+00  1.38e+03  0.00e+00  3.59e+01  1.42e+01
  14   8.1758604e+00   6.3698007e+00  6.65e+02  0.00e+00  1.73e+01  1.91e+01
  15   2.0398608e+00   1.5817953e+00  4.93e+02  0.00e+00  1.28e+01  7.57e+01
  16   3.0802617e-01   2.3656420e-01  1.25e+02  0.00e+00  3.26e+00  4.91e+02
  17   1.7606937e-02   1.3483441e-02  1.95e+01  0.00e+00  5.08e-01  8.54e+03
  18   8.9813513e-04   6.8776488e-04  1.13e+00  0.00e+00  2.93e-02  1.67e+05
  19   4.5819868e-05   3.5086355e-05  5.74e-02  0.00e+00  1.49e-03  3.28e+06
  20   6.5545570e-06   4.9605281e-06  2.93e-03  0.00e+00  7.63e-05  2.20e+07

Warning:  Barrier optimality criterion affected by large objective shift.
CPLEX Error  3003: Not a mixed-integer problem.
Warning: Control callbacks may disable some MIP features.
Warning:  No solution found from 2 MIP starts.
Retaining values of one MIP start for possible repair.
Tried aggregator 1 time.
MIP Presolve eliminated 1 rows and 1 columns.
MIP Presolve modified 452 coefficients.
Reduced MIP has 3 rows, 450 columns, and 897 nonzeros.
Reduced MIP has 448 binaries, 0 generals, 0 SOSs, and 0 indicators.
Presolve time = 0.00 sec. (0.59 ticks)
Probing time = 0.00 sec. (1.04 ticks)
Cover probing fixed 0 vars, tightened 1 bounds.
Clique table members: 1.
MIP emphasis: balance optimality and feasibility.
MIP search method: traditional branch-and-cut.
Parallel mode: none, using 1 thread.
Root relaxation solution time = 0.00 sec. (0.16 ticks)

        Nodes                                         Cuts/
   Node  Left     Objective  IInf  Best Integer    Best Bound    ItCnt     Gap

*     0     0      integral     0        2.8112  1000000.0000        2     --- 
Elapsed time = 0.00 sec. (2.65 ticks, tree = 0.00 MB, solutions = 1)
ub: 2.811174657750521, lb: -14.481281373872953

User cuts applied:  3

Root node processing (before b&c):
  Real time             =    0.00 sec. (2.66 ticks)
Sequential b&c:
  Real time             =    0.00 sec. (0.00 ticks)
                          ------------
Total (root+branch&cut) =    0.00 sec. (2.66 ticks)
Tried aggregator 1 time.
QCP Presolve eliminated 620 rows and 289 columns.
Aggregator did 184 substitutions.
Reduced QCP has 9673 rows, 5045 columns, and 19512 nonzeros.
Reduced QCP has 1238 quadratic constraints.
Presolve time = 0.01 sec. (3.94 ticks)
Parallel mode: using up to 32 threads for barrier.

***NOTE: Found 45 dense columns.

Number of nonzeros in lower triangle of A*A' = 70704
Using Approximate Minimum Degree ordering
Total time for automatic ordering = 0.01 sec. (3.16 ticks)
Summary statistics for Cholesky factor:
  Threads                   = 32
  Rows in Factor            = 9718
  Integer space required    = 20202
  Total non-zeros in factor = 121852
  Total FP ops to factor    = 2199222
 Itn      Primal Obj        Dual Obj  Prim Inf Upper Inf  Dual Inf Inf Ratio
   0   1.4881747e+03   1.7327710e+01  3.84e+05  0.00e+00  1.02e+04  1.00e+00
   1   1.4853346e+03   2.0897352e+01  3.84e+05  0.00e+00  1.02e+04  5.66e-01
   2   1.4704564e+03   3.1129841e+01  3.82e+05  0.00e+00  1.01e+04  2.68e-01
   3   1.4190064e+03   7.7152891e+01  3.76e+05  0.00e+00  9.96e+03  1.37e-01
   4   1.2758656e+03   2.7609044e+02  3.52e+05  0.00e+00  9.31e+03  6.61e-02
   5   9.5092770e+02   5.5562395e+02  2.64e+05  0.00e+00  7.01e+03  7.83e-02
   6   6.4532290e+02   5.0180036e+02  1.06e+05  0.00e+00  2.82e+03  2.43e-01
   7   4.3960947e+02   3.8434744e+02  3.85e+04  0.00e+00  1.02e+03  6.58e-01
   8   3.1087483e+02   2.7977627e+02  1.48e+04  0.00e+00  3.92e+02  1.17e+00
   9   2.1342046e+02   1.9815979e+02  8.33e+03  0.00e+00  2.21e+02  2.38e+00
  10   1.7915666e+02   1.6844923e+02  4.09e+03  0.00e+00  1.08e+02  3.35e+00
  11   1.5145604e+02   1.4497550e+02  2.87e+03  0.00e+00  7.60e+01  5.50e+00
  12   1.3852637e+02   1.3455414e+02  1.74e+03  0.00e+00  4.60e+01  8.96e+00
  13   1.3125179e+02   1.2875823e+02  1.06e+03  0.00e+00  2.82e+01  1.42e+01
  14   1.2450409e+02   1.2326349e+02  6.68e+02  0.00e+00  1.77e+01  2.85e+01
  15   1.2026312e+02   1.1973380e+02  3.32e+02  0.00e+00  8.81e+00  6.67e+01
  16   1.1901052e+02   1.1869511e+02  1.42e+02  0.00e+00  3.76e+00  1.12e+02
  17   1.1780199e+02   1.1769067e+02  8.45e+01  0.00e+00  2.24e+00  3.17e+02
  18   1.1745250e+02   1.1739385e+02  2.98e+01  0.00e+00  7.90e-01  6.02e+02
  19   1.1725206e+02   1.1722402e+02  1.57e+01  0.00e+00  4.16e-01  1.26e+03
  20   1.1716903e+02   1.1715107e+02  7.51e+00  0.00e+00  1.99e-01  1.96e+03
  21   1.1709151e+02   1.1708399e+02  4.81e+00  0.00e+00  1.28e-01  4.69e+03
  22   1.1707237e+02   1.1706737e+02  2.01e+00  0.00e+00  5.34e-02  7.05e+03
  23   1.1704385e+02   1.1704237e+02  1.34e+00  0.00e+00  3.55e-02  2.37e+04
  24   1.1703805e+02   1.1703718e+02  3.99e-01  0.00e+00  1.06e-02  4.05e+04
  25   1.1703513e+02   1.1703457e+02  2.33e-01  0.00e+00  6.18e-03  6.32e+04
  26   1.1703444e+02   1.1703399e+02  1.49e-01  0.00e+00  3.96e-03  7.83e+04
  27   1.1703249e+02   1.1703226e+02  1.21e-01  0.00e+00  3.20e-03  1.53e+05
  28   1.1703226e+02   1.1703205e+02  6.19e-02  0.00e+00  1.64e-03  1.69e+05
  29   1.1703112e+02   1.1703104e+02  5.58e-02  0.00e+00  1.48e-03  4.37e+05
  30   1.1703063e+02   1.1703060e+02  2.16e-02  0.00e+00  5.73e-04  1.23e+06
  31   1.1703050e+02   1.1703049e+02  7.66e-03  0.00e+00  2.03e-04  2.13e+06
  32   1.1703046e+02   1.1703045e+02  4.43e-03  0.00e+00  1.17e-04  3.09e+06
  33   1.1703039e+02   1.1703038e+02  3.06e-03  0.00e+00  8.11e-05  8.23e+06
CPLEX Error  3003: Not a mixed-integer problem.
Warning: Control callbacks may disable some MIP features.
Warning:  No solution found from 2 MIP starts.
Retaining values of one MIP start for possible repair.
Tried aggregator 1 time.
MIP Presolve eliminated 1 rows and 1 columns.
MIP Presolve modified 904 coefficients.
Reduced MIP has 5 rows, 450 columns, and 1346 nonzeros.
Reduced MIP has 448 binaries, 0 generals, 0 SOSs, and 0 indicators.
Presolve time = 0.00 sec. (1.02 ticks)
Probing fixed 0 vars, tightened 1 bounds.
Probing time = 0.00 sec. (0.10 ticks)
Clique table members: 2.
MIP emphasis: balance optimality and feasibility.
MIP search method: traditional branch-and-cut.
Parallel mode: none, using 1 thread.
Root relaxation solution time = 0.00 sec. (0.19 ticks)

        Nodes                                         Cuts/
   Node  Left     Objective  IInf  Best Integer    Best Bound    ItCnt     Gap

*     0     0      integral     0        2.6793  1000000.0000        2     --- 
Elapsed time = 0.00 sec. (2.42 ticks, tree = 0.00 MB, solutions = 1)
ub: 2.6793383665192065, lb: 2.2165022622253807

User cuts applied:  3

Root node processing (before b&c):
  Real time             =    0.00 sec. (2.44 ticks)
Sequential b&c:
  Real time             =    0.00 sec. (0.00 ticks)
                          ------------
Total (root+branch&cut) =    0.00 sec. (2.44 ticks)
Tried aggregator 1 time.
QCP Presolve eliminated 620 rows and 289 columns.
Aggregator did 184 substitutions.
Reduced QCP has 9673 rows, 5045 columns, and 19512 nonzeros.
Reduced QCP has 1238 quadratic constraints.
Presolve time = 0.01 sec. (3.94 ticks)
Parallel mode: using up to 32 threads for barrier.

***NOTE: Found 45 dense columns.

Number of nonzeros in lower triangle of A*A' = 70699
Using Approximate Minimum Degree ordering
Total time for automatic ordering = 0.00 sec. (3.16 ticks)
Summary statistics for Cholesky factor:
  Threads                   = 32
  Rows in Factor            = 9718
  Integer space required    = 20200
  Total non-zeros in factor = 121873
  Total FP ops to factor    = 2199433
 Itn      Primal Obj        Dual Obj  Prim Inf Upper Inf  Dual Inf Inf Ratio
   0   1.4881747e+03   1.7327710e+01  3.84e+05  0.00e+00  1.02e+04  1.00e+00
   1   1.4852698e+03   2.0832177e+01  3.84e+05  0.00e+00  1.02e+04  5.66e-01
   2   1.4700310e+03   3.0712711e+01  3.82e+05  0.00e+00  1.01e+04  2.68e-01
   3   1.4173904e+03   7.5571591e+01  3.76e+05  0.00e+00  9.96e+03  1.37e-01
   4   1.2698936e+03   2.7026271e+02  3.52e+05  0.00e+00  9.31e+03  6.60e-02
   5   9.2771411e+02   5.3292779e+02  2.64e+05  0.00e+00  7.01e+03  7.87e-02
   6   6.9197811e+02   4.9523753e+02  1.06e+05  0.00e+00  2.81e+03  1.75e-01
   7   4.7056560e+02   3.9837606e+02  5.28e+04  0.00e+00  1.40e+03  5.01e-01
   8   3.0792832e+02   2.6727851e+02  1.93e+04  0.00e+00  5.12e+02  8.91e-01
   9   2.1028825e+02   1.9017757e+02  1.09e+04  0.00e+00  2.88e+02  1.79e+00
  10   1.6083341e+02   1.4820624e+02  5.39e+03  0.00e+00  1.43e+02  2.84e+00
  11   1.2814221e+02   1.2050508e+02  3.38e+03  0.00e+00  8.96e+01  4.67e+00
  12   1.1724307e+02   1.1237027e+02  2.05e+03  0.00e+00  5.42e+01  7.27e+00
  13   1.0616995e+02   1.0358299e+02  1.31e+03  0.00e+00  3.46e+01  1.36e+01
  14   1.0171190e+02   9.9905274e+01  6.93e+02  0.00e+00  1.84e+01  1.95e+01
  15   9.4766879e+01   9.4123830e+01  4.84e+02  0.00e+00  1.28e+01  5.48e+01
  16   9.2510074e+01   9.2233116e+01  1.72e+02  0.00e+00  4.56e+00  1.27e+02
  17   9.1523776e+01   9.1414227e+01  7.42e+01  0.00e+00  1.97e+00  3.22e+02
  18   9.1112198e+01   9.1064224e+01  2.94e+01  0.00e+00  7.78e-01  7.35e+02
  19   9.0880557e+01   9.0867909e+01  1.29e+01  0.00e+00  3.41e-01  2.79e+03
  20   9.0832897e+01   9.0826221e+01  3.39e+00  0.00e+00  8.98e-02  5.29e+03
  21   9.0818345e+01   9.0813634e+01  1.79e+00  0.00e+00  4.74e-02  7.49e+03
  22   9.0798695e+01   9.0796537e+01  1.26e+00  0.00e+00  3.34e-02  1.64e+04
  23   9.0789258e+01   9.0788299e+01  5.78e-01  0.00e+00  1.53e-02  3.68e+04
  24   9.0786250e+01   9.0785671e+01  2.57e-01  0.00e+00  6.81e-03  6.10e+04
  25   9.0782627e+01   9.0782480e+01  1.55e-01  0.00e+00  4.11e-03  2.41e+05
  26   9.0781773e+01   9.0781711e+01  3.93e-02  0.00e+00  1.04e-03  5.69e+05
  27   9.0781559e+01   9.0781518e+01  1.66e-02  0.00e+00  4.41e-04  8.60e+05
  28   9.0781515e+01   9.0781481e+01  1.10e-02  0.00e+00  2.92e-04  1.03e+06
  29   9.0781324e+01   9.0781310e+01  9.18e-03  0.00e+00  2.43e-04  2.47e+06
  30   9.0781294e+01   9.0781282e+01  3.84e-03  0.00e+00  1.02e-04  3.05e+06
  31   9.0781216e+01   9.0781213e+01  3.10e-03  0.00e+00  8.22e-05  9.42e+06
CPLEX Error  3003: Not a mixed-integer problem.
Warning: Control callbacks may disable some MIP features.
Warning:  No solution found from 2 MIP starts.
Retaining values of one MIP start for possible repair.
Tried aggregator 1 time.
MIP Presolve eliminated 1 rows and 1 columns.
MIP Presolve modified 1356 coefficients.
Reduced MIP has 7 rows, 450 columns, and 1795 nonzeros.
Reduced MIP has 448 binaries, 0 generals, 0 SOSs, and 0 indicators.
Presolve time = 0.00 sec. (1.34 ticks)
Probing fixed 0 vars, tightened 1 bounds.
Probing time = 0.00 sec. (0.13 ticks)
Clique table members: 3.
MIP emphasis: balance optimality and feasibility.
MIP search method: traditional branch-and-cut.
Parallel mode: none, using 1 thread.
Root relaxation solution time = 0.00 sec. (0.22 ticks)

        Nodes                                         Cuts/
   Node  Left     Objective  IInf  Best Integer    Best Bound    ItCnt     Gap

      0     0      180.9731     2                1000000.0000        2         
*     0+    0                            2.5748      180.9731              --- 
*     0     0      integral     0        2.6345        2.6345        3    0.00%
Elapsed time = 0.01 sec. (4.28 ticks, tree = 0.01 MB, solutions = 2)
ub: 2.634450737129368, lb: 2.2165022622253807

Mixed integer rounding cuts applied:  2
Gomory fractional cuts applied:  1
User cuts applied:  4

Root node processing (before b&c):
  Real time             =    0.01 sec. (4.30 ticks)
Sequential b&c:
  Real time             =    0.00 sec. (0.00 ticks)
                          ------------
Total (root+branch&cut) =    0.01 sec. (4.30 ticks)
Tried aggregator 1 time.
QCP Presolve eliminated 620 rows and 289 columns.
Aggregator did 184 substitutions.
Reduced QCP has 9673 rows, 5045 columns, and 19512 nonzeros.
Reduced QCP has 1238 quadratic constraints.
Presolve time = 0.01 sec. (3.94 ticks)
Parallel mode: using up to 32 threads for barrier.

***NOTE: Found 45 dense columns.

Number of nonzeros in lower triangle of A*A' = 70637
Using Approximate Minimum Degree ordering
Total time for automatic ordering = 0.01 sec. (3.16 ticks)
Summary statistics for Cholesky factor:
  Threads                   = 32
  Rows in Factor            = 9718
  Integer space required    = 20187
  Total non-zeros in factor = 121847
  Total FP ops to factor    = 2198807
 Itn      Primal Obj        Dual Obj  Prim Inf Upper Inf  Dual Inf Inf Ratio
   0   1.4881747e+03   1.7327710e+01  3.84e+05  0.00e+00  1.02e+04  1.00e+00
   1   1.4853176e+03   2.0880194e+01  3.84e+05  0.00e+00  1.02e+04  5.66e-01
   2   1.4703485e+03   3.1023494e+01  3.82e+05  0.00e+00  1.01e+04  2.68e-01
   3   1.4185826e+03   7.6738309e+01  3.76e+05  0.00e+00  9.96e+03  1.37e-01
   4   1.2744095e+03   2.7467770e+02  3.52e+05  0.00e+00  9.31e+03  6.61e-02
   5   9.5012803e+02   5.5428373e+02  2.64e+05  0.00e+00  7.01e+03  7.82e-02
   6   6.8837164e+02   5.0688249e+02  1.06e+05  0.00e+00  2.82e+03  1.85e-01
   7   4.6880470e+02   3.9438608e+02  4.87e+04  0.00e+00  1.29e+03  4.71e-01
   8   3.2598887e+02   2.8644768e+02  1.99e+04  0.00e+00  5.28e+02  8.97e-01
   9   2.3674348e+02   2.1776658e+02  1.06e+04  0.00e+00  2.81e+02  1.87e+00
  10   2.0466127e+02   1.9275015e+02  5.08e+03  0.00e+00  1.35e+02  2.97e+00
  11   1.8319149e+02   1.7594130e+02  3.19e+03  0.00e+00  8.46e+01  4.86e+00
  12   1.7492329e+02   1.7031576e+02  1.94e+03  0.00e+00  5.15e+01  7.64e+00
  13   1.6548506e+02   1.6322660e+02  1.23e+03  0.00e+00  3.27e+01  1.55e+01
  14   1.6115344e+02   1.5985248e+02  6.05e+02  0.00e+00  1.60e+01  2.69e+01
  15   1.5734193e+02   1.5686350e+02  3.49e+02  0.00e+00  9.24e+00  7.35e+01
  16   1.5633538e+02   1.5607538e+02  1.28e+02  0.00e+00  3.40e+00  1.35e+02
  17   1.5544502e+02   1.5537989e+02  6.97e+01  0.00e+00  1.85e+00  5.42e+02
  18   1.5528980e+02   1.5525707e+02  1.75e+01  0.00e+00  4.62e-01  1.08e+03
  19   1.5521597e+02   1.5519638e+02  8.77e+00  0.00e+00  2.32e-01  1.80e+03
  20   1.5514859e+02   1.5514248e+02  5.25e+00  0.00e+00  1.39e-01  5.78e+03
  21   1.5512552e+02   1.5512343e+02  1.64e+00  0.00e+00  4.34e-02  1.69e+04
  22   1.5511853e+02   1.5511752e+02  5.60e-01  0.00e+00  1.48e-02  3.50e+04
  23   1.5511519e+02   1.5511474e+02  2.71e-01  0.00e+00  7.17e-03  7.89e+04
  24   1.5511395e+02   1.5511373e+02  1.20e-01  0.00e+00  3.18e-03  1.59e+05
  25   1.5511369e+02   1.5511350e+02  5.97e-02  0.00e+00  1.58e-03  1.86e+05
  26   1.5511281e+02   1.5511276e+02  5.10e-02  0.00e+00  1.35e-03  7.44e+05
  27   1.5511262e+02   1.5511260e+02  1.27e-02  0.00e+00  3.37e-04  1.61e+06
  28   1.5511258e+02   1.5511256e+02  5.91e-03  0.00e+00  1.56e-04  2.21e+06
  29   1.5511251e+02   1.5511250e+02  4.30e-03  0.00e+00  1.14e-04  5.82e+06
CPLEX Error  3003: Not a mixed-integer problem.
Warning: Control callbacks may disable some MIP features.
Warning:  No solution found from 3 MIP starts.
Retaining values of one MIP start for possible repair.
Tried aggregator 1 time.
MIP Presolve eliminated 3 rows and 1 columns.
MIP Presolve modified 1809 coefficients.
Reduced MIP has 7 rows, 450 columns, and 2241 nonzeros.
Reduced MIP has 448 binaries, 0 generals, 0 SOSs, and 0 indicators.
Presolve time = 0.00 sec. (1.69 ticks)
Probing fixed 0 vars, tightened 1 bounds.
Probing time = 0.00 sec. (0.16 ticks)
Clique table members: 2.
MIP emphasis: balance optimality and feasibility.
MIP search method: traditional branch-and-cut.
Parallel mode: none, using 1 thread.
Root relaxation solution time = 0.00 sec. (0.25 ticks)

        Nodes                                         Cuts/
   Node  Left     Objective  IInf  Best Integer    Best Bound    ItCnt     Gap

      0     0      180.9731     2                1000000.0000        2         
*     0+    0                            2.5748      180.9731              --- 
*     0     0      integral     0        2.6344        2.6344        3    0.00%
Elapsed time = 0.01 sec. (4.93 ticks, tree = 0.01 MB, solutions = 2)
ub: 2.6344006873008414, lb: 2.4982193602923166

Mixed integer rounding cuts applied:  2
Gomory fractional cuts applied:  1
User cuts applied:  4

Root node processing (before b&c):
  Real time             =    0.01 sec. (4.95 ticks)
Sequential b&c:
  Real time             =    0.00 sec. (0.00 ticks)
                          ------------
Total (root+branch&cut) =    0.01 sec. (4.95 ticks)
Tried aggregator 1 time.
QCP Presolve eliminated 620 rows and 289 columns.
Aggregator did 184 substitutions.
Reduced QCP has 9673 rows, 5045 columns, and 19512 nonzeros.
Reduced QCP has 1238 quadratic constraints.
Presolve time = 0.01 sec. (3.94 ticks)
Parallel mode: using up to 32 threads for barrier.

***NOTE: Found 45 dense columns.

Number of nonzeros in lower triangle of A*A' = 70617
Using Approximate Minimum Degree ordering
Total time for automatic ordering = 0.00 sec. (3.16 ticks)
Summary statistics for Cholesky factor:
  Threads                   = 32
  Rows in Factor            = 9718
  Integer space required    = 20174
  Total non-zeros in factor = 121894
  Total FP ops to factor    = 2201772
 Itn      Primal Obj        Dual Obj  Prim Inf Upper Inf  Dual Inf Inf Ratio
   0   1.4881747e+03   1.7327710e+01  3.84e+05  0.00e+00  1.02e+04  1.00e+00
   1   1.4852937e+03   2.0856356e+01  3.84e+05  0.00e+00  1.02e+04  5.66e-01
   2   1.4701704e+03   3.0846173e+01  3.82e+05  0.00e+00  1.01e+04  2.68e-01
   3   1.4178455e+03   7.6011305e+01  3.76e+05  0.00e+00  9.96e+03  1.37e-01
   4   1.2715987e+03   2.7186633e+02  3.52e+05  0.00e+00  9.31e+03  6.61e-02
   5   9.3996991e+02   5.4472684e+02  2.64e+05  0.00e+00  7.01e+03  7.83e-02
   6   6.7927046e+02   4.9512517e+02  1.06e+05  0.00e+00  2.82e+03  1.83e-01
   7   4.6515548e+02   3.9188519e+02  4.94e+04  0.00e+00  1.31e+03  4.82e-01
   8   3.2503549e+02   2.8561305e+02  1.96e+04  0.00e+00  5.20e+02  9.05e-01
   9   2.3637557e+02   2.1727251e+02  1.06e+04  0.00e+00  2.80e+02  1.87e+00
  10   2.0071288e+02   1.8876121e+02  5.12e+03  0.00e+00  1.36e+02  2.97e+00
  11   1.7706792e+02   1.6978398e+02  3.20e+03  0.00e+00  8.48e+01  4.85e+00
  12   1.6719840e+02   1.6258433e+02  1.95e+03  0.00e+00  5.17e+01  7.64e+00
  13   1.5700167e+02   1.5466456e+02  1.24e+03  0.00e+00  3.28e+01  1.50e+01
  14   1.5187896e+02   1.5055953e+02  6.26e+02  0.00e+00  1.66e+01  2.66e+01
  15   1.4740858e+02   1.4694503e+02  3.54e+02  0.00e+00  9.37e+00  7.59e+01
  16   1.4663544e+02   1.4631825e+02  1.24e+02  0.00e+00  3.29e+00  1.11e+02
  17   1.4550682e+02   1.4540353e+02  8.50e+01  0.00e+00  2.25e+00  3.41e+02
  18   1.4513063e+02   1.4509285e+02  2.77e+01  0.00e+00  7.33e-01  9.34e+02
  19   1.4502224e+02   1.4500209e+02  1.01e+01  0.00e+00  2.68e-01  1.75e+03
  20   1.4494941e+02   1.4494060e+02  5.40e+00  0.00e+00  1.43e-01  4.01e+03
  21   1.4492659e+02   1.4492125e+02  2.36e+00  0.00e+00  6.25e-02  6.62e+03
  22   1.4490517e+02   1.4490303e+02  1.43e+00  0.00e+00  3.79e-02  1.65e+04
  23   1.4490005e+02   1.4489861e+02  5.74e-01  0.00e+00  1.52e-02  2.45e+04
  24   1.4489483e+02   1.4489412e+02  3.87e-01  0.00e+00  1.02e-02  4.98e+04
  25   1.4489424e+02   1.4489364e+02  1.90e-01  0.00e+00  5.05e-03  5.91e+04
  26   1.4489155e+02   1.4489133e+02  1.60e-01  0.00e+00  4.25e-03  1.57e+05
  27   1.4489114e+02   1.4489096e+02  6.06e-02  0.00e+00  1.60e-03  1.98e+05
  28   1.4489031e+02   1.4489024e+02  4.78e-02  0.00e+00  1.27e-03  5.01e+05
  29   1.4488997e+02   1.4488994e+02  1.89e-02  0.00e+00  5.01e-04  1.26e+06
  30   1.4488991e+02   1.4488989e+02  7.50e-03  0.00e+00  1.99e-04  1.65e+06
  31   1.4488980e+02   1.4488980e+02  5.74e-03  0.00e+00  1.52e-04  4.01e+06
CPLEX Error  3003: Not a mixed-integer problem.
Warning: Control callbacks may disable some MIP features.
Warning:  No solution found from 3 MIP starts.
Retaining values of one MIP start for possible repair.
Tried aggregator 1 time.
MIP Presolve eliminated 3 rows and 1 columns.
MIP Presolve modified 2261 coefficients.
Reduced MIP has 9 rows, 450 columns, and 2690 nonzeros.
Reduced MIP has 448 binaries, 0 generals, 0 SOSs, and 0 indicators.
Presolve time = 0.00 sec. (2.03 ticks)
Probing time = 0.00 sec. (0.17 ticks)
Clique table members: 3.
MIP emphasis: balance optimality and feasibility.
MIP search method: traditional branch-and-cut.
Parallel mode: none, using 1 thread.
Root relaxation solution time = 0.00 sec. (0.29 ticks)

        Nodes                                         Cuts/
   Node  Left     Objective  IInf  Best Integer    Best Bound    ItCnt     Gap

      0     0      178.9933     4                1000000.0000        2         
*     0+    0                            2.5748      178.9933              --- 
      0     0        2.5842     5        2.5748    MIRcuts: 1        6    0.36%
      0     0        cutoff              2.5748                      8     --- 
Elapsed time = 0.01 sec. (6.60 ticks, tree = 0.01 MB, solutions = 1)
ub: 2.5748476895597356, lb: 2.4982193602923166

Mixed integer rounding cuts applied:  1
User cuts applied:  3

Root node processing (before b&c):
  Real time             =    0.01 sec. (6.62 ticks)
Sequential b&c:
  Real time             =    0.00 sec. (0.00 ticks)
                          ------------
Total (root+branch&cut) =    0.01 sec. (6.62 ticks)
Tried aggregator 1 time.
QCP Presolve eliminated 620 rows and 289 columns.
Aggregator did 184 substitutions.
Reduced QCP has 9673 rows, 5045 columns, and 19512 nonzeros.
Reduced QCP has 1238 quadratic constraints.
Presolve time = 0.01 sec. (3.94 ticks)
Parallel mode: using up to 32 threads for barrier.

***NOTE: Found 45 dense columns.

Number of nonzeros in lower triangle of A*A' = 70679
Using Approximate Minimum Degree ordering
Total time for automatic ordering = 0.01 sec. (3.16 ticks)
Summary statistics for Cholesky factor:
  Threads                   = 32
  Rows in Factor            = 9718
  Integer space required    = 20196
  Total non-zeros in factor = 121889
  Total FP ops to factor    = 2201447
 Itn      Primal Obj        Dual Obj  Prim Inf Upper Inf  Dual Inf Inf Ratio
   0   1.4881747e+03   1.7327710e+01  3.84e+05  0.00e+00  1.02e+04  1.00e+00
   1   1.4852453e+03   2.0807719e+01  3.84e+05  0.00e+00  1.02e+04  5.66e-01
   2   1.4698531e+03   3.0535521e+01  3.82e+05  0.00e+00  1.01e+04  2.68e-01
   3   1.4166536e+03   7.4844943e+01  3.76e+05  0.00e+00  9.96e+03  1.37e-01
   4   1.2670834e+03   2.6745166e+02  3.52e+05  0.00e+00  9.31e+03  6.60e-02
   5   9.1763778e+02   5.2335108e+02  2.64e+05  0.00e+00  7.01e+03  7.87e-02
   6   6.8260529e+02   4.8525373e+02  1.06e+05  0.00e+00  2.81e+03  1.74e-01
   7   4.7037103e+02   3.9821802e+02  5.29e+04  0.00e+00  1.40e+03  5.00e-01
   8   3.0973314e+02   2.6915587e+02  1.93e+04  0.00e+00  5.12e+02  8.92e-01
   9   2.1333736e+02   1.9328341e+02  1.09e+04  0.00e+00  2.88e+02  1.80e+00
  10   1.6400792e+02   1.5122702e+02  5.37e+03  0.00e+00  1.42e+02  2.80e+00
  11   1.2957331e+02   1.2183738e+02  3.42e+03  0.00e+00  9.07e+01  4.60e+00
  12   1.1779386e+02   1.1276177e+02  2.07e+03  0.00e+00  5.49e+01  7.04e+00
  13   1.0539657e+02   1.0274817e+02  1.35e+03  0.00e+00  3.57e+01  1.33e+01
  14   1.0120554e+02   9.9269724e+01  7.10e+02  0.00e+00  1.88e+01  1.82e+01
  15   9.3648888e+01   9.2930091e+01  5.19e+02  0.00e+00  1.37e+01  4.90e+01
  16   9.1157656e+01   9.0830637e+01  1.93e+02  0.00e+00  5.10e+00  1.08e+02
  17   8.9766467e+01   8.9663226e+01  8.77e+01  0.00e+00  2.32e+00  3.42e+02
  18   8.9345781e+01   8.9301597e+01  2.77e+01  0.00e+00  7.33e-01  7.99e+02
  19   8.9118102e+01   8.9104517e+01  1.18e+01  0.00e+00  3.14e-01  2.60e+03
  20   8.9060490e+01   8.9053720e+01  3.64e+00  0.00e+00  9.64e-02  5.21e+03
  21   8.9045482e+01   8.9040661e+01  1.81e+00  0.00e+00  4.81e-02  7.32e+03
  22   8.9022556e+01   8.9020530e+01  1.29e+00  0.00e+00  3.42e-02  1.74e+04
  23   8.9016848e+01   8.9015508e+01  5.43e-01  0.00e+00  1.44e-02  2.63e+04
  24   8.9012088e+01   8.9011334e+01  3.59e-01  0.00e+00  9.52e-03  4.68e+04
  25   8.9007576e+01   8.9007335e+01  2.02e-01  0.00e+00  5.35e-03  1.47e+05
  26   8.9006426e+01   8.9006300e+01  6.45e-02  0.00e+00  1.71e-03  2.80e+05
  27   8.9005941e+01   8.9005863e+01  3.38e-02  0.00e+00  8.95e-04  4.50e+05
  28   8.9005542e+01   8.9005503e+01  2.10e-02  0.00e+00  5.57e-04  8.97e+05
  29   8.9005521e+01   8.9005486e+01  1.06e-02  0.00e+00  2.79e-04  1.00e+06
  30   8.9005328e+01   8.9005311e+01  9.46e-03  0.00e+00  2.51e-04  2.07e+06
  31   8.9005235e+01   8.9005226e+01  4.57e-03  0.00e+00  1.21e-04  3.97e+06
  32   8.9005175e+01   8.9005171e+01  2.38e-03  0.00e+00  6.31e-05  9.88e+06
CPLEX Error  3003: Not a mixed-integer problem.
Warning: Control callbacks may disable some MIP features.
Warning:  No solution found from 2 MIP starts.
Retaining values of one MIP start for possible repair.
Tried aggregator 1 time.
MIP Presolve eliminated 4 rows and 1 columns.
MIP Presolve modified 2714 coefficients.
Reduced MIP has 10 rows, 450 columns, and 3138 nonzeros.
Reduced MIP has 448 binaries, 0 generals, 0 SOSs, and 0 indicators.
Presolve time = 0.00 sec. (2.32 ticks)
Probing time = 0.00 sec. (0.20 ticks)
Clique table members: 3.
MIP emphasis: balance optimality and feasibility.
MIP search method: traditional branch-and-cut.
Parallel mode: none, using 1 thread.
Root relaxation solution time = 0.00 sec. (0.32 ticks)

        Nodes                                         Cuts/
   Node  Left     Objective  IInf  Best Integer    Best Bound    ItCnt     Gap

      0     0      170.2541     4                1000000.0000        1         
*     0+    0                            2.3278      170.2541              --- 
      0     0        2.6317     5        2.3278    MIRcuts: 1        4   13.05%
*     0+    0                            2.5472        2.6317             3.31%
      0     0        2.5844     2        2.5472      Fract: 1        6    1.46%
      0     0        2.5804     4        2.5472    MIRcuts: 1        7    1.30%
*     0+    0                            2.5544        2.5804             1.02%
      0     0        2.5756     2        2.5544    MIRcuts: 1        8    0.83%
Repair heuristic found nothing.
      0     0        cutoff              2.5544        2.5756        9    0.83%
Elapsed time = 0.02 sec. (11.50 ticks, tree = 0.01 MB, solutions = 3)
ub: 2.554350333887826, lb: 2.4982193602923166

Mixed integer rounding cuts applied:  2
User cuts applied:  5

Root node processing (before b&c):
  Real time             =    0.02 sec. (11.53 ticks)
Sequential b&c:
  Real time             =    0.00 sec. (0.00 ticks)
                          ------------
Total (root+branch&cut) =    0.02 sec. (11.53 ticks)
Tried aggregator 1 time.
QCP Presolve eliminated 620 rows and 289 columns.
Aggregator did 184 substitutions.
Reduced QCP has 9673 rows, 5045 columns, and 19512 nonzeros.
Reduced QCP has 1238 quadratic constraints.
Presolve time = 0.01 sec. (3.94 ticks)
Parallel mode: using up to 32 threads for barrier.

***NOTE: Found 45 dense columns.

Number of nonzeros in lower triangle of A*A' = 70704
Using Approximate Minimum Degree ordering
Total time for automatic ordering = 0.00 sec. (3.16 ticks)
Summary statistics for Cholesky factor:
  Threads                   = 32
  Rows in Factor            = 9718
  Integer space required    = 20202
  Total non-zeros in factor = 121852
  Total FP ops to factor    = 2199222
 Itn      Primal Obj        Dual Obj  Prim Inf Upper Inf  Dual Inf Inf Ratio
   0   1.4881747e+03   1.7327710e+01  3.83e+05  0.00e+00  1.02e+04  1.00e+00
   1   1.4853853e+03   2.0948159e+01  3.83e+05  0.00e+00  1.02e+04  5.66e-01
   2   1.4707885e+03   3.1456474e+01  3.82e+05  0.00e+00  1.01e+04  2.68e-01
   3   1.4199331e+03   7.8056069e+01  3.76e+05  0.00e+00  9.96e+03  1.37e-01
   4   1.2700945e+03   2.7024725e+02  3.51e+05  0.00e+00  9.31e+03  6.61e-02
   5   9.1537418e+02   5.2007486e+02  2.64e+05  0.00e+00  7.01e+03  7.83e-02
   6   6.4183901e+02   4.6077888e+02  1.06e+05  0.00e+00  2.82e+03  1.85e-01
   7   4.3549445e+02   3.6064373e+02  4.86e+04  0.00e+00  1.29e+03  4.68e-01
   8   2.9740476e+02   2.5827083e+02  2.01e+04  0.00e+00  5.31e+02  9.05e-01
   9   2.1410496e+02   1.9222479e+02  1.05e+04  0.00e+00  2.78e+02  1.62e+00
  10   1.6207868e+02   1.4896267e+02  5.86e+03  0.00e+00  1.55e+02  2.70e+00
  11   1.3033097e+02   1.2227062e+02  3.51e+03  0.00e+00  9.31e+01  4.37e+00
  12   1.1717777e+02   1.1206992e+02  2.16e+03  0.00e+00  5.72e+01  6.87e+00
  13   1.0863119e+02   1.0527771e+02  1.37e+03  0.00e+00  3.63e+01  1.04e+01
  14   1.0165506e+02   9.9564110e+01  8.99e+02  0.00e+00  2.38e+01  1.67e+01
  15   9.6859765e+01   9.5638487e+01  5.60e+02  0.00e+00  1.48e+01  2.86e+01
  16   9.6015031e+01   9.4928055e+01  3.27e+02  0.00e+00  8.67e+00  3.20e+01
  17   9.4010297e+01   9.3308531e+01  2.91e+02  0.00e+00  7.72e+00  4.94e+01
  18   9.2503273e+01   9.2223360e+01  1.88e+02  0.00e+00  4.98e+00  1.24e+02
  19   9.1735594e+01   9.1641643e+01  7.50e+01  0.00e+00  1.99e+00  3.70e+02
  20   9.1467814e+01   9.1435350e+01  2.52e+01  0.00e+00  6.67e-01  1.07e+03
  21   9.1387097e+01   9.1370884e+01  8.70e+00  0.00e+00  2.31e-01  2.13e+03
  22   9.1362348e+01   9.1352807e+01  4.35e+00  0.00e+00  1.15e-01  3.62e+03
  23   9.1347466e+01   9.1341633e+01  2.56e+00  0.00e+00  6.78e-02  5.92e+03
  24   9.1334095e+01   9.1332430e+01  1.56e+00  0.00e+00  4.14e-02  2.07e+04
  25   9.1330796e+01   9.1329818e+01  4.46e-01  0.00e+00  1.18e-02  3.53e+04
  26   9.1328961e+01   9.1328382e+01  2.62e-01  0.00e+00  6.94e-03  5.97e+04
  27   9.1328937e+01   9.1328425e+01  1.55e-01  0.00e+00  4.11e-03  6.74e+04
  28   9.1327791e+01   9.1327562e+01  1.37e-01  0.00e+00  3.64e-03  1.51e+05
  29   9.1327675e+01   9.1327466e+01  6.14e-02  0.00e+00  1.63e-03  1.65e+05
  30   9.1327195e+01   9.1327105e+01  5.61e-02  0.00e+00  1.49e-03  3.83e+05
  31   9.1326951e+01   9.1326919e+01  2.41e-02  0.00e+00  6.40e-04  1.10e+06
  32   9.1326875e+01   9.1326858e+01  8.42e-03  0.00e+00  2.23e-04  2.08e+06
  33   9.1326855e+01   9.1326843e+01  4.44e-03  0.00e+00  1.18e-04  2.99e+06
  34   9.1326822e+01   9.1326817e+01  3.09e-03  0.00e+00  8.19e-05  8.17e+06
CPLEX Error  3003: Not a mixed-integer problem.
Warning: Control callbacks may disable some MIP features.
1 of 4 MIP starts provided solutions.
MIP start 'm2' defined initial solution with objective 2.5472.
Retaining values of one MIP start for possible repair.
Tried aggregator 1 time.
MIP Presolve eliminated 4 rows and 1 columns.
MIP Presolve modified 3166 coefficients.
Reduced MIP has 12 rows, 450 columns, and 3587 nonzeros.
Reduced MIP has 448 binaries, 0 generals, 0 SOSs, and 0 indicators.
Presolve time = 0.00 sec. (2.70 ticks)
Probing time = 0.00 sec. (0.22 ticks)
Clique table members: 4.
MIP emphasis: balance optimality and feasibility.
MIP search method: traditional branch-and-cut.
Parallel mode: none, using 1 thread.
Root relaxation solution time = 0.00 sec. (0.35 ticks)

        Nodes                                         Cuts/
   Node  Left     Objective  IInf  Best Integer    Best Bound    ItCnt     Gap

*     0+    0                            2.5472  1000000.0000              --- 
      0     0      170.2541     4        2.5472  1000000.0000        1     --- 
      0     0        2.6315     6        2.5472    MIRcuts: 1        4    3.31%
      0     0        2.5816     6        2.5472      Fract: 1        7    1.35%
      0     0        2.5779     6        2.5472       Cuts: 4        8    1.20%
      0     0        2.5692     5        2.5472    MIRcuts: 2       11    0.86%
      0     0        2.5650     4        2.5472    MIRcuts: 1       12    0.70%
Repair heuristic found nothing.
      0     0        cutoff              2.5472        2.5650       13    0.70%
Elapsed time = 0.02 sec. (13.64 ticks, tree = 0.01 MB, solutions = 1)
ub: 2.5472396615544604, lb: 2.4982193602923166

Mixed integer rounding cuts applied:  4
User cuts applied:  4

Root node processing (before b&c):
  Real time             =    0.02 sec. (13.65 ticks)
Sequential b&c:
  Real time             =    0.00 sec. (0.00 ticks)
                          ------------
Total (root+branch&cut) =    0.02 sec. (13.65 ticks)

User cuts applied:  3

Root node processing (before b&c):
  Real time             =    0.21 sec. (0.79 ticks)
Sequential b&c:
  Real time             =    0.00 sec. (0.00 ticks)
                          ------------
Total (root+branch&cut) =    0.21 sec. (0.79 ticks)
Tried aggregator 1 time.
QCP Presolve eliminated 618 rows and 283 columns.
Aggregator did 190 substitutions.
Reduced QCP has 9679 rows, 5051 columns, and 19510 nonzeros.
Reduced QCP has 1239 quadratic constraints.
Presolve time = 0.01 sec. (3.95 ticks)
Parallel mode: using up to 32 threads for barrier.

***NOTE: Found 45 dense columns.

Number of nonzeros in lower triangle of A*A' = 70543
Using Approximate Minimum Degree ordering
Total time for automatic ordering = 0.00 sec. (3.16 ticks)
Summary statistics for Cholesky factor:
  Threads                   = 32
  Rows in Factor            = 9724
  Integer space required    = 20116
  Total non-zeros in factor = 121290
  Total FP ops to factor    = 2168678
 Itn      Primal Obj        Dual Obj  Prim Inf Upper Inf  Dual Inf Inf Ratio
   0   1.4881747e+03   1.7327710e+01  3.91e+05  0.00e+00  1.02e+04  1.00e+00
   1   1.4849420e+03   2.0578367e+01  3.91e+05  0.00e+00  1.02e+04  5.58e-01
   2   1.4677821e+03   2.8896480e+01  3.89e+05  0.00e+00  1.01e+04  2.62e-01
   3   1.4083289e+03   6.7730738e+01  3.83e+05  0.00e+00  9.97e+03  1.33e-01
   4   1.2357499e+03   2.3965234e+02  3.58e+05  0.00e+00  9.31e+03  6.45e-02
   5   8.2372237e+02   4.3351683e+02  2.69e+05  0.00e+00  6.99e+03  7.76e-02
   6   5.5111078e+02   3.6062130e+02  1.07e+05  0.00e+00  2.78e+03  1.77e-01
   7   3.0986046e+02   2.3922131e+02  5.21e+04  0.00e+00  1.36e+03  5.00e-01
   8   1.6339241e+02   1.2449883e+02  1.93e+04  0.00e+00  5.02e+02  9.11e-01
   9   8.4925848e+01   6.5536731e+01  1.06e+04  0.00e+00  2.76e+02  1.82e+00
  10   5.7841054e+01   4.4165403e+01  5.29e+03  0.00e+00  1.38e+02  2.56e+00
  11   3.1600605e+01   2.3389328e+01  3.73e+03  0.00e+00  9.72e+01  4.25e+00
  12   2.1673107e+01   1.6616684e+01  2.24e+03  0.00e+00  5.83e+01  6.87e+00
  13   1.0962018e+01   8.5269538e+00  1.38e+03  0.00e+00  3.59e+01  1.42e+01
  14   8.1758604e+00   6.3698007e+00  6.65e+02  0.00e+00  1.73e+01  1.91e+01
  15   2.0398608e+00   1.5817953e+00  4.93e+02  0.00e+00  1.28e+01  7.57e+01
  16   3.0802617e-01   2.3656420e-01  1.25e+02  0.00e+00  3.26e+00  4.91e+02
  17   1.7606937e-02   1.3483441e-02  1.95e+01  0.00e+00  5.08e-01  8.54e+03
  18   8.9813513e-04   6.8776488e-04  1.13e+00  0.00e+00  2.93e-02  1.67e+05
  19   4.5819868e-05   3.5086355e-05  5.74e-02  0.00e+00  1.49e-03  3.28e+06
  20   6.5545570e-06   4.9605281e-06  2.93e-03  0.00e+00  7.63e-05  2.20e+07

Warning:  Barrier optimality criterion affected by large objective shift.
CPLEX Error  3003: Not a mixed-integer problem.
Warning: Control callbacks may disable some MIP features.
Warning:  No solution found from 2 MIP starts.
Retaining values of one MIP start for possible repair.
Tried aggregator 1 time.
MIP Presolve eliminated 1 rows and 1 columns.
MIP Presolve modified 452 coefficients.
Reduced MIP has 3 rows, 450 columns, and 897 nonzeros.
Reduced MIP has 448 binaries, 0 generals, 0 SOSs, and 0 indicators.
Presolve time = 0.00 sec. (0.59 ticks)
Probing time = 0.00 sec. (1.04 ticks)
Cover probing fixed 0 vars, tightened 1 bounds.
Clique table members: 1.
MIP emphasis: balance optimality and feasibility.
MIP search method: traditional branch-and-cut.
Parallel mode: none, using 1 thread.
Root relaxation solution time = 0.00 sec. (0.16 ticks)

        Nodes                                         Cuts/
   Node  Left     Objective  IInf  Best Integer    Best Bound    ItCnt     Gap

*     0     0      integral     0        2.8112  1000000.0000        2     --- 
Elapsed time = 0.00 sec. (2.65 ticks, tree = 0.00 MB, solutions = 1)
ub: 2.811174657750521, lb: -14.481281373872953

User cuts applied:  3

Root node processing (before b&c):
  Real time             =    0.00 sec. (2.66 ticks)
Sequential b&c:
  Real time             =    0.00 sec. (0.00 ticks)
                          ------------
Total (root+branch&cut) =    0.00 sec. (2.66 ticks)
Tried aggregator 1 time.
QCP Presolve eliminated 620 rows and 289 columns.
Aggregator did 184 substitutions.
Reduced QCP has 9673 rows, 5045 columns, and 19512 nonzeros.
Reduced QCP has 1238 quadratic constraints.
Presolve time = 0.01 sec. (3.94 ticks)
Parallel mode: using up to 32 threads for barrier.

***NOTE: Found 45 dense columns.

Number of nonzeros in lower triangle of A*A' = 70704
Using Approximate Minimum Degree ordering
Total time for automatic ordering = 0.00 sec. (3.16 ticks)
Summary statistics for Cholesky factor:
  Threads                   = 32
  Rows in Factor            = 9718
  Integer space required    = 20202
  Total non-zeros in factor = 121852
  Total FP ops to factor    = 2199222
 Itn      Primal Obj        Dual Obj  Prim Inf Upper Inf  Dual Inf Inf Ratio
   0   1.4881747e+03   1.7327710e+01  3.84e+05  0.00e+00  1.02e+04  1.00e+00
   1   1.4853346e+03   2.0897352e+01  3.84e+05  0.00e+00  1.02e+04  5.66e-01
   2   1.4704564e+03   3.1129841e+01  3.82e+05  0.00e+00  1.01e+04  2.68e-01
   3   1.4190064e+03   7.7152891e+01  3.76e+05  0.00e+00  9.96e+03  1.37e-01
   4   1.2758656e+03   2.7609044e+02  3.52e+05  0.00e+00  9.31e+03  6.61e-02
   5   9.5092770e+02   5.5562395e+02  2.64e+05  0.00e+00  7.01e+03  7.83e-02
   6   6.4532290e+02   5.0180036e+02  1.06e+05  0.00e+00  2.82e+03  2.43e-01
   7   4.3960947e+02   3.8434744e+02  3.85e+04  0.00e+00  1.02e+03  6.58e-01
   8   3.1087483e+02   2.7977627e+02  1.48e+04  0.00e+00  3.92e+02  1.17e+00
   9   2.1342046e+02   1.9815979e+02  8.33e+03  0.00e+00  2.21e+02  2.38e+00
  10   1.7915666e+02   1.6844923e+02  4.09e+03  0ntial b&c:
  Real time             =    0.00 sec. (0.00 ticks)
                          ------------
Total (root+branch&cut) =    0.02 sec. (13.93 ticks)

******************************************************************************
This program contains Ipopt, a library for large-scale nonlinear optimization.
 Ipopt is released as open source code under the Eclipse Public License (EPL).
         For more information visit http://projects.coin-or.org/Ipopt
******************************************************************************

WARNING: there was an issue with getsolvetime() on the solver, falling back on @timed.  This is not a rigorous timing value.
full AC load shed ... 156.7430433598064
expected AC load shed ... 12.288654599408826
###################################
1.96e+03
  21   1.1709151e+02   1.1708399e+02  4.81e+00  0.00e+00  1.28e-01  4.69e+03
  22   1.1707237e+02   1.1706737e+02  2.01e+00  0.00e+00  5.34e-02  7.05e+03
  23   1.1704385e+02   1.1704237e+02  1.34e+00  0.00e+00  3.55e-02  2.37e+04
  24   1.1703805e+02   1.1703718e+02  3.99e-01  0.00e+00  1.06e-02  4.05e+04
  25   1.1703513e+02   1.1703457e+02  2.33e-01  0.00e+00  6.18e-03  6.32e+04
  26   1.1703444e+02   1.1703399e+02  1.49e-01  0.00e+00  3.96e-03  7.83e+04
  27   1.1703249e+02   1.1703226e+02  1.21e-01  0.00e+00  3.20e-03  1.53e+05
  28   1.1703226e+02   1.1703205e+02  6.19e-02  0.00e+00  1.64e-03  1.69e+05
  29   1.1703112e+02   1.1703104e+02  5.58e-02  0.00e+00  1.48e-03  4.37e+05
  30   1.1703063e+02   1.1703060e+02  2.16e-02  0.00e+00  5.73e-04  1.23e+06
  31   1.1703050e+02   1.1703049e+02  7.66e-03  0.00e+00  2.03e-04  2.13e+06
  32   1.1703046e+02   1.1703045e+02  4.43e-03  0.00e+00  1.17e-04  3.09e+06
  33   1.1703039e+02   1.1703038e+02  3.06e-03  0.00e+00  8.11e-05  8.23e+06
CPLEX Error  3003: Not a mixed-integer problem.
Warning: Control callbacks may disable some MIP features.
Warning:  No solution found from 2 MIP starts.
Retaining values of one MIP start for possible repair.
Tried aggregator 1 time.
MIP Presolve eliminated 1 rows and 1 columns.
MIP Presolve modified 904 coefficients.
Reduced MIP has 5 rows, 450 columns, and 1346 nonzeros.
Reduced MIP has 448 binaries, 0 generals, 0 SOSs, and 0 indicators.
Presolve time = 0.00 sec. (1.02 ticks)
Probing fixed 0 vars, tightened 1 bounds.
Probing time = 0.00 sec. (0.10 ticks)
Clique table members: 2.
MIP emphasis: balance optimality and feasibility.
MIP search method: traditional branch-and-cut.
Parallel mode: none, using 1 thread.
Root relaxation solution time = 0.00 sec. (0.19 ticks)

        Nodes                                         Cuts/
   Node  Left     Objective  IInf  Best Integer    Best Bound    ItCnt     Gap

*     0     0      integral     0        2.6793  1000000.0000        2     --- 
Elapsed time = 0.00 sec. (2.42 ticks, tree = 0.00 MB, solutions = 1)
ub: 2.6793383665192065, lb: 2.2165022622253807

User cuts applied:  3

Root node processing (before b&c):
  Real time             =    0.00 sec. (2.44 ticks)
Sequential b&c:
  Real time             =    0.00 sec. (0.00 ticks)
                          ------------
Total (root+branch&cut) =    0.00 sec. (2.44 ticks)
Tried aggregator 1 time.
QCP Presolve eliminated 620 rows and 289 columns.
Aggregator did 184 substitutions.
Reduced QCP has 9673 rows, 5045 columns, and 19512 nonzeros.
Reduced QCP has 1238 quadratic constraints.
Presolve time = 0.01 sec. (3.94 ticks)
Parallel mode: using up to 32 threads for barrier.

***NOTE: Found 45 dense columns.

Number of nonzeros in lower triangle of A*A' = 70699
Using Approximate Minimum Degree ordering
Total time for automatic ordering = 0.00 sec. (3.16 ticks)
Summary statistics for Cholesky factor:
  Threads                   = 32
  Rows in Factor            = 9718
  Integer space required    = 20200
  Total non-zeros in factor = 121873
  Total FP ops to factor    = 2199433
 Itn      Primal Obj        Dual Obj  Prim Inf Upper Inf  Dual Inf Inf Ratio
   0   1.4881747e+03   1.7327710e+01  3.84e+05  0.00e+00  1.02e+04  1.00e+00
   1   1.4852698e+03   2.0832177e+01  3.84e+05  0.00e+00  1.02e+04  5.66e-01
   2   1.4700310e+03   3.0712711e+01  3.82e+05  0.00e+00  1.01e+04  2.68e-01
   3   1.4173904e+03   7.5571591e+01  3.76e+05  0.00e+00  9.96e+03  1.37e-01
   4   1.2698936e+03   2.7026271e+02  3.52e+05  0.00e+00  9.31e+03  6.60e-02
   5   9.2771411e+02   5.3292779e+02  2.64e+05  0.00e+00  7.01e+03  7.87e-02
   6   6.9197811e+02   4.9523753e+02  1.06e+05  0.00e+00  2.81e+03  1.75e-01
   7   4.7056560e+02   3.9837606e+02  5.28e+04  0.00e+00  1.40e+03  5.01e-01
   8   3.0792832e+02   2.6727851e+02  1.93e+04  0.00e+00  5.12e+02  8.91e-01
   9   2.1028825e+02   1.9017757e+02  1.09e+04  0.00e+00  2.88e+02  1.79e+00
  10   1.6083341e+02   1.4820624e+02  5.39e+03  0.00e+00  1.43e+02  2.84e+00
  11   1.2814221e+02   1.2050508e+02  3.38e+03  0.00e+00  8.96e+01  4.67e+00
  12   1.1724307e+02   1.1237027e+02  2.05e+03  0.00e+00  5.42e+01  7.27e+00
  13   1.0616995e+02   1.0358299e+02  1.31e+03  0.00e+00  3.46e+01  1.36e+01
  14   1.0171190e+02   9.9905274e+01  6.93e+02  0.00e+00  1.84e+01  1.95e+01
  15   9.4766879e+01   9.4123830e+01  4.84e+02  0.00e+00  1.28e+01  5.48e+01
  16   9.2510074e+01   9.2233116e+01  1.72e+02  0.00e+00  4.56e+00  1.27e+02
  17   9.1523776e+01   9.1414227e+01  7.42e+01  0.00e+00  1.97e+00  3.22e+02
  18   9.1112198e+01   9.1064224e+01  2.94e+01  0.00e+00  7.78e-01  7.35e+02
  19   9.0880557e+01   9.0867909e+01  1.29e+01  0.00e+00  3.41e-01  2.79e+03
  20   9.0832897e+01   9.0826221e+01  3.39e+00  0.00e+00  8.98e-02  5.29e+03
  21   9.0818345e+01   9.0813634e+01  1.79e+00  0.00e+00  4.74e-02  7.49e+03
  22   9.0798695e+01   9.0796537e+01  1.26e+00  0.00e+00  3.34e-02  1.64e+04
  23   9.0789258e+01   9.0788299e+01  5.78e-01  0.00e+00  1.53e-02  3.68e+04
  24   9.0786250e+01   9.0785671e+01  2.57e-01  0.00e+00  6.81e-03  6.10e+04
  25   9.0782627e+01   9.0782480e+01  1.55e-01  0.00e+00  4.11e-03  2.41e+05
  26   9.0781773e+01   9.0781711e+01  3.93e-02  0.00e+00  1.04e-03  5.69e+05
  27   9.0781559e+01   9.0781518e+01  1.66e-02  0.00e+00  4.41e-04  8.60e+05
  28   9.0781515e+01   9.0781481e+01  1.10e-02  0.00e+00  2.92e-04  1.03e+06
  29   9.0781324e+01   9.0781310e+01  9.18e-03  0.00e+00  2.43e-04  2.47e+06
  30   9.0781294e+01   9.0781282e+01  3.84e-03  0.00e+00  1.02e-04  3.05e+06
  31   9.0781216e+01   9.0781213e+01  3.10e-03  0.00e+00  8.22e-05  9.42e+06
CPLEX Error  3003: Not a mixed-integer problem.
Warning: Control callbacks may disable some MIP features.
Warning:  No solution found from 2 MIP starts.
Retaining values of one MIP start for possible repair.
Tried aggregator 1 time.
MIP Presolve eliminated 1 rows and 1 columns.
MIP Presolve modified 1356 coefficients.
Reduced MIP has 7 rows, 450 columns, and 1795 nonzeros.
Reduced MIP has 448 binaries, 0 generals, 0 SOSs, and 0 indicators.
Presolve time = 0.00 sec. (1.34 ticks)
Probing fixed 0 vars, tightened 1 bounds.
Probing time = 0.00 sec. (0.13 ticks)
Clique table members: 3.
MIP emphasis: balance optimality and feasibility.
MIP search method: traditional branch-and-cut.
Parallel mode: none, using 1 thread.
Root relaxation solution time = 0.00 sec. (0.22 ticks)

        Nodes                                         Cuts/
   Node  Left     Objective  IInf  Best Integer    Best Bound    ItCnt     Gap

      0     0      180.9731     2                1000000.0000        2         
*     0+    0                            2.5748      180.9731              --- 
*     0     0      integral     0        2.6345        2.6345        3    0.00%
Elapsed time = 0.01 sec. (4.28 ticks, tree = 0.01 MB, solutions = 2)
ub: 2.634450737129368, lb: 2.2165022622253807

Mixed integer rounding cuts applied:  2
Gomory fractional cuts applied:  1
User cuts applied:  4

Root node processing (before b&c):
  Real time             =    0.01 sec. (4.30 ticks)
Sequential b&c:
  Real time             =    0.00 sec. (0.00 ticks)
                          ------------
Total (root+branch&cut) =    0.01 sec. (4.30 ticks)
Tried aggregator 1 time.
QCP Presolve eliminated 620 rows and 289 columns.
Aggregator did 184 substitutions.
Reduced QCP has 9673 rows, 5045 columns, and 19512 nonzeros.
Reduced QCP has 1238 quadratic constraints.
Presolve time = 0.01 sec. (3.94 ticks)
Parallel mode: using up to 32 threads for barrier.

***NOTE: Found 45 dense columns.

Number of nonzeros in lower triangle of A*A' = 70637
Using Approximate Minimum Degree ordering
Total time for automatic ordering = 0.00 sec. (3.16 ticks)
Summary statistics for Cholesky factor:
  Threads                   = 32
  Rows in Factor            = 9718
  Integer space required    = 20187
  Total non-zeros in factor = 121847
  Total FP ops to factor    = 2198807
 Itn      Primal Obj        Dual Obj  Prim Inf Upper Inf  Dual Inf Inf Ratio
   0   1.4881747e+03   1.7327710e+01  3.84e+05  0.00e+00  1.02e+04  1.00e+00
   1   1.4853176e+03   2.0880194e+01  3.84e+05  0.00e+00  1.02e+04  5.66e-01
   2   1.4703485e+03   3.1023494e+01  3.82e+05  0.00e+00  1.01e+04  2.68e-01
   3   1.4185826e+03   7.6738309e+01  3.76e+05  0.00e+00  9.96e+03  1.37e-01
   4   1.2744095e+03   2.7467770e+02  3.52e+05  0.00e+00  9.31e+03  6.61e-02
   5   9.5012803e+02   5.5428373e+02  2.64e+05  0.00e+00  7.01e+03  7.82e-02
   6   6.8837164e+02   5.0688249e+02  1.06e+05  0.00e+00  2.82e+03  1.85e-01
   7   4.6880470e+02   3.9438608e+02  4.87e+04  0.00e+00  1.29e+03  4.71e-01
   8   3.2598887e+02   2.8644768e+02  1.99e+04  0.00e+00  5.28e+02  8.97e-01
   9   2.3674348e+02   2.1776658e+02  1.06e+04  0.00e+00  2.81e+02  1.87e+00
  10   2.0466127e+02   1.9275015e+02  5.08e+03  0.00e+00  1.35e+02  2.97e+00
  11   1.8319149e+02   1.7594130e+02  3.19e+03  0.00e+00  8.46e+01  4.86e+00
  12   1.7492329e+02   1.7031576e+02  1.94e+03  0.00e+00  5.15e+01  7.64e+00
  13   1.6548506e+02   1.6322660e+02  1.23e+03  0.00e+00  3.27e+01  1.55e+01
  14   1.6115344e+02   1.5985248e+02  6.05e+02  0.00e+00  1.60e+01  2.69e+01
  15   1.5734193e+02   1.5686350e+02  3.49e+02  0.00e+00  9.24e+00  7.35e+01
  16   1.5633538e+02   1.5607538e+02  1.28e+02  0.00e+00  3.40e+00  1.35e+02
  17   1.5544502e+02   1.5537989e+02  6.97e+01  0.00e+00  1.85e+00  5.42e+02
  18   1.5528980e+02   1.5525707e+02  1.75e+01  0.00e+00  4.62e-01  1.08e+03
  19   1.5521597e+02   1.5519638e+02  8.77e+00  0.00e+00  2.32e-01  1.80e+03
  20   1.5514859e+02   1.5514248e+02  5.25e+00  0.00e+00  1.39e-01  5.78e+03
  21   1.5512552e+02   1.5512343e+02  1.64e+00  0.00e+00  4.34e-02  1.69e+04
  22   1.5511853e+02   1.5511752e+02  5.60e-01  0.00e+00  1.48e-02  3.50e+04
  23   1.5511519e+02   1.5511474e+02  2.71e-01  0.00e+00  7.17e-03  7.89e+04
  24   1.5511395e+02   1.5511373e+02  1.20e-01  0.00e+00  3.18e-03  1.59e+05
  25   1.5511369e+02   1.5511350e+02  5.97e-02  0.00e+00  1.58e-03  1.86e+05
  26   1.5511281e+02   1.5511276e+02  5.10e-02  0.00e+00  1.35e-03  7.44e+05
  27   1.5511262e+02   1.5511260e+02  1.27e-02  0.00e+00  3.37e-04  1.61e+06
  28   1.5511258e+02   1.5511256e+02  5.91e-03  0.00e+00  1.56e-04  2.21e+06
  29   1.5511251e+02   1.5511250e+02  4.30e-03  0.00e+00  1.14e-04  5.82e+06
CPLEX Error  3003: Not a mixed-integer problem.
Warning: Control callbacks may disable some MIP features.
Warning:  No solution found from 3 MIP starts.
Retaining values of one MIP start for possible repair.
Tried aggregator 1 time.
MIP Presolve eliminated 3 rows and 1 columns.
MIP Presolve modified 1809 coefficients.
Reduced MIP has 7 rows, 450 columns, and 2241 nonzeros.
Reduced MIP has 448 binaries, 0 generals, 0 SOSs, and 0 indicators.
Presolve time = 0.00 sec. (1.69 ticks)
Probing fixed 0 vars, tightened 1 bounds.
Probing time = 0.00 sec. (0.16 ticks)
Clique table members: 2.
MIP emphasis: balance optimality and feasibility.
MIP search method: traditional branch-and-cut.
Parallel mode: none, using 1 thread.
Root relaxation solution time = 0.00 sec. (0.25 ticks)

        Nodes                                         Cuts/
   Node  Left     Objective  IInf  Best Integer    Best Bound    ItCnt     Gap

      0     0      180.9731     2                1000000.0000        2         
*     0+    0                            2.5748      180.9731              --- 
*     0     0      integral     0        2.6344        2.6344        3    0.00%
Elapsed time = 0.01 sec. (4.93 ticks, tree = 0.01 MB, solutions = 2)
ub: 2.6344006873008414, lb: 2.4982193602923166

Mixed integer rounding cuts applied:  2
Gomory fractional cuts applied:  1
User cuts applied:  4

Root node processing (before b&c):
  Real time             =    0.01 sec. (4.95 ticks)
Sequential b&c:
  Real time             =    0.00 sec. (0.00 ticks)
                          ------------
Total (root+branch&cut) =    0.01 sec. (4.95 ticks)
Tried aggregator 1 time.
QCP Presolve eliminated 620 rows and 289 columns.
Aggregator did 184 substitutions.
Reduced QCP has 9673 rows, 5045 columns, and 19512 nonzeros.
Reduced QCP has 1238 quadratic constraints.
Presolve time = 0.01 sec. (3.94 ticks)
Parallel mode: using up to 32 threads for barrier.

***NOTE: Found 45 dense columns.

Number of nonzeros in lower triangle of A*A' = 70617
Using Approximate Minimum Degree ordering
Total time for automatic ordering = 0.00 sec. (3.16 ticks)
Summary statistics for Cholesky factor:
  Threads                   = 32
  Rows in Factor            = 9718
  Integer space required    = 20174
  Total non-zeros in factor = 121894
  Total FP ops to factor    = 2201772
 Itn      Primal Obj        Dual Obj  Prim Inf Upper Inf  Dual Inf Inf Ratio
   0   1.4881747e+03   1.7327710e+01  3.84e+05  0.00e+00  1.02e+04  1.00e+00
   1   1.4852937e+03   2.0856356e+01  3.84e+05  0.00e+00  1.02e+04  5.66e-01
   2   1.4701704e+03   3.0846173e+01  3.82e+05  0.00e+00  1.01e+04  2.68e-01
   3   1.4178455e+03   7.6011305e+01  3.76e+05  0.00e+00  9.96e+03  1.37e-01
   4   1.2715987e+03   2.7186633e+02  3.52e+05  0.00e+00  9.31e+03  6.61e-02
   5   9.3996991e+02   5.4472684e+02  2.64e+05  0.00e+00  7.01e+03  7.83e-02
   6   6.7927046e+02   4.9512517e+02  1.06e+05  0.00e+00  2.82e+03  1.83e-01
   7   4.6515548e+02   3.9188519e+02  4.94e+04  0.00e+00  1.31e+03  4.82e-01
   8   3.2503549e+02   2.8561305e+02  1.96e+04  0.00e+00  5.20e+02  9.05e-01
   9   2.3637557e+02   2.1727251e+02  1.06e+04  0.00e+00  2.80e+02  1.87e+00
  10   2.0071288e+02   1.8876121e+02  5.12e+03  0.00e+00  1.36e+02  2.97e+00
  11   1.7706792e+02   1.6978398e+02  3.20e+03  0.00e+00  8.48e+01  4.85e+00
  12   1.6719840e+02   1.6258433e+02  1.95e+03  0.00e+00  5.17e+01  7.64e+00
  13   1.5700167e+02   1.5466456e+02  1.24e+03  0.00e+00  3.28e+01  1.50e+01
  14   1.5187896e+02   1.5055953e+02  6.26e+02  0.00e+00  1.66e+01  2.66e+01
  15   1.4740858e+02   1.4694503e+02  3.54e+02  0.00e+00  9.37e+00  7.59e+01
  16   1.4663544e+02   1.4631825e+02  1.24e+02  0.00e+00  3.29e+00  1.11e+02
  17   1.4550682e+02   1.4540353e+02  8.50e+01  0.00e+00  2.25e+00  3.41e+02
  18   1.4513063e+02   1.4509285e+02  2.77e+01  0.00e+00  7.33e-01  9.34e+02
  19   1.4502224e+02   1.4500209e+02  1.01e+01  0.00e+00  2.68e-01  1.75e+03
  20   1.4494941e+02   1.4494060e+02  5.40e+00  0.00e+00  1.43e-01  4.01e+03
  21   1.4492659e+02   1.4492125e+02  2.36e+00  0.00e+00  6.25e-02  6.62e+03
  22   1.4490517e+02   1.4490303e+02  1.43e+00  0.00e+00  3.79e-02  1.65e+04
  23   1.4490005e+02   1.4489861e+02  5.74e-01  0.00e+00  1.52e-02  2.45e+04
  24   1.4489483e+02   1.4489412e+02  3.87e-01  0.00e+00  1.02e-02  4.98e+04
  25   1.4489424e+02   1.4489364e+02  1.90e-01  0.00e+00  5.05e-03  5.91e+04
  26   1.4489155e+02   1.4489133e+02  1.60e-01  0.00e+00  4.25e-03  1.57e+05
  27   1.4489114e+02   1.4489096e+02  6.06e-02  0.00e+00  1.60e-03  1.98e+05
  28   1.4489031e+02   1.4489024e+02  4.78e-02  0.00e+00  1.27e-03  5.01e+05
  29   1.4488997e+02   1.4488994e+02  1.89e-02  0.00e+00  5.01e-04  1.26e+06
  30   1.4488991e+02   1.4488989e+02  7.50e-03  0.00e+00  1.99e-04  1.65e+06
  31   1.4488980e+02   1.4488980e+02  5.74e-03  0.00e+00  1.52e-04  4.01e+06
CPLEX Error  3003: Not a mixed-integer problem.
Warning: Control callbacks may disable some MIP features.
Warning:  No solution found from 3 MIP starts.
Retaining values of one MIP start for possible repair.
Tried aggregator 1 time.
MIP Presolve eliminated 3 rows and 1 columns.
MIP Presolve modified 2261 coefficients.
Reduced MIP has 9 rows, 450 columns, and 2690 nonzeros.
Reduced MIP has 448 binaries, 0 generals, 0 SOSs, and 0 indicators.
Presolve time = 0.00 sec. (2.03 ticks)
Probing time = 0.00 sec. (0.17 ticks)
Clique table members: 3.
MIP emphasis: balance optimality and feasibility.
MIP search method: traditional branch-and-cut.
Parallel mode: none, using 1 thread.
Root relaxation solution time = 0.00 sec. (0.29 ticks)

        Nodes                                         Cuts/
   Node  Left     Objective  IInf  Best Integer    Best Bound    ItCnt     Gap

      0     0      178.9933     4                1000000.0000        2         
*     0+    0                            2.5748      178.9933              --- 
      0     0        2.5842     5        2.5748    MIRcuts: 1        6    0.36%
      0     0        cutoff              2.5748                      8     --- 
Elapsed time = 0.01 sec. (6.60 ticks, tree = 0.01 MB, solutions = 1)
ub: 2.5748476895597356, lb: 2.4982193602923166

Mixed integer rounding cuts applied:  1
User cuts applied:  3

Root node processing (before b&c):
  Real time             =    0.01 sec. (6.62 ticks)
Sequential b&c:
  Real time             =    0.00 sec. (0.00 ticks)
                          ------------
Total (root+branch&cut) =    0.01 sec. (6.62 ticks)
Tried aggregator 1 time.
QCP Presolve eliminated 620 rows and 289 columns.
Aggregator did 184 substitutions.
Reduced QCP has 9673 rows, 5045 columns, and 19512 nonzeros.
Reduced QCP has 1238 quadratic constraints.
Presolve time = 0.01 sec. (3.94 ticks)
Parallel mode: using up to 32 threads for barrier.

***NOTE: Found 45 dense columns.

Number of nonzeros in lower triangle of A*A' = 70679
Using Approximate Minimum Degree ordering
Total time for automatic ordering = 0.00 sec. (3.16 ticks)
Summary statistics for Cholesky factor:
  Threads                   = 32
  Rows in Factor            = 9718
  Integer space required    = 20196
  Total non-zeros in factor = 121889
  Total FP ops to factor    = 2201447
 Itn      Primal Obj        Dual Obj  Prim Inf Upper Inf  Dual Inf Inf Ratio
   0   1.4881747e+03   1.7327710e+01  3.84e+05  0.00e+00  1.02e+04  1.00e+00
   1   1.4852453e+03   2.0807719e+01  3.84e+05  0.00e+00  1.02e+04  5.66e-01
   2   1.4698531e+03   3.0535521e+01  3.82e+05  0.00e+00  1.01e+04  2.68e-01
   3   1.4166536e+03   7.4844943e+01  3.76e+05  0.00e+00  9.96e+03  1.37e-01
   4   1.2670834e+03   2.6745166e+02  3.52e+05  0.00e+00  9.31e+03  6.60e-02
   5   9.1763778e+02   5.2335108e+02  2.64e+05  0.00e+00  7.01e+03  7.87e-02
   6   6.8260529e+02   4.8525373e+02  1.06e+05  0.00e+00  2.81e+03  1.74e-01
   7   4.7037103e+02   3.9821802e+02  5.29e+04  0.00e+00  1.40e+03  5.00e-01
   8   3.0973314e+02   2.6915587e+02  1.93e+04  0.00e+00  5.12e+02  8.92e-01
   9   2.1333736e+02   1.9328341e+02  1.09e+04  0.00e+00  2.88e+02  1.80e+00
  10   1.6400792e+02   1.5122702e+02  5.37e+03  0.00e+00  1.42e+02  2.80e+00
  11   1.2957331e+02   1.2183738e+02  3.42e+03  0.00e+00  9.07e+01  4.60e+00
  12   1.1779386e+02   1.1276177e+02  2.07e+03  0.00e+00  5.49e+01  7.04e+00
  13   1.0539657e+02   1.0274817e+02  1.35e+03  0.00e+00  3.57e+01  1.33e+01
  14   1.0120554e+02   9.9269724e+01  7.10e+02  0.00e+00  1.88e+01  1.82e+01
  15   9.3648888e+01   9.2930091e+01  5.19e+02  0.00e+00  1.37e+01  4.90e+01
  16   9.1157656e+01   9.0830637e+01  1.93e+02  0.00e+00  5.10e+00  1.08e+02
  17   8.9766467e+01   8.9663226e+01  8.77e+01  0.00e+00  2.32e+00  3.42e+02
  18   8.9345781e+01   8.9301597e+01  2.77e+01  0.00e+00  7.33e-01  7.99e+02
  19   8.9118102e+01   8.9104517e+01  1.18e+01  0.00e+00  3.14e-01  2.60e+03
  20   8.9060490e+01   8.9053720e+01  3.64e+00  0.00e+00  9.64e-02  5.21e+03
  21   8.9045482e+01   8.9040661e+01  1.81e+00  0.00e+00  4.81e-02  7.32e+03
  22   8.9022556e+01   8.9020530e+01  1.29e+00  0.00e+00  3.42e-02  1.74e+04
  23   8.9016848e+01   8.9015508e+01  5.43e-01  0.00e+00  1.44e-02  2.63e+04
  24   8.9012088e+01   8.9011334e+01  3.59e-01  0.00e+00  9.52e-03  4.68e+04
  25   8.9007576e+01   8.9007335e+01  2.02e-01  0.00e+00  5.35e-03  1.47e+05
  26   8.9006426e+01   8.9006300e+01  6.45e-02  0.00e+00  1.71e-03  2.80e+05
  27   8.9005941e+01   8.9005863e+01  3.38e-02  0.00e+00  8.95e-04  4.50e+05
  28   8.9005542e+01   8.9005503e+01  2.10e-02  0.00e+00  5.57e-04  8.97e+05
  29   8.9005521e+01   8.9005486e+01  1.06e-02  0.00e+00  2.79e-04  1.00e+06
  30   8.9005328e+01   8.9005311e+01  9.46e-03  0.00e+00  2.51e-04  2.07e+06
  31   8.9005235e+01   8.9005226e+01  4.57e-03  0.00e+00  1.21e-04  3.97e+06
  32   8.9005175e+01   8.9005171e+01  2.38e-03  0.00e+00  6.31e-05  9.88e+06
CPLEX Error  3003: Not a mixed-integer problem.
Warning: Control callbacks may disable some MIP features.
Warning:  No solution found from 2 MIP starts.
Retaining values of one MIP start for possible repair.
Tried aggregator 1 time.
MIP Presolve eliminated 4 rows and 1 columns.
MIP Presolve modified 2714 coefficients.
Reduced MIP has 10 rows, 450 columns, and 3138 nonzeros.
Reduced MIP has 448 binaries, 0 generals, 0 SOSs, and 0 indicators.
Presolve time = 0.00 sec. (2.32 ticks)
Probing time = 0.00 sec. (0.20 ticks)
Clique table members: 3.
MIP emphasis: balance optimality and feasibility.
MIP search method: traditional branch-and-cut.
Parallel mode: none, using 1 thread.
Root relaxation solution time = 0.00 sec. (0.32 ticks)

        Nodes                                         Cuts/
   Node  Left     Objective  IInf  Best Integer    Best Bound    ItCnt     Gap

      0     0      170.2541     4                1000000.0000        1         
*     0+    0                            2.3278      170.2541              --- 
      0     0        2.6317     5        2.3278    MIRcuts: 1        4   13.05%
*     0+    0                            2.5472        2.6317             3.31%
      0     0        2.5844     2        2.5472      Fract: 1        6    1.46%
      0     0        2.5804     4        2.5472    MIRcuts: 1        7    1.30%
*     0+    0                            2.5544        2.5804             1.02%
      0     0        2.5756     2        2.5544    MIRcuts: 1        8    0.83%
Repair heuristic found nothing.
      0     0        cutoff              2.5544        2.5756        9    0.83%
Elapsed time = 0.01 sec. (11.50 ticks, tree = 0.01 MB, solutions = 3)
ub: 2.554350333887826, lb: 2.4982193602923166

Mixed integer rounding cuts applied:  2
User cuts applied:  5

Root node processing (before b&c):
  Real time             =    0.01 sec. (11.53 ticks)
Sequential b&c:
  Real time             =    0.00 sec. (0.00 ticks)
                          ------------
Total (root+branch&cut) =    0.01 sec. (11.53 ticks)
Tried aggregator 1 time.
QCP Presolve eliminated 620 rows and 289 columns.
Aggregator did 184 substitutions.
Reduced QCP has 9673 rows, 5045 columns, and 19512 nonzeros.
Reduced QCP has 1238 quadratic constraints.
Presolve time = 0.01 sec. (3.94 ticks)
Parallel mode: using up to 32 threads for barrier.

***NOTE: Found 45 dense columns.

Number of nonzeros in lower triangle of A*A' = 70704
Using Approximate Minimum Degree ordering
Total time for automatic ordering = 0.00 sec. (3.16 ticks)
Summary statistics for Cholesky factor:
  Threads                   = 32
  Rows in Factor            = 9718
  Integer space required    = 20202
  Total non-zeros in factor = 121852
  Total FP ops to factor    = 2199222
 Itn      Primal Obj        Dual Obj  Prim Inf Upper Inf  Dual Inf Inf Ratio
   0   1.4881747e+03   1.7327710e+01  3.83e+05  0.00e+00  1.02e+04  1.00e+00
   1   1.4853853e+03   2.0948159e+01  3.83e+05  0.00e+00  1.02e+04  5.66e-01
   2   1.4707885e+03   3.1456474e+01  3.82e+05  0.00e+00  1.01e+04  2.68e-01
   3   1.4199331e+03   7.8056069e+01  3.76e+05  0.00e+00  9.96e+03  1.37e-01
   4   1.2700945e+03   2.7024725e+02  3.51e+05  0.00e+00  9.31e+03  6.61e-02
   5   9.1537418e+02   5.2007486e+02  2.64e+05  0.00e+00  7.01e+03  7.83e-02
   6   6.4183901e+02   4.6077888e+02  1.06e+05  0.00e+00  2.82e+03  1.85e-01
   7   4.3549445e+02   3.6064373e+02  4.86e+04  0.00e+00  1.29e+03  4.68e-01
   8   2.9740476e+02   2.5827083e+02  2.01e+04  0.00e+00  5.31e+02  9.05e-01
   9   2.1410496e+02   1.9222479e+02  1.05e+04  0.00e+00  2.78e+02  1.62e+00
  10   1.6207868e+02   1.4896267e+02  5.86e+03  0.00e+00  1.55e+02  2.70e+00
  11   1.3033097e+02   1.2227062e+02  3.51e+03  0.00e+00  9.31e+01  4.37e+00
  12   1.1717777e+02   1.1206992e+02  2.16e+03  0.00e+00  5.72e+01  6.87e+00
  13   1.0863119e+02   1.0527771e+02  1.37e+03  0.00e+00  3.63e+01  1.04e+01
  14   1.0165506e+02   9.9564110e+01  8.99e+02  0.00e+00  2.38e+01  1.67e+01
  15   9.6859765e+01   9.5638487e+01  5.60e+02  0.00e+00  1.48e+01  2.86e+01
  16   9.6015031e+01   9.4928055e+01  3.27e+02  0.00e+00  8.67e+00  3.20e+01
  17   9.4010297e+01   9.3308531e+01  2.91e+02  0.00e+00  7.72e+00  4.94e+01
  18   9.2503273e+01   9.2223360e+01  1.88e+02  0.00e+00  4.98e+00  1.24e+02
  19   9.1735594e+01   9.1641643e+01  7.50e+01  0.00e+00  1.99e+00  3.70e+02
  20   9.1467814e+01   9.1435350e+01  2.52e+01  0.00e+00  6.67e-01  1.07e+03
  21   9.1387097e+01   9.1370884e+01  8.70e+00  0.00e+00  2.31e-01  2.13e+03
  22   9.1362348e+01   9.1352807e+01  4.35e+00  0.00e+00  1.15e-01  3.62e+03
  23   9.1347466e+01   9.1341633e+01  2.56e+00  0.00e+00  6.78e-02  5.92e+03
  24   9.1334095e+01   9.1332430e+01  1.56e+00  0.00e+00  4.14e-02  2.07e+04
  25   9.1330796e+01   9.1329818e+01  4.46e-01  0.00e+00  1.18e-02  3.53e+04
  26   9.1328961e+01   9.1328382e+01  2.62e-01  0.00e+00  6.94e-03  5.97e+04
  27   9.1328937e+01   9.1328425e+01  1.55e-01  0.00e+00  4.11e-03  6.74e+04
  28   9.1327791e+01   9.1327562e+01  1.37e-01  0.00e+00  3.64e-03  1.51e+05
  29   9.1327675e+01   9.1327466e+01  6.14e-02  0.00e+00  1.63e-03  1.65e+05
  30   9.1327195e+01   9.1327105e+01  5.61e-02  0.00e+00  1.49e-03  3.83e+05
  31   9.1326951e+01   9.1326919e+01  2.41e-02  0.00e+00  6.40e-04  1.10e+06
  32   9.1326875e+01   9.1326858e+01  8.42e-03  0.00e+00  2.23e-04  2.08e+06
  33   9.1326855e+01   9.1326843e+01  4.44e-03  0.00e+00  1.18e-04  2.99e+06
  34   9.1326822e+01   9.1326817e+01  3.09e-03  0.00e+00  8.19e-05  8.17e+06
CPLEX Error  3003: Not a mixed-integer problem.
Warning: Control callbacks may disable some MIP features.
1 of 4 MIP starts provided solutions.
MIP start 'm2' defined initial solution with objective 2.5472.
Retaining values of one MIP start for possible repair.
Tried aggregator 1 time.
MIP Presolve eliminated 4 rows and 1 columns.
MIP Presolve modified 3166 coefficients.
Reduced MIP has 12 rows, 450 columns, and 3587 nonzeros.
Reduced MIP has 448 binaries, 0 generals, 0 SOSs, and 0 indicators.
Presolve time = 0.00 sec. (2.70 ticks)
Probing time = 0.00 sec. (0.22 ticks)
Clique table members: 4.
MIP emphasis: balance optimality and feasibility.
MIP search method: traditional branch-and-cut.
Parallel mode: none, using 1 thread.
Root relaxation solution time = 0.00 sec. (0.35 ticks)

        Nodes                                         Cuts/
   Node  Left     Objective  IInf  Best Integer    Best Bound    ItCnt     Gap

*     0+    0                            2.5472  1000000.0000              --- 
      0     0      170.2541     4        2.5472  1000000.0000        1     --- 
      0     0        2.6315     6        2.5472    MIRcuts: 1        4    3.31%
      0     0        2.5816     6        2.5472      Fract: 1        7    1.35%
      0     0        2.5779     6        2.5472       Cuts: 4        8    1.20%
      0     0        2.5692     5        2.5472    MIRcuts: 2       11    0.86%
      0     0        2.5650     4        2.5472    MIRcuts: 1       12    0.70%
Repair heuristic found nothing.
      0     0        cutoff              2.5472        2.5650       13    0.70%
Elapsed time = 0.01 sec. (13.64 ticks, tree = 0.01 MB, solutions = 1)
ub: 2.5472396615544604, lb: 2.4982193602923166

Mixed integer rounding cuts applied:  4
User cuts applied:  4

Root node processing (before b&c):
  Real time             =    0.01 sec. (13.65 ticks)
Sequential b&c:
  Real time             =    0.00 sec. (0.00 ticks)
                          ------------
Total (root+branch&cut) =    0.01 sec. (13.65 ticks)
Tried aggregator 1 time.
QCP Presolve eliminated 620 rows and 289 columns.
Aggregator did 184 substitutions.
Reduced QCP has 9673 rows, 5045 columns, and 19512 nonzeros.
Reduced QCP has 1238 quadratic constraints.
Presolve time = 0.01 sec. (3.94 ticks)
Parallel mode: using up to 32 threads for barrier.

***NOTE: Found 45 dense columns.

Number of nonzeros in lower triangle of A*A' = 70766
Using Approximate Minimum Degree ordering
Total time for automatic ordering = 0.00 sec. (3.16 ticks)
Summary statistics for Cholesky factor:
  Threads                   = 32
  Rows in Factor            = 9718
  Integer space required    = 20224
  Total non-zeros in factor = 121847
  Total FP ops to factor    = 2198897
 Itn      Primal Obj        Dual Obj  Prim Inf Upper Inf  Dual Inf Inf Ratio
   0   1.4881747e+03   1.7327710e+01  3.84e+05  0.00e+00  1.02e+04  1.00e+00
   1   1.4853369e+03   2.0899528e+01  3.84e+05  0.00e+00  1.02e+04  5.66e-01
   2   1.4704714e+03   3.1146063e+01  3.82e+05  0.00e+00  1.01e+04  2.68e-01
   3   1.4187426e+03   7.6891000e+01  3.76e+05  0.00e+00  9.96e+03  1.37e-01
   4   1.2655772e+03   2.6583060e+02  3.52e+05  0.00e+00  9.31e+03  6.61e-02
   5   8.9295840e+02   4.9861462e+02  2.64e+05  0.00e+00  7.01e+03  7.87e-02
   6   6.4839911e+02   4.5099572e+02  1.06e+05  0.00e+00  2.81e+03  1.74e-01
   7   4.3762430e+02   3.6545162e+02  5.29e+04  0.00e+00  1.40e+03  5.00e-01
   8   2.8466295e+02   2.4398428e+02  1.93e+04  0.00e+00  5.12e+02  8.90e-01
   9   2.0961654e+02   1.8541216e+02  1.09e+04  0.00e+00  2.89e+02  1.49e+00
  10   1.4577125e+02   1.3247608e+02  6.48e+03  0.00e+00  1.72e+02  2.70e+00
  11   1.2723411e+02   1.1782821e+02  3.56e+03  0.00e+00  9.43e+01  3.79e+00
  12   1.0513621e+02   9.9967963e+01  2.52e+03  0.00e+00  6.68e+01  6.85e+00
  13   9.1129348e+01   8.8703027e+01  1.38e+03  0.00e+00  3.67e+01  1.45e+01
  14   8.8133633e+01   8.6268323e+01  6.50e+02  0.00e+00  1.72e+01  1.89e+01
  15   8.1612672e+01   8.0905651e+01  5.00e+02  0.00e+00  1.32e+01  4.99e+01
  16   7.8804199e+01   7.8543942e+01  1.89e+02  0.00e+00  5.02e+00  1.35e+02
  17   7.7788643e+01   7.7691320e+01  6.97e+01  0.00e+00  1.85e+00  3.62e+02
  18   7.7559521e+01   7.7500025e+01  2.61e+01  0.00e+00  6.91e-01  5.92e+02
  19   7.7287799e+01   7.7271713e+01  1.59e+01  0.00e+00  4.22e-01  2.19e+03
  20   7.7243709e+01   7.7234236e+01  4.31e+00  0.00e+00  1.14e-01  3.72e+03
  21   7.7207245e+01   7.7203303e+01  2.54e+00  0.00e+00  6.72e-02  8.93e+03
  22   7.7193735e+01   7.7191708e+01  1.06e+00  0.00e+00  2.80e-02  1.74e+04
  23   7.7185619e+01   7.7184818e+01  5.43e-01  0.00e+00  1.44e-02  4.39e+04
  24   7.7182918e+01   7.7182470e+01  2.15e-01  0.00e+00  5.69e-03  7.87e+04
  25   7.7181073e+01   7.7180872e+01  1.20e-01  0.00e+00  3.18e-03  1.75e+05
  26   7.7180240e+01   7.7180135e+01  5.40e-02  0.00e+00  1.43e-03  3.36e+05
  27   7.7179906e+01   7.7179837e+01  2.81e-02  0.00e+00  7.46e-04  5.12e+05
  28   7.7179574e+01   7.7179542e+01  1.84e-02  0.00e+00  4.89e-04  1.11e+06
  29   7.7179472e+01   7.7179453e+01  8.50e-03  0.00e+00  2.25e-04  1.84e+06
  30   7.7179389e+01   7.7179378e+01  5.15e-03  0.00e+00  1.36e-04  3.20e+06
  31   7.7179324e+01   7.7179319e+01  2.95e-03  0.00e+00  7.82e-05  7.95e+06
CPLEX Error  3003: Not a mixed-integer problem.
Warning: Control callbacks may disable some MIP features.
Warning:  No solution found from 2 MIP starts.
Retaining values of one MIP start for possible repair.
Tried aggregator 1 time.
MIP Presolve eliminated 5 rows and 1 columns.
MIP Presolve modified 3619 coefficients.
Reduced MIP has 13 rows, 450 columns, and 4035 nonzeros.
Reduced MIP has 448 binaries, 0 generals, 0 SOSs, and 0 indicators.
Presolve time = 0.00 sec. (3.07 ticks)
Probing time = 0.00 sec. (0.25 ticks)
Clique table members: 4.
MIP emphasis: balance optimality and feasibility.
MIP search method: traditional branch-and-cut.
Parallel mode: none, using 1 thread.
Root relaxation solution time = 0.00 sec. (0.38 ticks)

        Nodes                                         Cuts/
   Node  Left     Objective  IInf  Best Integer    Best Bound    ItCnt     Gap

      0     0      169.5517     6                1000000.0000        1         
*     0+    0                            2.3278      169.5517              --- 
      0     0        2.6126     4        2.3278      Fract: 1        5   12.23%
*     0+    0                            2.4847        2.6126             5.15%
      0     0        2.5519     5        2.4847       Cuts: 2       11    2.70%
      0     0        2.5483     7        2.4847    MIRcuts: 2       16    2.56%
      0     0        2.5453     6        2.4847       Cuts: 3       19    2.44%
      0     0        2.4905     4        2.4847    MIRcuts: 2       25    0.23%
      0     0        2.4879     4        2.4847       Cuts: 2       27    0.13%
      0     0        cutoff              2.4847                     28     --- 
Elapsed time = 0.02 sec. (13.91 ticks, tree = 0.01 MB, solutions = 2)
ub: 2.484743324481342, lb: 2.4982193602923166
###################################
k ... 2
solution = x* ... [437,436]
model: PowerModels.GenericPowerModel{PowerModels.SOCWRForm}, cut_type: DC
total number of iterations ... 8
solution cost = logprob(x*) + log((x*)) ... 2.4982193602923166
probability = logprob(x*) ... -2.5459313516257747
probability = prob(x*) ... 0.07840000000000003
load shed = * ... 155.11250803751935
expected load shed = prob(x*)* ... 12.16082063014152
time ... 11.476270237

Flow cuts applied:  1
Mixed integer rounding cuts applied:  2
Zero-half cuts applied:  1
Gomory fractional cuts applied:  1
User cuts applied:  4

Root node processing (before b&c):
  Real time             =    0.02 sec. (13.93 ticks)
Sequential b&c:
  Real time             =    0.00 sec. (0.00 ticks)
                          ------------
Total (root+branch&cut) =    0.02 sec. (13.93 ticks)

******************************************************************************
This program contains Ipopt, a library for large-scale nonlinear optimization.
 Ipopt is released as open source code under the Eclipse Public License (EPL).
         For more information visit http://projects.coin-or.org/Ipopt
******************************************************************************

WARNING: there was an issue with getsolvetime() on the solver, falling back on @timed.  This is not a rigorous timing value.
full AC load shed ... 156.7430433598064
expected AC load shed ... 12.288654599408826
###################################
