../data/case240_wecc_nk_f2.m
INFO: extending matpower format by appending matrix "branch_prob" onto "branch"
Warning: Control callbacks may disable some MIP features.
Tried aggregator 1 time.
MIP Presolve eliminated 1 rows and 1 columns.
Reduced MIP has 1 rows, 450 columns, and 448 nonzeros.
Reduced MIP has 448 binaries, 0 generals, 0 SOSs, and 0 indicators.
Presolve time = 0.00 sec. (0.15 ticks)
Probing time = 0.00 sec. (0.05 ticks)
MIP emphasis: balance optimality and feasibility.
MIP search method: traditional branch-and-cut.
Parallel mode: none, using 1 thread.
Root relaxation solution time = 0.00 sec. (0.16 ticks)

        Nodes                                         Cuts/
   Node  Left     Objective  IInf  Best Integer    Best Bound    ItCnt     Gap

*     0     0      integral     0        7.4120  1000000.0000       10     --- 
Elapsed time = 0.22 sec. (0.89 ticks, tree = 0.00 MB, solutions = 1)

User cuts applied:  3

Root node processing (before b&c):
  Real time             =    0.22 sec. (0.90 ticks)
Sequential b&c:
  Real time             =    0.00 sec. (0.00 ticks)
                          ------------
Total (root+branch&cut) =    0.22 sec. (0.90 ticks)
Tried aggregator 1 time.
QCP Presolve eliminated 619 rows and 300 columns.
Aggregator did 175 substitutions.
Reduced QCP has 9492 rows, 4952 columns, and 19161 nonzeros.
Reduced QCP has 1213 quadratic constraints.
Presolve time = 0.01 sec. (3.93 ticks)
Parallel mode: using up to 32 threads for barrier.

***NOTE: Found 51 dense columns.

Number of nonzeros in lower triangle of A*A' = 66848
Using Approximate Minimum Degree ordering
Total time for automatic ordering = 0.00 sec. (2.99 ticks)
Summary statistics for Cholesky factor:
  Threads                   = 32
  Rows in Factor            = 9543
  Integer space required    = 19357
  Total non-zeros in factor = 117533
  Total FP ops to factor    = 2162723
 Itn      Primal Obj        Dual Obj  Prim Inf Upper Inf  Dual Inf Inf Ratio
   0   1.4881747e+03   2.0121303e+01  3.67e+05  0.00e+00  9.99e+03  1.00e+00
   1   1.4852004e+03   2.3446007e+01  3.67e+05  0.00e+00  9.99e+03  5.75e-01
   2   1.4696173e+03   3.2359055e+01  3.66e+05  0.00e+00  9.96e+03  2.77e-01
   3   1.4147996e+03   7.3867021e+01  3.60e+05  0.00e+00  9.80e+03  1.41e-01
   4   1.2573250e+03   2.5472529e+02  3.37e+05  0.00e+00  9.17e+03  6.80e-02
   5   9.0066048e+02   4.7354907e+02  2.54e+05  0.00e+00  6.92e+03  7.94e-02
   6   6.3622214e+02   4.2909978e+02  1.10e+05  0.00e+00  2.99e+03  1.81e-01
   7   4.3972927e+02   3.3001836e+02  5.31e+04  0.00e+00  1.45e+03  3.49e-01
   8   2.7456109e+02   2.2371845e+02  2.81e+04  0.00e+00  7.66e+02  7.62e-01
   9   1.6070872e+02   1.3451282e+02  1.30e+04  0.00e+00  3.55e+02  1.45e+00
  10   1.0770936e+02   9.3056382e+01  6.72e+03  0.00e+00  1.83e+02  2.56e+00
  11   7.8085708e+01   6.9715028e+01  3.76e+03  0.00e+00  1.02e+02  4.43e+00
  12   6.8884592e+01   6.3120737e+01  2.15e+03  0.00e+00  5.85e+01  6.37e+00
  13   5.7478063e+01   5.4115095e+01  1.48e+03  0.00e+00  4.03e+01  1.09e+01
  14   4.6705034e+01   4.5639126e+01  8.63e+02  0.00e+00  2.35e+01  3.42e+01
  15   4.3927081e+01   4.3337175e+01  2.74e+02  0.00e+00  7.45e+00  6.16e+01
  16   4.2995008e+01   4.2567690e+01  1.51e+02  0.00e+00  4.12e+00  8.49e+01
  17   4.1911399e+01   4.1662621e+01  1.10e+02  0.00e+00  2.99e+00  1.46e+02
  18   4.1142207e+01   4.1014093e+01  6.39e+01  0.00e+00  1.74e+00  2.83e+02
  19   4.0826939e+01   4.0739191e+01  3.29e+01  0.00e+00  8.96e-01  4.12e+02
  20   4.0482442e+01   4.0441023e+01  2.25e+01  0.00e+00  6.13e-01  8.72e+02
  21   4.0445924e+01   4.0414631e+01  1.06e+01  0.00e+00  2.90e-01  1.16e+03
  22   4.0316119e+01   4.0301170e+01  8.03e+00  0.00e+00  2.19e-01  2.42e+03
  23   4.0281010e+01   4.0270262e+01  3.84e+00  0.00e+00  1.05e-01  3.37e+03
  24   4.0255561e+01   4.0247913e+01  2.76e+00  0.00e+00  7.51e-02  4.73e+03
  25   4.0218457e+01   4.0215056e+01  1.96e+00  0.00e+00  5.35e-02  1.06e+04
  26   4.0198363e+01   4.0197207e+01  8.73e-01  0.00e+00  2.38e-02  3.13e+04
  27   4.0193945e+01   4.0193266e+01  2.97e-01  0.00e+00  8.08e-03  5.33e+04
  28   4.0189590e+01   4.0189325e+01  1.74e-01  0.00e+00  4.74e-03  1.37e+05
  29   4.0188781e+01   4.0188589e+01  6.80e-02  0.00e+00  1.85e-03  1.89e+05
  30   4.0187519e+01   4.0187438e+01  4.93e-02  0.00e+00  1.34e-03  4.48e+05
  31   4.0186995e+01   4.0186961e+01  2.07e-02  0.00e+00  5.65e-04  1.05e+06
  32   4.0186738e+01   4.0186726e+01  8.89e-03  0.00e+00  2.42e-04  3.19e+06
  33   4.0186651e+01   4.0186648e+01  2.91e-03  0.00e+00  7.93e-05  1.04e+07
  34   4.0186624e+01   4.0186623e+01  8.94e-04  0.00e+00  2.43e-05  3.64e+07
CPLEX Error  3003: Not a mixed-integer problem.
Warning: Control callbacks may disable some MIP features.
Warning:  No solution found from 2 MIP starts.
Retaining values of one MIP start for possible repair.
Tried aggregator 1 time.
MIP Presolve eliminated 1 rows and 1 columns.
MIP Presolve modified 470 coefficients.
Reduced MIP has 3 rows, 450 columns, and 897 nonzeros.
Reduced MIP has 448 binaries, 0 generals, 0 SOSs, and 0 indicators.
Presolve time = 0.00 sec. (0.57 ticks)
Probing time = 0.00 sec. (1.01 ticks)
Cover probing fixed 0 vars, tightened 1 bounds.
MIP emphasis: balance optimality and feasibility.
MIP search method: traditional branch-and-cut.
Parallel mode: none, using 1 thread.
Root relaxation solution time = 0.00 sec. (0.21 ticks)

        Nodes                                         Cuts/
   Node  Left     Objective  IInf  Best Integer    Best Bound    ItCnt     Gap

*     0     0      integral     0       -1.2770  1000000.0000       10     --- 
Elapsed time = 0.00 sec. (3.55 ticks, tree = 0.00 MB, solutions = 1)
ub: -1.2769770632870014, lb: -2.709988104574899

User cuts applied:  6

Root node processing (before b&c):
  Real time             =    0.00 sec. (3.57 ticks)
Sequential b&c:
  Real time             =    0.00 sec. (0.00 ticks)
                          ------------
Total (root+branch&cut) =    0.00 sec. (3.57 ticks)
Tried aggregator 1 time.
QCP Presolve eliminated 615 rows and 298 columns.
Aggregator did 175 substitutions.
Reduced QCP has 9491 rows, 4949 columns, and 19152 nonzeros.
Reduced QCP has 1213 quadratic constraints.
Presolve time = 0.01 sec. (3.92 ticks)
Parallel mode: using up to 32 threads for barrier.

***NOTE: Found 50 dense columns.

Number of nonzeros in lower triangle of A*A' = 67272
Using Approximate Minimum Degree ordering
Total time for automatic ordering = 0.00 sec. (3.00 ticks)
Summary statistics for Cholesky factor:
  Threads                   = 32
  Rows in Factor            = 9541
  Integer space required    = 19193
  Total non-zeros in factor = 116707
  Total FP ops to factor    = 2051469
 Itn      Primal Obj        Dual Obj  Prim Inf Upper Inf  Dual Inf Inf Ratio
   0   1.4881747e+03   2.5224917e+01  3.67e+05  0.00e+00  9.99e+03  1.00e+00
   1   1.4854814e+03   2.8811692e+01  3.67e+05  0.00e+00  9.99e+03  5.75e-01
   2   1.4715352e+03   3.9277812e+01  3.66e+05  0.00e+00  9.95e+03  2.77e-01
   3   1.4229233e+03   8.6626472e+01  3.60e+05  0.00e+00  9.80e+03  1.41e-01
   4   1.2890625e+03   2.8983835e+02  3.37e+05  0.00e+00  9.17e+03  6.81e-02
   5   1.0006940e+03   5.7437224e+02  2.54e+05  0.00e+00  6.92e+03  7.94e-02
   6   7.9140147e+02   5.7048044e+02  1.10e+05  0.00e+00  2.99e+03  1.68e-01
   7   6.0380875e+02   4.9211758e+02  5.69e+04  0.00e+00  1.55e+03  3.40e-01
   8   4.3861906e+02   3.8802440e+02  2.87e+04  0.00e+00  7.82e+02  7.61e-01
   9   3.1109137e+02   2.8465953e+02  1.30e+04  0.00e+00  3.54e+02  1.43e+00
  10   2.2325970e+02   2.1049022e+02  6.80e+03  0.00e+00  1.85e+02  2.94e+00
  11   1.9063104e+02   1.8191126e+02  3.29e+03  0.00e+00  8.94e+01  4.25e+00
  12   1.7060157e+02   1.6510697e+02  2.24e+03  0.00e+00  6.11e+01  6.67e+00
  13   1.5237937e+02   1.4968221e+02  1.42e+03  0.00e+00  3.85e+01  1.35e+01
  14   1.4963146e+02   1.4740092e+02  6.95e+02  0.00e+00  1.89e+01  1.62e+01
  15   1.4302438e+02   1.4179081e+02  5.75e+02  0.00e+00  1.56e+01  2.92e+01
  16   1.4067034e+02   1.3981385e+02  3.18e+02  0.00e+00  8.65e+00  4.18e+01
  17   1.3863343e+02   1.3812584e+02  2.21e+02  0.00e+00  6.01e+00  6.98e+01
  18   1.3809778e+02   1.3773357e+02  1.31e+02  0.00e+00  3.56e+00  9.69e+01
  19   1.3759011e+02   1.3740815e+02  9.39e+01  0.00e+00  2.56e+00  1.94e+02
  20   1.3718736e+02   1.3712464e+02  4.69e+01  0.00e+00  1.28e+00  5.61e+02
  21   1.3708177e+02   1.3704294e+02  1.62e+01  0.00e+00  4.40e-01  9.03e+02
  22   1.3701917e+02   1.3700260e+02  1.00e+01  0.00e+00  2.72e-01  2.11e+03
  23   1.3700064e+02   1.3699134e+02  4.27e+00  0.00e+00  1.16e-01  3.76e+03
  24   1.3698184e+02   1.3697812e+02  2.40e+00  0.00e+00  6.52e-02  9.33e+03
  25   1.3697718e+02   1.3697528e+02  9.61e-01  0.00e+00  2.61e-02  1.82e+04
  26   1.3697490e+02   1.3697394e+02  4.91e-01  0.00e+00  1.34e-02  3.63e+04
  27   1.3697337e+02   1.3697303e+02  2.47e-01  0.00e+00  6.71e-03  1.01e+05
  28   1.3697276e+02   1.3697262e+02  8.83e-02  0.00e+00  2.40e-03  2.60e+05
  29   1.3697275e+02   1.3697264e+02  3.44e-02  0.00e+00  9.36e-04  2.95e+05
  30   1.3697260e+02   1.3697254e+02  3.03e-02  0.00e+00  8.25e-04  5.58e+05
  31   1.3697252e+02   1.3697249e+02  1.60e-02  0.00e+00  4.35e-04  1.03e+06
  32   1.3697247e+02   1.3697245e+02  8.66e-03  0.00e+00  2.36e-04  2.41e+06
  33   1.3697244e+02   1.3697244e+02  3.70e-03  0.00e+00  1.01e-04  6.30e+06
CPLEX Error  3003: Not a mixed-integer problem.
Warning: Control callbacks may disable some MIP features.
Warning:  No solution found from 2 MIP starts.
Retaining values of one MIP start for possible repair.
Tried aggregator 1 time.
MIP Presolve eliminated 1 rows and 1 columns.
MIP Presolve modified 940 coefficients.
Reduced MIP has 5 rows, 450 columns, and 1346 nonzeros.
Reduced MIP has 448 binaries, 0 generals, 0 SOSs, and 0 indicators.
Presolve time = 0.00 sec. (0.77 ticks)
Probing time = 0.00 sec. (1.04 ticks)
Cover probing fixed 0 vars, tightened 1 bounds.
MIP emphasis: balance optimality and feasibility.
MIP search method: traditional branch-and-cut.
Parallel mode: none, using 1 thread.
Root relaxation solution time = 0.00 sec. (0.24 ticks)

        Nodes                                         Cuts/
   Node  Left     Objective  IInf  Best Integer    Best Bound    ItCnt     Gap

      0     0      742.1913     2                1000000.0000       10         
*     0+    0                           -8.6380      742.1913              --- 
      0     0       -1.4474     2       -8.6380      Fract: 1       11   83.24%
*     0+    0                           -1.4792       -1.4474             2.15%
*     0     0      integral     0       -1.4729       -1.4729       13    0.00%
Elapsed time = 0.01 sec. (6.01 ticks, tree = 0.01 MB, solutions = 3)
ub: -1.4728900813076669, lb: -1.9145034060839272

Flow cuts applied:  1
User cuts applied:  7

Root node processing (before b&c):
  Real time             =    0.01 sec. (6.03 ticks)
Sequential b&c:
  Real time             =    0.00 sec. (0.00 ticks)
                          ------------
Total (root+branch&cut) =    0.01 sec. (6.03 ticks)
Tried aggregator 1 time.
QCP Presolve eliminated 619 rows and 306 columns.
Aggregator did 169 substitutions.
Reduced QCP has 9478 rows, 4940 columns, and 19145 nonzeros.
Reduced QCP has 1211 quadratic constraints.
Presolve time = 0.01 sec. (3.91 ticks)
Parallel mode: using up to 32 threads for barrier.

***NOTE: Found 51 dense columns.

Number of nonzeros in lower triangle of A*A' = 66895
Using Approximate Minimum Degree ordering
Total time for automatic ordering = 0.00 sec. (2.99 ticks)
Summary statistics for Cholesky factor:
  Threads                   = 32
  Rows in Factor            = 9529
  Integer space required    = 19314
  Total non-zeros in factor = 117874
  Total FP ops to factor    = 2207910
 Itn      Primal Obj        Dual Obj  Prim Inf Upper Inf  Dual Inf Inf Ratio
   0   1.4881747e+03   2.0121303e+01  3.59e+05  0.00e+00  9.98e+03  1.00e+00
   1   1.4854280e+03   2.3600252e+01  3.59e+05  0.00e+00  9.98e+03  5.84e-01
   2   1.4711824e+03   3.3441167e+01  3.57e+05  0.00e+00  9.94e+03  2.84e-01
   3   1.4210638e+03   7.8667984e+01  3.52e+05  0.00e+00  9.79e+03  1.45e-01
   4   1.2801957e+03   2.7350830e+02  3.30e+05  0.00e+00  9.17e+03  6.99e-02
   5   9.6347631e+02   5.3128197e+02  2.49e+05  0.00e+00  6.94e+03  8.08e-02
   6   7.2597528e+02   5.1144161e+02  1.09e+05  0.00e+00  3.02e+03  1.79e-01
   7   5.4765898e+02   4.3471472e+02  5.38e+04  0.00e+00  1.50e+03  3.48e-01
   8   3.8178901e+02   3.3070152e+02  2.83e+04  0.00e+00  7.87e+02  7.79e-01
   9   2.6344991e+02   2.3670594e+02  1.28e+04  0.00e+00  3.56e+02  1.46e+00
  10   1.8108993e+02   1.6841882e+02  6.70e+03  0.00e+00  1.86e+02  3.05e+00
  11   1.5195076e+02   1.4320613e+02  3.17e+03  0.00e+00  8.83e+01  4.36e+00
  12   1.2985321e+02   1.2440489e+02  2.19e+03  0.00e+00  6.10e+01  6.91e+00
  13   1.1745408e+02   1.1440595e+02  1.37e+03  0.00e+00  3.80e+01  1.22e+01
  14   1.0425435e+02   1.0301736e+02  7.64e+02  0.00e+00  2.13e+01  2.98e+01
  15   1.0159661e+02   1.0071168e+02  3.10e+02  0.00e+00  8.63e+00  4.14e+01
  16   9.8909136e+01   9.8432534e+01  2.22e+02  0.00e+00  6.18e+00  7.59e+01
  17   9.8601476e+01   9.8256417e+01  1.20e+02  0.00e+00  3.33e+00  1.05e+02
  18   9.8359185e+01   9.8088024e+01  8.66e+01  0.00e+00  2.41e+00  1.32e+02
  19   9.8307681e+01   9.8056694e+01  6.81e+01  0.00e+00  1.89e+00  1.41e+02
  20   9.8707335e+01   9.8528188e+01  6.30e+01  0.00e+00  1.75e+00  2.00e+02
  21   9.8931753e+01   9.8853866e+01  4.50e+01  0.00e+00  1.25e+00  4.56e+02
  22   9.8923226e+01   9.8884340e+01  1.96e+01  0.00e+00  5.44e-01  9.10e+02
  23   9.8941752e+01   9.8911393e+01  9.77e+00  0.00e+00  2.72e-01  1.16e+03
  24   9.9016068e+01   9.9007524e+01  7.63e+00  0.00e+00  2.12e-01  4.12e+03
  25   9.9032177e+01   9.9028392e+01  2.15e+00  0.00e+00  5.97e-02  9.22e+03
  26   9.9039120e+01   9.9037023e+01  9.51e-01  0.00e+00  2.64e-02  1.65e+04
  27   9.9047905e+01   9.9047115e+01  5.27e-01  0.00e+00  1.47e-02  4.37e+04
  28   9.9049902e+01   9.9049482e+01  1.99e-01  0.00e+00  5.52e-03  8.18e+04
  29   9.9051599e+01   9.9051403e+01  1.05e-01  0.00e+00  2.93e-03  1.75e+05
  30   9.9052034e+01   9.9051889e+01  4.92e-02  0.00e+00  1.37e-03  2.35e+05
  31   9.9052735e+01   9.9052677e+01  3.65e-02  0.00e+00  1.02e-03  5.91e+05
  32   9.9052904e+01   9.9052868e+01  1.45e-02  0.00e+00  4.04e-04  9.45e+05
  33   9.9053030e+01   9.9053012e+01  9.09e-03  0.00e+00  2.53e-04  1.86e+06
  34   9.9053097e+01   9.9053088e+01  4.62e-03  0.00e+00  1.28e-04  3.96e+06
  35   9.9053140e+01   9.9053137e+01  2.16e-03  0.00e+00  6.02e-05  1.35e+07
CPLEX Error  3003: Not a mixed-integer problem.
Warning: Control callbacks may disable some MIP features.
Warning:  No solution found from 4 MIP starts.
Retaining values of one MIP start for possible repair.
Tried aggregator 1 time.
MIP Presolve eliminated 1 rows and 1 columns.
MIP Presolve modified 1410 coefficients.
Reduced MIP has 7 rows, 450 columns, and 1795 nonzeros.
Reduced MIP has 448 binaries, 0 generals, 0 SOSs, and 0 indicators.
Presolve time = 0.00 sec. (1.02 ticks)
Probing time = 0.00 sec. (1.06 ticks)
Cover probing fixed 0 vars, tightened 1 bounds.
MIP emphasis: balance optimality and feasibility.
MIP search method: traditional branch-and-cut.
Parallel mode: none, using 1 thread.
Root relaxation solution time = 0.00 sec. (0.27 ticks)

        Nodes                                         Cuts/
   Node  Left     Objective  IInf  Best Integer    Best Bound    ItCnt     Gap

      0     0      737.0743     3                1000000.0000       10         
*     0+    0                           -8.6814      737.0743              --- 
      0     0       -0.9110     4       -8.6814    MIRcuts: 1       11   89.51%
*     0+    0                           -1.8778       -0.9110            51.49%
      0     0       -1.5474     3       -1.8778    MIRcuts: 1       15   17.59%
      0     0       -1.6257     4       -1.8778    MIRcuts: 1       19   13.42%
*     0+    0                           -1.6941       -1.6257             4.03%
      0     0       -1.6639     4       -1.6941    MIRcuts: 1       22    1.78%
      0     0       -1.6663     4       -1.6941    MIRcuts: 1       25    1.64%
Repair heuristic found nothing.
      0     2       -1.6834     3       -1.6941       -1.6835       25    0.62%
Elapsed time = 0.02 sec. (12.85 ticks, tree = 0.01 MB, solutions = 3)
*     6     3      integral     0       -1.6935       -1.6835       39    0.59%
*     7     2      integral     0       -1.6933       -1.6835       40    0.57%
*     8     1      integral     0       -1.6909       -1.6878       43    0.18%
*     9     0      integral     0       -1.6879       -1.6878       45    0.00%

Mixed integer rounding cuts applied:  4
User cuts applied:  12

Root node processing (before b&c):
  Real time             =    0.02 sec. (12.87 ticks)
Sequential b&c:
  Real time             =    0.00 sec. (2.34 ticks)
                          ------------
Total (root+branch&cut) =    0.02 sec. (15.20 ticks)
ub: -1.6878637051137435, lb: -1.9145034060839272
Tried aggregator 1 time.
QCP Presolve eliminated 615 rows and 301 columns.
Aggregator did 172 substitutions.
Reduced QCP has 9484 rows, 4943 columns, and 19144 nonzeros.
Reduced QCP has 1212 quadratic constraints.
Presolve time = 0.01 sec. (3.91 ticks)
Parallel mode: using up to 32 threads for barrier.

***NOTE: Found 51 dense columns.

Number of nonzeros in lower triangle of A*A' = 66809
Using Approximate Minimum Degree ordering
Total time for automatic ordering = 0.00 sec. (2.99 ticks)
Summary statistics for Cholesky factor:
  Threads                   = 32
  Rows in Factor            = 9535
  Integer space required    = 19235
  Total non-zeros in factor = 117482
  Total FP ops to factor    = 2172668
 Itn      Primal Obj        Dual Obj  Prim Inf Upper Inf  Dual Inf Inf Ratio
   0   1.4881747e+03   2.5224917e+01  3.63e+05  0.00e+00  9.98e+03  1.00e+00
   1   1.4853920e+03   2.8683968e+01  3.63e+05  0.00e+00  9.98e+03  5.80e-01
   2   1.4709428e+03   3.8444610e+01  3.62e+05  0.00e+00  9.94e+03  2.81e-01
   3   1.4202450e+03   8.3286939e+01  3.56e+05  0.00e+00  9.79e+03  1.43e-01
   4   1.2779976e+03   2.7692221e+02  3.33e+05  0.00e+00  9.16e+03  6.90e-02
   5   9.6295597e+02   5.3440307e+02  2.52e+05  0.00e+00  6.92e+03  8.00e-02
   6   7.4202494e+02   5.1734216e+02  1.09e+05  0.00e+00  3.01e+03  1.67e-01
   7   5.3839751e+02   4.2493164e+02  5.72e+04  0.00e+00  1.57e+03  3.39e-01
   8   3.7818595e+02   3.2461373e+02  2.89e+04  0.00e+00  7.94e+02  7.27e-01
   9   2.5990863e+02   2.3256575e+02  1.36e+04  0.00e+00  3.75e+02  1.40e+00
  10   1.9683259e+02   1.8128418e+02  6.96e+03  0.00e+00  1.91e+02  2.43e+00
  11   1.6264351e+02   1.5324304e+02  3.96e+03  0.00e+00  1.09e+02  3.98e+00
  12   1.4739530e+02   1.4132324e+02  2.39e+03  0.00e+00  6.58e+01  6.10e+00
  13   1.3584863e+02   1.3206111e+02  1.55e+03  0.00e+00  4.25e+01  9.75e+00
  14   1.2538886e+02   1.2384189e+02  9.65e+02  0.00e+00  2.65e+01  2.36e+01
  15   1.1956860e+02   1.1902231e+02  3.94e+02  0.00e+00  1.08e+01  6.68e+01
  16   1.1856425e+02   1.1816613e+02  1.39e+02  0.00e+00  3.83e+00  9.14e+01
  17   1.1746952e+02   1.1722296e+02  1.01e+02  0.00e+00  2.79e+00  1.47e+02
  18   1.1659906e+02   1.1647357e+02  6.28e+01  0.00e+00  1.73e+00  2.89e+02
  19   1.1626021e+02   1.1617427e+02  3.20e+01  0.00e+00  8.79e-01  4.21e+02
  20   1.1592135e+02   1.1587757e+02  2.19e+01  0.00e+00  6.02e-01  8.27e+02
  21   1.1587883e+02   1.1584544e+02  1.12e+01  0.00e+00  3.07e-01  1.09e+03
  22   1.1572964e+02   1.1571394e+02  8.51e+00  0.00e+00  2.34e-01  2.31e+03
  23   1.1568956e+02   1.1567857e+02  4.00e+00  0.00e+00  1.10e-01  3.30e+03
  24   1.1566233e+02   1.1565462e+02  2.80e+00  0.00e+00  7.70e-02  4.70e+03
  25   1.1562205e+02   1.1561888e+02  1.96e+00  0.00e+00  5.40e-02  1.14e+04
  26   1.1560316e+02   1.1560206e+02  8.07e-01  0.00e+00  2.22e-02  3.30e+04
  27   1.1559611e+02   1.1559575e+02  2.80e-01  0.00e+00  7.70e-03  1.01e+05
  28   1.1559446e+02   1.1559424e+02  9.15e-02  0.00e+00  2.52e-03  1.66e+05
  29   1.1559337e+02   1.1559326e+02  5.57e-02  0.00e+00  1.53e-03  3.28e+05
  30   1.1559272e+02   1.1559267e+02  2.82e-02  0.00e+00  7.75e-04  8.53e+05
  31   1.1559241e+02   1.1559240e+02  1.08e-02  0.00e+00  2.98e-04  2.81e+06
  32   1.1559230e+02   1.1559230e+02  3.29e-03  0.00e+00  9.05e-05  1.48e+07
CPLEX Error  3003: Not a mixed-integer problem.
Warning: Control callbacks may disable some MIP features.
1 of 8 MIP starts provided solutions.
MIP start 'm2' defined initial solution with objective -1.8778.
Retaining values of one MIP start for possible repair.
Tried aggregator 1 time.
MIP Presolve eliminated 1 rows and 1 columns.
MIP Presolve modified 1880 coefficients.
Reduced MIP has 9 rows, 450 columns, and 2244 nonzeros.
Reduced MIP has 448 binaries, 0 generals, 0 SOSs, and 0 indicators.
Presolve time = 0.00 sec. (1.20 ticks)
Probing time = 0.00 sec. (1.09 ticks)
Cover probing fixed 0 vars, tightened 2 bounds.
MIP emphasis: balance optimality and feasibility.
MIP search method: traditional branch-and-cut.
Parallel mode: none, using 1 thread.
Root relaxation solution time = 0.00 sec. (0.30 ticks)

        Nodes                                         Cuts/
   Node  Left     Objective  IInf  Best Integer    Best Bound    ItCnt     Gap

*     0+    0                           -1.8778  1000000.0000              --- 
      0     0      737.0743     3       -1.8778  1000000.0000       10     --- 
      0     0       -0.9110     4       -1.8778    MIRcuts: 1       11   51.49%
      0     0       -1.5621     3       -1.8778    MIRcuts: 1       16   16.81%
      0     0       -1.5693     4       -1.8778    MIRcuts: 1       18   16.43%
*     0+    0                           -1.7611       -1.5693            10.89%
      0     0       -1.6178     5       -1.7611    MIRcuts: 2       24    8.14%
      0     0       -1.6378     5       -1.7611    MIRcuts: 1       28    7.00%
Repair heuristic found nothing.
      0     2       -1.6863     3       -1.7611       -1.6998       28    3.48%
Elapsed time = 0.02 sec. (14.72 ticks, tree = 0.01 MB, solutions = 2)
*     1     1      integral     0       -1.7285       -1.6998       32    1.66%
ub: -1.728518251205529, lb: -1.9145034060839272

Mixed integer rounding cuts applied:  4
User cuts applied:  9

Root node processing (before b&c):
  Real time             =    0.02 sec. (14.73 ticks)
Sequential b&c:
  Real time             =    0.00 sec. (0.65 ticks)
                          ------------
Total (root+branch&cut) =    0.02 sec. (15.38 ticks)
Tried aggregator 1 time.
QCP Presolve eliminated 613 rows and 295 columns.
Aggregator did 178 substitutions.
Reduced QCP has 9490 rows, 4949 columns, and 19148 nonzeros.
Reduced QCP has 1213 quadratic constraints.
Presolve time = 0.01 sec. (3.92 ticks)
Parallel mode: using up to 32 threads for barrier.

***NOTE: Found 45 dense columns.

Number of nonzeros in lower triangle of A*A' = 68905
Using Approximate Minimum Degree ordering
Total time for automatic ordering = 0.01 sec. (3.08 ticks)
Summary statistics for Cholesky factor:
  Threads                   = 32
  Rows in Factor            = 9535
  Integer space required    = 19495
  Total non-zeros in factor = 118224
  Total FP ops to factor    = 2085338
 Itn      Primal Obj        Dual Obj  Prim Inf Upper Inf  Dual Inf Inf Ratio
   0   1.4881747e+03   2.8076363e+01  3.71e+05  0.00e+00  9.99e+03  1.00e+00
   1   1.4853295e+03   3.1539473e+01  3.71e+05  0.00e+00  9.99e+03  5.71e-01
   2   1.4704817e+03   4.1272872e+01  3.70e+05  0.00e+00  9.95e+03  2.73e-01
   3   1.4186324e+03   8.5644608e+01  3.64e+05  0.00e+00  9.80e+03  1.39e-01
   4   1.2728191e+03   2.7762920e+02  3.40e+05  0.00e+00  9.16e+03  6.72e-02
   5   9.5080287e+02   5.2856196e+02  2.56e+05  0.00e+00  6.90e+03  7.88e-02
   6   7.2443764e+02   5.0738352e+02  1.10e+05  0.00e+00  2.97e+03  1.68e-01
   7   5.3919787e+02   4.2919623e+02  5.66e+04  0.00e+00  1.52e+03  3.40e-01
   8   3.7698479e+02   3.2734883e+02  2.87e+04  0.00e+00  7.72e+02  7.63e-01
   9   2.5151905e+02   2.2584452e+02  1.29e+04  0.00e+00  3.48e+02  1.45e+00
  10   1.7623573e+02   1.6309222e+02  6.69e+03  0.00e+00  1.80e+02  2.81e+00
  11   1.4098173e+02   1.3243932e+02  3.43e+03  0.00e+00  9.23e+01  4.27e+00
  12   1.1890979e+02   1.1362490e+02  2.23e+03  0.00e+00  6.00e+01  6.84e+00
  13   1.0779412e+02   1.0444014e+02  1.38e+03  0.00e+00  3.71e+01  1.07e+01
  14   1.0713244e+02   1.0400068e+02  8.75e+02  0.00e+00  2.36e+01  1.14e+01
  15   1.0277928e+02   1.0050657e+02  8.17e+02  0.00e+00  2.20e+01  1.57e+01
  16   1.0011643e+02   9.8387648e+01  5.93e+02  0.00e+00  1.60e+01  2.06e+01
  17   9.7470736e+01   9.6234862e+01  4.51e+02  0.00e+00  1.22e+01  2.86e+01
  18   9.3352046e+01   9.2832261e+01  3.23e+02  0.00e+00  8.69e+00  6.79e+01
  19   9.2192829e+01   9.1855155e+01  1.36e+02  0.00e+00  3.65e+00  1.04e+02
  20   9.1404250e+01   9.1209618e+01  8.82e+01  0.00e+00  2.37e+00  1.80e+02
  21   9.0855949e+01   9.0764790e+01  5.08e+01  0.00e+00  1.37e+00  3.83e+02
  22   9.0692854e+01   9.0627246e+01  2.38e+01  0.00e+00  6.41e-01  5.31e+02
  23   9.0519753e+01   9.0487476e+01  1.71e+01  0.00e+00  4.61e-01  1.08e+03
  24   9.0490986e+01   9.0464572e+01  8.43e+00  0.00e+00  2.27e-01  1.32e+03
  25   9.0424072e+01   9.0410107e+01  6.90e+00  0.00e+00  1.86e-01  2.49e+03
  26   9.0401922e+01   9.0391134e+01  3.65e+00  0.00e+00  9.82e-02  3.22e+03
  27   9.0356684e+01   9.0353796e+01  2.82e+00  0.00e+00  7.59e-02  1.20e+04
  28   9.0344960e+01   9.0344050e+01  7.54e-01  0.00e+00  2.03e-02  3.80e+04
  29   9.0341894e+01   9.0341556e+01  2.38e-01  0.00e+00  6.40e-03  1.02e+05
  30   9.0340605e+01   9.0340519e+01  8.81e-02  0.00e+00  2.37e-03  4.00e+05
  31   9.0340313e+01   9.0340284e+01  2.26e-02  0.00e+00  6.08e-04  1.19e+06
  32   9.0340212e+01   9.0340204e+01  7.60e-03  0.00e+00  2.05e-04  4.17e+06
  33   9.0340181e+01   9.0340180e+01  2.16e-03  0.00e+00  5.82e-05  2.33e+07
CPLEX Error  3003: Not a mixed-integer problem.
Warning: Control callbacks may disable some MIP features.
Warning:  No solution found from 4 MIP starts.
Retaining values of one MIP start for possible repair.
Tried aggregator 1 time.
MIP Presolve eliminated 1 rows and 1 columns.
MIP Presolve modified 2350 coefficients.
Reduced MIP has 11 rows, 450 columns, and 2693 nonzeros.
Reduced MIP has 448 binaries, 0 generals, 0 SOSs, and 0 indicators.
Presolve time = 0.00 sec. (1.46 ticks)
Probing time = 0.00 sec. (1.12 ticks)
Cover probing fixed 0 vars, tightened 1 bounds.
MIP emphasis: balance optimality and feasibility.
MIP search method: traditional branch-and-cut.
Parallel mode: none, using 1 thread.
Root relaxation solution time = 0.00 sec. (0.34 ticks)

        Nodes                                         Cuts/
   Node  Left     Objective  IInf  Best Integer    Best Bound    ItCnt     Gap

      0     0      733.9943     3                1000000.0000       10         
*     0+    0                           -8.7920      733.9943              --- 
      0     0       -0.7414     2       -8.7920      Fract: 1       11   91.57%
*     0+    0                           -2.4331       -0.7414            69.53%
      0     0       -0.9127     4       -2.4331    MIRcuts: 1       13   62.49%
*     0+    0                           -2.0219       -0.9127            54.86%
      0     0       -1.5847     5       -2.0219    MIRcuts: 1       17   21.62%
*     0+    0                           -1.9214       -1.5847            17.52%
*     0+    0                           -1.9180       -1.6598            13.47%
Repair heuristic found nothing.
      0     2       -1.6610     5       -1.9180       -1.6956       17   11.60%
Elapsed time = 0.02 sec. (15.02 ticks, tree = 0.01 MB, solutions = 5)
*     2     1      integral     0       -1.7338       -1.7178       23    0.92%
ub: -1.7338416961917669, lb: -1.9145034060839272

Mixed integer rounding cuts applied:  2
Gomory fractional cuts applied:  1
User cuts applied:  9

Root node processing (before b&c):
  Real time             =    0.02 sec. (15.04 ticks)
Sequential b&c:
  Real time             =    0.00 sec. (0.69 ticks)
                          ------------
Total (root+branch&cut) =    0.02 sec. (15.73 ticks)
Tried aggregator 1 time.
QCP Presolve eliminated 619 rows and 306 columns.
Aggregator did 168 substitutions.
Reduced QCP has 9480 rows, 4941 columns, and 19148 nonzeros.
Reduced QCP has 1211 quadratic constraints.
Presolve time = 0.01 sec. (3.91 ticks)
Parallel mode: using up to 32 threads for barrier.

***NOTE: Found 51 dense columns.

Number of nonzeros in lower triangle of A*A' = 66875
Using Approximate Minimum Degree ordering
Total time for automatic ordering = 0.00 sec. (2.99 ticks)
Summary statistics for Cholesky factor:
  Threads                   = 32
  Rows in Factor            = 9531
  Integer space required    = 19305
  Total non-zeros in factor = 117932
  Total FP ops to factor    = 2208768
 Itn      Primal Obj        Dual Obj  Prim Inf Upper Inf  Dual Inf Inf Ratio
   0   1.4881747e+03   1.9072739e+01  3.59e+05  0.00e+00  9.98e+03  1.00e+00
   1   1.4855598e+03   2.2689107e+01  3.59e+05  0.00e+00  9.98e+03  5.83e-01
   2   1.4720769e+03   3.3312261e+01  3.57e+05  0.00e+00  9.94e+03  2.84e-01
   3   1.4248908e+03   8.1482689e+01  3.52e+05  0.00e+00  9.79e+03  1.45e-01
   4   1.2951676e+03   2.8769169e+02  3.29e+05  0.00e+00  9.17e+03  6.99e-02
   5   1.0125621e+03   5.7945141e+02  2.49e+05  0.00e+00  6.94e+03  8.08e-02
   6   7.9199438e+02   5.7813807e+02  1.09e+05  0.00e+00  3.02e+03  1.80e-01
   7   6.1374072e+02   5.0086492e+02  5.35e+04  0.00e+00  1.49e+03  3.49e-01
   8   4.4688940e+02   3.9578562e+02  2.82e+04  0.00e+00  7.86e+02  7.81e-01
   9   3.2535939e+02   2.9887246e+02  1.28e+04  0.00e+00  3.56e+02  1.47e+00
  10   2.4289994e+02   2.3010277e+02  6.63e+03  0.00e+00  1.84e+02  3.03e+00
  11   2.1257535e+02   2.0386045e+02  3.20e+03  0.00e+00  8.91e+01  4.38e+00
  12   1.9102190e+02   1.8553085e+02  2.18e+03  0.00e+00  6.07e+01  6.87e+00
  13   1.7788825e+02   1.7486475e+02  1.38e+03  0.00e+00  3.83e+01  1.23e+01
  14   1.6488095e+02   1.6362147e+02  7.57e+02  0.00e+00  2.11e+01  2.94e+01
  15   1.6194084e+02   1.6106074e+02  3.16e+02  0.00e+00  8.78e+00  4.17e+01
  16   1.5919778e+02   1.5872572e+02  2.21e+02  0.00e+00  6.14e+00  7.67e+01
  17   1.5891776e+02   1.5855987e+02  1.18e+02  0.00e+00  3.29e+00  1.01e+02
  18   1.5862858e+02   1.5835832e+02  8.97e+01  0.00e+00  2.50e+00  1.33e+02
  19   1.5854453e+02   1.5829148e+02  6.78e+01  0.00e+00  1.89e+00  1.40e+02
  20   1.5894546e+02   1.5876308e+02  6.35e+01  0.00e+00  1.77e+00  1.96e+02
  21   1.5918519e+02   1.5911346e+02  4.57e+01  0.00e+00  1.27e+00  4.96e+02
  22   1.5914394e+02   1.5910570e+02  1.80e+01  0.00e+00  5.01e-01  9.25e+02
  23   1.5917309e+02   1.5914332e+02  9.59e+00  0.00e+00  2.67e-01  1.18e+03
  24   1.5923983e+02   1.5923138e+02  7.47e+00  0.00e+00  2.08e-01  4.16e+03
  25   1.5925234e+02   1.5924851e+02  2.12e+00  0.00e+00  5.90e-02  9.11e+03
  26   1.5925829e+02   1.5925617e+02  9.60e-01  0.00e+00  2.67e-02  1.63e+04
  27   1.5926642e+02   1.5926563e+02  5.33e-01  0.00e+00  1.48e-02  4.37e+04
  28   1.5926840e+02   1.5926804e+02  1.98e-01  0.00e+00  5.52e-03  9.50e+04
  29   1.5926971e+02   1.5926954e+02  9.07e-02  0.00e+00  2.52e-03  2.02e+05
  30   1.5927003e+02   1.5926990e+02  4.26e-02  0.00e+00  1.18e-03  2.66e+05
  31   1.5927051e+02   1.5927045e+02  3.23e-02  0.00e+00  8.99e-04  6.04e+05
  32   1.5927073e+02   1.5927071e+02  1.42e-02  0.00e+00  3.96e-04  1.38e+06
  33   1.5927081e+02   1.5927080e+02  6.24e-03  0.00e+00  1.74e-04  2.83e+06
CPLEX Error  3003: Not a mixed-integer problem.
Warning: Control callbacks may disable some MIP features.
4 of 7 MIP starts provided solutions.
MIP start 'm5' defined initial solution with objective -1.9180.
Retaining values of one MIP start for possible repair.
Tried aggregator 1 time.
MIP Presolve eliminated 1 rows and 1 columns.
MIP Presolve modified 2820 coefficients.
Reduced MIP has 13 rows, 450 columns, and 3142 nonzeros.
Reduced MIP has 448 binaries, 0 generals, 0 SOSs, and 0 indicators.
Presolve time = 0.00 sec. (1.67 ticks)
Probing time = 0.00 sec. (1.15 ticks)
Cover probing fixed 0 vars, tightened 2 bounds.
MIP emphasis: balance optimality and feasibility.
MIP search method: traditional branch-and-cut.
Parallel mode: none, using 1 thread.
Root relaxation solution time = 0.00 sec. (0.38 ticks)

        Nodes                                         Cuts/
   Node  Left     Objective  IInf  Best Integer    Best Bound    ItCnt     Gap

*     0+    0                           -1.9180  1000000.0000              --- 
      0     0      733.9943     3       -1.9180  1000000.0000       10     --- 
      0     0       -0.7414     2       -1.9180      Fract: 1       11   61.35%
      0     0       -0.9127     4       -1.9180    MIRcuts: 1       13   52.41%
      0     0       -1.5659     5       -1.9180    MIRcuts: 1       17   18.36%
      0     0       -1.5921     5       -1.9180    MIRcuts: 2       24   16.99%
      0     0       -1.6571     5       -1.9180    MIRcuts: 2       27   13.61%
*     0+    0                           -1.7893       -1.6571             7.39%
Repair heuristic found nothing.
      0     2       -1.7501     2       -1.7893       -1.7503       27    2.18%
Elapsed time = 0.02 sec. (18.37 ticks, tree = 0.01 MB, solutions = 5)
*     3     2      integral     0       -1.7770       -1.7503       31    1.50%
ub: -1.777035179621243, lb: -1.8193596636879308

Mixed integer rounding cuts applied:  4
User cuts applied:  9

Root node processing (before b&c):
  Real time             =    0.02 sec. (18.39 ticks)
Sequential b&c:
  Real time             =    0.00 sec. (1.32 ticks)
                          ------------
Total (root+branch&cut) =    0.03 sec. (19.71 ticks)
Tried aggregator 1 time.
QCP Presolve eliminated 619 rows and 304 columns.
Aggregator did 170 substitutions.
Reduced QCP has 9491 rows, 4948 columns, and 19163 nonzeros.
Reduced QCP has 1213 quadratic constraints.
Presolve time = 0.01 sec. (3.92 ticks)
Parallel mode: using up to 32 threads for barrier.

***NOTE: Found 50 dense columns.

Number of nonzeros in lower triangle of A*A' = 67420
Using Approximate Minimum Degree ordering
Total time for automatic ordering = 0.00 sec. (3.01 ticks)
Summary statistics for Cholesky factor:
  Threads                   = 32
  Rows in Factor            = 9541
  Integer space required    = 19417
  Total non-zeros in factor = 117545
  Total FP ops to factor    = 2085559
 Itn      Primal Obj        Dual Obj  Prim Inf Upper Inf  Dual Inf Inf Ratio
   0   1.4881747e+03   2.0121303e+01  3.59e+05  0.00e+00  9.99e+03  1.00e+00
   1   1.4855589e+03   2.3728162e+01  3.59e+05  0.00e+00  9.99e+03  5.84e-01
   2   1.4720728e+03   3.4313483e+01  3.58e+05  0.00e+00  9.95e+03  2.85e-01
   3   1.4248054e+03   8.2411043e+01  3.52e+05  0.00e+00  9.80e+03  1.45e-01
   4   1.2949547e+03   2.8812015e+02  3.30e+05  0.00e+00  9.18e+03  6.99e-02
   5   1.0119506e+03   5.7907357e+02  2.50e+05  0.00e+00  6.94e+03  8.08e-02
   6   7.9120430e+02   5.7733968e+02  1.09e+05  0.00e+00  3.03e+03  1.80e-01
   7   6.1264086e+02   4.9978134e+02  5.36e+04  0.00e+00  1.49e+03  3.49e-01
   8   4.4597114e+02   3.9481304e+02  2.83e+04  0.00e+00  7.87e+02  7.79e-01
   9   3.2400746e+02   2.9750979e+02  1.28e+04  0.00e+00  3.57e+02  1.47e+00
  10   2.4072800e+02   2.2797617e+02  6.64e+03  0.00e+00  1.85e+02  3.04e+00
  11   2.0866591e+02   1.9992016e+02  3.20e+03  0.00e+00  8.90e+01  4.37e+00
  12   1.8797148e+02   1.8251426e+02  2.19e+03  0.00e+00  6.10e+01  6.92e+00
  13   1.7552923e+02   1.7262247e+02  1.37e+03  0.00e+00  3.81e+01  1.28e+01
  14   1.7004135e+02   1.6790590e+02  7.29e+02  0.00e+00  2.03e+01  1.74e+01
  15   1.6306077e+02   1.6189286e+02  5.36e+02  0.00e+00  1.49e+01  3.17e+01
  16   1.6180011e+02   1.6080364e+02  2.93e+02  0.00e+00  8.16e+00  3.70e+01
  17   1.5869879e+02   1.5817199e+02  2.50e+02  0.00e+00  6.96e+00  6.94e+01
  18   1.5825595e+02   1.5789239e+02  1.32e+02  0.00e+00  3.68e+00  1.00e+02
  19   1.5799358e+02   1.5771658e+02  9.13e+01  0.00e+00  2.54e+00  1.31e+02
  20   1.5787753e+02   1.5762553e+02  6.96e+01  0.00e+00  1.94e+00  1.41e+02
  21   1.5828694e+02   1.5809690e+02  6.33e+01  0.00e+00  1.76e+00  1.88e+02
  22   1.5871617e+02   1.5864373e+02  4.77e+01  0.00e+00  1.33e+00  4.93e+02
  23   1.5875834e+02   1.5873060e+02  1.82e+01  0.00e+00  5.06e-01  1.27e+03
  24   1.5879997e+02   1.5878940e+02  6.97e+00  0.00e+00  1.94e-01  3.30e+03
  25   1.5882848e+02   1.5882379e+02  2.66e+00  0.00e+00  7.40e-02  7.38e+03
  26   1.5884339e+02   1.5884104e+02  1.18e+00  0.00e+00  3.29e-02  1.47e+04
  27   1.5885158e+02   1.5885058e+02  5.90e-01  0.00e+00  1.64e-02  3.44e+04
  28   1.5885461e+02   1.5885409e+02  2.51e-01  0.00e+00  6.99e-03  6.55e+04
  29   1.5885652e+02   1.5885631e+02  1.32e-01  0.00e+00  3.67e-03  1.69e+05
  30   1.5885709e+02   1.5885700e+02  5.10e-02  0.00e+00  1.42e-03  3.48e+05
  31   1.5885724e+02   1.5885716e+02  2.48e-02  0.00e+00  6.90e-04  4.22e+05
  32   1.5885752e+02   1.5885748e+02  2.04e-02  0.00e+00  5.68e-04  9.52e+05
  33   1.5885765e+02   1.5885763e+02  9.04e-03  0.00e+00  2.52e-04  2.52e+06
CPLEX Error  3003: Not a mixed-integer problem.
Warning: Control callbacks may disable some MIP features.
4 of 7 MIP starts provided solutions.
MIP start 'm5' defined initial solution with objective -1.7893.
Retaining values of one MIP start for possible repair.
Tried aggregator 1 time.
MIP Presolve eliminated 1 rows and 1 columns.
MIP Presolve modified 3290 coefficients.
Reduced MIP has 15 rows, 450 columns, and 3591 nonzeros.
Reduced MIP has 448 binaries, 0 generals, 0 SOSs, and 0 indicators.
Presolve time = 0.00 sec. (1.95 ticks)
Probing time = 0.00 sec. (1.18 ticks)
Cover probing fixed 0 vars, tightened 2 bounds.
MIP emphasis: balance optimality and feasibility.
MIP search method: traditional branch-and-cut.
Parallel mode: none, using 1 thread.
Root relaxation solution time = 0.00 sec. (0.41 ticks)

        Nodes                                         Cuts/
   Node  Left     Objective  IInf  Best Integer    Best Bound    ItCnt     Gap

*     0+    0                           -1.7893  1000000.0000              --- 
      0     0      733.9943     3       -1.7893  1000000.0000       10     --- 
      0     0       -0.7414     2       -1.7893      Fract: 1       11   58.56%
      0     0       -0.9127     4       -1.7893    MIRcuts: 1       13   48.99%
      0     0       -1.5659     5       -1.7893    MIRcuts: 1       18   12.49%
      0     0       -1.5921     5       -1.7893    MIRcuts: 2       25   11.02%
      0     0       -1.6571     6       -1.7893    MIRcuts: 3       28    7.39%
Repair heuristic found nothing.
      0     2       -1.7501     2       -1.7893       -1.7503       28    2.18%
Elapsed time = 0.03 sec. (19.20 ticks, tree = 0.01 MB, solutions = 4)
*    10+    5                           -1.7884       -1.7578             1.71%
*    17     7      integral     0       -1.7838       -1.7578       64    1.46%
*    20+    1                           -1.7780       -1.7728             0.29%
ub: -1.7779626859605324, lb: -1.8193596636879308

Mixed integer rounding cuts applied:  4
User cuts applied:  11

Root node processing (before b&c):
  Real time             =    0.03 sec. (19.22 ticks)
Sequential b&c:
  Real time             =    0.01 sec. (4.79 ticks)
                          ------------
Total (root+branch&cut) =    0.03 sec. (24.01 ticks)
Tried aggregator 1 time.
QCP Presolve eliminated 617 rows and 304 columns.
Aggregator did 169 substitutions.
Reduced QCP has 9485 rows, 4943 columns, and 19154 nonzeros.
Reduced QCP has 1212 quadratic constraints.
Presolve time = 0.01 sec. (3.91 ticks)
Parallel mode: using up to 32 threads for barrier.

***NOTE: Found 51 dense columns.

Number of nonzeros in lower triangle of A*A' = 66997
Using Approximate Minimum Degree ordering
Total time for automatic ordering = 0.00 sec. (2.99 ticks)
Summary statistics for Cholesky factor:
  Threads                   = 32
  Rows in Factor            = 9536
  Integer space required    = 19431
  Total non-zeros in factor = 118384
  Total FP ops to factor    = 2236352
 Itn      Primal Obj        Dual Obj  Prim Inf Upper Inf  Dual Inf Inf Ratio
   0   1.4881747e+03   2.5224917e+01  3.59e+05  0.00e+00  9.98e+03  1.00e+00
   1   1.4855586e+03   2.8815278e+01  3.59e+05  0.00e+00  9.98e+03  5.84e-01
   2   1.4720792e+03   3.9343749e+01  3.57e+05  0.00e+00  9.94e+03  2.84e-01
   3   1.4248819e+03   8.7138440e+01  3.52e+05  0.00e+00  9.79e+03  1.45e-01
   4   1.2951695e+03   2.9200053e+02  3.30e+05  0.00e+00  9.17e+03  7.00e-02
   5   1.0131185e+03   5.8183190e+02  2.49e+05  0.00e+00  6.94e+03  8.08e-02
   6   8.1128910e+02   5.8225630e+02  1.09e+05  0.00e+00  3.02e+03  1.66e-01
   7   6.2337581e+02   5.0853078e+02  5.76e+04  0.00e+00  1.60e+03  3.40e-01
   8   4.5780930e+02   4.0594731e+02  2.89e+04  0.00e+00  8.03e+02  7.63e-01
   9   3.3502648e+02   3.0771621e+02  1.30e+04  0.00e+00  3.63e+02  1.42e+00
  10   2.4344114e+02   2.3132119e+02  6.87e+03  0.00e+00  1.91e+02  3.18e+00
  11   2.1690229e+02   2.0816500e+02  3.05e+03  0.00e+00  8.48e+01  4.35e+00
  12   1.9225369e+02   1.8693409e+02  2.20e+03  0.00e+00  6.11e+01  7.06e+00
  13   1.7985245e+02   1.7696330e+02  1.34e+03  0.00e+00  3.72e+01  1.28e+01
  14   1.6807632e+02   1.6669141e+02  7.27e+02  0.00e+00  2.02e+01  2.65e+01
  15   1.6353756e+02   1.6270599e+02  3.49e+02  0.00e+00  9.70e+00  4.38e+01
  16   1.6100413e+02   1.6053193e+02  2.09e+02  0.00e+00  5.82e+00  7.62e+01
  17   1.6034323e+02   1.6003474e+02  1.19e+02  0.00e+00  3.31e+00  1.16e+02
  18   1.6010079e+02   1.5984695e+02  7.77e+01  0.00e+00  2.16e+00  1.40e+02
  19   1.6010599e+02   1.5987422e+02  6.40e+01  0.00e+00  1.78e+00  1.51e+02
  20   1.6043366e+02   1.6026938e+02  5.84e+01  0.00e+00  1.63e+00  2.16e+02
  21   1.6063804e+02   1.6056444e+02  4.14e+01  0.00e+00  1.15e+00  4.80e+02
  22   1.6062368e+02   1.6058229e+02  1.85e+01  0.00e+00  5.16e-01  8.52e+02
  23   1.6064977e+02   1.6062080e+02  1.04e+01  0.00e+00  2.90e-01  1.21e+03
  24   1.6065938e+02   1.6064778e+02  7.30e+00  0.00e+00  2.03e-01  2.98e+03
  25   1.6069460e+02   1.6068979e+02  2.92e+00  0.00e+00  8.13e-02  7.16e+03
  26   1.6070320e+02   1.6070091e+02  1.21e+00  0.00e+00  3.37e-02  1.49e+04
  27   1.6071289e+02   1.6071191e+02  5.78e-01  0.00e+00  1.61e-02  3.49e+04
  28   1.6071633e+02   1.6071587e+02  2.46e-01  0.00e+00  6.85e-03  7.47e+04
  29   1.6071829e+02   1.6071813e+02  1.15e-01  0.00e+00  3.19e-03  2.05e+05
  30   1.6071851e+02   1.6071837e+02  4.19e-02  0.00e+00  1.17e-03  2.40e+05
  31   1.6071909e+02   1.6071903e+02  3.57e-02  0.00e+00  9.93e-04  5.64e+05
  32   1.6071934e+02   1.6071931e+02  1.52e-02  0.00e+00  4.23e-04  1.40e+06
  33   1.6071946e+02   1.6071946e+02  6.11e-03  0.00e+00  1.70e-04  5.34e+06
CPLEX Error  3003: Not a mixed-integer problem.
Warning: Control callbacks may disable some MIP features.
3 of 8 MIP starts provided solutions.
MIP start 'm4' defined initial solution with objective -1.7893.
Retaining values of one MIP start for possible repair.
Tried aggregator 1 time.
MIP Presolve eliminated 1 rows and 1 columns.
MIP Presolve modified 3760 coefficients.
Reduced MIP has 17 rows, 450 columns, and 4040 nonzeros.
Reduced MIP has 448 binaries, 0 generals, 0 SOSs, and 0 indicators.
Presolve time = 0.00 sec. (2.22 ticks)
Probing time = 0.00 sec. (1.21 ticks)
Cover probing fixed 0 vars, tightened 2 bounds.
MIP emphasis: balance optimality and feasibility.
MIP search method: traditional branch-and-cut.
Parallel mode: none, using 1 thread.
Root relaxation solution time = 0.00 sec. (0.45 ticks)

        Nodes                                         Cuts/
   Node  Left     Objective  IInf  Best Integer    Best Bound    ItCnt     Gap

*     0+    0                           -1.7893  1000000.0000              --- 
      0     0      733.9943     3       -1.7893  1000000.0000       10     --- 
      0     0       -0.7414     2       -1.7893      Fract: 1       11   58.56%
      0     0       -0.9127     4       -1.7893    MIRcuts: 1       13   48.99%
      0     0       -1.5659     5       -1.7893    MIRcuts: 1       18   12.49%
      0     0       -1.5921     5       -1.7893    MIRcuts: 2       25   11.02%
      0     0       -1.6571     6       -1.7893    MIRcuts: 3       28    7.39%
Repair heuristic found nothing.
      0     2       -1.7501     2       -1.7893       -1.7503       28    2.18%
Elapsed time = 0.03 sec. (20.45 ticks, tree = 0.01 MB, solutions = 3)
*     8     3      integral     0       -1.7868       -1.7803       55    0.36%
*    10     3      integral     0       -1.7862       -1.7808       59    0.30%
ub: -1.7862052155062427, lb: -1.8193596636879308

Mixed integer rounding cuts applied:  4
User cuts applied:  9

Root node processing (before b&c):
  Real time             =    0.03 sec. (20.47 ticks)
Sequential b&c:
  Real time             =    0.00 sec. (2.48 ticks)
                          ------------
Total (root+branch&cut) =    0.03 sec. (22.95 ticks)
Tried aggregator 1 time.
QCP Presolve eliminated 617 rows and 301 columns.
Aggregator did 172 substitutions.
Reduced QCP has 9492 rows, 4949 columns, and 19162 nonzeros.
Reduced QCP has 1213 quadratic constraints.
Presolve time = 0.01 sec. (3.92 ticks)
Parallel mode: using up to 32 threads for barrier.

***NOTE: Found 50 dense columns.

Number of nonzeros in lower triangle of A*A' = 67309
Using Approximate Minimum Degree ordering
Total time for automatic ordering = 0.00 sec. (3.01 ticks)
Summary statistics for Cholesky factor:
  Threads                   = 32
  Rows in Factor            = 9542
  Integer space required    = 19327
  Total non-zeros in factor = 117121
  Total FP ops to factor    = 2068677
 Itn      Primal Obj        Dual Obj  Prim Inf Upper Inf  Dual Inf Inf Ratio
   0   1.4881747e+03   2.5224917e+01  3.63e+05  0.00e+00  9.99e+03  1.00e+00
   1   1.4855378e+03   2.8831552e+01  3.63e+05  0.00e+00  9.99e+03  5.79e-01
   2   1.4719277e+03   3.9433062e+01  3.62e+05  0.00e+00  9.95e+03  2.81e-01
   3   1.4244100e+03   8.7393863e+01  3.56e+05  0.00e+00  9.80e+03  1.43e-01
   4   1.2940204e+03   2.9278928e+02  3.33e+05  0.00e+00  9.17e+03  6.90e-02
   5   1.0116127e+03   5.8271706e+02  2.52e+05  0.00e+00  6.93e+03  8.01e-02
   6   8.0829287e+02   5.8324163e+02  1.09e+05  0.00e+00  3.01e+03  1.67e-01
   7   6.2232090e+02   5.0898042e+02  5.73e+04  0.00e+00  1.58e+03  3.40e-01
   8   4.5732579e+02   4.0619232e+02  2.88e+04  0.00e+00  7.93e+02  7.64e-01
   9   3.3426983e+02   3.0737851e+02  1.30e+04  0.00e+00  3.58e+02  1.42e+00
  10   2.4528821e+02   2.3282249e+02  6.84e+03  0.00e+00  1.88e+02  3.05e+00
  11   2.1418148e+02   2.0542090e+02  3.17e+03  0.00e+00  8.73e+01  4.28e+00
  12   1.9134532e+02   1.8595167e+02  2.23e+03  0.00e+00  6.14e+01  6.88e+00
  13   1.8004387e+02   1.7686264e+02  1.37e+03  0.00e+00  3.78e+01  1.15e+01
  14   1.7234640e+02   1.7022275e+02  8.10e+02  0.00e+00  2.23e+01  1.72e+01
  15   1.6527824e+02   1.6411805e+02  5.41e+02  0.00e+00  1.49e+01  3.15e+01
  16   1.6407084e+02   1.6307670e+02  2.95e+02  0.00e+00  8.13e+00  3.65e+01
  17   1.6103414e+02   1.6050142e+02  2.53e+02  0.00e+00  6.97e+00  6.76e+01
  18   1.6066716e+02   1.6029005e+02  1.36e+02  0.00e+00  3.74e+00  9.49e+01
  19   1.6038097e+02   1.6009572e+02  9.61e+01  0.00e+00  2.64e+00  1.25e+02
  20   1.6025840e+02   1.5999657e+02  7.27e+01  0.00e+00  2.00e+00  1.33e+02
  21   1.6066254e+02   1.6045857e+02  6.68e+01  0.00e+00  1.84e+00  1.73e+02
  22   1.6100427e+02   1.6091881e+02  5.20e+01  0.00e+00  1.43e+00  4.11e+02
  23   1.6091830e+02   1.6087893e+02  2.18e+01  0.00e+00  6.00e-01  8.75e+02
  24   1.6106336e+02   1.6105143e+02  1.00e+01  0.00e+00  2.76e-01  2.87e+03
  25   1.6109353e+02   1.6108816e+02  3.04e+00  0.00e+00  8.37e-02  6.33e+03
  26   1.6111210e+02   1.6110957e+02  1.37e+00  0.00e+00  3.77e-02  1.34e+04
  27   1.6111963e+02   1.6111832e+02  6.45e-01  0.00e+00  1.78e-02  2.59e+04
  28   1.6112450e+02   1.6112397e+02  3.34e-01  0.00e+00  9.18e-03  6.33e+04
  29   1.6112667e+02   1.6112649e+02  1.36e-01  0.00e+00  3.75e-03  1.94e+05
  30   1.6112716e+02   1.6112707e+02  4.43e-02  0.00e+00  1.22e-03  3.64e+05
  31   1.6112735e+02   1.6112727e+02  2.37e-02  0.00e+00  6.51e-04  4.77e+05
  32   1.6112759e+02   1.6112756e+02  1.80e-02  0.00e+00  4.96e-04  1.08e+06
  33   1.6112769e+02   1.6112768e+02  7.93e-03  0.00e+00  2.18e-04  2.38e+06
  34   1.6112774e+02   1.6112773e+02  3.61e-03  0.00e+00  9.93e-05  5.17e+06
CPLEX Error  3003: Not a mixed-integer problem.
Warning: Control callbacks may disable some MIP features.
3 of 6 MIP starts provided solutions.
MIP start 'm4' defined initial solution with objective -1.7868.
Retaining values of one MIP start for possible repair.
Tried aggregator 1 time.
MIP Presolve eliminated 1 rows and 1 columns.
MIP Presolve modified 4230 coefficients.
Reduced MIP has 19 rows, 450 columns, and 4489 nonzeros.
Reduced MIP has 448 binaries, 0 generals, 0 SOSs, and 0 indicators.
Presolve time = 0.00 sec. (2.52 ticks)
Probing time = 0.00 sec. (1.23 ticks)
Cover probing fixed 0 vars, tightened 2 bounds.
MIP emphasis: balance optimality and feasibility.
MIP search method: traditional branch-and-cut.
Parallel mode: none, using 1 thread.
Root relaxation solution time = 0.00 sec. (0.48 ticks)

        Nodes                                         Cuts/
   Node  Left     Objective  IInf  Best Integer    Best Bound    ItCnt     Gap

*     0+    0                           -1.7868  1000000.0000              --- 
      0     0      733.9943     3       -1.7868  1000000.0000       10     --- 
      0     0       -0.7414     2       -1.7868      Fract: 1       11   58.51%
      0     0       -0.9127     4       -1.7868    MIRcuts: 1       13   48.92%
      0     0       -1.5682     6       -1.7868    MIRcuts: 1       19   12.23%
      0     0       -1.6055     5       -1.7868    MIRcuts: 1       24   10.15%
      0     0       -1.6616     6       -1.7868    MIRcuts: 2       26    7.01%
      0     0       -1.7082     6       -1.7868    MIRcuts: 1       27    4.40%
      0     0       -1.7082     7       -1.7868    MIRcuts: 1       28    4.40%
Repair heuristic found nothing.
      0     2       -1.7501     2       -1.7868       -1.7569       28    1.67%
Elapsed time = 0.03 sec. (24.24 ticks, tree = 0.01 MB, solutions = 3)
ub: -1.786798063372041, lb: -1.8193596636879308

Mixed integer rounding cuts applied:  6
Gomory fractional cuts applied:  1
User cuts applied:  9

Root node processing (before b&c):
  Real time             =    0.03 sec. (24.25 ticks)
Sequential b&c:
  Real time             =    0.00 sec. (1.51 ticks)
                          ------------
Total (root+branch&cut) =    0.03 sec. (25.76 ticks)
Tried aggregator 1 time.
QCP Presolve eliminated 617 rows and 303 columns.
Aggregator did 171 substitutions.
Reduced QCP has 9479 rows, 4941 columns, and 19144 nonzeros.
Reduced QCP has 1211 quadratic constraints.
Presolve time = 0.01 sec. (3.91 ticks)
Parallel mode: using up to 32 threads for barrier.

***NOTE: Found 51 dense columns.

Number of nonzeros in lower triangle of A*A' = 66888
Using Approximate Minimum Degree ordering
Total time for automatic ordering = 0.00 sec. (2.99 ticks)
Summary statistics for Cholesky factor:
  Threads                   = 32
  Rows in Factor            = 9530
  Integer space required    = 19369
  Total non-zeros in factor = 118168
  Total FP ops to factor    = 2243080
 Itn      Primal Obj        Dual Obj  Prim Inf Upper Inf  Dual Inf Inf Ratio
   0   1.4881747e+03   2.1924185e+01  3.62e+05  0.00e+00  9.98e+03  1.00e+00
   1   1.4855045e+03   2.5515218e+01  3.62e+05  0.00e+00  9.98e+03  5.79e-01
   2   1.4716863e+03   3.5971434e+01  3.61e+05  0.00e+00  9.94e+03  2.80e-01
   3   1.4234421e+03   8.3281703e+01  3.56e+05  0.00e+00  9.79e+03  1.43e-01
   4   1.2901716e+03   2.8663900e+02  3.33e+05  0.00e+00  9.16e+03  6.90e-02
   5   1.0016589e+03   5.7210801e+02  2.51e+05  0.00e+00  6.92e+03  8.02e-02
   6   7.7562687e+02   5.6591597e+02  1.09e+05  0.00e+00  3.01e+03  1.81e-01
   7   5.9572956e+02   4.8478964e+02  5.32e+04  0.00e+00  1.46e+03  3.50e-01
   8   4.2791770e+02   3.7760921e+02  2.81e+04  0.00e+00  7.74e+02  7.81e-01
   9   3.0203623e+02   2.7653644e+02  1.27e+04  0.00e+00  3.51e+02  1.51e+00
  10   2.2662694e+02   2.1339828e+02  6.46e+03  0.00e+00  1.78e+02  2.89e+00
  11   1.9385976e+02   1.8534268e+02  3.35e+03  0.00e+00  9.23e+01  4.42e+00
  12   1.7608046e+02   1.7054599e+02  2.16e+03  0.00e+00  5.95e+01  6.72e+00
  13   1.5693398e+02   1.5431028e+02  1.40e+03  0.00e+00  3.87e+01  1.41e+01
  14   1.5200718e+02   1.5028383e+02  6.66e+02  0.00e+00  1.83e+01  2.13e+01
  15   1.4943992e+02   1.4812158e+02  4.37e+02  0.00e+00  1.20e+01  2.76e+01
  16   1.4530410e+02   1.4461576e+02  3.35e+02  0.00e+00  9.21e+00  5.26e+01
  17   1.4436685e+02   1.4384532e+02  1.75e+02  0.00e+00  4.81e+00  6.91e+01
  18   1.4352046e+02   1.4317192e+02  1.32e+02  0.00e+00  3.65e+00  1.03e+02
  19   1.4301256e+02   1.4282691e+02  8.85e+01  0.00e+00  2.44e+00  1.93e+02
  20   1.4254418e+02   1.4247125e+02  4.71e+01  0.00e+00  1.30e+00  4.88e+02
  21   1.4248908e+02   1.4243451e+02  1.85e+01  0.00e+00  5.10e-01  6.51e+02
  22   1.4241379e+02   1.4238197e+02  1.39e+01  0.00e+00  3.82e-01  1.11e+03
  23   1.4237981e+02   1.4235875e+02  8.08e+00  0.00e+00  2.23e-01  1.68e+03
  24   1.4235948e+02   1.4234774e+02  5.35e+00  0.00e+00  1.47e-01  3.01e+03
  25   1.4234786e+02   1.4233854e+02  2.98e+00  0.00e+00  8.21e-02  3.78e+03
  26   1.4233157e+02   1.4232891e+02  2.37e+00  0.00e+00  6.52e-02  1.32e+04
  27   1.4232729e+02   1.4232616e+02  6.76e-01  0.00e+00  1.86e-02  3.11e+04
  28   1.4232532e+02   1.4232494e+02  2.87e-01  0.00e+00  7.91e-03  9.33e+04
  29   1.4232484e+02   1.4232471e+02  9.54e-02  0.00e+00  2.63e-03  2.59e+05
  30   1.4232465e+02   1.4232462e+02  3.43e-02  0.00e+00  9.44e-04  1.28e+06
  31   1.4232462e+02   1.4232462e+02  6.93e-03  0.00e+00  1.91e-04  6.55e+06
CPLEX Error  3003: Not a mixed-integer problem.
Warning: Control callbacks may disable some MIP features.
Warning:  No solution found from 4 MIP starts.
Retaining values of one MIP start for possible repair.
Tried aggregator 1 time.
MIP Presolve eliminated 1 rows and 1 columns.
MIP Presolve modified 4700 coefficients.
Reduced MIP has 21 rows, 450 columns, and 4938 nonzeros.
Reduced MIP has 448 binaries, 0 generals, 0 SOSs, and 0 indicators.
Presolve time = 0.00 sec. (2.83 ticks)
Probing time = 0.00 sec. (1.26 ticks)
Cover probing fixed 0 vars, tightened 1 bounds.
MIP emphasis: balance optimality and feasibility.
MIP search method: traditional branch-and-cut.
Parallel mode: none, using 1 thread.
Root relaxation solution time = 0.00 sec. (0.52 ticks)

        Nodes                                         Cuts/
   Node  Left     Objective  IInf  Best Integer    Best Bound    ItCnt     Gap

      0     0      733.9943     3                1000000.0000       10         
*     0+    0                           -8.7920      733.9943              --- 
      0     0       -0.7414     2       -8.7920      Fract: 1       11   91.57%
*     0+    0                           -2.4331       -0.7414            69.53%
      0     0       -0.9127     4       -2.4331    MIRcuts: 1       13   62.49%
*     0+    0                           -2.0219       -0.9127            54.86%
      0     0       -1.5682     6       -2.0219    MIRcuts: 1       19   22.44%
*     0+    0                           -2.0192       -1.5682            22.34%
      0     0       -1.6789     4       -2.0192    MIRcuts: 1       22   16.86%
*     0+    0                           -1.9888       -1.6789            15.58%
      0     0       -1.6876     6       -1.9888    MIRcuts: 2       25   15.14%
      0     0       -1.6923     5       -1.9888    MIRcuts: 1       29   14.91%
*     0+    0                           -1.8063       -1.6923             6.31%
Repair heuristic found nothing.
      0     2       -1.7357     4       -1.8063       -1.7358       29    3.90%
Elapsed time = 0.04 sec. (26.49 ticks, tree = 0.01 MB, solutions = 6)
*     8     7      integral     0       -1.7973       -1.7805       56    0.94%
*    13     3      integral     0       -1.7901       -1.7818       69    0.46%
ub: -1.7900980252876426, lb: -1.8193596636879308

Mixed integer rounding cuts applied:  3
Gomory fractional cuts applied:  1
User cuts applied:  10

Root node processing (before b&c):
  Real time             =    0.04 sec. (26.52 ticks)
Sequential b&c:
  Real time             =    0.00 sec. (3.06 ticks)
                          ------------
Total (root+branch&cut) =    0.04 sec. (29.57 ticks)
Tried aggregator 1 time.
QCP Presolve eliminated 619 rows and 304 columns.
Aggregator did 169 substitutions.
Reduced QCP has 9493 rows, 4949 columns, and 19166 nonzeros.
Reduced QCP has 1213 quadratic constraints.
Presolve time = 0.01 sec. (3.92 ticks)
Parallel mode: using up to 32 threads for barrier.

***NOTE: Found 50 dense columns.

Number of nonzeros in lower triangle of A*A' = 67382
Using Approximate Minimum Degree ordering
Total time for automatic ordering = 0.00 sec. (3.01 ticks)
Summary statistics for Cholesky factor:
  Threads                   = 32
  Rows in Factor            = 9543
  Integer space required    = 19413
  Total non-zeros in factor = 117469
  Total FP ops to factor    = 2081681
 Itn      Primal Obj        Dual Obj  Prim Inf Upper Inf  Dual Inf Inf Ratio
   0   1.4881747e+03   1.9072739e+01  3.58e+05  0.00e+00  9.99e+03  1.00e+00
   1   1.4855608e+03   2.2690667e+01  3.58e+05  0.00e+00  9.99e+03  5.83e-01
   2   1.4720908e+03   3.3302762e+01  3.57e+05  0.00e+00  9.95e+03  2.84e-01
   3   1.4249665e+03   8.1402484e+01  3.51e+05  0.00e+00  9.80e+03  1.46e-01
   4   1.2953089e+03   2.8745413e+02  3.29e+05  0.00e+00  9.18e+03  7.01e-02
   5   1.0127094e+03   5.7913230e+02  2.49e+05  0.00e+00  6.95e+03  8.09e-02
   6   7.9179734e+02   5.7750047e+02  1.09e+05  0.00e+00  3.03e+03  1.80e-01
   7   6.1318390e+02   5.0006047e+02  5.36e+04  0.00e+00  1.49e+03  3.49e-01
   8   4.4653400e+02   3.9526916e+02  2.83e+04  0.00e+00  7.88e+02  7.80e-01
   9   3.2549871e+02   2.9886005e+02  1.28e+04  0.00e+00  3.57e+02  1.47e+00
  10   2.4190906e+02   2.2921467e+02  6.66e+03  0.00e+00  1.86e+02  3.06e+00
  11   2.1246499e+02   2.0371502e+02  3.17e+03  0.00e+00  8.85e+01  4.37e+00
  12   1.8979016e+02   1.8437221e+02  2.19e+03  0.00e+00  6.10e+01  6.98e+00
  13   1.7626672e+02   1.7353249e+02  1.36e+03  0.00e+00  3.78e+01  1.36e+01
  14   1.6717682e+02   1.6563279e+02  6.84e+02  0.00e+00  1.91e+01  2.39e+01
  15   1.6206822e+02   1.6117226e+02  3.86e+02  0.00e+00  1.08e+01  4.09e+01
  16   1.5896851e+02   1.5850530e+02  2.24e+02  0.00e+00  6.26e+00  7.83e+01
  17   1.5853240e+02   1.5819881e+02  1.16e+02  0.00e+00  3.23e+00  1.08e+02
  18   1.5824441e+02   1.5798257e+02  8.35e+01  0.00e+00  2.33e+00  1.38e+02
  19   1.5814736e+02   1.5790691e+02  6.56e+01  0.00e+00  1.83e+00  1.47e+02
  20   1.5852370e+02   1.5833839e+02  6.03e+01  0.00e+00  1.68e+00  1.93e+02
  21   1.5875075e+02   1.5866688e+02  4.64e+01  0.00e+00  1.29e+00  4.24e+02
  22   1.5873728e+02   1.5869985e+02  2.10e+01  0.00e+00  5.86e-01  9.46e+02
  23   1.5871022e+02   1.5867987e+02  9.38e+00  0.00e+00  2.62e-01  1.16e+03
  24   1.5874361e+02   1.5873091e+02  7.61e+00  0.00e+00  2.12e-01  2.76e+03
  25   1.5874683e+02   1.5874065e+02  3.18e+00  0.00e+00  8.88e-02  5.61e+03
  26   1.5875679e+02   1.5875378e+02  1.55e+00  0.00e+00  4.32e-02  1.15e+04
  27   1.5876399e+02   1.5876259e+02  7.54e-01  0.00e+00  2.10e-02  2.46e+04
  28   1.5876976e+02   1.5876944e+02  3.50e-01  0.00e+00  9.77e-03  1.08e+05
  29   1.5877089e+02   1.5877077e+02  7.98e-02  0.00e+00  2.22e-03  2.98e+05
  30   1.5877136e+02   1.5877133e+02  2.89e-02  0.00e+00  8.06e-04  9.59e+05
  31   1.5877155e+02   1.5877154e+02  8.97e-03  0.00e+00  2.50e-04  5.22e+06
CPLEX Error  3003: Not a mixed-integer problem.
Warning: Control callbacks may disable some MIP features.
6 of 9 MIP starts provided solutions.
MIP start 'm7' defined initial solution with objective -1.7973.
Retaining values of one MIP start for possible repair.
Tried aggregator 1 time.
MIP Presolve eliminated 1 rows and 1 columns.
MIP Presolve modified 5170 coefficients.
Reduced MIP has 23 rows, 450 columns, and 5387 nonzeros.
Reduced MIP has 448 binaries, 0 generals, 0 SOSs, and 0 indicators.
Presolve time = 0.00 sec. (3.15 ticks)
Probing time = 0.00 sec. (1.29 ticks)
Cover probing fixed 0 vars, tightened 2 bounds.
MIP emphasis: balance optimality and feasibility.
MIP search method: traditional branch-and-cut.
Parallel mode: none, using 1 thread.
Root relaxation solution time = 0.00 sec. (0.55 ticks)

        Nodes                                         Cuts/
   Node  Left     Objective  IInf  Best Integer    Best Bound    ItCnt     Gap

*     0+    0                           -1.7973  1000000.0000              --- 
      0     0      733.9943     3       -1.7973  1000000.0000       10     --- 
      0     0       -0.7414     2       -1.7973      Fract: 1       11   58.75%
      0     0       -0.9127     4       -1.7973    MIRcuts: 1       13   49.22%
      0     0       -1.5682     6       -1.7973    MIRcuts: 1       19   12.75%
      0     0       -1.6063     6       -1.7973    MIRcuts: 1       25   10.63%
      0     0       -1.6643     5       -1.7973    MIRcuts: 3       30    7.40%
Repair heuristic found nothing.
      0     2       -1.6794     5       -1.7973       -1.6798       30    6.54%
Elapsed time = 0.03 sec. (24.69 ticks, tree = 0.01 MB, solutions = 6)
*    18     8      integral     0       -1.7945       -1.7571       65    2.09%
*    20+    7                           -1.7942       -1.7579             2.02%
ub: -1.794195005086907, lb: -1.8193596636879308

Mixed integer rounding cuts applied:  3
Gomory fractional cuts applied:  1
User cuts applied:  10

Root node processing (before b&c):
  Real time             =    0.03 sec. (24.72 ticks)
Sequential b&c:
  Real time             =    0.01 sec. (7.10 ticks)
                          ------------
Total (root+branch&cut) =    0.04 sec. (31.82 ticks)
Tried aggregator 1 time.
QCP Presolve eliminated 617 rows and 304 columns.
Aggregator did 169 substitutions.
Reduced QCP has 9485 rows, 4943 columns, and 19154 nonzeros.
Reduced QCP has 1212 quadratic constraints.
Presolve time = 0.01 sec. (3.91 ticks)
Parallel mode: using up to 32 threads for barrier.

***NOTE: Found 51 dense columns.

Number of nonzeros in lower triangle of A*A' = 67059
Using Approximate Minimum Degree ordering
Total time for automatic ordering = 0.00 sec. (2.99 ticks)
Summary statistics for Cholesky factor:
  Threads                   = 32
  Rows in Factor            = 9536
  Integer space required    = 19516
  Total non-zeros in factor = 118461
  Total FP ops to factor    = 2231469
 Itn      Primal Obj        Dual Obj  Prim Inf Upper Inf  Dual Inf Inf Ratio
   0   1.4881747e+03   2.1924185e+01  3.59e+05  0.00e+00  9.98e+03  1.00e+00
   1   1.4855618e+03   2.5531074e+01  3.59e+05  0.00e+00  9.98e+03  5.84e-01
   2   1.4720942e+03   3.6118112e+01  3.57e+05  0.00e+00  9.95e+03  2.84e-01
   3   1.4249371e+03   8.4106804e+01  3.52e+05  0.00e+00  9.79e+03  1.45e-01
   4   1.2953450e+03   2.8978739e+02  3.29e+05  0.00e+00  9.17e+03  7.00e-02
   5   1.0131952e+03   5.8111939e+02  2.49e+05  0.00e+00  6.94e+03  8.09e-02
   6   7.9289478e+02   5.7929347e+02  1.09e+05  0.00e+00  3.02e+03  1.80e-01
   7   6.1480825e+02   5.0203526e+02  5.36e+04  0.00e+00  1.49e+03  3.49e-01
   8   4.4879622e+02   3.9767742e+02  2.83e+04  0.00e+00  7.87e+02  7.79e-01
   9   3.2698989e+02   3.0084890e+02  1.28e+04  0.00e+00  3.57e+02  1.49e+00
  10   2.4751253e+02   2.3468280e+02  6.55e+03  0.00e+00  1.82e+02  3.01e+00
  11   2.1742780e+02   2.0876000e+02  3.22e+03  0.00e+00  8.96e+01  4.40e+00
  12   1.9694769e+02   1.9144155e+02  2.17e+03  0.00e+00  6.05e+01  6.84e+00
  13   1.8369789e+02   1.8077273e+02  1.38e+03  0.00e+00  3.85e+01  1.27e+01
  14   1.7228104e+02   1.7093834e+02  7.34e+02  0.00e+00  2.04e+01  2.75e+01
  15   1.6858751e+02   1.6772929e+02  3.37e+02  0.00e+00  9.38e+00  4.27e+01
  16   1.6598720e+02   1.6552039e+02  2.16e+02  0.00e+00  6.00e+00  7.75e+01
  17   1.6547330e+02   1.6516879e+02  1.17e+02  0.00e+00  3.26e+00  1.18e+02
  18   1.6525619e+02   1.6500458e+02  7.65e+01  0.00e+00  2.13e+00  1.42e+02
  19   1.6530107e+02   1.6507104e+02  6.32e+01  0.00e+00  1.76e+00  1.53e+02
  20   1.6566106e+02   1.6550138e+02  5.78e+01  0.00e+00  1.61e+00  2.23e+02
  21   1.6592017e+02   1.6585079e+02  4.01e+01  0.00e+00  1.12e+00  5.12e+02
  22   1.6591815e+02   1.6587938e+02  1.74e+01  0.00e+00  4.85e-01  9.15e+02
  23   1.6591101e+02   1.6587695e+02  9.74e+00  0.00e+00  2.71e-01  1.04e+03
  24   1.6588752e+02   1.6586856e+02  8.56e+00  0.00e+00  2.38e-01  1.84e+03
  25   1.6591222e+02   1.6590183e+02  4.77e+00  0.00e+00  1.33e-01  3.36e+03
  26   1.6592015e+02   1.6591535e+02  2.61e+00  0.00e+00  7.27e-02  7.17e+03
  27   1.6593481e+02   1.6593291e+02  1.21e+00  0.00e+00  3.36e-02  1.81e+04
  28   1.6593838e+02   1.6593718e+02  4.78e-01  0.00e+00  1.33e-02  2.84e+04
  29   1.6594358e+02   1.6594331e+02  3.03e-01  0.00e+00  8.44e-03  1.29e+05
  30   1.6594453e+02   1.6594444e+02  6.70e-02  0.00e+00  1.87e-03  3.49e+05
  31   1.6594500e+02   1.6594498e+02  2.46e-02  0.00e+00  6.86e-04  1.47e+06
  32   1.6594513e+02   1.6594512e+02  5.85e-03  0.00e+00  1.63e-04  8.87e+06
CPLEX Error  3003: Not a mixed-integer problem.
Warning: Control callbacks may disable some MIP features.
6 of 9 MIP starts provided solutions.
MIP start 'm7' defined initial solution with objective -1.7945.
Retaining values of one MIP start for possible repair.
Tried aggregator 1 time.
MIP Presolve eliminated 1 rows and 1 columns.
MIP Presolve modified 5640 coefficients.
Reduced MIP has 25 rows, 450 columns, and 5836 nonzeros.
Reduced MIP has 448 binaries, 0 generals, 0 SOSs, and 0 indicators.
Presolve time = 0.00 sec. (3.49 ticks)
Probing time = 0.00 sec. (1.32 ticks)
Cover probing fixed 0 vars, tightened 2 bounds.
MIP emphasis: balance optimality and feasibility.
MIP search method: traditional branch-and-cut.
Parallel mode: none, using 1 thread.
Root relaxation solution time = 0.00 sec. (0.59 ticks)

        Nodes                                         Cuts/
   Node  Left     Objective  IInf  Best Integer    Best Bound    ItCnt     Gap

*     0+    0                           -1.7945  1000000.0000              --- 
      0     0      733.9943     3       -1.7945  1000000.0000       10     --- 
      0     0       -0.7414     2       -1.7945      Fract: 1       11   58.68%
      0     0       -0.9127     4       -1.7945    MIRcuts: 1       13   49.14%
      0     0       -1.5682     6       -1.7945    MIRcuts: 1       19   12.61%
      0     0       -1.6063     6       -1.7945    MIRcuts: 1       25   10.49%
      0     0       -1.6124     6       -1.7945    MIRcuts: 1       27   10.15%
      0     0       -1.6517     5       -1.7945    MIRcuts: 2       43    7.96%
Repair heuristic found nothing.
      0     2       -1.7060     3       -1.7945       -1.7347       43    3.34%
Elapsed time = 0.04 sec. (27.66 ticks, tree = 0.01 MB, solutions = 6)
ub: -1.794546650439452, lb: -1.8023987465929743
###################################
k ... 11
solution = x* ... [377,403,422,34,207,435,401,439,436,347,402]
model: PowerModels.GenericPowerModel{PowerModels.SOCWRForm}, cut_type: DC
total number of iterations ... 12
solution cost = logprob(x*) + log((x*)) ... -1.8023987465929743
probability = logprob(x*) ... -6.914055916689953
probability = prob(x*) ... 0.0009937191696883715
load shed = * ... 165.94512644051247
expected load shed = prob(x*)* ... 0.16490285326029788
time ... 15.718981741
                                                                                                                                                                                                                                                                                                                                                                                                                                                                                                                                                                                                                                                                                                                                                                                                                                                                                                                                                                                    
Mixed integer rounding cuts applied:  4
User cuts applied:  8

Root node processing (before b&c):
  Real time             =    0.04 sec. (27.67 ticks)
Sequential b&c:
  Real time             =    0.00 sec. (3.62 ticks)
                          ------------
Total (root+branch&cut) =    0.04 sec. (31.30 ticks)

******************************************************************************
This program contains Ipopt, a library for large-scale nonlinear optimization.
 Ipopt is released as open source code under the Eclipse Public License (EPL).
         For more information visit http://projects.coin-or.org/Ipopt
******************************************************************************

WARNING: there was an issue with getsolvetime() on the solver, falling back on @timed.  This is not a rigorous timing value.
full AC load shed ... 188.10220431061984
expected AC load shed ... 0.18692076628410156
###################################
