This is LuaTeX, Version beta-0.76.0-2015112013 (rev 4627)  (format=lualatex 2016.8.8)  22 NOV 2016 13:56
 \write18 enabled.
**objective_73_sad_stoch
(./objective_73_sad_stoch.tex
LaTeX2e <2011/06/27>
LuaTeX adaptation of babel <v3.8m-luatex-1.5> and hyphenation patterns for engli
sh, dumylang, nohyphenation, loaded.

! LaTeX Error: File `standalone.cls' not found.

Type X to quit or <RETURN> to proceed,
or enter new name. (Default extension: cls)

Enter file name: 
! Emergency stop.
<read *> 
   
l.2 \usepackage
             {pgfplots}
End of file on the terminal!



Here is how much of LuaTeX's memory you used:
 11 strings out of 494877
 100000,89155 words of node,token memory allocated 188 words of node memory still in use:
   31 glue_spec, 1 dir nodes
   avail lists: 2:12,3:1
 3681 multiletter control sequences out of 65536+200000
 14 fonts using 563007 bytes
 10i,0n,7p,56b,8s stack positions out of 5000i,500n,10000p,200000b,50000s
!  ==> Fatal error occurred, no output PDF file produced!
