../data/nesta_case24_ieee_rts__sad.m
mpc.areas
WARNING: unrecognized data matrix named "mpc.areas" data was ignored.
no start solution
no start solution
mpc.areas
WARNING: unrecognized data matrix named "mpc.areas" data was ignored.
Tried aggregator 1 time.
LP Presolve eliminated 25 rows and 81 columns.
All rows and columns eliminated.
Presolve time = 0.00 sec. (0.02 ticks)
CPLEX Error  3003: Not a mixed-integer problem.
Tried aggregator 1 time.
MIP Presolve eliminated 2 rows and 39 columns.
All rows and columns eliminated.
Presolve time = 0.00 sec. (0.01 ticks)
ub: 16.069999999999993, lb: 16.069999999999993
###################################
k ... 38
solution = x* ... Any[18,12,1,32,2,16,11,21,7,9,25,10,26,29,34,35,19,17,8,22,6,24,4,37,3,28,5,38,20,23,13,14,31,27,36,15,33,30]
model: PowerModels.GenericPowerModel{PowerModels.StandardDCPForm}, cut_type: DC, model_type: OPF
total number of iterations ... 0
solution cost ... 16.069999999999993
computation time ... 0.089571897
mpc.areas
WARNING: unrecognized data matrix named "mpc.areas" data was ignored.

Root node processing (before b&c):
  Real time             =    0.00 sec. (0.02 ticks)
Parallel b&c, 32 threads:
  Real time             =    0.00 sec. (0.00 ticks)
  Sync time (average)   =    0.00 sec.
  Wait time (average)   =    0.00 sec.
                          ------------
Total (root+branch&cut) =    0.00 sec. (0.02 ticks)

******************************************************************************
This program contains Ipopt, a library for large-scale nonlinear optimization.
 Ipopt is released as open source code under the Eclipse Public License (EPL).
         For more information visit http://projects.coin-or.org/Ipopt
******************************************************************************

WARNING: Ipopt finished with status Restoration_Failed
WARNING: Not solved to optimality, status: Error
WARNING: there was an issue with getsolvetime() on the solver, falling back on @timed.  This is not a rigorous timing value.
full AC load shed ... NaN
###################################
mpc.areas
WARNING: unrecognized data matrix named "mpc.areas" data was ignored.
no start solution
no start solution
mpc.areas
WARNING: unrecognized data matrix named "mpc.areas" data was ignored.
Tried aggregator 1 time.
LP Presolve eliminated 48 rows and 114 columns.
All rows and columns eliminated.
Presolve time = 0.00 sec. (0.03 ticks)
CPLEX Error  3003: Not a mixed-integer problem.
Tried aggregator 1 time.
MIP Presolve eliminated 2 rows and 39 columns.
All rows and columns eliminated.
Presolve time = 0.00 sec. (0.01 ticks)
ub: 16.069999999999993, lb: 16.069999999999993
###################################
k ... 38
solution = x* ... Any[18,12,1,32,2,16,11,21,7,9,25,10,26,29,34,35,19,17,8,22,6,24,4,37,3,28,5,38,20,23,13,14,31,27,36,15,33,30]
model: PowerModels.GenericPowerModel{PowerModels.SOCWRForm}, cut_type: DC, model_type: OPF
total number of iterations ... 0
solution cost ... 16.069999999999993
computation time ... 0.001195091
mpc.areas
WARNING: unrecognized data matrix named "mpc.areas" data was ignored.

Root node processing (before b&c):
  Real time             =    0.00 sec. (0.02 ticks)
Parallel b&c, 32 threads:
  Real time             =    0.00 sec. (0.00 ticks)
  Sync time (average)   =    0.00 sec.
  Wait time (average)   =    0.00 sec.
                          ------------
Total (root+branch&cut) =    0.00 sec. (0.02 ticks)
WARNING: Ipopt finished with status Restoration_Failed
WARNING: Not solved to optimality, status: Error
WARNING: there was an issue with getsolvetime() on the solver, falling back on @timed.  This is not a rigorous timing value.
full AC load shed ... NaN
###################################
mpc.areas
WARNING: unrecognized data matrix named "mpc.areas" data was ignored.
no start solution
no start solution
mpc.areas
WARNING: unrecognized data matrix named "mpc.areas" data was ignored.
Tried aggregator 1 time.
LP Presolve eliminated 48 rows and 114 columns.
All rows and columns eliminated.
Presolve time = 0.00 sec. (0.03 ticks)
CPLEX Error  3003: Not a mixed-integer problem.
Tried aggregator 1 time.
MIP Presolve eliminated 2 rows and 39 columns.
All rows and columns eliminated.
Presolve time = 0.00 sec. (0.01 ticks)
ub: 16.069999999999993, lb: 16.069999999999993
###################################
k ... 38
solution = x* ... Any[18,12,1,32,2,16,11,21,7,9,25,10,26,29,34,35,19,17,8,22,6,24,4,37,3,28,5,38,20,23,13,14,31,27,36,15,33,30]
model: PowerModels.GenericPowerModel{PowerModels.SOCWRForm}, cut_type: AC, model_type: OPF
total number of iterations ... 0
solution cost ... 16.069999999999993
computation time ... 0.001288989
mpc.areas
WARNING: unrecognized data matrix named "mpc.areas" data was ignored.

Root node processing (before b&c):
  Real time             =    0.00 sec. (0.02 ticks)
Parallel b&c, 32 threads:
  Real time             =    0.00 sec. (0.00 ticks)
  Sync time (average)   =    0.00 sec.
  Wait time (average)   =    0.00 sec.
                          ------------
Total (root+branch&cut) =    0.00 sec. (0.02 ticks)
WARNING: Ipopt finished with status Restoration_Failed
WARNING: Not solved to optimality, status: Error
WARNING: there was an issue with getsolvetime() on the solver, falling back on @timed.  This is not a rigorous timing value.
full AC load shed ... NaN
###################################
