../data/nesta_case24_ieee_rts__sad.m
mpc.areas
WARNING: unrecognized data matrix named "mpc.areas" data was ignored.
no start solution
no start solution
mpc.areas
WARNING: unrecognized data matrix named "mpc.areas" data was ignored.
Tried aggregator 1 time.
LP Presolve eliminated 35 rows and 79 columns.
Aggregator did 8 substitutions.
All rows and columns eliminated.
Presolve time = 0.00 sec. (0.03 ticks)
CPLEX Error  3003: Not a mixed-integer problem.
Tried aggregator 1 time.
MIP Presolve eliminated 2 rows and 39 columns.
All rows and columns eliminated.
Presolve time = 0.00 sec. (0.01 ticks)
ub: 18.220000000000002, lb: 15.05
mpc.areas
WARNING: unrecognized data matrix named "mpc.areas" data was ignored.

Root node processing (before b&c):
  Real time             =    0.00 sec. (0.02 ticks)
Parallel b&c, 32 threads:
  Real time             =    0.00 sec. (0.00 ticks)
  Sync time (average)   =    0.00 sec.
  Wait time (average)   =    0.00 sec.
                          ------------
Total (root+branch&cut) =    0.00 sec. (0.02 ticks)
Tried aggregator 1 time.
LP Presolve eliminated 40 rows and 84 columns.
Aggregator did 3 substitutions.
All rows and columns eliminated.
Presolve time = 0.00 sec. (0.03 ticks)
CPLEX Error  3003: Not a mixed-integer problem.
Warning:  No solution found from 2 MIP starts.
Retaining values of one MIP start for possible repair.
Tried aggregator 1 time.
MIP Presolve eliminated 0 rows and 33 columns.
MIP Presolve modified 9 coefficients.
Reduced MIP has 4 rows, 6 columns, and 12 nonzeros.
Reduced MIP has 2 binaries, 3 generals, 0 SOSs, and 0 indicators.
Presolve time = 0.00 sec. (0.03 ticks)
Found incumbent of value 14.790000 after 0.00 sec. (0.05 ticks)
Probing time = 0.00 sec. (0.00 ticks)
Tried aggregator 1 time.
Reduced MIP has 4 rows, 6 columns, and 12 nonzeros.
Reduced MIP has 2 binaries, 3 generals, 0 SOSs, and 0 indicators.
Presolve time = 0.00 sec. (0.01 ticks)
Probing time = 0.00 sec. (0.00 ticks)
MIP emphasis: balance optimality and feasibility.
MIP search method: dynamic search.
Parallel mode: deterministic, using up to 32 threads.
Root relaxation solution time = 0.00 sec. (0.01 ticks)

        Nodes                                         Cuts/
   Node  Left     Objective  IInf  Best Integer    Best Bound    ItCnt     Gap

*     0+    0                           14.7900       17.0200        2   15.08%
*     0+    0                           16.6350       17.0200        2    2.31%
      0     0       17.0200     2       16.6350       17.0200        2    2.31%
*     0     0      integral     0       17.0200       17.0200        3    0.00%
Elapsed time = 0.00 sec. (0.10 ticks, tree = 0.00 MB, solutions = 3)
ub: 17.02, lb: 15.05
mpc.areas
WARNING: unrecognized data matrix named "mpc.areas" data was ignored.

Root node processing (before b&c):
  Real time             =    0.00 sec. (0.10 ticks)
Parallel b&c, 32 threads:
  Real time             =    0.00 sec. (0.00 ticks)
  Sync time (average)   =    0.00 sec.
  Wait time (average)   =    0.00 sec.
                          ------------
Total (root+branch&cut) =    0.00 sec. (0.10 ticks)
Tried aggregator 1 time.
LP Presolve eliminated 39 rows and 83 columns.
Aggregator did 4 substitutions.
All rows and columns eliminated.
Presolve time = 0.00 sec. (0.03 ticks)
CPLEX Error  3003: Not a mixed-integer problem.
Warning:  No solution found from 4 MIP starts.
Retaining values of one MIP start for possible repair.
Tried aggregator 1 time.
MIP Presolve eliminated 0 rows and 31 columns.
MIP Presolve modified 22 coefficients.
Reduced MIP has 6 rows, 8 columns, and 20 nonzeros.
Reduced MIP has 4 binaries, 3 generals, 0 SOSs, and 0 indicators.
Presolve time = 0.00 sec. (0.04 ticks)
Found incumbent of value 14.790000 after 0.00 sec. (0.07 ticks)
Probing time = 0.00 sec. (0.00 ticks)
Tried aggregator 1 time.
Reduced MIP has 6 rows, 8 columns, and 20 nonzeros.
Reduced MIP has 4 binaries, 3 generals, 0 SOSs, and 0 indicators.
Presolve time = 0.00 sec. (0.01 ticks)
Probing time = 0.00 sec. (0.00 ticks)
MIP emphasis: balance optimality and feasibility.
MIP search method: dynamic search.
Parallel mode: deterministic, using up to 32 threads.
Root relaxation solution time = 0.00 sec. (0.00 ticks)

        Nodes                                         Cuts/
   Node  Left     Objective  IInf  Best Integer    Best Bound    ItCnt     Gap

*     0+    0                           14.7900       16.0700        0    8.65%
*     0+    0                           15.0500       16.0700        0    6.78%
*     0     0      integral     0       16.0700       16.0700        0    0.00%
Elapsed time = 0.00 sec. (0.10 ticks, tree = 0.00 MB, solutions = 3)
ub: 16.07, lb: 15.519999999999994
mpc.areas
WARNING: unrecognized data matrix named "mpc.areas" data was ignored.

Root node processing (before b&c):
  Real time             =    0.00 sec. (0.11 ticks)
Parallel b&c, 32 threads:
  Real time             =    0.00 sec. (0.00 ticks)
  Sync time (average)   =    0.00 sec.
  Wait time (average)   =    0.00 sec.
                          ------------
Total (root+branch&cut) =    0.00 sec. (0.11 ticks)
Tried aggregator 1 time.
LP Presolve eliminated 36 rows and 80 columns.
Aggregator did 7 substitutions.
All rows and columns eliminated.
Presolve time = 0.00 sec. (0.03 ticks)
CPLEX Error  3003: Not a mixed-integer problem.
1 of 4 MIP starts provided solutions.
MIP start 'm2' defined initial solution with objective 15.0500.
Retaining values of one MIP start for possible repair.
Tried aggregator 1 time.
MIP Presolve eliminated 0 rows and 28 columns.
MIP Presolve modified 41 coefficients.
Reduced MIP has 8 rows, 11 columns, and 29 nonzeros.
Reduced MIP has 6 binaries, 4 generals, 0 SOSs, and 0 indicators.
Presolve time = 0.00 sec. (0.05 ticks)
Probing time = 0.00 sec. (0.00 ticks)
Tried aggregator 1 time.
Reduced MIP has 8 rows, 11 columns, and 29 nonzeros.
Reduced MIP has 6 binaries, 4 generals, 0 SOSs, and 0 indicators.
Presolve time = 0.00 sec. (0.01 ticks)
Probing time = 0.00 sec. (0.00 ticks)
MIP emphasis: balance optimality and feasibility.
MIP search method: dynamic search.
Parallel mode: deterministic, using up to 32 threads.
Root relaxation solution time = 0.00 sec. (0.01 ticks)

        Nodes                                         Cuts/
   Node  Left     Objective  IInf  Best Integer    Best Bound    ItCnt     Gap

*     0+    0                           15.0500       16.0700        0    6.78%
*     0     0      integral     0       16.0700       16.0700        0    0.00%
Elapsed time = 0.00 sec. (0.12 ticks, tree = 0.00 MB, solutions = 1)
ub: 16.07, lb: 15.519999999999994
mpc.areas
WARNING: unrecognized data matrix named "mpc.areas" data was ignored.

Root node processing (before b&c):
  Real time             =    0.00 sec. (0.12 ticks)
Parallel b&c, 32 threads:
  Real time             =    0.00 sec. (0.00 ticks)
  Sync time (average)   =    0.00 sec.
  Wait time (average)   =    0.00 sec.
                          ------------
Total (root+branch&cut) =    0.00 sec. (0.12 ticks)
Tried aggregator 1 time.
LP Presolve eliminated 33 rows and 74 columns.
Aggregator did 7 substitutions.
Reduced LP has 3 rows, 6 columns, and 8 nonzeros.
Presolve time = 0.00 sec. (0.04 ticks)
Initializing dual steep norms . . .

Iteration log . . .
Iteration:     1   Dual objective     =            13.998503
CPLEX Error  3003: Not a mixed-integer problem.
Warning:  No solution found from 3 MIP starts.
Retaining values of one MIP start for possible repair.
Tried aggregator 1 time.
MIP Presolve eliminated 0 rows and 23 columns.
MIP Presolve modified 76 coefficients.
Reduced MIP has 10 rows, 16 columns, and 44 nonzeros.
Reduced MIP has 10 binaries, 5 generals, 0 SOSs, and 0 indicators.
Presolve time = 0.00 sec. (0.08 ticks)
Found incumbent of value 14.080000 after 0.00 sec. (0.12 ticks)
Probing time = 0.00 sec. (0.01 ticks)
Tried aggregator 1 time.
Reduced MIP has 10 rows, 16 columns, and 44 nonzeros.
Reduced MIP has 10 binaries, 5 generals, 0 SOSs, and 0 indicators.
Presolve time = 0.00 sec. (0.02 ticks)
Probing time = 0.00 sec. (0.01 ticks)
MIP emphasis: balance optimality and feasibility.
MIP search method: dynamic search.
Parallel mode: deterministic, using up to 32 threads.
Root relaxation solution time = 0.00 sec. (0.01 ticks)

        Nodes                                         Cuts/
   Node  Left     Objective  IInf  Best Integer    Best Bound    ItCnt     Gap

*     0+    0                           14.0800       16.0700        0   14.13%
*     0+    0                           15.0500       16.0700        0    6.78%
*     0     0      integral     0       16.0700       16.0700        0    0.00%
Elapsed time = 0.00 sec. (0.19 ticks, tree = 0.00 MB, solutions = 3)
ub: 16.07, lb: 15.519999999999994
mpc.areas
WARNING: unrecognized data matrix named "mpc.areas" data was ignored.

Root node processing (before b&c):
  Real time             =    0.00 sec. (0.19 ticks)
Parallel b&c, 32 threads:
  Real time             =    0.00 sec. (0.00 ticks)
  Sync time (average)   =    0.00 sec.
  Wait time (average)   =    0.00 sec.
                          ------------
Total (root+branch&cut) =    0.00 sec. (0.19 ticks)
Tried aggregator 1 time.
LP Presolve eliminated 35 rows and 79 columns.
Aggregator did 8 substitutions.
All rows and columns eliminated.
Presolve time = 0.00 sec. (0.03 ticks)
CPLEX Error  3003: Not a mixed-integer problem.
1 of 4 MIP starts provided solutions.
MIP start 'm2' defined initial solution with objective 15.0500.
Retaining values of one MIP start for possible repair.
Tried aggregator 1 time.
MIP Presolve eliminated 0 rows and 21 columns.
MIP Presolve modified 104 coefficients.
Reduced MIP has 12 rows, 18 columns, and 50 nonzeros.
Reduced MIP has 11 binaries, 6 generals, 0 SOSs, and 0 indicators.
Presolve time = 0.00 sec. (0.09 ticks)
Probing time = 0.00 sec. (0.01 ticks)
Tried aggregator 1 time.
Reduced MIP has 12 rows, 18 columns, and 50 nonzeros.
Reduced MIP has 11 binaries, 6 generals, 0 SOSs, and 0 indicators.
Presolve time = 0.00 sec. (0.02 ticks)
Probing time = 0.00 sec. (0.01 ticks)
MIP emphasis: balance optimality and feasibility.
MIP search method: dynamic search.
Parallel mode: deterministic, using up to 32 threads.
Root relaxation solution time = 0.00 sec. (0.01 ticks)

        Nodes                                         Cuts/
   Node  Left     Objective  IInf  Best Integer    Best Bound    ItCnt     Gap

*     0+    0                           15.0500       16.0700        0    6.78%
*     0     0      integral     0       16.0700       16.0700        0    0.00%
Elapsed time = 0.00 sec. (0.20 ticks, tree = 0.00 MB, solutions = 2)
ub: 16.07, lb: 15.519999999999994
mpc.areas
WARNING: unrecognized data matrix named "mpc.areas" data was ignored.

Root node processing (before b&c):
  Real time             =    0.00 sec. (0.20 ticks)
Parallel b&c, 32 threads:
  Real time             =    0.00 sec. (0.00 ticks)
  Sync time (average)   =    0.00 sec.
  Wait time (average)   =    0.00 sec.
                          ------------
Total (root+branch&cut) =    0.00 sec. (0.20 ticks)
Tried aggregator 1 time.
LP Presolve eliminated 38 rows and 82 columns.
Aggregator did 5 substitutions.
All rows and columns eliminated.
Presolve time = 0.00 sec. (0.03 ticks)
CPLEX Error  3003: Not a mixed-integer problem.
1 of 4 MIP starts provided solutions.
MIP start 'm2' defined initial solution with objective 15.0500.
Retaining values of one MIP start for possible repair.
Tried aggregator 1 time.
MIP Presolve eliminated 0 rows and 17 columns.
MIP Presolve modified 150 coefficients.
Reduced MIP has 14 rows, 22 columns, and 62 nonzeros.
Reduced MIP has 14 binaries, 7 generals, 0 SOSs, and 0 indicators.
Presolve time = 0.00 sec. (0.10 ticks)
Probing time = 0.00 sec. (0.01 ticks)
Tried aggregator 1 time.
Reduced MIP has 14 rows, 22 columns, and 62 nonzeros.
Reduced MIP has 14 binaries, 7 generals, 0 SOSs, and 0 indicators.
Presolve time = 0.00 sec. (0.03 ticks)
Probing time = 0.00 sec. (0.01 ticks)
MIP emphasis: balance optimality and feasibility.
MIP search method: dynamic search.
Parallel mode: deterministic, using up to 32 threads.
Root relaxation solution time = 0.00 sec. (0.03 ticks)

        Nodes                                         Cuts/
   Node  Left     Objective  IInf  Best Integer    Best Bound    ItCnt     Gap

*     0+    0                           15.0500       16.0700       20    6.78%
      0     0       16.0700     2       15.0500       16.0700       20    6.78%
*     0+    0                           16.0700       16.0700       20    0.00%
      0     0        cutoff             16.0700       16.0700       20    0.00%
Elapsed time = 0.00 sec. (0.26 ticks, tree = 0.00 MB, solutions = 2)
ub: 16.07, lb: 15.519999999999994
mpc.areas
WARNING: unrecognized data matrix named "mpc.areas" data was ignored.

Root node processing (before b&c):
  Real time             =    0.00 sec. (0.27 ticks)
Parallel b&c, 32 threads:
  Real time             =    0.00 sec. (0.00 ticks)
  Sync time (average)   =    0.00 sec.
  Wait time (average)   =    0.00 sec.
                          ------------
Total (root+branch&cut) =    0.00 sec. (0.27 ticks)
Tried aggregator 1 time.
LP Presolve eliminated 36 rows and 80 columns.
Aggregator did 7 substitutions.
All rows and columns eliminated.
Presolve time = 0.00 sec. (0.03 ticks)
CPLEX Error  3003: Not a mixed-integer problem.
1 of 4 MIP starts provided solutions.
MIP start 'm2' defined initial solution with objective 15.0500.
Retaining values of one MIP start for possible repair.
Tried aggregator 1 time.
MIP Presolve eliminated 0 rows and 16 columns.
MIP Presolve modified 182 coefficients.
Reduced MIP has 16 rows, 23 columns, and 69 nonzeros.
Reduced MIP has 15 binaries, 7 generals, 0 SOSs, and 0 indicators.
Presolve time = 0.00 sec. (0.11 ticks)
Probing time = 0.00 sec. (0.01 ticks)
Tried aggregator 1 time.
Reduced MIP has 16 rows, 23 columns, and 69 nonzeros.
Reduced MIP has 15 binaries, 7 generals, 0 SOSs, and 0 indicators.
Presolve time = 0.00 sec. (0.03 ticks)
Probing time = 0.00 sec. (0.01 ticks)
MIP emphasis: balance optimality and feasibility.
MIP search method: dynamic search.
Parallel mode: deterministic, using up to 32 threads.
Root relaxation solution time = 0.00 sec. (0.03 ticks)

        Nodes                                         Cuts/
   Node  Left     Objective  IInf  Best Integer    Best Bound    ItCnt     Gap

*     0+    0                           15.0500       16.0700       20    6.78%
      0     0       16.0700     2       15.0500       16.0700       20    6.78%
*     0+    0                           16.0700       16.0700       20    0.00%
      0     0        cutoff             16.0700       16.0700       20    0.00%
Elapsed time = 0.00 sec. (0.29 ticks, tree = 0.00 MB, solutions = 1)
ub: 16.07, lb: 15.519999999999994
mpc.areas
WARNING: unrecognized data matrix named "mpc.areas" data was ignored.

Root node processing (before b&c):
  Real time             =    0.00 sec. (0.30 ticks)
Parallel b&c, 32 threads:
  Real time             =    0.00 sec. (0.00 ticks)
  Sync time (average)   =    0.00 sec.
  Wait time (average)   =    0.00 sec.
                          ------------
Total (root+branch&cut) =    0.00 sec. (0.30 ticks)
Tried aggregator 1 time.
LP Presolve eliminated 36 rows and 80 columns.
Aggregator did 7 substitutions.
All rows and columns eliminated.
Presolve time = 0.00 sec. (0.03 ticks)
CPLEX Error  3003: Not a mixed-integer problem.
Warning:  No solution found from 3 MIP starts.
Retaining values of one MIP start for possible repair.
Tried aggregator 1 time.
MIP Presolve eliminated 1 rows and 15 columns.
MIP Presolve modified 215 coefficients.
Reduced MIP has 17 rows, 24 columns, and 72 nonzeros.
Reduced MIP has 16 binaries, 7 generals, 0 SOSs, and 0 indicators.
Presolve time = 0.00 sec. (0.13 ticks)
Found incumbent of value 13.810021 after 0.00 sec. (0.19 ticks)
Probing time = 0.00 sec. (0.01 ticks)
Tried aggregator 1 time.
Reduced MIP has 17 rows, 24 columns, and 72 nonzeros.
Reduced MIP has 16 binaries, 7 generals, 0 SOSs, and 0 indicators.
Presolve time = 0.00 sec. (0.03 ticks)
Probing time = 0.00 sec. (0.01 ticks)
MIP emphasis: balance optimality and feasibility.
MIP search method: dynamic search.
Parallel mode: deterministic, using up to 32 threads.
Root relaxation solution time = 0.00 sec. (0.04 ticks)

        Nodes                                         Cuts/
   Node  Left     Objective  IInf  Best Integer    Best Bound    ItCnt     Gap

*     0+    0                           13.8100       16.0700       22   16.36%
*     0+    0                           15.3600       16.0700       22    4.62%
      0     0       16.0700     2       15.3600       16.0700       22    4.62%
*     0+    0                           16.0700       16.0700       22    0.00%
      0     0        cutoff             16.0700       16.0700       22    0.00%
Elapsed time = 0.00 sec. (0.34 ticks, tree = 0.00 MB, solutions = 3)
ub: 16.069999999999997, lb: 15.519999999999994
mpc.areas
WARNING: unrecognized data matrix named "mpc.areas" data was ignored.

Root node processing (before b&c):
  Real time             =    0.00 sec. (0.35 ticks)
Parallel b&c, 32 threads:
  Real time             =    0.00 sec. (0.00 ticks)
  Sync time (average)   =    0.00 sec.
  Wait time (average)   =    0.00 sec.
                          ------------
Total (root+branch&cut) =    0.00 sec. (0.35 ticks)
Tried aggregator 1 time.
LP Presolve eliminated 37 rows and 81 columns.
Aggregator did 6 substitutions.
All rows and columns eliminated.
Presolve time = 0.00 sec. (0.03 ticks)
CPLEX Error  3003: Not a mixed-integer problem.
1 of 4 MIP starts provided solutions.
MIP start 'm2' defined initial solution with objective 15.3600.
Retaining values of one MIP start for possible repair.
Tried aggregator 1 time.
MIP Presolve eliminated 2 rows and 15 columns.
MIP Presolve modified 240 coefficients.
Reduced MIP has 18 rows, 24 columns, and 74 nonzeros.
Reduced MIP has 16 binaries, 7 generals, 0 SOSs, and 0 indicators.
Presolve time = 0.00 sec. (0.14 ticks)
Probing time = 0.00 sec. (0.01 ticks)
Tried aggregator 1 time.
Reduced MIP has 18 rows, 24 columns, and 74 nonzeros.
Reduced MIP has 16 binaries, 7 generals, 0 SOSs, and 0 indicators.
Presolve time = 0.00 sec. (0.03 ticks)
Probing time = 0.00 sec. (0.01 ticks)
MIP emphasis: balance optimality and feasibility.
MIP search method: dynamic search.
Parallel mode: deterministic, using up to 32 threads.
Root relaxation solution time = 0.00 sec. (0.04 ticks)

        Nodes                                         Cuts/
   Node  Left     Objective  IInf  Best Integer    Best Bound    ItCnt     Gap

*     0+    0                           15.3600       16.0700       23    4.62%
      0     0       16.0700     2       15.3600       16.0700       23    4.62%
*     0+    0                           15.7400       16.0700       23    2.10%
*     0     0      integral     0       16.0700       16.0700       24    0.00%
Elapsed time = 0.00 sec. (0.41 ticks, tree = 0.00 MB, solutions = 2)
ub: 16.069999999999997, lb: 16.069999999999993
###################################
k ... 32
solution = x* ... Any[1,32,2,16,11,21,7,9,25,10,26,29,34,35,19,17,8,22,6,24,4,37,3,28,5,38,20,23,13,14,36,33]
model: PowerModels.GenericPowerModel{PowerModels.StandardDCPForm}, cut_type: DC, model_type: OPF
total number of iterations ... 9
solution cost ... 16.069999999999993
computation time ... 0.306810562
mpc.areas
WARNING: unrecognized data matrix named "mpc.areas" data was ignored.

Root node processing (before b&c):
  Real time             =    0.00 sec. (0.42 ticks)
Parallel b&c, 32 threads:
  Real time             =    0.00 sec. (0.00 ticks)
  Sync time (average)   =    0.00 sec.
  Wait time (average)   =    0.00 sec.
                          ------------
Total (root+branch&cut) =    0.00 sec. (0.42 ticks)

******************************************************************************
This program contains Ipopt, a library for large-scale nonlinear optimization.
 Ipopt is released as open source code under the Eclipse Public License (EPL).
         For more information visit http://projects.coin-or.org/Ipopt
******************************************************************************

WARNING: there was an issue with getsolvetime() on the solver, falling back on @timed.  This is not a rigorous timing value.
full AC load shed ... 16.070000012265815
###################################
mpc.areas
WARNING: unrecognized data matrix named "mpc.areas" data was ignored.
no start solution
no start solution
mpc.areas
WARNING: unrecognized data matrix named "mpc.areas" data was ignored.
Tried aggregator 1 time.
QCP Presolve eliminated 39 rows and 96 columns.
Aggregator did 5 substitutions.
Reduced QCP has 138 rows, 78 columns, and 260 nonzeros.
Reduced QCP has 16 quadratic constraints.
Presolve time = 0.00 sec. (0.09 ticks)
Parallel mode: using up to 32 threads for barrier.
Number of nonzeros in lower triangle of A*A' = 679
Using Approximate Minimum Degree ordering
Total time for automatic ordering = 0.00 sec. (0.03 ticks)
Summary statistics for Cholesky factor:
  Threads                   = 32
  Rows in Factor            = 138
  Integer space required    = 178
  Total non-zeros in factor = 1112
  Total FP ops to factor    = 11540
 Itn      Primal Obj        Dual Obj  Prim Inf Upper Inf  Dual Inf Inf Ratio
   0   1.8220000e+01   1.3100000e+01  3.90e+02  0.00e+00  1.37e+02  1.00e+00
   1   1.6645984e+01   1.5033722e+01  3.90e+02  0.00e+00  1.37e+02  9.51e-01
   2   1.5053514e+01   1.4648968e+01  1.70e+02  0.00e+00  5.95e+01  6.38e+00
   3   1.4945332e+01   1.4867717e+01  3.58e+01  0.00e+00  1.25e+01  4.08e+01
   4   1.5093273e+01   1.5047491e+01  6.51e+00  0.00e+00  2.28e+00  5.74e+01
   5   1.5048860e+01   1.5047435e+01  4.03e+00  0.00e+00  1.41e+00  1.99e+03
   6   1.5049570e+01   1.5049283e+01  1.23e-01  0.00e+00  4.31e-02  9.75e+03
   7   1.5049970e+01   1.5049948e+01  2.48e-02  0.00e+00  8.70e-03  1.03e+05
   8   1.5049994e+01   1.5049991e+01  2.05e-03  0.00e+00  7.18e-04  6.56e+05
   9   1.5049999e+01   1.5049999e+01  3.22e-04  0.00e+00  1.13e-04  6.09e+06
  10   1.5050000e+01   1.5050000e+01  3.37e-05  0.00e+00  1.18e-05  2.53e+07
CPLEX Error  3003: Not a mixed-integer problem.
Tried aggregator 1 time.
MIP Presolve eliminated 2 rows and 39 columns.
All rows and columns eliminated.
Presolve time = 0.00 sec. (0.02 ticks)
ub: 16.87344840256135, lb: 15.04999985243619
mpc.areas
WARNING: unrecognized data matrix named "mpc.areas" data was ignored.

Root node processing (before b&c):
  Real time             =    0.00 sec. (0.02 ticks)
Parallel b&c, 32 threads:
  Real time             =    0.00 sec. (0.00 ticks)
  Sync time (average)   =    0.00 sec.
  Wait time (average)   =    0.00 sec.
                          ------------
Total (root+branch&cut) =    0.00 sec. (0.02 ticks)
Tried aggregator 1 time.
QCP Presolve eliminated 44 rows and 94 columns.
Aggregator did 5 substitutions.
Reduced QCP has 137 rows, 84 columns, and 258 nonzeros.
Reduced QCP has 15 quadratic constraints.
Presolve time = 0.00 sec. (0.10 ticks)
Parallel mode: using up to 32 threads for barrier.
Number of nonzeros in lower triangle of A*A' = 582
Using Approximate Minimum Degree ordering
Total time for automatic ordering = 0.00 sec. (0.03 ticks)
Summary statistics for Cholesky factor:
  Threads                   = 32
  Rows in Factor            = 137
  Integer space required    = 165
  Total non-zeros in factor = 991
  Total FP ops to factor    = 8903
 Itn      Primal Obj        Dual Obj  Prim Inf Upper Inf  Dual Inf Inf Ratio
   0   2.0270000e+01   1.3300000e+01  4.69e+02  0.00e+00  1.34e+02  1.00e+00
   1   1.7912221e+01   1.4889028e+01  4.69e+02  0.00e+00  1.34e+02  1.65e+00
   2   1.5583248e+01   1.4899745e+01  2.14e+02  0.00e+00  6.11e+01  1.22e+01
   3   1.4831394e+01   1.4642457e+01  4.51e+01  0.00e+00  1.29e+01  4.81e+01
   4   1.4777084e+01   1.4694914e+01  1.23e+01  0.00e+00  3.53e+00  6.97e+01
   5   1.4779843e+01   1.4729273e+01  5.68e+00  0.00e+00  1.63e+00  1.19e+02
   6   1.4839670e+01   1.4793654e+01  3.47e+00  0.00e+00  9.94e-01  1.22e+02
   7   1.4792428e+01   1.4789840e+01  3.19e+00  0.00e+00  9.13e-01  2.22e+03
   8   1.4790079e+01   1.4789940e+01  1.79e-01  0.00e+00  5.12e-02  4.16e+04
   9   1.4789998e+01   1.4789991e+01  9.63e-03  0.00e+00  2.76e-03  7.61e+05
  10   1.4790000e+01   1.4790000e+01  4.76e-04  0.00e+00  1.36e-04  1.57e+07
  11   1.4790000e+01   1.4790000e+01  2.25e-05  0.00e+00  6.45e-06  1.76e+09
CPLEX Error  3003: Not a mixed-integer problem.
Warning:  No solution found from 2 MIP starts.
Retaining values of one MIP start for possible repair.
Tried aggregator 1 time.
MIP Presolve eliminated 0 rows and 26 columns.
MIP Presolve modified 18 coefficients.
Reduced MIP has 4 rows, 13 columns, and 31 nonzeros.
Reduced MIP has 10 binaries, 2 generals, 0 SOSs, and 0 indicators.
Presolve time = 0.00 sec. (0.04 ticks)
Found incumbent of value 14.790000 after 0.00 sec. (0.07 ticks)
Probing time = 0.00 sec. (0.00 ticks)
Tried aggregator 1 time.
Reduced MIP has 4 rows, 13 columns, and 31 nonzeros.
Reduced MIP has 10 binaries, 2 generals, 0 SOSs, and 0 indicators.
Presolve time = 0.00 sec. (0.01 ticks)
Probing time = 0.00 sec. (0.00 ticks)
MIP emphasis: balance optimality and feasibility.
MIP search method: dynamic search.
Parallel mode: deterministic, using up to 32 threads.
Root relaxation solution time = 0.00 sec. (0.01 ticks)

        Nodes                                         Cuts/
   Node  Left     Objective  IInf  Best Integer    Best Bound    ItCnt     Gap

*     0+    0                           14.7900       16.3652        0   10.65%
*     0+    0                           15.0500       16.3652        0    8.74%
*     0     0      integral     0       16.3652       16.3652        0    0.00%
Elapsed time = 0.00 sec. (0.12 ticks, tree = 0.00 MB, solutions = 3)
ub: 16.365203106314684, lb: 15.04999985243619
mpc.areas
WARNING: unrecognized data matrix named "mpc.areas" data was ignored.

Root node processing (before b&c):
  Real time             =    0.00 sec. (0.13 ticks)
Parallel b&c, 32 threads:
  Real time             =    0.00 sec. (0.00 ticks)
  Sync time (average)   =    0.00 sec.
  Wait time (average)   =    0.00 sec.
                          ------------
Total (root+branch&cut) =    0.00 sec. (0.13 ticks)
Tried aggregator 1 time.
QCP Presolve eliminated 41 rows and 89 columns.
Aggregator did 8 substitutions.
Reduced QCP has 142 rows, 87 columns, and 266 nonzeros.
Reduced QCP has 16 quadratic constraints.
Presolve time = 0.00 sec. (0.10 ticks)
Parallel mode: using up to 32 threads for barrier.
Number of nonzeros in lower triangle of A*A' = 600
Using Approximate Minimum Degree ordering
Total time for automatic ordering = 0.00 sec. (0.03 ticks)
Summary statistics for Cholesky factor:
  Threads                   = 32
  Rows in Factor            = 142
  Integer space required    = 172
  Total non-zeros in factor = 1022
  Total FP ops to factor    = 9230
 Itn      Primal Obj        Dual Obj  Prim Inf Upper Inf  Dual Inf Inf Ratio
   0   2.0690000e+01   1.6070000e+01  3.92e+02  0.00e+00  1.42e+02  1.00e+00
   1   1.7896443e+01   1.5997503e+01  3.92e+02  0.00e+00  1.42e+02  1.23e+00
   2   1.5942417e+01   1.5504256e+01  1.89e+02  0.00e+00  6.87e+01  1.01e+01
   3   1.4767948e+01   1.4658002e+01  3.75e+01  0.00e+00  1.36e+01  4.06e+01
   4   1.4750244e+01   1.4702696e+01  9.39e+00  0.00e+00  3.41e+00  7.38e+01
   5   1.4759343e+01   1.4722834e+01  4.27e+00  0.00e+00  1.55e+00  8.43e+01
   6   1.4795163e+01   1.4769621e+01  3.38e+00  0.00e+00  1.22e+00  1.21e+02
   7   1.4807277e+01   1.4787817e+01  2.36e+00  0.00e+00  8.57e-01  1.53e+02
   8   1.4825038e+01   1.4821971e+01  1.82e+00  0.00e+00  6.58e-01  9.74e+02
   9   1.4824743e+01   1.4822386e+01  2.86e-01  0.00e+00  1.04e-01  1.20e+03
  10   1.4825265e+01   1.4824361e+01  2.23e-01  0.00e+00  8.08e-02  3.06e+03
  11   1.4826185e+01   1.4826105e+01  8.59e-02  0.00e+00  3.12e-02  3.42e+04
  12   1.4826158e+01   1.4826148e+01  7.62e-03  0.00e+00  2.76e-03  2.79e+05
  13   1.4826147e+01   1.4826146e+01  9.08e-04  0.00e+00  3.29e-04  3.24e+06
  14   1.4826149e+01   1.4826149e+01  7.79e-05  0.00e+00  2.82e-05  2.26e+07
  15   1.4826149e+01   1.4826149e+01  1.09e-05  0.00e+00  3.95e-06  8.83e+07
CPLEX Error  3003: Not a mixed-integer problem.
1 of 4 MIP starts provided solutions.
MIP start 'm2' defined initial solution with objective 15.0500.
Retaining values of one MIP start for possible repair.
Tried aggregator 1 time.
MIP Presolve eliminated 0 rows and 20 columns.
MIP Presolve added 1 rows and 1 columns.
MIP Presolve modified 48 coefficients.
Reduced MIP has 7 rows, 20 columns, and 53 nonzeros.
Reduced MIP has 16 binaries, 3 generals, 0 SOSs, and 0 indicators.
Presolve time = 0.00 sec. (0.07 ticks)
Probing time = 0.00 sec. (0.01 ticks)
Tried aggregator 1 time.
Reduced MIP has 7 rows, 20 columns, and 53 nonzeros.
Reduced MIP has 16 binaries, 3 generals, 0 SOSs, and 0 indicators.
Presolve time = 0.00 sec. (0.03 ticks)
Probing time = 0.00 sec. (0.01 ticks)
MIP emphasis: balance optimality and feasibility.
MIP search method: dynamic search.
Parallel mode: deterministic, using up to 32 threads.
Root relaxation solution time = 0.00 sec. (0.01 ticks)

        Nodes                                         Cuts/
   Node  Left     Objective  IInf  Best Integer    Best Bound    ItCnt     Gap

*     0+    0                           15.0500       16.3128        0    8.39%
*     0     0      integral     0       16.3128       16.3128        0    0.00%
Elapsed time = 0.00 sec. (0.18 ticks, tree = 0.00 MB, solutions = 1)
ub: 16.312773557131884, lb: 15.04999985243619
mpc.areas
WARNING: unrecognized data matrix named "mpc.areas" data was ignored.

Root node processing (before b&c):
  Real time             =    0.00 sec. (0.18 ticks)
Parallel b&c, 32 threads:
  Real time             =    0.00 sec. (0.00 ticks)
  Sync time (average)   =    0.00 sec.
  Wait time (average)   =    0.00 sec.
                          ------------
Total (root+branch&cut) =    0.00 sec. (0.18 ticks)
Tried aggregator 1 time.
QCP Presolve eliminated 32 rows and 81 columns.
Aggregator did 5 substitutions.
Reduced QCP has 171 rows, 100 columns, and 314 nonzeros.
Reduced QCP has 18 quadratic constraints.
Presolve time = 0.00 sec. (0.10 ticks)
Parallel mode: using up to 32 threads for barrier.
Number of nonzeros in lower triangle of A*A' = 743
Using Approximate Minimum Degree ordering
Total time for automatic ordering = 0.00 sec. (0.04 ticks)
Summary statistics for Cholesky factor:
  Threads                   = 32
  Rows in Factor            = 171
  Integer space required    = 211
  Total non-zeros in factor = 1256
  Total FP ops to factor    = 11356
 Itn      Primal Obj        Dual Obj  Prim Inf Upper Inf  Dual Inf Inf Ratio
   0   2.3920000e+01   1.5050000e+01  5.05e+02  0.00e+00  1.75e+02  1.00e+00
   1   1.8905550e+01   1.5369767e+01  5.05e+02  0.00e+00  1.75e+02  1.12e+00
   2   1.5562476e+01   1.4623146e+01  2.26e+02  0.00e+00  7.86e+01  7.23e+00
   3   1.3082975e+01   1.2850921e+01  5.51e+01  0.00e+00  1.92e+01  3.23e+01
   4   1.2756506e+01   1.2672327e+01  1.35e+01  0.00e+00  4.67e+00  8.47e+01
   5   1.2869318e+01   1.2785987e+01  4.91e+00  0.00e+00  1.71e+00  8.04e+01
   6   1.2797463e+01   1.2790173e+01  4.90e+00  0.00e+00  1.70e+00  7.47e+02
   7   1.2791359e+01   1.2790700e+01  4.41e-01  0.00e+00  1.53e-01  8.23e+03
   8   1.2790693e+01   1.2790615e+01  3.99e-02  0.00e+00  1.39e-02  6.94e+04
   9   1.2790617e+01   1.2790602e+01  4.72e-03  0.00e+00  1.64e-03  3.65e+05
  10   1.2790611e+01   1.2790603e+01  8.82e-04  0.00e+00  3.06e-04  7.06e+05
  11   1.2790604e+01   1.2790602e+01  4.45e-04  0.00e+00  1.55e-04  2.36e+06
  12   1.2790604e+01   1.2790603e+01  1.32e-04  0.00e+00  4.60e-05  4.83e+06
  13   1.2790604e+01   1.2790603e+01  6.40e-05  0.00e+00  2.23e-05  1.18e+07
  14   1.2790604e+01   1.2790604e+01  2.55e-05  0.00e+00  8.87e-06  1.29e+08
CPLEX Error  3003: Not a mixed-integer problem.
Warning:  No solution found from 3 MIP starts.
Retaining values of one MIP start for possible repair.
Tried aggregator 1 time.
MIP Presolve eliminated 0 rows and 14 columns.
MIP Presolve added 1 rows and 1 columns.
MIP Presolve modified 90 coefficients.
Reduced MIP has 9 rows, 26 columns, and 72 nonzeros.
Reduced MIP has 22 binaries, 3 generals, 0 SOSs, and 0 indicators.
Presolve time = 0.00 sec. (0.12 ticks)
Found incumbent of value 12.790604 after 0.00 sec. (0.16 ticks)
Probing time = 0.00 sec. (0.01 ticks)
Tried aggregator 1 time.
Reduced MIP has 9 rows, 26 columns, and 72 nonzeros.
Reduced MIP has 22 binaries, 3 generals, 0 SOSs, and 0 indicators.
Presolve time = 0.00 sec. (0.04 ticks)
Probing time = 0.00 sec. (0.01 ticks)
MIP emphasis: balance optimality and feasibility.
MIP search method: dynamic search.
Parallel mode: deterministic, using up to 32 threads.
Root relaxation solution time = 0.00 sec. (0.01 ticks)

        Nodes                                         Cuts/
   Node  Left     Objective  IInf  Best Integer    Best Bound    ItCnt     Gap

*     0+    0                           12.7906       16.3128        0   27.54%
*     0+    0                           16.3128       16.3128        0    0.00%
      0     0        cutoff             16.3128       16.3128        0    0.00%
      0     0        cutoff             16.3128       16.3128        0    0.00%
Elapsed time = 0.00 sec. (0.29 ticks, tree = 0.00 MB, solutions = 2)
ub: 16.312773557131884, lb: 15.04999985243619
mpc.areas
WARNING: unrecognized data matrix named "mpc.areas" data was ignored.

Root node processing (before b&c):
  Real time             =    0.00 sec. (0.29 ticks)
Parallel b&c, 32 threads:
  Real time             =    0.00 sec. (0.00 ticks)
  Sync time (average)   =    0.00 sec.
  Wait time (average)   =    0.00 sec.
                          ------------
Total (root+branch&cut) =    0.00 sec. (0.29 ticks)
Tried aggregator 1 time.
QCP Presolve eliminated 43 rows and 98 columns.
Aggregator did 6 substitutions.
Reduced QCP has 132 rows, 79 columns, and 250 nonzeros.
Reduced QCP has 15 quadratic constraints.
Presolve time = 0.00 sec. (0.10 ticks)
Parallel mode: using up to 32 threads for barrier.
Number of nonzeros in lower triangle of A*A' = 575
Using Approximate Minimum Degree ordering
Total time for automatic ordering = 0.00 sec. (0.03 ticks)
Summary statistics for Cholesky factor:
  Threads                   = 32
  Rows in Factor            = 132
  Integer space required    = 164
  Total non-zeros in factor = 978
  Total FP ops to factor    = 9188
 Itn      Primal Obj        Dual Obj  Prim Inf Upper Inf  Dual Inf Inf Ratio
   0   1.7070000e+01   1.4260000e+01  4.19e+02  0.00e+00  1.28e+02  1.00e+00
   1   1.6533797e+01   1.5941415e+01  4.19e+02  0.00e+00  1.28e+02  9.69e-01
   2   1.5821424e+01   1.5584345e+01  1.79e+02  0.00e+00  5.46e+01  7.41e+00
   3   1.5445365e+01   1.5402642e+01  4.09e+01  0.00e+00  1.25e+01  5.55e+01
   4   1.5389173e+01   1.5374347e+01  6.68e+00  0.00e+00  2.04e+00  1.45e+02
   5   1.5396438e+01   1.5382541e+01  2.39e+00  0.00e+00  7.30e-01  1.53e+02
   6   1.5421257e+01   1.5408905e+01  2.25e+00  0.00e+00  6.86e-01  1.44e+02
   7   1.5465793e+01   1.5456236e+01  2.12e+00  0.00e+00  6.48e-01  1.66e+02
   8   1.5511876e+01   1.5510548e+01  1.71e+00  0.00e+00  5.23e-01  9.80e+02
   9   1.5520283e+01   1.5520216e+01  2.58e-01  0.00e+00  7.89e-02  1.91e+04
  10   1.5520578e+01   1.5520547e+01  1.32e-02  0.00e+00  4.04e-03  3.79e+04
  11   1.5520843e+01   1.5520839e+01  6.40e-03  0.00e+00  1.96e-03  2.93e+05
  12   1.5520851e+01   1.5520849e+01  8.14e-04  0.00e+00  2.49e-04  6.28e+05
  13   1.5520850e+01   1.5520849e+01  3.76e-04  0.00e+00  1.15e-04  1.04e+06
  14   1.5520857e+01   1.5520856e+01  2.23e-04  0.00e+00  6.82e-05  2.27e+06
  15   1.5520861e+01   1.5520861e+01  1.01e-04  0.00e+00  3.07e-05  4.09e+07
CPLEX Error  3003: Not a mixed-integer problem.
Warning:  No solution found from 3 MIP starts.
Retaining values of one MIP start for possible repair.
Tried aggregator 1 time.
MIP Presolve eliminated 0 rows and 8 columns.
MIP Presolve added 1 rows and 1 columns.
MIP Presolve modified 145 coefficients.
Reduced MIP has 11 rows, 32 columns, and 90 nonzeros.
Reduced MIP has 28 binaries, 3 generals, 0 SOSs, and 0 indicators.
Presolve time = 0.00 sec. (0.17 ticks)
Found incumbent of value 12.790604 after 0.00 sec. (0.23 ticks)
Probing time = 0.00 sec. (0.02 ticks)
Tried aggregator 1 time.
Reduced MIP has 11 rows, 32 columns, and 90 nonzeros.
Reduced MIP has 28 binaries, 3 generals, 0 SOSs, and 0 indicators.
Presolve time = 0.00 sec. (0.05 ticks)
Probing time = 0.00 sec. (0.02 ticks)
MIP emphasis: balance optimality and feasibility.
MIP search method: dynamic search.
Parallel mode: deterministic, using up to 32 threads.
Root relaxation solution time = 0.00 sec. (0.02 ticks)

        Nodes                                         Cuts/
   Node  Left     Objective  IInf  Best Integer    Best Bound    ItCnt     Gap

*     0+    0                           12.7906       16.1909        0   26.58%
*     0+    0                           16.1909       16.1909        0    0.00%
      0     0        cutoff             16.1909       16.1909        0    0.00%
      0     0        cutoff             16.1909       16.1909        0    0.00%
Elapsed time = 0.00 sec. (0.38 ticks, tree = 0.00 MB, solutions = 2)
ub: 16.190878083242914, lb: 15.520861332136498
mpc.areas
WARNING: unrecognized data matrix named "mpc.areas" data was ignored.

Root node processing (before b&c):
  Real time             =    0.00 sec. (0.38 ticks)
Parallel b&c, 32 threads:
  Real time             =    0.00 sec. (0.00 ticks)
  Sync time (average)   =    0.00 sec.
  Wait time (average)   =    0.00 sec.
                          ------------
Total (root+branch&cut) =    0.00 sec. (0.38 ticks)
Tried aggregator 1 time.
QCP Presolve eliminated 39 rows and 98 columns.
Aggregator did 3 substitutions.
Reduced QCP has 140 rows, 78 columns, and 265 nonzeros.
Reduced QCP has 16 quadratic constraints.
Presolve time = 0.00 sec. (0.09 ticks)
Parallel mode: using up to 32 threads for barrier.
Number of nonzeros in lower triangle of A*A' = 735
Using Approximate Minimum Degree ordering
Total time for automatic ordering = 0.00 sec. (0.04 ticks)
Summary statistics for Cholesky factor:
  Threads                   = 32
  Rows in Factor            = 140
  Integer space required    = 210
  Total non-zeros in factor = 1133
  Total FP ops to factor    = 11129
 Itn      Primal Obj        Dual Obj  Prim Inf Upper Inf  Dual Inf Inf Ratio
   0   2.0650000e+01   1.6070000e+01  5.69e+02  0.00e+00  1.37e+02  1.00e+00
   1   1.7390084e+01   1.6380559e+01  5.69e+02  0.00e+00  1.37e+02  8.62e-01
   2   1.5794153e+01   1.5556075e+01  2.21e+02  0.00e+00  5.34e+01  8.32e+00
   3   1.4477506e+01   1.4387487e+01  3.66e+01  0.00e+00  8.81e+00  1.95e+01
   4   1.4457296e+01   1.4429417e+01  1.44e+01  0.00e+00  3.48e+00  5.65e+01
   5   1.4400598e+01   1.4389868e+01  4.65e+00  0.00e+00  1.12e+00  1.47e+02
   6   1.4426446e+01   1.4416694e+01  1.79e+00  0.00e+00  4.31e-01  1.52e+02
   7   1.4438518e+01   1.4437336e+01  1.66e+00  0.00e+00  4.01e-01  1.29e+03
   8   1.4438359e+01   1.4438308e+01  2.00e-01  0.00e+00  4.81e-02  3.03e+04
   9   1.4438452e+01   1.4438449e+01  8.51e-03  0.00e+00  2.05e-03  4.75e+05
  10   1.4438462e+01   1.4438462e+01  5.43e-04  0.00e+00  1.31e-04  1.55e+07
  11   1.4438463e+01   1.4438463e+01  1.65e-05  0.00e+00  3.98e-06  7.96e+08
CPLEX Error  3003: Not a mixed-integer problem.
Warning:  No solution found from 3 MIP starts.
Retaining values of one MIP start for possible repair.
Tried aggregator 1 time.
MIP Presolve eliminated 0 rows and 3 columns.
MIP Presolve added 1 rows and 1 columns.
MIP Presolve modified 205 coefficients.
Reduced MIP has 13 rows, 37 columns, and 106 nonzeros.
Reduced MIP has 32 binaries, 4 generals, 0 SOSs, and 0 indicators.
Presolve time = 0.00 sec. (0.15 ticks)
Found incumbent of value 12.790604 after 0.00 sec. (0.21 ticks)
Probing time = 0.00 sec. (0.01 ticks)
Tried aggregator 1 time.
Reduced MIP has 13 rows, 37 columns, and 106 nonzeros.
Reduced MIP has 32 binaries, 4 generals, 0 SOSs, and 0 indicators.
Presolve time = 0.00 sec. (0.06 ticks)
Probing time = 0.00 sec. (0.01 ticks)
MIP emphasis: balance optimality and feasibility.
MIP search method: dynamic search.
Parallel mode: deterministic, using up to 32 threads.
Root relaxation solution time = 0.00 sec. (0.06 ticks)

        Nodes                                         Cuts/
   Node  Left     Objective  IInf  Best Integer    Best Bound    ItCnt     Gap

*     0+    0                           12.7906       16.1909       29   26.58%
*     0+    0                           16.1142       16.1909       29    0.48%
*     0     0      integral     0       16.1909       16.1909       29    0.00%
Elapsed time = 0.00 sec. (0.39 ticks, tree = 0.00 MB, solutions = 3)
ub: 16.190878083242914, lb: 15.520861332136498
mpc.areas
WARNING: unrecognized data matrix named "mpc.areas" data was ignored.

Root node processing (before b&c):
  Real time             =    0.00 sec. (0.39 ticks)
Parallel b&c, 32 threads:
  Real time             =    0.00 sec. (0.00 ticks)
  Sync time (average)   =    0.00 sec.
  Wait time (average)   =    0.00 sec.
                          ------------
Total (root+branch&cut) =    0.00 sec. (0.39 ticks)
Tried aggregator 1 time.
QCP Presolve eliminated 47 rows and 105 columns.
Aggregator did 3 substitutions.
Reduced QCP has 124 rows, 74 columns, and 242 nonzeros.
Reduced QCP has 14 quadratic constraints.
Presolve time = 0.00 sec. (0.10 ticks)
Parallel mode: using up to 32 threads for barrier.
Number of nonzeros in lower triangle of A*A' = 627
Using Approximate Minimum Degree ordering
Total time for automatic ordering = 0.00 sec. (0.03 ticks)
Summary statistics for Cholesky factor:
  Threads                   = 32
  Rows in Factor            = 124
  Integer space required    = 166
  Total non-zeros in factor = 980
  Total FP ops to factor    = 9462
 Itn      Primal Obj        Dual Obj  Prim Inf Upper Inf  Dual Inf Inf Ratio
   0   1.8220000e+01   1.1590000e+01  2.57e+02  0.00e+00  1.16e+02  1.00e+00
   1   1.7336284e+01   1.4705254e+01  2.57e+02  0.00e+00  1.16e+02  1.52e+00
   2   1.6242205e+01   1.5627629e+01  1.11e+02  0.00e+00  5.02e+01  1.21e+01
   3   1.5998689e+01   1.5792390e+01  2.35e+01  0.00e+00  1.06e+01  3.55e+01
   4   1.5953626e+01   1.5863613e+01  7.90e+00  0.00e+00  3.58e+00  7.44e+01
   5   1.5965433e+01   1.5884891e+01  3.48e+00  0.00e+00  1.58e+00  8.46e+01
   6   1.6014618e+01   1.5939189e+01  3.11e+00  0.00e+00  1.41e+00  8.08e+01
   7   1.6056379e+01   1.6038198e+01  2.96e+00  0.00e+00  1.34e+00  3.02e+02
   8   1.6069994e+01   1.6069717e+01  7.24e-01  0.00e+00  3.28e-01  2.21e+04
   9   1.6069995e+01   1.6069988e+01  1.08e-02  0.00e+00  4.91e-03  9.73e+05
  10   1.6069999e+01   1.6069998e+01  2.50e-04  0.00e+00  1.13e-04  6.85e+06
  11   1.6070000e+01   1.6070000e+01  3.32e-05  0.00e+00  1.51e-05  6.76e+07
CPLEX Error  3003: Not a mixed-integer problem.
1 of 4 MIP starts provided solutions.
MIP start 'm2' defined initial solution with objective 16.1142.
Retaining values of one MIP start for possible repair.
Tried aggregator 1 time.
MIP Presolve eliminated 0 rows and 3 columns.
MIP Presolve added 1 rows and 1 columns.
MIP Presolve modified 247 coefficients.
Reduced MIP has 15 rows, 37 columns, and 119 nonzeros.
Reduced MIP has 32 binaries, 4 generals, 0 SOSs, and 0 indicators.
Presolve time = 0.00 sec. (0.17 ticks)
Probing time = 0.00 sec. (0.01 ticks)
Tried aggregator 1 time.
Reduced MIP has 15 rows, 37 columns, and 119 nonzeros.
Reduced MIP has 32 binaries, 4 generals, 0 SOSs, and 0 indicators.
Presolve time = 0.00 sec. (0.06 ticks)
Probing time = 0.00 sec. (0.01 ticks)
MIP emphasis: balance optimality and feasibility.
MIP search method: dynamic search.
Parallel mode: deterministic, using up to 32 threads.
Root relaxation solution time = 0.00 sec. (0.07 ticks)

        Nodes                                         Cuts/
   Node  Left     Objective  IInf  Best Integer    Best Bound    ItCnt     Gap

*     0+    0                           16.1142       16.1442       31    0.19%
      0     0       16.1442     3       16.1142       16.1442       31    0.19%
*     0     0      integral     0       16.1442       16.1442       33    0.00%
Elapsed time = 0.00 sec. (0.43 ticks, tree = 0.00 MB, solutions = 1)
ub: 16.144157111761842, lb: 16.069999895609936
###################################
k ... 32
solution = x* ... Any[18,1,32,2,16,11,21,7,9,25,10,26,29,34,35,19,17,8,22,6,24,4,37,3,28,5,38,20,23,36,33,30]
model: PowerModels.GenericPowerModel{PowerModels.SOCWRForm}, cut_type: DC, model_type: OPF
total number of iterations ... 6
solution cost ... 16.069999895609936
computation time ... 0.147286854
mpc.areas
WARNING: unrecognized data matrix named "mpc.areas" data was ignored.

Root node processing (before b&c):
  Real time             =    0.00 sec. (0.43 ticks)
Parallel b&c, 32 threads:
  Real time             =    0.00 sec. (0.00 ticks)
  Sync time (average)   =    0.00 sec.
  Wait time (average)   =    0.00 sec.
                          ------------
Total (root+branch&cut) =    0.00 sec. (0.43 ticks)
WARNING: Ipopt finished with status Restoration_Failed
WARNING: Not solved to optimality, status: Error
WARNING: there was an issue with getsolvetime() on the solver, falling back on @timed.  This is not a rigorous timing value.
full AC load shed ... NaN
###################################
mpc.areas
WARNING: unrecognized data matrix named "mpc.areas" data was ignored.
no start solution
no start solution
mpc.areas
WARNING: unrecognized data matrix named "mpc.areas" data was ignored.
Tried aggregator 1 time.
QCP Presolve eliminated 39 rows and 96 columns.
Aggregator did 5 substitutions.
Reduced QCP has 138 rows, 78 columns, and 260 nonzeros.
Reduced QCP has 16 quadratic constraints.
Presolve time = 0.00 sec. (0.09 ticks)
Parallel mode: using up to 32 threads for barrier.
Number of nonzeros in lower triangle of A*A' = 679
Using Approximate Minimum Degree ordering
Total time for automatic ordering = 0.00 sec. (0.03 ticks)
Summary statistics for Cholesky factor:
  Threads                   = 32
  Rows in Factor            = 138
  Integer space required    = 178
  Total non-zeros in factor = 1112
  Total FP ops to factor    = 11540
 Itn      Primal Obj        Dual Obj  Prim Inf Upper Inf  Dual Inf Inf Ratio
   0   1.8220000e+01   1.3100000e+01  3.90e+02  0.00e+00  1.37e+02  1.00e+00
   1   1.6645984e+01   1.5033722e+01  3.90e+02  0.00e+00  1.37e+02  9.51e-01
   2   1.5053514e+01   1.4648968e+01  1.70e+02  0.00e+00  5.95e+01  6.38e+00
   3   1.4945332e+01   1.4867717e+01  3.58e+01  0.00e+00  1.25e+01  4.08e+01
   4   1.5093273e+01   1.5047491e+01  6.51e+00  0.00e+00  2.28e+00  5.74e+01
   5   1.5048860e+01   1.5047435e+01  4.03e+00  0.00e+00  1.41e+00  1.99e+03
   6   1.5049570e+01   1.5049283e+01  1.23e-01  0.00e+00  4.31e-02  9.75e+03
   7   1.5049970e+01   1.5049948e+01  2.48e-02  0.00e+00  8.70e-03  1.03e+05
   8   1.5049994e+01   1.5049991e+01  2.05e-03  0.00e+00  7.18e-04  6.56e+05
   9   1.5049999e+01   1.5049999e+01  3.22e-04  0.00e+00  1.13e-04  6.09e+06
  10   1.5050000e+01   1.5050000e+01  3.37e-05  0.00e+00  1.18e-05  2.53e+07
CPLEX Error  3003: Not a mixed-integer problem.
Tried aggregator 1 time.
MIP Presolve eliminated 2 rows and 39 columns.
All rows and columns eliminated.
Presolve time = 0.00 sec. (0.02 ticks)
ub: 16.87345005846581, lb: 15.04999985243619
mpc.areas
WARNING: unrecognized data matrix named "mpc.areas" data was ignored.

Root node processing (before b&c):
  Real time             =    0.00 sec. (0.02 ticks)
Parallel b&c, 32 threads:
  Real time             =    0.00 sec. (0.00 ticks)
  Sync time (average)   =    0.00 sec.
  Wait time (average)   =    0.00 sec.
                          ------------
Total (root+branch&cut) =    0.00 sec. (0.02 ticks)
Tried aggregator 1 time.
QCP Presolve eliminated 44 rows and 94 columns.
Aggregator did 5 substitutions.
Reduced QCP has 137 rows, 84 columns, and 258 nonzeros.
Reduced QCP has 15 quadratic constraints.
Presolve time = 0.00 sec. (0.10 ticks)
Parallel mode: using up to 32 threads for barrier.
Number of nonzeros in lower triangle of A*A' = 582
Using Approximate Minimum Degree ordering
Total time for automatic ordering = 0.00 sec. (0.03 ticks)
Summary statistics for Cholesky factor:
  Threads                   = 32
  Rows in Factor            = 137
  Integer space required    = 165
  Total non-zeros in factor = 991
  Total FP ops to factor    = 8903
 Itn      Primal Obj        Dual Obj  Prim Inf Upper Inf  Dual Inf Inf Ratio
   0   2.0270000e+01   1.3300000e+01  4.69e+02  0.00e+00  1.34e+02  1.00e+00
   1   1.7912221e+01   1.4889028e+01  4.69e+02  0.00e+00  1.34e+02  1.65e+00
   2   1.5583248e+01   1.4899745e+01  2.14e+02  0.00e+00  6.11e+01  1.22e+01
   3   1.4831394e+01   1.4642457e+01  4.51e+01  0.00e+00  1.29e+01  4.81e+01
   4   1.4777084e+01   1.4694914e+01  1.23e+01  0.00e+00  3.53e+00  6.97e+01
   5   1.4779843e+01   1.4729273e+01  5.68e+00  0.00e+00  1.63e+00  1.19e+02
   6   1.4839670e+01   1.4793654e+01  3.47e+00  0.00e+00  9.94e-01  1.22e+02
   7   1.4792428e+01   1.4789840e+01  3.19e+00  0.00e+00  9.13e-01  2.22e+03
   8   1.4790079e+01   1.4789940e+01  1.79e-01  0.00e+00  5.12e-02  4.16e+04
   9   1.4789998e+01   1.4789991e+01  9.63e-03  0.00e+00  2.76e-03  7.61e+05
  10   1.4790000e+01   1.4790000e+01  4.76e-04  0.00e+00  1.36e-04  1.57e+07
  11   1.4790000e+01   1.4790000e+01  2.25e-05  0.00e+00  6.45e-06  1.76e+09
CPLEX Error  3003: Not a mixed-integer problem.
Warning:  No solution found from 2 MIP starts.
Retaining values of one MIP start for possible repair.
Tried aggregator 1 time.
MIP Presolve eliminated 0 rows and 26 columns.
MIP Presolve modified 18 coefficients.
Reduced MIP has 4 rows, 13 columns, and 31 nonzeros.
Reduced MIP has 10 binaries, 2 generals, 0 SOSs, and 0 indicators.
Presolve time = 0.00 sec. (0.04 ticks)
Found incumbent of value 14.790000 after 0.00 sec. (0.07 ticks)
Probing time = 0.00 sec. (0.00 ticks)
Tried aggregator 1 time.
Reduced MIP has 4 rows, 13 columns, and 31 nonzeros.
Reduced MIP has 10 binaries, 2 generals, 0 SOSs, and 0 indicators.
Presolve time = 0.00 sec. (0.01 ticks)
Probing time = 0.00 sec. (0.00 ticks)
MIP emphasis: balance optimality and feasibility.
MIP search method: dynamic search.
Parallel mode: deterministic, using up to 32 threads.
Root relaxation solution time = 0.00 sec. (0.01 ticks)

        Nodes                                         Cuts/
   Node  Left     Objective  IInf  Best Integer    Best Bound    ItCnt     Gap

*     0+    0                           14.7900       16.8735        0   14.09%
*     0+    0                           15.0500       16.8735        0   12.12%
*     0     0      integral     0       16.8735       16.8735        0    0.00%
Elapsed time = 0.00 sec. (0.12 ticks, tree = 0.00 MB, solutions = 3)
ub: 16.87345005846581, lb: 15.04999985243619
mpc.areas
WARNING: unrecognized data matrix named "mpc.areas" data was ignored.

Root node processing (before b&c):
  Real time             =    0.00 sec. (0.12 ticks)
Parallel b&c, 32 threads:
  Real time             =    0.00 sec. (0.00 ticks)
  Sync time (average)   =    0.00 sec.
  Wait time (average)   =    0.00 sec.
                          ------------
Total (root+branch&cut) =    0.00 sec. (0.12 ticks)
Tried aggregator 1 time.
QCP Presolve eliminated 41 rows and 89 columns.
Aggregator did 8 substitutions.
Reduced QCP has 142 rows, 87 columns, and 266 nonzeros.
Reduced QCP has 16 quadratic constraints.
Presolve time = 0.00 sec. (0.10 ticks)
Parallel mode: using up to 32 threads for barrier.
Number of nonzeros in lower triangle of A*A' = 600
Using Approximate Minimum Degree ordering
Total time for automatic ordering = 0.00 sec. (0.03 ticks)
Summary statistics for Cholesky factor:
  Threads                   = 32
  Rows in Factor            = 142
  Integer space required    = 172
  Total non-zeros in factor = 1022
  Total FP ops to factor    = 9230
 Itn      Primal Obj        Dual Obj  Prim Inf Upper Inf  Dual Inf Inf Ratio
   0   2.0690000e+01   1.6070000e+01  3.92e+02  0.00e+00  1.42e+02  1.00e+00
   1   1.7896443e+01   1.5997503e+01  3.92e+02  0.00e+00  1.42e+02  1.23e+00
   2   1.5942417e+01   1.5504256e+01  1.89e+02  0.00e+00  6.87e+01  1.01e+01
   3   1.4767948e+01   1.4658002e+01  3.75e+01  0.00e+00  1.36e+01  4.06e+01
   4   1.4750244e+01   1.4702696e+01  9.39e+00  0.00e+00  3.41e+00  7.38e+01
   5   1.4759343e+01   1.4722834e+01  4.27e+00  0.00e+00  1.55e+00  8.43e+01
   6   1.4795163e+01   1.4769621e+01  3.38e+00  0.00e+00  1.22e+00  1.21e+02
   7   1.4807277e+01   1.4787817e+01  2.36e+00  0.00e+00  8.57e-01  1.53e+02
   8   1.4825038e+01   1.4821971e+01  1.82e+00  0.00e+00  6.58e-01  9.74e+02
   9   1.4824743e+01   1.4822386e+01  2.86e-01  0.00e+00  1.04e-01  1.20e+03
  10   1.4825265e+01   1.4824361e+01  2.23e-01  0.00e+00  8.08e-02  3.06e+03
  11   1.4826185e+01   1.4826105e+01  8.59e-02  0.00e+00  3.12e-02  3.42e+04
  12   1.4826158e+01   1.4826148e+01  7.62e-03  0.00e+00  2.76e-03  2.79e+05
  13   1.4826147e+01   1.4826146e+01  9.08e-04  0.00e+00  3.29e-04  3.24e+06
  14   1.4826149e+01   1.4826149e+01  7.79e-05  0.00e+00  2.82e-05  2.26e+07
  15   1.4826149e+01   1.4826149e+01  1.09e-05  0.00e+00  3.95e-06  8.83e+07
CPLEX Error  3003: Not a mixed-integer problem.
1 of 4 MIP starts provided solutions.
MIP start 'm2' defined initial solution with objective 15.0500.
Retaining values of one MIP start for possible repair.
Tried aggregator 1 time.
MIP Presolve eliminated 0 rows and 20 columns.
MIP Presolve modified 48 coefficients.
Reduced MIP has 6 rows, 19 columns, and 50 nonzeros.
Reduced MIP has 16 binaries, 2 generals, 0 SOSs, and 0 indicators.
Presolve time = 0.00 sec. (0.07 ticks)
Probing time = 0.00 sec. (0.01 ticks)
Tried aggregator 1 time.
Reduced MIP has 6 rows, 19 columns, and 50 nonzeros.
Reduced MIP has 16 binaries, 2 generals, 0 SOSs, and 0 indicators.
Presolve time = 0.00 sec. (0.02 ticks)
Probing time = 0.00 sec. (0.01 ticks)
MIP emphasis: balance optimality and feasibility.
MIP search method: dynamic search.
Parallel mode: deterministic, using up to 32 threads.
Root relaxation solution time = 0.00 sec. (0.01 ticks)

        Nodes                                         Cuts/
   Node  Left     Objective  IInf  Best Integer    Best Bound    ItCnt     Gap

*     0+    0                           15.0500       16.8735        0   12.12%
*     0     0      integral     0       16.8735       16.8735        0    0.00%
Elapsed time = 0.00 sec. (0.17 ticks, tree = 0.00 MB, solutions = 1)
ub: 16.87345005846581, lb: 15.04999985243619

Root node processing (before b&c):
  Real time             =    0.00 sec. (0.17 ticks)
Parallel b&c, 32 threads:
  Real time             =    0.00 sec. (0.00 ticks)
  Sync time (average)   =    0.00 sec.
  Wait time (average)   =    0.00 sec.
                          ------------
Total (root+branch&cut) =    0.00 sec. (0.17 ticks)
mpc.areas
WARNING: unrecognized data matrix named "mpc.areas" data was ignored.
Tried aggregator 1 time.
QCP Presolve eliminated 32 rows and 81 columns.
Aggregator did 5 substitutions.
Reduced QCP has 171 rows, 100 columns, and 314 nonzeros.
Reduced QCP has 18 quadratic constraints.
Presolve time = 0.00 sec. (0.10 ticks)
Parallel mode: using up to 32 threads for barrier.
Number of nonzeros in lower triangle of A*A' = 743
Using Approximate Minimum Degree ordering
Total time for automatic ordering = 0.00 sec. (0.04 ticks)
Summary statistics for Cholesky factor:
  Threads                   = 32
  Rows in Factor            = 171
  Integer space required    = 211
  Total non-zeros in factor = 1256
  Total FP ops to factor    = 11356
 Itn      Primal Obj        Dual Obj  Prim Inf Upper Inf  Dual Inf Inf Ratio
   0   2.3920000e+01   1.5050000e+01  5.05e+02  0.00e+00  1.75e+02  1.00e+00
   1   1.8905550e+01   1.5369767e+01  5.05e+02  0.00e+00  1.75e+02  1.12e+00
   2   1.5562476e+01   1.4623146e+01  2.26e+02  0.00e+00  7.86e+01  7.23e+00
   3   1.3082975e+01   1.2850921e+01  5.51e+01  0.00e+00  1.92e+01  3.23e+01
   4   1.2756506e+01   1.2672327e+01  1.35e+01  0.00e+00  4.67e+00  8.47e+01
   5   1.2869318e+01   1.2785987e+01  4.91e+00  0.00e+00  1.71e+00  8.04e+01
   6   1.2797463e+01   1.2790173e+01  4.90e+00  0.00e+00  1.70e+00  7.47e+02
   7   1.2791359e+01   1.2790700e+01  4.41e-01  0.00e+00  1.53e-01  8.23e+03
   8   1.2790693e+01   1.2790615e+01  3.99e-02  0.00e+00  1.39e-02  6.94e+04
   9   1.2790617e+01   1.2790602e+01  4.72e-03  0.00e+00  1.64e-03  3.65e+05
  10   1.2790611e+01   1.2790603e+01  8.82e-04  0.00e+00  3.06e-04  7.06e+05
  11   1.2790604e+01   1.2790602e+01  4.45e-04  0.00e+00  1.55e-04  2.36e+06
  12   1.2790604e+01   1.2790603e+01  1.32e-04  0.00e+00  4.60e-05  4.83e+06
  13   1.2790604e+01   1.2790603e+01  6.40e-05  0.00e+00  2.23e-05  1.18e+07
  14   1.2790604e+01   1.2790604e+01  2.55e-05  0.00e+00  8.87e-06  1.29e+08
CPLEX Error  3003: Not a mixed-integer problem.
Warning:  No solution found from 3 MIP starts.
Retaining values of one MIP start for possible repair.
Tried aggregator 1 time.
MIP Presolve eliminated 0 rows and 14 columns.
MIP Presolve modified 90 coefficients.
Reduced MIP has 8 rows, 25 columns, and 69 nonzeros.
Reduced MIP has 22 binaries, 2 generals, 0 SOSs, and 0 indicators.
Presolve time = 0.00 sec. (0.11 ticks)
Found incumbent of value 12.790604 after 0.00 sec. (0.16 ticks)
Probing time = 0.00 sec. (0.01 ticks)
Tried aggregator 1 time.
Reduced MIP has 8 rows, 25 columns, and 69 nonzeros.
Reduced MIP has 22 binaries, 2 generals, 0 SOSs, and 0 indicators.
Presolve time = 0.00 sec. (0.04 ticks)
Probing time = 0.00 sec. (0.01 ticks)
MIP emphasis: balance optimality and feasibility.
MIP search method: dynamic search.
Parallel mode: deterministic, using up to 32 threads.
Root relaxation solution time = 0.00 sec. (0.01 ticks)

        Nodes                                         Cuts/
   Node  Left     Objective  IInf  Best Integer    Best Bound    ItCnt     Gap

*     0+    0                           12.7906       16.8719        0   31.91%
*     0+    0                           16.8719       16.8719        0    0.00%
      0     0        cutoff             16.8719       16.8719        0    0.00%
      0     0        cutoff             16.8719       16.8719        0    0.00%
Elapsed time = 0.00 sec. (0.27 ticks, tree = 0.00 MB, solutions = 2)
ub: 16.871941161487058, lb: 15.04999985243619
mpc.areas
WARNING: unrecognized data matrix named "mpc.areas" data was ignored.

Root node processing (before b&c):
  Real time             =    0.00 sec. (0.28 ticks)
Parallel b&c, 32 threads:
  Real time             =    0.00 sec. (0.00 ticks)
  Sync time (average)   =    0.00 sec.
  Wait time (average)   =    0.00 sec.
                          ------------
Total (root+branch&cut) =    0.00 sec. (0.28 ticks)
Tried aggregator 1 time.
QCP Presolve eliminated 43 rows and 98 columns.
Aggregator did 6 substitutions.
Reduced QCP has 132 rows, 79 columns, and 250 nonzeros.
Reduced QCP has 15 quadratic constraints.
Presolve time = 0.00 sec. (0.10 ticks)
Parallel mode: using up to 32 threads for barrier.
Number of nonzeros in lower triangle of A*A' = 575
Using Approximate Minimum Degree ordering
Total time for automatic ordering = 0.00 sec. (0.03 ticks)
Summary statistics for Cholesky factor:
  Threads                   = 32
  Rows in Factor            = 132
  Integer space required    = 164
  Total non-zeros in factor = 978
  Total FP ops to factor    = 9188
 Itn      Primal Obj        Dual Obj  Prim Inf Upper Inf  Dual Inf Inf Ratio
   0   1.7070000e+01   1.4260000e+01  4.19e+02  0.00e+00  1.28e+02  1.00e+00
   1   1.6533797e+01   1.5941415e+01  4.19e+02  0.00e+00  1.28e+02  9.69e-01
   2   1.5821424e+01   1.5584345e+01  1.79e+02  0.00e+00  5.46e+01  7.41e+00
   3   1.5445365e+01   1.5402642e+01  4.09e+01  0.00e+00  1.25e+01  5.55e+01
   4   1.5389173e+01   1.5374347e+01  6.68e+00  0.00e+00  2.04e+00  1.45e+02
   5   1.5396438e+01   1.5382541e+01  2.39e+00  0.00e+00  7.30e-01  1.53e+02
   6   1.5421257e+01   1.5408905e+01  2.25e+00  0.00e+00  6.86e-01  1.44e+02
   7   1.5465793e+01   1.5456236e+01  2.12e+00  0.00e+00  6.48e-01  1.66e+02
   8   1.5511876e+01   1.5510548e+01  1.71e+00  0.00e+00  5.23e-01  9.80e+02
   9   1.5520283e+01   1.5520216e+01  2.58e-01  0.00e+00  7.89e-02  1.91e+04
  10   1.5520578e+01   1.5520547e+01  1.32e-02  0.00e+00  4.04e-03  3.79e+04
  11   1.5520843e+01   1.5520839e+01  6.40e-03  0.00e+00  1.96e-03  2.93e+05
  12   1.5520851e+01   1.5520849e+01  8.14e-04  0.00e+00  2.49e-04  6.28e+05
  13   1.5520850e+01   1.5520849e+01  3.76e-04  0.00e+00  1.15e-04  1.04e+06
  14   1.5520857e+01   1.5520856e+01  2.23e-04  0.00e+00  6.82e-05  2.27e+06
  15   1.5520861e+01   1.5520861e+01  1.01e-04  0.00e+00  3.07e-05  4.09e+07
CPLEX Error  3003: Not a mixed-integer problem.
Warning:  No solution found from 3 MIP starts.
Retaining values of one MIP start for possible repair.
Tried aggregator 1 time.
MIP Presolve eliminated 0 rows and 8 columns.
MIP Presolve modified 144 coefficients.
Reduced MIP has 10 rows, 31 columns, and 87 nonzeros.
Reduced MIP has 28 binaries, 2 generals, 0 SOSs, and 0 indicators.
Presolve time = 0.00 sec. (0.16 ticks)
Found incumbent of value 12.790604 after 0.00 sec. (0.22 ticks)
Probing time = 0.00 sec. (0.02 ticks)
Tried aggregator 1 time.
Reduced MIP has 10 rows, 31 columns, and 87 nonzeros.
Reduced MIP has 28 binaries, 2 generals, 0 SOSs, and 0 indicators.
Presolve time = 0.00 sec. (0.05 ticks)
Probing time = 0.00 sec. (0.01 ticks)
MIP emphasis: balance optimality and feasibility.
MIP search method: dynamic search.
Parallel mode: deterministic, using up to 32 threads.
Root relaxation solution time = 0.00 sec. (0.02 ticks)

        Nodes                                         Cuts/
   Node  Left     Objective  IInf  Best Integer    Best Bound    ItCnt     Gap

*     0+    0                           12.7906       16.8719        0   31.91%
*     0+    0                           16.8719       16.8719        0    0.00%
      0     0        cutoff             16.8719       16.8719        0    0.00%
      0     0        cutoff             16.8719       16.8719        0    0.00%
Elapsed time = 0.00 sec. (0.37 ticks, tree = 0.00 MB, solutions = 2)
ub: 16.871941161487058, lb: 15.520861332136498
mpc.areas
WARNING: unrecognized data matrix named "mpc.areas" data was ignored.

Root node processing (before b&c):
  Real time             =    0.00 sec. (0.37 ticks)
Parallel b&c, 32 threads:
  Real time             =    0.00 sec. (0.00 ticks)
  Sync time (average)   =    0.00 sec.
  Wait time (average)   =    0.00 sec.
                          ------------
Total (root+branch&cut) =    0.00 sec. (0.37 ticks)
Tried aggregator 1 time.
QCP Presolve eliminated 39 rows and 98 columns.
Aggregator did 3 substitutions.
Reduced QCP has 140 rows, 78 columns, and 265 nonzeros.
Reduced QCP has 16 quadratic constraints.
Presolve time = 0.00 sec. (0.09 ticks)
Parallel mode: using up to 32 threads for barrier.
Number of nonzeros in lower triangle of A*A' = 735
Using Approximate Minimum Degree ordering
Total time for automatic ordering = 0.00 sec. (0.04 ticks)
Summary statistics for Cholesky factor:
  Threads                   = 32
  Rows in Factor            = 140
  Integer space required    = 210
  Total non-zeros in factor = 1133
  Total FP ops to factor    = 11129
 Itn      Primal Obj        Dual Obj  Prim Inf Upper Inf  Dual Inf Inf Ratio
   0   2.0650000e+01   1.6070000e+01  5.69e+02  0.00e+00  1.37e+02  1.00e+00
   1   1.7390084e+01   1.6380559e+01  5.69e+02  0.00e+00  1.37e+02  8.62e-01
   2   1.5794153e+01   1.5556075e+01  2.21e+02  0.00e+00  5.34e+01  8.32e+00
   3   1.4477506e+01   1.4387487e+01  3.66e+01  0.00e+00  8.81e+00  1.95e+01
   4   1.4457296e+01   1.4429417e+01  1.44e+01  0.00e+00  3.48e+00  5.65e+01
   5   1.4400598e+01   1.4389868e+01  4.65e+00  0.00e+00  1.12e+00  1.47e+02
   6   1.4426446e+01   1.4416694e+01  1.79e+00  0.00e+00  4.31e-01  1.52e+02
   7   1.4438518e+01   1.4437336e+01  1.66e+00  0.00e+00  4.01e-01  1.29e+03
   8   1.4438359e+01   1.4438308e+01  2.00e-01  0.00e+00  4.81e-02  3.03e+04
   9   1.4438452e+01   1.4438449e+01  8.51e-03  0.00e+00  2.05e-03  4.75e+05
  10   1.4438462e+01   1.4438462e+01  5.43e-04  0.00e+00  1.31e-04  1.55e+07
  11   1.4438463e+01   1.4438463e+01  1.65e-05  0.00e+00  3.98e-06  7.96e+08
CPLEX Error  3003: Not a mixed-integer problem.
Warning:  No solution found from 3 MIP starts.
Retaining values of one MIP start for possible repair.
Tried aggregator 1 time.
MIP Presolve eliminated 0 rows and 3 columns.
MIP Presolve modified 204 coefficients.
Reduced MIP has 12 rows, 36 columns, and 103 nonzeros.
Reduced MIP has 32 binaries, 3 generals, 0 SOSs, and 0 indicators.
Presolve time = 0.00 sec. (0.13 ticks)
Found incumbent of value 12.790604 after 0.00 sec. (0.19 ticks)
Probing time = 0.00 sec. (0.01 ticks)
Tried aggregator 1 time.
Reduced MIP has 12 rows, 36 columns, and 103 nonzeros.
Reduced MIP has 32 binaries, 3 generals, 0 SOSs, and 0 indicators.
Presolve time = 0.00 sec. (0.05 ticks)
Probing time = 0.00 sec. (0.01 ticks)
MIP emphasis: balance optimality and feasibility.
MIP search method: dynamic search.
Parallel mode: deterministic, using up to 32 threads.
Root relaxation solution time = 0.00 sec. (0.05 ticks)

        Nodes                                         Cuts/
   Node  Left     Objective  IInf  Best Integer    Best Bound    ItCnt     Gap

*     0+    0                           12.7906       16.8719       31   31.91%
*     0+    0                           16.1142       16.8719       31    4.70%
      0     0       16.8719     2       16.1142       16.8719       31    4.70%
*     0+    0                           16.8719       16.8719       31    0.00%
      0     0        cutoff             16.8719       16.8719       31    0.00%
Elapsed time = 0.00 sec. (0.41 ticks, tree = 0.00 MB, solutions = 3)
ub: 16.871941161487058, lb: 15.520861332136498
mpc.areas
WARNING: unrecognized data matrix named "mpc.areas" data was ignored.

Root node processing (before b&c):
  Real time             =    0.00 sec. (0.41 ticks)
Parallel b&c, 32 threads:
  Real time             =    0.00 sec. (0.00 ticks)
  Sync time (average)   =    0.00 sec.
  Wait time (average)   =    0.00 sec.
                          ------------
Total (root+branch&cut) =    0.00 sec. (0.41 ticks)
Tried aggregator 1 time.
QCP Presolve eliminated 41 rows and 101 columns.
Aggregator did 1 substitutions.
Reduced QCP has 144 rows, 82 columns, and 276 nonzeros.
Reduced QCP has 16 quadratic constraints.
Presolve time = 0.00 sec. (0.09 ticks)
Parallel mode: using up to 32 threads for barrier.
Number of nonzeros in lower triangle of A*A' = 765
Using Approximate Minimum Degree ordering
Total time for automatic ordering = 0.00 sec. (0.04 ticks)
Summary statistics for Cholesky factor:
  Threads                   = 32
  Rows in Factor            = 144
  Integer space required    = 204
  Total non-zeros in factor = 1194
  Total FP ops to factor    = 11736
 Itn      Primal Obj        Dual Obj  Prim Inf Upper Inf  Dual Inf Inf Ratio
   0   2.0870000e+01   1.1590000e+01  3.33e+02  0.00e+00  1.38e+02  1.00e+00
   1   1.8164570e+01   1.4663496e+01  3.33e+02  0.00e+00  1.38e+02  1.05e+00
   2   1.5627064e+01   1.4758519e+01  1.44e+02  0.00e+00  5.97e+01  7.25e+00
   3   1.4309701e+01   1.3934992e+01  3.26e+01  0.00e+00  1.35e+01  1.57e+01
   4   1.4495408e+01   1.4313642e+01  1.42e+01  0.00e+00  5.88e+00  2.80e+01
   5   1.4513062e+01   1.4401594e+01  7.04e+00  0.00e+00  2.92e+00  4.34e+01
   6   1.4505871e+01   1.4463526e+01  4.35e+00  0.00e+00  1.80e+00  1.09e+02
   7   1.4548406e+01   1.4517607e+01  1.67e+00  0.00e+00  6.91e-01  1.45e+02
   8   1.4601023e+01   1.4597608e+01  1.22e+00  0.00e+00  5.06e-01  1.43e+03
   9   1.4603660e+01   1.4603109e+01  1.33e-01  0.00e+00  5.52e-02  8.88e+03
  10   1.4603739e+01   1.4603507e+01  2.15e-02  0.00e+00  8.90e-03  1.87e+04
  11   1.4604334e+01   1.4604310e+01  9.25e-03  0.00e+00  3.84e-03  1.74e+05
  12   1.4604409e+01   1.4604403e+01  9.81e-04  0.00e+00  4.07e-04  7.24e+05
  13   1.4604429e+01   1.4604429e+01  2.32e-04  0.00e+00  9.60e-05  6.49e+06
  14   1.4604431e+01   1.4604430e+01  2.58e-05  0.00e+00  1.07e-05  1.68e+07
CPLEX Error  3003: Not a mixed-integer problem.
Warning:  No solution found from 4 MIP starts.
Retaining values of one MIP start for possible repair.
Tried aggregator 1 time.
MIP Presolve eliminated 0 rows and 2 columns.
MIP Presolve modified 251 coefficients.
Reduced MIP has 14 rows, 37 columns, and 117 nonzeros.
Reduced MIP has 34 binaries, 2 generals, 0 SOSs, and 0 indicators.
Presolve time = 0.00 sec. (0.15 ticks)
Found incumbent of value 12.790604 after 0.00 sec. (0.23 ticks)
Probing time = 0.00 sec. (0.01 ticks)
Tried aggregator 1 time.
Reduced MIP has 14 rows, 37 columns, and 117 nonzeros.
Reduced MIP has 34 binaries, 2 generals, 0 SOSs, and 0 indicators.
Presolve time = 0.00 sec. (0.06 ticks)
Probing time = 0.00 sec. (0.01 ticks)
MIP emphasis: balance optimality and feasibility.
MIP search method: dynamic search.
Parallel mode: deterministic, using up to 32 threads.
Root relaxation solution time = 0.00 sec. (0.05 ticks)

        Nodes                                         Cuts/
   Node  Left     Objective  IInf  Best Integer    Best Bound    ItCnt     Gap

*     0+    0                           12.7906       16.8719       33   31.91%
*     0+    0                           16.0770       16.8719       33    4.94%
      0     0       16.8719     3       16.0770       16.8719       33    4.94%
*     0+    0                           16.8719       16.8719       34    0.00%
      0     0        cutoff             16.8719       16.8719       34    0.00%
Elapsed time = 0.00 sec. (0.47 ticks, tree = 0.00 MB, solutions = 3)
ub: 16.871941161487058, lb: 15.520861332136498
mpc.areas
WARNING: unrecognized data matrix named "mpc.areas" data was ignored.

Root node processing (before b&c):
  Real time             =    0.00 sec. (0.47 ticks)
Parallel b&c, 32 threads:
  Real time             =    0.00 sec. (0.00 ticks)
  Sync time (average)   =    0.00 sec.
  Wait time (average)   =    0.00 sec.
                          ------------
Total (root+branch&cut) =    0.00 sec. (0.47 ticks)
Tried aggregator 1 time.
QCP Presolve eliminated 37 rows and 98 columns.
Aggregator did 1 substitutions.
Reduced QCP has 154 rows, 86 columns, and 292 nonzeros.
Reduced QCP has 17 quadratic constraints.
Presolve time = 0.00 sec. (0.09 ticks)
Parallel mode: using up to 32 threads for barrier.
Number of nonzeros in lower triangle of A*A' = 803
Using Approximate Minimum Degree ordering
Total time for automatic ordering = 0.00 sec. (0.04 ticks)
Summary statistics for Cholesky factor:
  Threads                   = 32
  Rows in Factor            = 154
  Integer space required    = 224
  Total non-zeros in factor = 1280
  Total FP ops to factor    = 12574
 Itn      Primal Obj        Dual Obj  Prim Inf Upper Inf  Dual Inf Inf Ratio
   0   1.9300000e+01   9.7900000e+00  2.90e+02  0.00e+00  1.47e+02  1.00e+00
   1   1.7687685e+01   1.4477229e+01  2.90e+02  0.00e+00  1.47e+02  1.38e+00
   2   1.6053181e+01   1.5332569e+01  1.08e+02  0.00e+00  5.49e+01  1.16e+01
   3   1.5325795e+01   1.5097249e+01  2.22e+01  0.00e+00  1.12e+01  3.54e+01
   4   1.5437895e+01   1.5269404e+01  7.07e+00  0.00e+00  3.58e+00  4.36e+01
   5   1.5411266e+01   1.5345489e+01  5.27e+00  0.00e+00  2.67e+00  1.08e+02
   6   1.5425813e+01   1.5411230e+01  2.07e+00  0.00e+00  1.05e+00  4.41e+02
   7   1.5426747e+01   1.5425522e+01  4.64e-01  0.00e+00  2.35e-01  5.14e+03
   8   1.5426906e+01   1.5426602e+01  3.91e-02  0.00e+00  1.98e-02  1.98e+04
   9   1.5427202e+01   1.5427182e+01  9.76e-03  0.00e+00  4.94e-03  2.97e+05
  10   1.5427219e+01   1.5427218e+01  6.22e-04  0.00e+00  3.15e-04  7.52e+06
  11   1.5427220e+01   1.5427220e+01  2.46e-05  0.00e+00  1.24e-05  2.77e+08
CPLEX Error  3003: Not a mixed-integer problem.
1 of 4 MIP starts provided solutions.
MIP start 'm2' defined initial solution with objective 16.0770.
Retaining values of one MIP start for possible repair.
Tried aggregator 1 time.
MIP Presolve eliminated 0 rows and 2 columns.
MIP Presolve modified 293 coefficients.
Reduced MIP has 16 rows, 37 columns, and 130 nonzeros.
Reduced MIP has 34 binaries, 2 generals, 0 SOSs, and 0 indicators.
Presolve time = 0.00 sec. (0.18 ticks)
Probing time = 0.00 sec. (0.01 ticks)
Tried aggregator 1 time.
Reduced MIP has 16 rows, 37 columns, and 130 nonzeros.
Reduced MIP has 34 binaries, 2 generals, 0 SOSs, and 0 indicators.
Presolve time = 0.00 sec. (0.06 ticks)
Probing time = 0.00 sec. (0.01 ticks)
MIP emphasis: balance optimality and feasibility.
MIP search method: dynamic search.
Parallel mode: deterministic, using up to 32 threads.
Root relaxation solution time = 0.00 sec. (0.07 ticks)

        Nodes                                         Cuts/
   Node  Left     Objective  IInf  Best Integer    Best Bound    ItCnt     Gap

*     0+    0                           16.0770       16.8375       39    4.73%
      0     0       16.8375     4       16.0770       16.8375       39    4.73%
*     0+    0                           16.0913       16.8375       39    4.64%
*     0     0      integral     0       16.8375    MIRcuts: 2       45    0.00%
      0     0        cutoff             16.8375       16.8375       45    0.00%
Elapsed time = 0.00 sec. (0.56 ticks, tree = 0.00 MB, solutions = 2)
ub: 16.83745456198037, lb: 15.520861332136498
mpc.areas
WARNING: unrecognized data matrix named "mpc.areas" data was ignored.

Mixed integer rounding cuts applied:  2

Root node processing (before b&c):
  Real time             =    0.00 sec. (0.57 ticks)
Parallel b&c, 32 threads:
  Real time             =    0.00 sec. (0.00 ticks)
  Sync time (average)   =    0.00 sec.
  Wait time (average)   =    0.00 sec.
                          ------------
Total (root+branch&cut) =    0.00 sec. (0.57 ticks)
Tried aggregator 1 time.
QCP Presolve eliminated 45 rows and 101 columns.
Aggregator did 5 substitutions.
Reduced QCP has 129 rows, 77 columns, and 247 nonzeros.
Reduced QCP has 15 quadratic constraints.
Presolve time = 0.00 sec. (0.10 ticks)
Parallel mode: using up to 32 threads for barrier.
Number of nonzeros in lower triangle of A*A' = 611
Using Approximate Minimum Degree ordering
Total time for automatic ordering = 0.00 sec. (0.03 ticks)
Summary statistics for Cholesky factor:
  Threads                   = 32
  Rows in Factor            = 129
  Integer space required    = 165
  Total non-zeros in factor = 895
  Total FP ops to factor    = 7423
 Itn      Primal Obj        Dual Obj  Prim Inf Upper Inf  Dual Inf Inf Ratio
   0   1.9400000e+01   1.4120000e+01  4.29e+02  0.00e+00  1.25e+02  1.00e+00
   1   1.7859434e+01   1.6167693e+01  4.29e+02  0.00e+00  1.25e+02  1.24e+00
   2   1.5991871e+01   1.5516384e+01  1.71e+02  0.00e+00  4.99e+01  8.60e+00
   3   1.5917837e+01   1.5805031e+01  4.04e+01  0.00e+00  1.18e+01  3.18e+01
   4   1.6050720e+01   1.5968468e+01  9.85e+00  0.00e+00  2.88e+00  4.31e+01
   5   1.6047253e+01   1.6029631e+01  7.20e+00  0.00e+00  2.11e+00  1.72e+02
   6   1.6063014e+01   1.6056134e+01  1.60e+00  0.00e+00  4.68e-01  4.38e+02
   7   1.6066500e+01   1.6064017e+01  6.25e-01  0.00e+00  1.83e-01  1.22e+03
   8   1.6067582e+01   1.6065684e+01  2.26e-01  0.00e+00  6.60e-02  1.58e+03
   9   1.6068770e+01   1.6067938e+01  1.73e-01  0.00e+00  5.06e-02  3.61e+03
  10   1.6069935e+01   1.6069886e+01  7.57e-02  0.00e+00  2.22e-02  6.15e+04
  11   1.6069978e+01   1.6069964e+01  4.46e-03  0.00e+00  1.30e-03  2.12e+05
  12   1.6069998e+01   1.6069996e+01  1.29e-03  0.00e+00  3.79e-04  1.94e+06
  13   1.6069999e+01   1.6069999e+01  1.41e-04  0.00e+00  4.12e-05  6.99e+06
  14   1.6070000e+01   1.6070000e+01  3.91e-05  0.00e+00  1.14e-05  5.23e+07
CPLEX Error  3003: Not a mixed-integer problem.
Warning:  No solution found from 4 MIP starts.
Retaining values of one MIP start for possible repair.
Tried aggregator 1 time.
MIP Presolve eliminated 0 rows and 2 columns.
MIP Presolve modified 336 coefficients.
Reduced MIP has 18 rows, 37 columns, and 143 nonzeros.
Reduced MIP has 34 binaries, 2 generals, 0 SOSs, and 0 indicators.
Presolve time = 0.00 sec. (0.20 ticks)
Found incumbent of value 12.790604 after 0.00 sec. (0.28 ticks)
Probing time = 0.00 sec. (0.01 ticks)
Tried aggregator 1 time.
Reduced MIP has 18 rows, 37 columns, and 143 nonzeros.
Reduced MIP has 34 binaries, 2 generals, 0 SOSs, and 0 indicators.
Presolve time = 0.00 sec. (0.07 ticks)
Probing time = 0.00 sec. (0.01 ticks)
MIP emphasis: balance optimality and feasibility.
MIP search method: dynamic search.
Parallel mode: deterministic, using up to 32 threads.
Root relaxation solution time = 0.00 sec. (0.06 ticks)

        Nodes                                         Cuts/
   Node  Left     Objective  IInf  Best Integer    Best Bound    ItCnt     Gap

*     0+    0                           12.7906       16.6223       33   29.96%
*     0+    0                           16.0700       16.6223       33    3.44%
      0     0       16.6223     4       16.0700       16.6223       33    3.44%
*     0+    0                           16.0896       16.6223       33    3.31%
*     0     0      integral     0       16.6223       Cuts: 7       36    0.00%
      0     0        cutoff             16.6223       16.6223       36    0.00%
Elapsed time = 0.00 sec. (0.64 ticks, tree = 0.00 MB, solutions = 4)
ub: 16.622321628326024, lb: 16.06999991595125
mpc.areas
WARNING: unrecognized data matrix named "mpc.areas" data was ignored.

Implied bound cuts applied:  2
Flow cuts applied:  1
Mixed integer rounding cuts applied:  1
Gomory fractional cuts applied:  2

Root node processing (before b&c):
  Real time             =    0.00 sec. (0.65 ticks)
Parallel b&c, 32 threads:
  Real time             =    0.00 sec. (0.00 ticks)
  Sync time (average)   =    0.00 sec.
  Wait time (average)   =    0.00 sec.
                          ------------
Total (root+branch&cut) =    0.00 sec. (0.65 ticks)
Tried aggregator 1 time.
QCP Presolve eliminated 42 rows and 103 columns.
Reduced QCP has 135 rows, 75 columns, and 261 nonzeros.
Reduced QCP has 15 quadratic constraints.
Presolve time = 0.00 sec. (0.08 ticks)
Parallel mode: using up to 32 threads for barrier.
Number of nonzeros in lower triangle of A*A' = 744
Using Approximate Minimum Degree ordering
Total time for automatic ordering = 0.00 sec. (0.04 ticks)
Summary statistics for Cholesky factor:
  Threads                   = 32
  Rows in Factor            = 135
  Integer space required    = 199
  Total non-zeros in factor = 1208
  Total FP ops to factor    = 12964
 Itn      Primal Obj        Dual Obj  Prim Inf Upper Inf  Dual Inf Inf Ratio
   0   1.9400000e+01   1.0660000e+01  3.97e+02  0.00e+00  1.28e+02  1.00e+00
   1   1.7187792e+01   1.4147430e+01  3.97e+02  0.00e+00  1.28e+02  1.00e+00
   2   1.5966912e+01   1.5340413e+01  1.65e+02  0.00e+00  5.31e+01  8.03e+00
   3   1.5924895e+01   1.5756285e+01  3.06e+01  0.00e+00  9.87e+00  3.23e+01
   4   1.6056521e+01   1.6000870e+01  8.14e+00  0.00e+00  2.62e+00  7.98e+01
   5   1.6070058e+01   1.6068506e+01  2.78e+00  0.00e+00  8.96e-01  3.00e+03
   6   1.6069931e+01   1.6069820e+01  7.69e-02  0.00e+00  2.48e-02  4.29e+04
   7   1.6069997e+01   1.6069993e+01  5.51e-03  0.00e+00  1.77e-03  9.30e+05
   8   1.6070000e+01   1.6070000e+01  2.36e-04  0.00e+00  7.61e-05  7.35e+07
   9   1.6070000e+01   1.6070000e+01  3.00e-06  0.00e+00  9.65e-07  4.48e+09
CPLEX Error  3003: Not a mixed-integer problem.
1 of 5 MIP starts provided solutions.
MIP start 'm1' defined initial solution with objective 16.0896.
Tried aggregator 1 time.
MIP Presolve eliminated 1 rows and 2 columns.
MIP Presolve modified 384 coefficients.
Reduced MIP has 19 rows, 37 columns, and 149 nonzeros.
Reduced MIP has 34 binaries, 2 generals, 0 SOSs, and 0 indicators.
Presolve time = 0.00 sec. (0.24 ticks)
Probing time = 0.00 sec. (0.02 ticks)
Tried aggregator 1 time.
Reduced MIP has 19 rows, 37 columns, and 149 nonzeros.
Reduced MIP has 34 binaries, 2 generals, 0 SOSs, and 0 indicators.
Presolve time = 0.00 sec. (0.07 ticks)
Probing time = 0.00 sec. (0.02 ticks)
MIP emphasis: balance optimality and feasibility.
MIP search method: dynamic search.
Parallel mode: deterministic, using up to 32 threads.
Root relaxation solution time = 0.00 sec. (0.06 ticks)

        Nodes                                         Cuts/
   Node  Left     Objective  IInf  Best Integer    Best Bound    ItCnt     Gap

*     0+    0                           16.0896       16.6223       33    3.31%
      0     0       16.6223     4       16.0896       16.6223       33    3.31%
      0     0       16.6223     2       16.0896       Cuts: 8       40    3.31%
*     0+    0                           16.4418       16.6223       40    1.10%
*     0+    0                           16.6223       16.6223       40    0.00%
      0     0        cutoff             16.6223       16.6223       40    0.00%
Elapsed time = 0.00 sec. (0.77 ticks, tree = 0.00 MB, solutions = 5)
ub: 16.622321628326024, lb: 16.06999991595125
mpc.areas
WARNING: unrecognized data matrix named "mpc.areas" data was ignored.

Implied bound cuts applied:  2
Flow cuts applied:  1
Mixed integer rounding cuts applied:  2
Gomory fractional cuts applied:  2

Root node processing (before b&c):
  Real time             =    0.00 sec. (0.77 ticks)
Parallel b&c, 32 threads:
  Real time             =    0.00 sec. (0.00 ticks)
  Sync time (average)   =    0.00 sec.
  Wait time (average)   =    0.00 sec.
                          ------------
Total (root+branch&cut) =    0.00 sec. (0.77 ticks)
Tried aggregator 1 time.
QCP Presolve eliminated 43 rows and 104 columns.
Aggregator did 3 substitutions.
Reduced QCP has 135 rows, 77 columns, and 261 nonzeros.
Reduced QCP has 16 quadratic constraints.
Presolve time = 0.00 sec. (0.09 ticks)
Parallel mode: using up to 32 threads for barrier.
Number of nonzeros in lower triangle of A*A' = 726
Using Approximate Minimum Degree ordering
Total time for automatic ordering = 0.00 sec. (0.04 ticks)
Summary statistics for Cholesky factor:
  Threads                   = 32
  Rows in Factor            = 135
  Integer space required    = 199
  Total non-zeros in factor = 1034
  Total FP ops to factor    = 9100
 Itn      Primal Obj        Dual Obj  Prim Inf Upper Inf  Dual Inf Inf Ratio
   0   1.6070000e+01   1.0660000e+01  2.76e+02  0.00e+00  1.26e+02  1.00e+00
   1   1.6030359e+01   1.3846497e+01  2.76e+02  0.00e+00  1.26e+02  1.64e+00
   2   1.5862557e+01   1.5410689e+01  1.20e+02  0.00e+00  5.50e+01  1.46e+01
   3   1.5785918e+01   1.5653994e+01  2.24e+01  0.00e+00  1.02e+01  4.88e+01
   4   1.5980628e+01   1.5879547e+01  6.57e+00  0.00e+00  3.00e+00  5.18e+01
   5   1.6068816e+01   1.6063143e+01  5.19e+00  0.00e+00  2.37e+00  8.03e+02
   6   1.6069808e+01   1.6069561e+01  2.98e-01  0.00e+00  1.36e-01  1.85e+04
   7   1.6069955e+01   1.6069925e+01  1.30e-02  0.00e+00  5.93e-03  1.53e+05
   8   1.6069992e+01   1.6069989e+01  1.58e-03  0.00e+00  7.20e-04  1.22e+06
   9   1.6070000e+01   1.6069999e+01  1.82e-04  0.00e+00  8.29e-05  2.26e+07
  10   1.6070000e+01   1.6070000e+01  8.79e-06  0.00e+00  4.01e-06  4.66e+08
CPLEX Error  3003: Not a mixed-integer problem.
1 of 7 MIP starts provided solutions.
MIP start 'm2' defined initial solution with objective 16.0700.
Retaining values of one MIP start for possible repair.
Tried aggregator 1 time.
MIP Presolve eliminated 1 rows and 3 columns.
MIP Presolve modified 420 coefficients.
Reduced MIP has 21 rows, 36 columns, and 159 nonzeros.
Reduced MIP has 32 binaries, 3 generals, 0 SOSs, and 0 indicators.
Presolve time = 0.00 sec. (0.21 ticks)
Probing time = 0.00 sec. (0.01 ticks)
Tried aggregator 1 time.
Reduced MIP has 21 rows, 36 columns, and 159 nonzeros.
Reduced MIP has 32 binaries, 3 generals, 0 SOSs, and 0 indicators.
Presolve time = 0.00 sec. (0.06 ticks)
ub: 16.070000658634214, lb: 16.06999991595125
###################################
k ... 32
solution = x* ... Any[18,12,1,32,2,11,21,7,9,25,26,29,35,19,22,6,24,4,37,3,28,5,38,20,23,13,14,31,27,36,15,33]
model: PowerModels.GenericPowerModel{PowerModels.SOCWRForm}, cut_type: AC, model_type: OPF
total number of iterations ... 10
solution cost ... 16.06999991595125
computation time ... 0.250623015
mpc.areas
WARNING: unrecognized data matrix named "mpc.areas" data was ignored.

Root node processing (before b&c):
  Real time             =    0.00 sec. (0.37 ticks)
Parallel b&c, 32 threads:
  Real time             =    0.00 sec. (0.00 ticks)
  Sync time (average)   =    0.00 sec.
  Wait time (average)   =    0.00 sec.
                          ------------
Total (root+branch&cut) =    0.00 sec. (0.37 ticks)
WARNING: there was an issue with getsolvetime() on the solver, falling back on @timed.  This is not a rigorous timing value.
full AC load shed ... 16.070000012261552
###################################
