../data/nesta_case24_ieee_rts__sad.m
mpc.areas
WARNING: unrecognized data matrix named "mpc.areas" data was ignored.
no start solution
no start solution
mpc.areas
WARNING: unrecognized data matrix named "mpc.areas" data was ignored.
Tried aggregator 1 time.
LP Presolve eliminated 33 rows and 81 columns.
Aggregator did 4 substitutions.
All rows and columns eliminated.
Presolve time = 0.00 sec. (0.03 ticks)
CPLEX Error  3003: Not a mixed-integer problem.
Tried aggregator 1 time.
MIP Presolve eliminated 2 rows and 39 columns.
All rows and columns eliminated.
Presolve time = 0.00 sec. (0.01 ticks)
ub: 18.220000000000002, lb: 15.05
mpc.areas
WARNING: unrecognized data matrix named "mpc.areas" data was ignored.

Root node processing (before b&c):
  Real time             =    0.00 sec. (0.02 ticks)
Parallel b&c, 32 threads:
  Real time             =    0.00 sec. (0.00 ticks)
  Sync time (average)   =    0.00 sec.
  Wait time (average)   =    0.00 sec.
                          ------------
Total (root+branch&cut) =    0.00 sec. (0.02 ticks)
Tried aggregator 1 time.
LP Presolve eliminated 34 rows and 82 columns.
Aggregator did 3 substitutions.
All rows and columns eliminated.
Presolve time = 0.00 sec. (0.03 ticks)
CPLEX Error  3003: Not a mixed-integer problem.
Warning:  No solution found from 2 MIP starts.
Retaining values of one MIP start for possible repair.
Tried aggregator 1 time.
MIP Presolve eliminated 0 rows and 33 columns.
MIP Presolve modified 9 coefficients.
Reduced MIP has 4 rows, 6 columns, and 12 nonzeros.
Reduced MIP has 2 binaries, 3 generals, 0 SOSs, and 0 indicators.
Presolve time = 0.00 sec. (0.03 ticks)
Found incumbent of value 14.790000 after 0.00 sec. (0.05 ticks)
Probing time = 0.00 sec. (0.00 ticks)
Tried aggregator 1 time.
Reduced MIP has 4 rows, 6 columns, and 12 nonzeros.
Reduced MIP has 2 binaries, 3 generals, 0 SOSs, and 0 indicators.
Presolve time = 0.00 sec. (0.01 ticks)
Probing time = 0.00 sec. (0.00 ticks)
MIP emphasis: balance optimality and feasibility.
MIP search method: dynamic search.
Parallel mode: deterministic, using up to 32 threads.
Root relaxation solution time = 0.00 sec. (0.01 ticks)

        Nodes                                         Cuts/
   Node  Left     Objective  IInf  Best Integer    Best Bound    ItCnt     Gap

*     0+    0                           14.7900       17.0200        2   15.08%
*     0+    0                           16.6350       17.0200        2    2.31%
      0     0       17.0200     2       16.6350       17.0200        2    2.31%
*     0     0      integral     0       17.0200       17.0200        3    0.00%
Elapsed time = 0.00 sec. (0.10 ticks, tree = 0.00 MB, solutions = 3)
ub: 17.02, lb: 15.05
mpc.areas
WARNING: unrecognized data matrix named "mpc.areas" data was ignored.

Root node processing (before b&c):
  Real time             =    0.00 sec. (0.10 ticks)
Parallel b&c, 32 threads:
  Real time             =    0.00 sec. (0.00 ticks)
  Sync time (average)   =    0.00 sec.
  Wait time (average)   =    0.00 sec.
                          ------------
Total (root+branch&cut) =    0.00 sec. (0.10 ticks)
Tried aggregator 1 time.
LP Presolve eliminated 35 rows and 83 columns.
Aggregator did 2 substitutions.
All rows and columns eliminated.
Presolve time = 0.00 sec. (0.03 ticks)
CPLEX Error  3003: Not a mixed-integer problem.
Warning:  No solution found from 4 MIP starts.
Retaining values of one MIP start for possible repair.
Tried aggregator 1 time.
MIP Presolve eliminated 1 rows and 32 columns.
MIP Presolve modified 19 coefficients.
Reduced MIP has 5 rows, 7 columns, and 16 nonzeros.
Reduced MIP has 2 binaries, 4 generals, 0 SOSs, and 0 indicators.
Presolve time = 0.00 sec. (0.04 ticks)
Found incumbent of value 14.790000 after 0.00 sec. (0.07 ticks)
Probing time = 0.00 sec. (0.00 ticks)
Tried aggregator 1 time.
Reduced MIP has 5 rows, 7 columns, and 16 nonzeros.
Reduced MIP has 2 binaries, 4 generals, 0 SOSs, and 0 indicators.
Presolve time = 0.00 sec. (0.01 ticks)
Probing time = 0.00 sec. (0.00 ticks)
MIP emphasis: balance optimality and feasibility.
MIP search method: dynamic search.
Parallel mode: deterministic, using up to 32 threads.
Root relaxation solution time = 0.00 sec. (0.00 ticks)

        Nodes                                         Cuts/
   Node  Left     Objective  IInf  Best Integer    Best Bound    ItCnt     Gap

*     0+    0                           14.7900       16.0700        0    8.65%
*     0+    0                           16.0700       16.0700        0    0.00%
      0     0        cutoff             16.0700       16.0700        0    0.00%
      0     0        cutoff             16.0700       16.0700        0    0.00%
Elapsed time = 0.00 sec. (0.10 ticks, tree = 0.00 MB, solutions = 2)
ub: 16.07, lb: 16.069999999999993
###################################
k ... 34
solution = x* ... Any[18,1,32,2,16,11,21,7,9,25,10,26,29,34,35,19,17,8,22,6,24,4,37,3,28,5,38,20,23,13,31,36,33,30]
model: PowerModels.GenericPowerModel{PowerModels.StandardDCPForm}, cut_type: DC, model_type: OPF
total number of iterations ... 2
solution cost ... 16.069999999999993
computation time ... 0.213316816
mpc.areas
WARNING: unrecognized data matrix named "mpc.areas" data was ignored.

Root node processing (before b&c):
  Real time             =    0.00 sec. (0.10 ticks)
Parallel b&c, 32 threads:
  Real time             =    0.00 sec. (0.00 ticks)
  Sync time (average)   =    0.00 sec.
  Wait time (average)   =    0.00 sec.
                          ------------
Total (root+branch&cut) =    0.00 sec. (0.10 ticks)

******************************************************************************
This program contains Ipopt, a library for large-scale nonlinear optimization.
 Ipopt is released as open source code under the Eclipse Public License (EPL).
         For more information visit http://projects.coin-or.org/Ipopt
******************************************************************************

WARNING: Ipopt finished with status Restoration_Failed
WARNING: Not solved to optimality, status: Error
WARNING: there was an issue with getsolvetime() on the solver, falling back on @timed.  This is not a rigorous timing value.
full AC load shed ... NaN
###################################
mpc.areas
WARNING: unrecognized data matrix named "mpc.areas" data was ignored.
no start solution
no start solution
mpc.areas
WARNING: unrecognized data matrix named "mpc.areas" data was ignored.
Tried aggregator 1 time.
QCP Presolve eliminated 43 rows and 104 columns.
Aggregator did 1 substitutions.
Reduced QCP has 90 rows, 50 columns, and 172 nonzeros.
Reduced QCP has 10 quadratic constraints.
Presolve time = 0.00 sec. (0.07 ticks)
Parallel mode: using up to 32 threads for barrier.
Number of nonzeros in lower triangle of A*A' = 479
Using Approximate Minimum Degree ordering
Total time for automatic ordering = 0.00 sec. (0.02 ticks)
Summary statistics for Cholesky factor:
  Threads                   = 32
  Rows in Factor            = 90
  Integer space required    = 122
  Total non-zeros in factor = 824
  Total FP ops to factor    = 9444
 Itn      Primal Obj        Dual Obj  Prim Inf Upper Inf  Dual Inf Inf Ratio
   0   1.8220000e+01   1.3100000e+01  2.69e+02  0.00e+00  8.83e+01  1.00e+00
   1   1.6631993e+01   1.5216277e+01  2.69e+02  0.00e+00  8.83e+01  8.53e-01
   2   1.5100662e+01   1.4765642e+01  1.14e+02  0.00e+00  3.73e+01  6.32e+00
   3   1.4967913e+01   1.4899119e+01  2.16e+01  0.00e+00  7.11e+00  3.74e+01
   4   1.5086172e+01   1.5049994e+01  4.19e+00  0.00e+00  1.38e+00  6.05e+01
   5   1.5048734e+01   1.5047712e+01  2.31e+00  0.00e+00  7.60e-01  2.37e+03
   6   1.5049795e+01   1.5049592e+01  6.33e-02  0.00e+00  2.08e-02  9.64e+03
   7   1.5049984e+01   1.5049975e+01  1.35e-02  0.00e+00  4.43e-03  2.07e+05
   8   1.5049996e+01   1.5049992e+01  6.34e-04  0.00e+00  2.08e-04  5.53e+05
   9   1.5049999e+01   1.5049998e+01  2.30e-04  0.00e+00  7.58e-05  2.67e+06
  10   1.5049999e+01   1.5049999e+01  4.79e-05  0.00e+00  1.57e-05  3.76e+06
  11   1.5050000e+01   1.5049999e+01  3.38e-05  0.00e+00  1.11e-05  8.92e+06
  12   1.5050000e+01   1.5050000e+01  1.42e-05  0.00e+00  4.68e-06  1.60e+07
CPLEX Error  3003: Not a mixed-integer problem.
Tried aggregator 1 time.
MIP Presolve eliminated 2 rows and 39 columns.
All rows and columns eliminated.
Presolve time = 0.00 sec. (0.01 ticks)
ub: 16.865853787075782, lb: 15.049999810796983
mpc.areas
WARNING: unrecognized data matrix named "mpc.areas" data was ignored.

Root node processing (before b&c):
  Real time             =    0.00 sec. (0.02 ticks)
Parallel b&c, 32 threads:
  Real time             =    0.00 sec. (0.00 ticks)
  Sync time (average)   =    0.00 sec.
  Wait time (average)   =    0.00 sec.
                          ------------
Total (root+branch&cut) =    0.00 sec. (0.02 ticks)
Tried aggregator 1 time.
QCP Presolve eliminated 44 rows and 99 columns.
Aggregator did 3 substitutions.
Reduced QCP has 98 rows, 59 columns, and 183 nonzeros.
Reduced QCP has 11 quadratic constraints.
Presolve time = 0.00 sec. (0.08 ticks)
Parallel mode: using up to 32 threads for barrier.
Number of nonzeros in lower triangle of A*A' = 431
Using Approximate Minimum Degree ordering
Total time for automatic ordering = 0.00 sec. (0.02 ticks)
Summary statistics for Cholesky factor:
  Threads                   = 32
  Rows in Factor            = 98
  Integer space required    = 122
  Total non-zeros in factor = 735
  Total FP ops to factor    = 6823
 Itn      Primal Obj        Dual Obj  Prim Inf Upper Inf  Dual Inf Inf Ratio
   0   1.8120000e+01   1.4320000e+01  3.64e+02  0.00e+00  9.54e+01  1.00e+00
   1   1.6534851e+01   1.4941749e+01  3.64e+02  0.00e+00  9.54e+01  2.06e+00
   2   1.5202409e+01   1.4896499e+01  1.58e+02  0.00e+00  4.13e+01  1.91e+01
   3   1.4855745e+01   1.4751809e+01  2.72e+01  0.00e+00  7.12e+00  5.33e+01
   4   1.4816163e+01   1.4780516e+01  9.32e+00  0.00e+00  2.44e+00  8.48e+01
   5   1.4791910e+01   1.4789566e+01  3.60e+00  0.00e+00  9.43e-01  1.26e+03
   6   1.4790039e+01   1.4789807e+01  2.38e-01  0.00e+00  6.24e-02  1.30e+04
   7   1.4790003e+01   1.4789995e+01  2.35e-02  0.00e+00  6.14e-03  3.32e+05
   8   1.4790000e+01   1.4790000e+01  8.74e-04  0.00e+00  2.29e-04  1.57e+07
   9   1.4790000e+01   1.4790000e+01  1.85e-05  0.00e+00  4.84e-06  1.30e+09
CPLEX Error  3003: Not a mixed-integer problem.
Warning:  No solution found from 2 MIP starts.
Retaining values of one MIP start for possible repair.
Tried aggregator 1 time.
MIP Presolve eliminated 0 rows and 30 columns.
MIP Presolve modified 12 coefficients.
Reduced MIP has 4 rows, 9 columns, and 21 nonzeros.
Reduced MIP has 6 binaries, 2 generals, 0 SOSs, and 0 indicators.
Presolve time = 0.00 sec. (0.03 ticks)
Found incumbent of value 14.790000 after 0.00 sec. (0.06 ticks)
Probing time = 0.00 sec. (0.00 ticks)
Tried aggregator 1 time.
Reduced MIP has 4 rows, 9 columns, and 21 nonzeros.
Reduced MIP has 6 binaries, 2 generals, 0 SOSs, and 0 indicators.
Presolve time = 0.00 sec. (0.01 ticks)
Probing time = 0.00 sec. (0.00 ticks)
MIP emphasis: balance optimality and feasibility.
MIP search method: dynamic search.
Parallel mode: deterministic, using up to 32 threads.
Root relaxation solution time = 0.00 sec. (0.00 ticks)

        Nodes                                         Cuts/
   Node  Left     Objective  IInf  Best Integer    Best Bound    ItCnt     Gap

*     0+    0                           14.7900       16.2970        0   10.19%
*     0+    0                           15.0500       16.2970        0    8.29%
*     0     0      integral     0       16.2970       16.2970        0    0.00%
Elapsed time = 0.00 sec. (0.10 ticks, tree = 0.00 MB, solutions = 3)
ub: 16.296953093265792, lb: 15.049999810796983
mpc.areas
WARNING: unrecognized data matrix named "mpc.areas" data was ignored.

Root node processing (before b&c):
  Real time             =    0.00 sec. (0.10 ticks)
Parallel b&c, 32 threads:
  Real time             =    0.00 sec. (0.00 ticks)
  Sync time (average)   =    0.00 sec.
  Wait time (average)   =    0.00 sec.
                          ------------
Total (root+branch&cut) =    0.00 sec. (0.10 ticks)
Tried aggregator 1 time.
QCP Presolve eliminated 44 rows and 100 columns.
Aggregator did 6 substitutions.
Reduced QCP has 88 rows, 54 columns, and 165 nonzeros.
Reduced QCP has 10 quadratic constraints.
Presolve time = 0.00 sec. (0.08 ticks)
Parallel mode: using up to 32 threads for barrier.
Number of nonzeros in lower triangle of A*A' = 352
Using Approximate Minimum Degree ordering
Total time for automatic ordering = 0.00 sec. (0.02 ticks)
Summary statistics for Cholesky factor:
  Threads                   = 32
  Rows in Factor            = 88
  Integer space required    = 98
  Total non-zeros in factor = 613
  Total FP ops to factor    = 5517
 Itn      Primal Obj        Dual Obj  Prim Inf Upper Inf  Dual Inf Inf Ratio
   0   1.7070000e+01   1.6070000e+01  2.03e+02  0.00e+00  8.71e+01  1.00e+00
   1   1.6488373e+01   1.6260187e+01  2.03e+02  0.00e+00  8.71e+01  1.37e+00
   2   1.5841930e+01   1.5736737e+01  9.76e+01  0.00e+00  4.18e+01  1.18e+01
   3   1.5430111e+01   1.5408556e+01  1.93e+01  0.00e+00  8.28e+00  5.39e+01
   4   1.5458634e+01   1.5441058e+01  4.08e+00  0.00e+00  1.75e+00  5.33e+01
   5   1.5479387e+01   1.5463411e+01  3.69e+00  0.00e+00  1.58e+00  5.90e+01
   6   1.5510501e+01   1.5501204e+01  3.35e+00  0.00e+00  1.43e+00  9.39e+01
   7   1.5517154e+01   1.5509958e+01  2.03e+00  0.00e+00  8.69e-01  1.14e+02
   8   1.5522554e+01   1.5519506e+01  1.62e+00  0.00e+00  6.96e-01  2.57e+02
   9   1.5523294e+01   1.5520367e+01  7.06e-01  0.00e+00  3.03e-01  2.67e+02
  10   1.5523018e+01   1.5522114e+01  6.79e-01  0.00e+00  2.91e-01  8.46e+02
  11   1.5518485e+01   1.5518063e+01  2.12e-01  0.00e+00  9.09e-02  1.44e+03
  12   1.5519951e+01   1.5519669e+01  1.14e-01  0.00e+00  4.87e-02  1.95e+03
  13   1.5521261e+01   1.5521231e+01  8.08e-02  0.00e+00  3.46e-02  1.64e+04
  14   1.5521389e+01   1.5521386e+01  9.30e-03  0.00e+00  3.98e-03  1.42e+05
  15   1.5521371e+01   1.5521370e+01  1.06e-03  0.00e+00  4.56e-04  1.48e+06
  16   1.5521372e+01   1.5521372e+01  1.02e-04  0.00e+00  4.36e-05  5.86e+06
  17   1.5521372e+01   1.5521372e+01  2.48e-05  0.00e+00  1.06e-05  5.80e+08
CPLEX Error  3003: Not a mixed-integer problem.
1 of 4 MIP starts provided solutions.
MIP start 'm2' defined initial solution with objective 15.0500.
Retaining values of one MIP start for possible repair.
Tried aggregator 1 time.
MIP Presolve eliminated 0 rows and 27 columns.
MIP Presolve modified 30 coefficients.
Reduced MIP has 6 rows, 12 columns, and 30 nonzeros.
Reduced MIP has 8 binaries, 3 generals, 0 SOSs, and 0 indicators.
Presolve time = 0.00 sec. (0.05 ticks)
Probing time = 0.00 sec. (0.00 ticks)
Tried aggregator 1 time.
Reduced MIP has 6 rows, 12 columns, and 30 nonzeros.
Reduced MIP has 8 binaries, 3 generals, 0 SOSs, and 0 indicators.
Presolve time = 0.00 sec. (0.01 ticks)
Probing time = 0.00 sec. (0.00 ticks)
MIP emphasis: balance optimality and feasibility.
MIP search method: dynamic search.
Parallel mode: deterministic, using up to 32 threads.
Root relaxation solution time = 0.00 sec. (0.01 ticks)

        Nodes                                         Cuts/
   Node  Left     Objective  IInf  Best Integer    Best Bound    ItCnt     Gap

*     0+    0                           15.0500       16.1435        0    7.27%
*     0     0      integral     0       16.1435       16.1435        0    0.00%
Elapsed time = 0.00 sec. (0.12 ticks, tree = 0.00 MB, solutions = 1)
ub: 16.143533102939475, lb: 15.52137187816693
mpc.areas
WARNING: unrecognized data matrix named "mpc.areas" data was ignored.

Root node processing (before b&c):
  Real time             =    0.00 sec. (0.12 ticks)
Parallel b&c, 32 threads:
  Real time             =    0.00 sec. (0.00 ticks)
  Sync time (average)   =    0.00 sec.
  Wait time (average)   =    0.00 sec.
                          ------------
Total (root+branch&cut) =    0.00 sec. (0.12 ticks)
Tried aggregator 1 time.
QCP Presolve eliminated 43 rows and 96 columns.
Aggregator did 5 substitutions.
Reduced QCP has 95 rows, 59 columns, and 177 nonzeros.
Reduced QCP has 10 quadratic constraints.
Presolve time = 0.00 sec. (0.08 ticks)
Parallel mode: using up to 32 threads for barrier.
Number of nonzeros in lower triangle of A*A' = 376
Using Approximate Minimum Degree ordering
Total time for automatic ordering = 0.00 sec. (0.02 ticks)
Summary statistics for Cholesky factor:
  Threads                   = 32
  Rows in Factor            = 95
  Integer space required    = 107
  Total non-zeros in factor = 633
  Total FP ops to factor    = 5173
 Itn      Primal Obj        Dual Obj  Prim Inf Upper Inf  Dual Inf Inf Ratio
   0   2.0690000e+01   1.6070000e+01  2.71e+02  0.00e+00  9.48e+01  1.00e+00
   1   1.8030171e+01   1.6117326e+01  2.71e+02  0.00e+00  9.48e+01  1.30e+00
   2   1.6389952e+01   1.5921965e+01  1.29e+02  0.00e+00  4.52e+01  1.03e+01
   3   1.5384065e+01   1.5263439e+01  2.73e+01  0.00e+00  9.54e+00  4.00e+01
   4   1.5422567e+01   1.5385204e+01  7.02e+00  0.00e+00  2.46e+00  8.15e+01
   5   1.5379292e+01   1.5375879e+01  2.39e+00  0.00e+00  8.37e-01  8.86e+02
   6   1.5374808e+01   1.5374783e+01  2.19e-01  0.00e+00  7.66e-02  1.32e+05
   7   1.5374777e+01   1.5374777e+01  1.57e-03  0.00e+00  5.50e-04  1.03e+07
   8   1.5374777e+01   1.5374777e+01  2.01e-05  0.00e+00  7.03e-06  1.73e+08
CPLEX Error  3003: Not a mixed-integer problem.
Warning:  No solution found from 3 MIP starts.
Retaining values of one MIP start for possible repair.
Tried aggregator 1 time.
MIP Presolve eliminated 0 rows and 23 columns.
MIP Presolve modified 57 coefficients.
Reduced MIP has 8 rows, 16 columns, and 43 nonzeros.
Reduced MIP has 12 binaries, 3 generals, 0 SOSs, and 0 indicators.
Presolve time = 0.00 sec. (0.07 ticks)
Found incumbent of value 14.790000 after 0.00 sec. (0.11 ticks)
Probing time = 0.00 sec. (0.01 ticks)
Tried aggregator 1 time.
Reduced MIP has 8 rows, 16 columns, and 43 nonzeros.
Reduced MIP has 12 binaries, 3 generals, 0 SOSs, and 0 indicators.
Presolve time = 0.00 sec. (0.02 ticks)
Probing time = 0.00 sec. (0.01 ticks)
MIP emphasis: balance optimality and feasibility.
MIP search method: dynamic search.
Parallel mode: deterministic, using up to 32 threads.
Root relaxation solution time = 0.00 sec. (0.01 ticks)

        Nodes                                         Cuts/
   Node  Left     Objective  IInf  Best Integer    Best Bound    ItCnt     Gap

*     0+    0                           14.7900       16.1435        0    9.15%
*     0+    0                           15.0500       16.1435        0    7.27%
*     0     0      integral     0       16.1435       16.1435        0    0.00%
Elapsed time = 0.00 sec. (0.17 ticks, tree = 0.00 MB, solutions = 3)
ub: 16.143533102939475, lb: 15.52137187816693
mpc.areas
WARNING: unrecognized data matrix named "mpc.areas" data was ignored.

Root node processing (before b&c):
  Real time             =    0.00 sec. (0.18 ticks)
Parallel b&c, 32 threads:
  Real time             =    0.00 sec. (0.00 ticks)
  Sync time (average)   =    0.00 sec.
  Wait time (average)   =    0.00 sec.
                          ------------
Total (root+branch&cut) =    0.00 sec. (0.18 ticks)
Tried aggregator 1 time.
QCP Presolve eliminated 37 rows and 90 columns.
Aggregator did 4 substitutions.
Reduced QCP has 115 rows, 68 columns, and 210 nonzeros.
Reduced QCP has 12 quadratic constraints.
Presolve time = 0.00 sec. (0.08 ticks)
Parallel mode: using up to 32 threads for barrier.
Number of nonzeros in lower triangle of A*A' = 474
Using Approximate Minimum Degree ordering
Total time for automatic ordering = 0.00 sec. (0.03 ticks)
Summary statistics for Cholesky factor:
  Threads                   = 32
  Rows in Factor            = 115
  Integer space required    = 131
  Total non-zeros in factor = 789
  Total FP ops to factor    = 6615
 Itn      Primal Obj        Dual Obj  Prim Inf Upper Inf  Dual Inf Inf Ratio
   0   2.1270000e+01   1.5050000e+01  3.75e+02  0.00e+00  1.18e+02  1.00e+00
   1   1.8459804e+01   1.5644946e+01  3.75e+02  0.00e+00  1.18e+02  1.42e+00
   2   1.5295684e+01   1.4500252e+01  1.83e+02  0.00e+00  5.76e+01  7.87e+00
   3   1.2976778e+01   1.2789555e+01  4.79e+01  0.00e+00  1.51e+01  3.77e+01
   4   1.2703777e+01   1.2640670e+01  1.11e+01  0.00e+00  3.50e+00  1.03e+02
   5   1.2778006e+01   1.2711324e+01  3.78e+00  0.00e+00  1.19e+00  8.78e+01
   6   1.2796737e+01   1.2773585e+01  4.05e+00  0.00e+00  1.28e+00  1.83e+02
   7   1.2793757e+01   1.2792228e+01  1.49e+00  0.00e+00  4.69e-01  3.11e+03
   8   1.2790638e+01   1.2790556e+01  9.61e-02  0.00e+00  3.03e-02  5.16e+04
   9   1.2790598e+01   1.2790573e+01  5.28e-03  0.00e+00  1.67e-03  1.72e+05
  10   1.2790607e+01   1.2790593e+01  1.56e-03  0.00e+00  4.94e-04  2.84e+05
  11   1.2790601e+01   1.2790597e+01  9.18e-04  0.00e+00  2.90e-04  8.81e+05
  12   1.2790602e+01   1.2790599e+01  2.92e-04  0.00e+00  9.23e-05  1.51e+06
  13   1.2790603e+01   1.2790602e+01  1.70e-04  0.00e+00  5.35e-05  3.78e+06
  14   1.2790604e+01   1.2790604e+01  6.59e-05  0.00e+00  2.08e-05  6.50e+07
CPLEX Error  3003: Not a mixed-integer problem.
1 of 4 MIP starts provided solutions.
MIP start 'm2' defined initial solution with objective 15.0500.
Retaining values of one MIP start for possible repair.
Tried aggregator 1 time.
MIP Presolve eliminated 0 rows and 19 columns.
MIP Presolve modified 92 coefficients.
Reduced MIP has 10 rows, 20 columns, and 56 nonzeros.
Reduced MIP has 16 binaries, 3 generals, 0 SOSs, and 0 indicators.
Presolve time = 0.00 sec. (0.10 ticks)
Probing time = 0.00 sec. (0.01 ticks)
Tried aggregator 1 time.
Reduced MIP has 10 rows, 20 columns, and 56 nonzeros.
Reduced MIP has 16 binaries, 3 generals, 0 SOSs, and 0 indicators.
Presolve time = 0.00 sec. (0.03 ticks)
Probing time = 0.00 sec. (0.01 ticks)
MIP emphasis: balance optimality and feasibility.
MIP search method: dynamic search.
Parallel mode: deterministic, using up to 32 threads.
Root relaxation solution time = 0.00 sec. (0.01 ticks)

        Nodes                                         Cuts/
   Node  Left     Objective  IInf  Best Integer    Best Bound    ItCnt     Gap

*     0+    0                           15.0500       16.1435        0    7.27%
*     0     0      integral     0       16.1435       16.1435        0    0.00%
Elapsed time = 0.00 sec. (0.21 ticks, tree = 0.00 MB, solutions = 1)
ub: 16.143533102939475, lb: 15.52137187816693
mpc.areas
WARNING: unrecognized data matrix named "mpc.areas" data was ignored.

Root node processing (before b&c):
  Real time             =    0.00 sec. (0.21 ticks)
Parallel b&c, 32 threads:
  Real time             =    0.00 sec. (0.00 ticks)
  Sync time (average)   =    0.00 sec.
  Wait time (average)   =    0.00 sec.
                          ------------
Total (root+branch&cut) =    0.00 sec. (0.21 ticks)
Tried aggregator 1 time.
QCP Presolve eliminated 42 rows and 100 columns.
Aggregator did 4 substitutions.
Reduced QCP has 97 rows, 57 columns, and 182 nonzeros.
Reduced QCP has 11 quadratic constraints.
Presolve time = 0.00 sec. (0.08 ticks)
Parallel mode: using up to 32 threads for barrier.
Number of nonzeros in lower triangle of A*A' = 436
Using Approximate Minimum Degree ordering
Total time for automatic ordering = 0.00 sec. (0.02 ticks)
Summary statistics for Cholesky factor:
  Threads                   = 32
  Rows in Factor            = 97
  Integer space required    = 129
  Total non-zeros in factor = 728
  Total FP ops to factor    = 6716
 Itn      Primal Obj        Dual Obj  Prim Inf Upper Inf  Dual Inf Inf Ratio
   0   1.8720000e+01   1.4320000e+01  2.12e+02  0.00e+00  9.70e+01  1.00e+00
   1   1.6739276e+01   1.4664197e+01  2.12e+02  0.00e+00  9.70e+01  1.47e+00
   2   1.6296775e+01   1.5838961e+01  1.08e+02  0.00e+00  4.95e+01  8.96e+00
   3   1.6029378e+01   1.5992118e+01  2.23e+01  0.00e+00  1.02e+01  2.25e+02
   4   1.6039456e+01   1.6017052e+01  1.64e+00  0.00e+00  7.49e-01  2.25e+02
   5   1.6065625e+01   1.6062682e+01  1.05e+00  0.00e+00  4.82e-01  1.01e+03
   6   1.6069974e+01   1.6069958e+01  1.54e-01  0.00e+00  7.06e-02  1.92e+05
   7   1.6069999e+01   1.6069998e+01  8.36e-04  0.00e+00  3.83e-04  4.00e+06
   8   1.6070000e+01   1.6070000e+01  4.01e-05  0.00e+00  1.83e-05  5.46e+08
   9   1.6070000e+01   1.6070000e+01  2.77e-07  0.00e+00  1.27e-07  1.19e+11
CPLEX Error  3003: Not a mixed-integer problem.
Warning:  No solution found from 3 MIP starts.
Retaining values of one MIP start for possible repair.
Tried aggregator 1 time.
MIP Presolve eliminated 0 rows and 15 columns.
MIP Presolve modified 136 coefficients.
Reduced MIP has 12 rows, 24 columns, and 69 nonzeros.
Reduced MIP has 20 binaries, 3 generals, 0 SOSs, and 0 indicators.
Presolve time = 0.00 sec. (0.14 ticks)
Found incumbent of value 12.790604 after 0.00 sec. (0.19 ticks)
Probing time = 0.00 sec. (0.01 ticks)
Tried aggregator 1 time.
Reduced MIP has 12 rows, 24 columns, and 69 nonzeros.
Reduced MIP has 20 binaries, 3 generals, 0 SOSs, and 0 indicators.
Presolve time = 0.00 sec. (0.04 ticks)
Probing time = 0.00 sec. (0.01 ticks)
MIP emphasis: balance optimality and feasibility.
MIP search method: dynamic search.
Parallel mode: deterministic, using up to 32 threads.
Root relaxation solution time = 0.00 sec. (0.01 ticks)

        Nodes                                         Cuts/
   Node  Left     Objective  IInf  Best Integer    Best Bound    ItCnt     Gap

*     0+    0                           12.7906       16.1435        0   26.21%
*     0+    0                           16.1435       16.1435        0    0.00%
      0     0        cutoff             16.1435       16.1435        0    0.00%
      0     0        cutoff             16.1435       16.1435        0    0.00%
Elapsed time = 0.00 sec. (0.31 ticks, tree = 0.00 MB, solutions = 2)
ub: 16.143533102939475, lb: 16.06999999995979
###################################
k ... 34
solution = x* ... Any[18,12,1,32,2,16,11,21,7,9,25,10,26,29,34,35,17,24,4,37,3,28,5,38,20,23,13,14,31,27,36,15,33,30]
model: PowerModels.GenericPowerModel{PowerModels.SOCWRForm}, cut_type: DC, model_type: OPF
total number of iterations ... 5
solution cost ... 16.06999999995979
computation time ... 0.116686552
mpc.areas
WARNING: unrecognized data matrix named "mpc.areas" data was ignored.

Root node processing (before b&c):
  Real time             =    0.00 sec. (0.31 ticks)
Parallel b&c, 32 threads:
  Real time             =    0.00 sec. (0.00 ticks)
  Sync time (average)   =    0.00 sec.
  Wait time (average)   =    0.00 sec.
                          ------------
Total (root+branch&cut) =    0.00 sec. (0.31 ticks)
WARNING: Ipopt finished with status Restoration_Failed
WARNING: Not solved to optimality, status: Error
WARNING: there was an issue with getsolvetime() on the solver, falling back on @timed.  This is not a rigorous timing value.
full AC load shed ... NaN
###################################
mpc.areas
WARNING: unrecognized data matrix named "mpc.areas" data was ignored.
no start solution
no start solution
mpc.areas
WARNING: unrecognized data matrix named "mpc.areas" data was ignored.
Tried aggregator 1 time.
QCP Presolve eliminated 43 rows and 104 columns.
Aggregator did 1 substitutions.
Reduced QCP has 90 rows, 50 columns, and 172 nonzeros.
Reduced QCP has 10 quadratic constraints.
Presolve time = 0.00 sec. (0.07 ticks)
Parallel mode: using up to 32 threads for barrier.
Number of nonzeros in lower triangle of A*A' = 479
Using Approximate Minimum Degree ordering
Total time for automatic ordering = 0.00 sec. (0.02 ticks)
Summary statistics for Cholesky factor:
  Threads                   = 32
  Rows in Factor            = 90
  Integer space required    = 122
  Total non-zeros in factor = 824
  Total FP ops to factor    = 9444
 Itn      Primal Obj        Dual Obj  Prim Inf Upper Inf  Dual Inf Inf Ratio
   0   1.8220000e+01   1.3100000e+01  2.69e+02  0.00e+00  8.83e+01  1.00e+00
   1   1.6631993e+01   1.5216277e+01  2.69e+02  0.00e+00  8.83e+01  8.53e-01
   2   1.5100662e+01   1.4765642e+01  1.14e+02  0.00e+00  3.73e+01  6.32e+00
   3   1.4967913e+01   1.4899119e+01  2.16e+01  0.00e+00  7.11e+00  3.74e+01
   4   1.5086172e+01   1.5049994e+01  4.19e+00  0.00e+00  1.38e+00  6.05e+01
   5   1.5048734e+01   1.5047712e+01  2.31e+00  0.00e+00  7.60e-01  2.37e+03
   6   1.5049795e+01   1.5049592e+01  6.33e-02  0.00e+00  2.08e-02  9.64e+03
   7   1.5049984e+01   1.5049975e+01  1.35e-02  0.00e+00  4.43e-03  2.07e+05
   8   1.5049996e+01   1.5049992e+01  6.34e-04  0.00e+00  2.08e-04  5.53e+05
   9   1.5049999e+01   1.5049998e+01  2.30e-04  0.00e+00  7.58e-05  2.67e+06
  10   1.5049999e+01   1.5049999e+01  4.79e-05  0.00e+00  1.57e-05  3.76e+06
  11   1.5050000e+01   1.5049999e+01  3.38e-05  0.00e+00  1.11e-05  8.92e+06
  12   1.5050000e+01   1.5050000e+01  1.42e-05  0.00e+00  4.68e-06  1.60e+07
CPLEX Error  3003: Not a mixed-integer problem.
Tried aggregator 1 time.
MIP Presolve eliminated 2 rows and 39 columns.
All rows and columns eliminated.
Presolve time = 0.00 sec. (0.01 ticks)
ub: 16.86585601660814, lb: 15.049999810796983
mpc.areas
WARNING: unrecognized data matrix named "mpc.areas" data was ignored.

Root node processing (before b&c):
  Real time             =    0.00 sec. (0.02 ticks)
Parallel b&c, 32 threads:
  Real time             =    0.00 sec. (0.00 ticks)
  Sync time (average)   =    0.00 sec.
  Wait time (average)   =    0.00 sec.
                          ------------
Total (root+branch&cut) =    0.00 sec. (0.02 ticks)
Tried aggregator 1 time.
QCP Presolve eliminated 44 rows and 99 columns.
Aggregator did 3 substitutions.
Reduced QCP has 98 rows, 59 columns, and 183 nonzeros.
Reduced QCP has 11 quadratic constraints.
Presolve time = 0.00 sec. (0.08 ticks)
Parallel mode: using up to 32 threads for barrier.
Number of nonzeros in lower triangle of A*A' = 431
Using Approximate Minimum Degree ordering
Total time for automatic ordering = 0.00 sec. (0.02 ticks)
Summary statistics for Cholesky factor:
  Threads                   = 32
  Rows in Factor            = 98
  Integer space required    = 122
  Total non-zeros in factor = 735
  Total FP ops to factor    = 6823
 Itn      Primal Obj        Dual Obj  Prim Inf Upper Inf  Dual Inf Inf Ratio
   0   1.8120000e+01   1.4320000e+01  3.64e+02  0.00e+00  9.54e+01  1.00e+00
   1   1.6534851e+01   1.4941749e+01  3.64e+02  0.00e+00  9.54e+01  2.06e+00
   2   1.5202409e+01   1.4896499e+01  1.58e+02  0.00e+00  4.13e+01  1.91e+01
   3   1.4855745e+01   1.4751809e+01  2.72e+01  0.00e+00  7.12e+00  5.33e+01
   4   1.4816163e+01   1.4780516e+01  9.32e+00  0.00e+00  2.44e+00  8.48e+01
   5   1.4791910e+01   1.4789566e+01  3.60e+00  0.00e+00  9.43e-01  1.26e+03
   6   1.4790039e+01   1.4789807e+01  2.38e-01  0.00e+00  6.24e-02  1.30e+04
   7   1.4790003e+01   1.4789995e+01  2.35e-02  0.00e+00  6.14e-03  3.32e+05
   8   1.4790000e+01   1.4790000e+01  8.74e-04  0.00e+00  2.29e-04  1.57e+07
   9   1.4790000e+01   1.4790000e+01  1.85e-05  0.00e+00  4.84e-06  1.30e+09
CPLEX Error  3003: Not a mixed-integer problem.
Warning:  No solution found from 2 MIP starts.
Retaining values of one MIP start for possible repair.
Tried aggregator 1 time.
MIP Presolve eliminated 0 rows and 30 columns.
MIP Presolve modified 12 coefficients.
Reduced MIP has 4 rows, 9 columns, and 21 nonzeros.
Reduced MIP has 6 binaries, 2 generals, 0 SOSs, and 0 indicators.
Presolve time = 0.00 sec. (0.03 ticks)
Found incumbent of value 14.790000 after 0.00 sec. (0.06 ticks)
Probing time = 0.00 sec. (0.00 ticks)
Tried aggregator 1 time.
Reduced MIP has 4 rows, 9 columns, and 21 nonzeros.
Reduced MIP has 6 binaries, 2 generals, 0 SOSs, and 0 indicators.
Presolve time = 0.00 sec. (0.01 ticks)
Probing time = 0.00 sec. (0.00 ticks)
MIP emphasis: balance optimality and feasibility.
MIP search method: dynamic search.
Parallel mode: deterministic, using up to 32 threads.
Root relaxation solution time = 0.00 sec. (0.00 ticks)

        Nodes                                         Cuts/
   Node  Left     Objective  IInf  Best Integer    Best Bound    ItCnt     Gap

*     0+    0                           14.7900       16.5395        0   11.83%
*     0+    0                           15.0500       16.5395        0    9.90%
*     0     0      integral     0       16.5395       16.5395        0    0.00%
Elapsed time = 0.00 sec. (0.10 ticks, tree = 0.00 MB, solutions = 3)
ub: 16.539533592677653, lb: 15.049999810796983
mpc.areas
WARNING: unrecognized data matrix named "mpc.areas" data was ignored.

Root node processing (before b&c):
  Real time             =    0.00 sec. (0.10 ticks)
Parallel b&c, 32 threads:
  Real time             =    0.00 sec. (0.00 ticks)
  Sync time (average)   =    0.00 sec.
  Wait time (average)   =    0.00 sec.
                          ------------
Total (root+branch&cut) =    0.00 sec. (0.10 ticks)
Tried aggregator 1 time.
QCP Presolve eliminated 44 rows and 100 columns.
Aggregator did 6 substitutions.
Reduced QCP has 88 rows, 54 columns, and 165 nonzeros.
Reduced QCP has 10 quadratic constraints.
Presolve time = 0.00 sec. (0.08 ticks)
Parallel mode: using up to 32 threads for barrier.
Number of nonzeros in lower triangle of A*A' = 352
Using Approximate Minimum Degree ordering
Total time for automatic ordering = 0.00 sec. (0.02 ticks)
Summary statistics for Cholesky factor:
  Threads                   = 32
  Rows in Factor            = 88
  Integer space required    = 98
  Total non-zeros in factor = 613
  Total FP ops to factor    = 5517
 Itn      Primal Obj        Dual Obj  Prim Inf Upper Inf  Dual Inf Inf Ratio
   0   1.7070000e+01   1.6070000e+01  2.03e+02  0.00e+00  8.71e+01  1.00e+00
   1   1.6488373e+01   1.6260187e+01  2.03e+02  0.00e+00  8.71e+01  1.37e+00
   2   1.5841930e+01   1.5736737e+01  9.76e+01  0.00e+00  4.18e+01  1.18e+01
   3   1.5430111e+01   1.5408556e+01  1.93e+01  0.00e+00  8.28e+00  5.39e+01
   4   1.5458634e+01   1.5441058e+01  4.08e+00  0.00e+00  1.75e+00  5.33e+01
   5   1.5479387e+01   1.5463411e+01  3.69e+00  0.00e+00  1.58e+00  5.90e+01
   6   1.5510501e+01   1.5501204e+01  3.35e+00  0.00e+00  1.43e+00  9.39e+01
   7   1.5517154e+01   1.5509958e+01  2.03e+00  0.00e+00  8.69e-01  1.14e+02
   8   1.5522554e+01   1.5519506e+01  1.62e+00  0.00e+00  6.96e-01  2.57e+02
   9   1.5523294e+01   1.5520367e+01  7.06e-01  0.00e+00  3.03e-01  2.67e+02
  10   1.5523018e+01   1.5522114e+01  6.79e-01  0.00e+00  2.91e-01  8.46e+02
  11   1.5518485e+01   1.5518063e+01  2.12e-01  0.00e+00  9.09e-02  1.44e+03
  12   1.5519951e+01   1.5519669e+01  1.14e-01  0.00e+00  4.87e-02  1.95e+03
  13   1.5521261e+01   1.5521231e+01  8.08e-02  0.00e+00  3.46e-02  1.64e+04
  14   1.5521389e+01   1.5521386e+01  9.30e-03  0.00e+00  3.98e-03  1.42e+05
  15   1.5521371e+01   1.5521370e+01  1.06e-03  0.00e+00  4.56e-04  1.48e+06
  16   1.5521372e+01   1.5521372e+01  1.02e-04  0.00e+00  4.36e-05  5.86e+06
  17   1.5521372e+01   1.5521372e+01  2.48e-05  0.00e+00  1.06e-05  5.80e+08
CPLEX Error  3003: Not a mixed-integer problem.
1 of 4 MIP starts provided solutions.
MIP start 'm2' defined initial solution with objective 15.0500.
Retaining values of one MIP start for possible repair.
Tried aggregator 1 time.
MIP Presolve eliminated 0 rows and 27 columns.
MIP Presolve modified 29 coefficients.
Reduced MIP has 6 rows, 12 columns, and 30 nonzeros.
Reduced MIP has 8 binaries, 3 generals, 0 SOSs, and 0 indicators.
Presolve time = 0.00 sec. (0.05 ticks)
Probing time = 0.00 sec. (0.00 ticks)
Tried aggregator 1 time.
Reduced MIP has 6 rows, 12 columns, and 30 nonzeros.
Reduced MIP has 8 binaries, 3 generals, 0 SOSs, and 0 indicators.
Presolve time = 0.00 sec. (0.01 ticks)
Probing time = 0.00 sec. (0.00 ticks)
MIP emphasis: balance optimality and feasibility.
MIP search method: dynamic search.
Parallel mode: deterministic, using up to 32 threads.
Root relaxation solution time = 0.00 sec. (0.01 ticks)

        Nodes                                         Cuts/
   Node  Left     Objective  IInf  Best Integer    Best Bound    ItCnt     Gap

*     0+    0                           15.0500       16.5395        0    9.90%
*     0     0      integral     0       16.5395       16.5395        0    0.00%
Elapsed time = 0.00 sec. (0.12 ticks, tree = 0.00 MB, solutions = 1)
ub: 16.539533592677653, lb: 15.52137187816693
mpc.areas
WARNING: unrecognized data matrix named "mpc.areas" data was ignored.

Root node processing (before b&c):
  Real time             =    0.00 sec. (0.12 ticks)
Parallel b&c, 32 threads:
  Real time             =    0.00 sec. (0.00 ticks)
  Sync time (average)   =    0.00 sec.
  Wait time (average)   =    0.00 sec.
                          ------------
Total (root+branch&cut) =    0.00 sec. (0.12 ticks)
Tried aggregator 1 time.
QCP Presolve eliminated 43 rows and 96 columns.
Aggregator did 5 substitutions.
Reduced QCP has 95 rows, 59 columns, and 177 nonzeros.
Reduced QCP has 10 quadratic constraints.
Presolve time = 0.00 sec. (0.08 ticks)
Parallel mode: using up to 32 threads for barrier.
Number of nonzeros in lower triangle of A*A' = 376
Using Approximate Minimum Degree ordering
Total time for automatic ordering = 0.00 sec. (0.02 ticks)
Summary statistics for Cholesky factor:
  Threads                   = 32
  Rows in Factor            = 95
  Integer space required    = 107
  Total non-zeros in factor = 633
  Total FP ops to factor    = 5173
 Itn      Primal Obj        Dual Obj  Prim Inf Upper Inf  Dual Inf Inf Ratio
   0   2.0690000e+01   1.6070000e+01  2.71e+02  0.00e+00  9.48e+01  1.00e+00
   1   1.8030171e+01   1.6117326e+01  2.71e+02  0.00e+00  9.48e+01  1.30e+00
   2   1.6389952e+01   1.5921965e+01  1.29e+02  0.00e+00  4.52e+01  1.03e+01
   3   1.5384065e+01   1.5263439e+01  2.73e+01  0.00e+00  9.54e+00  4.00e+01
   4   1.5422567e+01   1.5385204e+01  7.02e+00  0.00e+00  2.46e+00  8.15e+01
   5   1.5379292e+01   1.5375879e+01  2.39e+00  0.00e+00  8.37e-01  8.86e+02
   6   1.5374808e+01   1.5374783e+01  2.19e-01  0.00e+00  7.66e-02  1.32e+05
   7   1.5374777e+01   1.5374777e+01  1.57e-03  0.00e+00  5.50e-04  1.03e+07
   8   1.5374777e+01   1.5374777e+01  2.01e-05  0.00e+00  7.03e-06  1.73e+08
CPLEX Error  3003: Not a mixed-integer problem.
Warning:  No solution found from 3 MIP starts.
Retaining values of one MIP start for possible repair.
Tried aggregator 1 time.
MIP Presolve eliminated 0 rows and 23 columns.
MIP Presolve modified 57 coefficients.
Reduced MIP has 8 rows, 16 columns, and 43 nonzeros.
Reduced MIP has 12 binaries, 3 generals, 0 SOSs, and 0 indicators.
Presolve time = 0.00 sec. (0.07 ticks)
Found incumbent of value 14.790000 after 0.00 sec. (0.11 ticks)
Probing time = 0.00 sec. (0.01 ticks)
Tried aggregator 1 time.
Reduced MIP has 8 rows, 16 columns, and 43 nonzeros.
Reduced MIP has 12 binaries, 3 generals, 0 SOSs, and 0 indicators.
Presolve time = 0.00 sec. (0.02 ticks)
Probing time = 0.00 sec. (0.01 ticks)
MIP emphasis: balance optimality and feasibility.
MIP search method: dynamic search.
Parallel mode: deterministic, using up to 32 threads.
Root relaxation solution time = 0.00 sec. (0.01 ticks)

        Nodes                                         Cuts/
   Node  Left     Objective  IInf  Best Integer    Best Bound    ItCnt     Gap

*     0+    0                           14.7900       16.5395        0   11.83%
*     0+    0                           15.0500       16.5395        0    9.90%
*     0     0      integral     0       16.5395       16.5395        0    0.00%
Elapsed time = 0.00 sec. (0.18 ticks, tree = 0.00 MB, solutions = 3)
ub: 16.539533592677653, lb: 15.52137187816693
mpc.areas
WARNING: unrecognized data matrix named "mpc.areas" data was ignored.

Root node processing (before b&c):
  Real time             =    0.00 sec. (0.18 ticks)
Parallel b&c, 32 threads:
  Real time             =    0.00 sec. (0.00 ticks)
  Sync time (average)   =    0.00 sec.
  Wait time (average)   =    0.00 sec.
                          ------------
Total (root+branch&cut) =    0.00 sec. (0.18 ticks)
Tried aggregator 1 time.
QCP Presolve eliminated 37 rows and 90 columns.
Aggregator did 4 substitutions.
Reduced QCP has 115 rows, 68 columns, and 210 nonzeros.
Reduced QCP has 12 quadratic constraints.
Presolve time = 0.00 sec. (0.08 ticks)
Parallel mode: using up to 32 threads for barrier.
Number of nonzeros in lower triangle of A*A' = 474
Using Approximate Minimum Degree ordering
Total time for automatic ordering = 0.00 sec. (0.03 ticks)
Summary statistics for Cholesky factor:
  Threads                   = 32
  Rows in Factor            = 115
  Integer space required    = 131
  Total non-zeros in factor = 789
  Total FP ops to factor    = 6615
 Itn      Primal Obj        Dual Obj  Prim Inf Upper Inf  Dual Inf Inf Ratio
   0   2.1270000e+01   1.5050000e+01  3.75e+02  0.00e+00  1.18e+02  1.00e+00
   1   1.8459804e+01   1.5644946e+01  3.75e+02  0.00e+00  1.18e+02  1.42e+00
   2   1.5295684e+01   1.4500252e+01  1.83e+02  0.00e+00  5.76e+01  7.87e+00
   3   1.2976778e+01   1.2789555e+01  4.79e+01  0.00e+00  1.51e+01  3.77e+01
   4   1.2703777e+01   1.2640670e+01  1.11e+01  0.00e+00  3.50e+00  1.03e+02
   5   1.2778006e+01   1.2711324e+01  3.78e+00  0.00e+00  1.19e+00  8.78e+01
   6   1.2796737e+01   1.2773585e+01  4.05e+00  0.00e+00  1.28e+00  1.83e+02
   7   1.2793757e+01   1.2792228e+01  1.49e+00  0.00e+00  4.69e-01  3.11e+03
   8   1.2790638e+01   1.2790556e+01  9.61e-02  0.00e+00  3.03e-02  5.16e+04
   9   1.2790598e+01   1.2790573e+01  5.28e-03  0.00e+00  1.67e-03  1.72e+05
  10   1.2790607e+01   1.2790593e+01  1.56e-03  0.00e+00  4.94e-04  2.84e+05
  11   1.2790601e+01   1.2790597e+01  9.18e-04  0.00e+00  2.90e-04  8.81e+05
  12   1.2790602e+01   1.2790599e+01  2.92e-04  0.00e+00  9.23e-05  1.51e+06
  13   1.2790603e+01   1.2790602e+01  1.70e-04  0.00e+00  5.35e-05  3.78e+06
  14   1.2790604e+01   1.2790604e+01  6.59e-05  0.00e+00  2.08e-05  6.50e+07
CPLEX Error  3003: Not a mixed-integer problem.
1 of 4 MIP starts provided solutions.
MIP start 'm2' defined initial solution with objective 15.0500.
Retaining values of one MIP start for possible repair.
Tried aggregator 1 time.
MIP Presolve eliminated 0 rows and 19 columns.
MIP Presolve modified 93 coefficients.
Reduced MIP has 10 rows, 20 columns, and 56 nonzeros.
Reduced MIP has 16 binaries, 3 generals, 0 SOSs, and 0 indicators.
Presolve time = 0.00 sec. (0.10 ticks)
Probing time = 0.00 sec. (0.01 ticks)
Tried aggregator 1 time.
Reduced MIP has 10 rows, 20 columns, and 56 nonzeros.
Reduced MIP has 16 binaries, 3 generals, 0 SOSs, and 0 indicators.
Presolve time = 0.00 sec. (0.03 ticks)
Probing time = 0.00 sec. (0.01 ticks)
MIP emphasis: balance optimality and feasibility.
MIP search method: dynamic search.
Parallel mode: deterministic, using up to 32 threads.
Root relaxation solution time = 0.00 sec. (0.01 ticks)

        Nodes                                         Cuts/
   Node  Left     Objective  IInf  Best Integer    Best Bound    ItCnt     Gap

*     0+    0                           15.0500       16.2878        0    8.22%
*     0     0      integral     0       16.2878       16.2878        0    0.00%
Elapsed time = 0.00 sec. (0.21 ticks, tree = 0.00 MB, solutions = 1)
ub: 16.287804318016317, lb: 15.52137187816693
mpc.areas
WARNING: unrecognized data matrix named "mpc.areas" data was ignored.

Root node processing (before b&c):
  Real time             =    0.00 sec. (0.21 ticks)
Parallel b&c, 32 threads:
  Real time             =    0.00 sec. (0.00 ticks)
  Sync time (average)   =    0.00 sec.
  Wait time (average)   =    0.00 sec.
                          ------------
Total (root+branch&cut) =    0.00 sec. (0.21 ticks)
Tried aggregator 1 time.
QCP Presolve eliminated 42 rows and 100 columns.
Aggregator did 4 substitutions.
Reduced QCP has 97 rows, 57 columns, and 182 nonzeros.
Reduced QCP has 11 quadratic constraints.
Presolve time = 0.00 sec. (0.08 ticks)
Parallel mode: using up to 32 threads for barrier.
Number of nonzeros in lower triangle of A*A' = 436
Using Approximate Minimum Degree ordering
Total time for automatic ordering = 0.00 sec. (0.02 ticks)
Summary statistics for Cholesky factor:
  Threads                   = 32
  Rows in Factor            = 97
  Integer space required    = 129
  Total non-zeros in factor = 728
  Total FP ops to factor    = 6716
 Itn      Primal Obj        Dual Obj  Prim Inf Upper Inf  Dual Inf Inf Ratio
   0   1.8720000e+01   1.4320000e+01  2.12e+02  0.00e+00  9.70e+01  1.00e+00
   1   1.6739276e+01   1.4664197e+01  2.12e+02  0.00e+00  9.70e+01  1.47e+00
   2   1.6296775e+01   1.5838961e+01  1.08e+02  0.00e+00  4.95e+01  8.96e+00
   3   1.6029378e+01   1.5992118e+01  2.23e+01  0.00e+00  1.02e+01  2.25e+02
   4   1.6039456e+01   1.6017052e+01  1.64e+00  0.00e+00  7.49e-01  2.25e+02
   5   1.6065625e+01   1.6062682e+01  1.05e+00  0.00e+00  4.82e-01  1.01e+03
   6   1.6069974e+01   1.6069958e+01  1.54e-01  0.00e+00  7.06e-02  1.92e+05
   7   1.6069999e+01   1.6069998e+01  8.36e-04  0.00e+00  3.83e-04  4.00e+06
   8   1.6070000e+01   1.6070000e+01  4.01e-05  0.00e+00  1.83e-05  5.46e+08
   9   1.6070000e+01   1.6070000e+01  2.77e-07  0.00e+00  1.27e-07  1.19e+11
CPLEX Error  3003: Not a mixed-integer problem.
Warning:  No solution found from 3 MIP starts.
Retaining values of one MIP start for possible repair.
Tried aggregator 1 time.
MIP Presolve eliminated 0 rows and 15 columns.
MIP Presolve modified 137 coefficients.
Reduced MIP has 12 rows, 24 columns, and 69 nonzeros.
Reduced MIP has 20 binaries, 3 generals, 0 SOSs, and 0 indicators.
Presolve time = 0.00 sec. (0.13 ticks)
Found incumbent of value 12.790604 after 0.00 sec. (0.19 ticks)
Probing time = 0.00 sec. (0.01 ticks)
Tried aggregator 1 time.
Reduced MIP has 12 rows, 24 columns, and 69 nonzeros.
Reduced MIP has 20 binaries, 3 generals, 0 SOSs, and 0 indicators.
Presolve time = 0.00 sec. (0.04 ticks)
Probing time = 0.00 sec. (0.01 ticks)
MIP emphasis: balance optimality and feasibility.
MIP search method: dynamic search.
Parallel mode: deterministic, using up to 32 threads.
Root relaxation solution time = 0.00 sec. (0.01 ticks)

        Nodes                                         Cuts/
   Node  Left     Objective  IInf  Best Integer    Best Bound    ItCnt     Gap

*     0+    0                           12.7906       16.2878        0   27.34%
*     0+    0                           16.2878       16.2878        0    0.00%
      0     0        cutoff             16.2878       16.2878        0    0.00%
      0     0        cutoff             16.2878       16.2878        0    0.00%
Elapsed time = 0.00 sec. (0.31 ticks, tree = 0.00 MB, solutions = 2)
ub: 16.287804318016317, lb: 16.06999999995979
mpc.areas
WARNING: unrecognized data matrix named "mpc.areas" data was ignored.

Root node processing (before b&c):
  Real time             =    0.00 sec. (0.31 ticks)
Parallel b&c, 32 threads:
  Real time             =    0.00 sec. (0.00 ticks)
  Sync time (average)   =    0.00 sec.
  Wait time (average)   =    0.00 sec.
                          ------------
Total (root+branch&cut) =    0.00 sec. (0.31 ticks)
Tried aggregator 1 time.
QCP Presolve eliminated 40 rows and 102 columns.
Aggregator did 2 substitutions.
Reduced QCP has 96 rows, 52 columns, and 182 nonzeros.
Reduced QCP has 11 quadratic constraints.
Presolve time = 0.00 sec. (0.07 ticks)
Parallel mode: using up to 32 threads for barrier.
Number of nonzeros in lower triangle of A*A' = 523
Using Approximate Minimum Degree ordering
Total time for automatic ordering = 0.00 sec. (0.02 ticks)
Summary statistics for Cholesky factor:
  Threads                   = 32
  Rows in Factor            = 96
  Integer space required    = 146
  Total non-zeros in factor = 782
  Total FP ops to factor    = 7658
 Itn      Primal Obj        Dual Obj  Prim Inf Upper Inf  Dual Inf Inf Ratio
   0   1.7070000e+01   1.2980000e+01  3.62e+02  0.00e+00  9.16e+01  1.00e+00
   1   1.6478090e+01   1.5939163e+01  3.62e+02  0.00e+00  9.16e+01  7.23e-01
   2   1.5838149e+01   1.5618420e+01  1.37e+02  0.00e+00  3.46e+01  6.35e+00
   3   1.5478618e+01   1.5443899e+01  2.68e+01  0.00e+00  6.79e+00  5.18e+01
   4   1.5434534e+01   1.5423938e+01  3.84e+00  0.00e+00  9.72e-01  1.60e+02
   5   1.5456222e+01   1.5446025e+01  1.20e+00  0.00e+00  3.03e-01  1.39e+02
   6   1.5498793e+01   1.5495977e+01  1.24e+00  0.00e+00  3.13e-01  4.11e+02
   7   1.5519525e+01   1.5519286e+01  3.73e-01  0.00e+00  9.45e-02  5.26e+03
   8   1.5520732e+01   1.5520706e+01  3.05e-02  0.00e+00  7.72e-03  4.70e+04
   9   1.5520810e+01   1.5520794e+01  3.39e-03  0.00e+00  8.59e-04  7.26e+04
  10   1.5520851e+01   1.5520849e+01  2.12e-03  0.00e+00  5.36e-04  4.09e+05
  11   1.5520853e+01   1.5520852e+01  3.69e-04  0.00e+00  9.35e-05  7.22e+05
  12   1.5520857e+01   1.5520856e+01  2.05e-04  0.00e+00  5.18e-05  1.70e+06
  13   1.5520860e+01   1.5520860e+01  8.52e-05  0.00e+00  2.16e-05  4.18e+06
CPLEX Error  3003: Not a mixed-integer problem.
Warning:  No solution found from 3 MIP starts.
Retaining values of one MIP start for possible repair.
Tried aggregator 1 time.
MIP Presolve eliminated 0 rows and 14 columns.
MIP Presolve modified 170 coefficients.
Reduced MIP has 14 rows, 25 columns, and 73 nonzeros.
Reduced MIP has 19 binaries, 5 generals, 0 SOSs, and 0 indicators.
Presolve time = 0.00 sec. (0.15 ticks)
Found incumbent of value 12.790604 after 0.00 sec. (0.21 ticks)
Probing time = 0.00 sec. (0.01 ticks)
Tried aggregator 1 time.
Reduced MIP has 14 rows, 25 columns, and 73 nonzeros.
Reduced MIP has 19 binaries, 5 generals, 0 SOSs, and 0 indicators.
Presolve time = 0.00 sec. (0.04 ticks)
Probing time = 0.00 sec. (0.01 ticks)
MIP emphasis: balance optimality and feasibility.
MIP search method: dynamic search.
Parallel mode: deterministic, using up to 32 threads.
Root relaxation solution time = 0.00 sec. (0.02 ticks)

        Nodes                                         Cuts/
   Node  Left     Objective  IInf  Best Integer    Best Bound    ItCnt     Gap

*     0+    0                           12.7906       16.0772        0   25.70%
*     0+    0                           16.0772       16.0772        0    0.00%
      0     0        cutoff             16.0772       16.0772        0    0.00%
      0     0        cutoff             16.0772       16.0772        0    0.00%
Elapsed time = 0.00 sec. (0.33 ticks, tree = 0.00 MB, solutions = 2)
ub: 16.077156035717916, lb: 16.06999999995979
###################################
k ... 34
solution = x* ... Any[18,12,1,32,2,16,11,21,7,9,25,10,26,29,34,35,17,24,4,37,3,28,5,38,20,23,13,14,31,27,36,15,33,30]
model: PowerModels.GenericPowerModel{PowerModels.SOCWRForm}, cut_type: AC, model_type: OPF
total number of iterations ... 6
solution cost ... 16.06999999995979
computation time ... 0.137836993
mpc.areas
WARNING: unrecognized data matrix named "mpc.areas" data was ignored.

Root node processing (before b&c):
  Real time             =    0.00 sec. (0.33 ticks)
Parallel b&c, 32 threads:
  Real time             =    0.00 sec. (0.00 ticks)
  Sync time (average)   =    0.00 sec.
  Wait time (average)   =    0.00 sec.
                          ------------
Total (root+branch&cut) =    0.00 sec. (0.33 ticks)
WARNING: Ipopt finished with status Restoration_Failed
WARNING: Not solved to optimality, status: Error
WARNING: there was an issue with getsolvetime() on the solver, falling back on @timed.  This is not a rigorous timing value.
full AC load shed ... NaN
###################################
