../data/nesta_case24_ieee_rts__sad.m
mpc.areas
WARNING: unrecognized data matrix named "mpc.areas" data was ignored.
no start solution
no start solution
mpc.areas
WARNING: unrecognized data matrix named "mpc.areas" data was ignored.
Tried aggregator 1 time.
LP Presolve eliminated 31 rows and 81 columns.
Aggregator did 3 substitutions.
All rows and columns eliminated.
Presolve time = 0.00 sec. (0.03 ticks)
CPLEX Error  3003: Not a mixed-integer problem.
Tried aggregator 1 time.
MIP Presolve eliminated 2 rows and 39 columns.
All rows and columns eliminated.
Presolve time = 0.00 sec. (0.01 ticks)
ub: 17.019999999999992, lb: 16.069999999999993
mpc.areas
WARNING: unrecognized data matrix named "mpc.areas" data was ignored.

Root node processing (before b&c):
  Real time             =    0.00 sec. (0.02 ticks)
Parallel b&c, 32 threads:
  Real time             =    0.00 sec. (0.00 ticks)
  Sync time (average)   =    0.00 sec.
  Wait time (average)   =    0.00 sec.
                          ------------
Total (root+branch&cut) =    0.00 sec. (0.02 ticks)
Tried aggregator 1 time.
LP Presolve eliminated 30 rows and 80 columns.
Aggregator did 4 substitutions.
All rows and columns eliminated.
Presolve time = 0.00 sec. (0.02 ticks)
CPLEX Error  3003: Not a mixed-integer problem.
Warning:  No solution found from 2 MIP starts.
Retaining values of one MIP start for possible repair.
Tried aggregator 2 times.
MIP Presolve eliminated 3 rows and 38 columns.
Aggregator did 1 substitutions.
All rows and columns eliminated.
Presolve time = 0.00 sec. (0.03 ticks)
ub: 16.069999999999993, lb: 16.069999999999993
###################################
k ... 35
solution = x* ... Any[18,32,2,16,11,21,7,9,25,10,26,29,34,35,19,17,8,22,6,24,4,37,3,28,5,38,20,23,13,14,31,27,36,33,30]
model: PowerModels.GenericPowerModel{PowerModels.StandardDCPForm}, cut_type: DC, model_type: OPF
total number of iterations ... 1
solution cost ... 16.069999999999993
computation time ... 0.179139976
mpc.areas
WARNING: unrecognized data matrix named "mpc.areas" data was ignored.

Root node processing (before b&c):
  Real time             =    0.00 sec. (0.05 ticks)
Parallel b&c, 32 threads:
  Real time             =    0.00 sec. (0.00 ticks)
  Sync time (average)   =    0.00 sec.
  Wait time (average)   =    0.00 sec.
                          ------------
Total (root+branch&cut) =    0.00 sec. (0.05 ticks)

******************************************************************************
This program contains Ipopt, a library for large-scale nonlinear optimization.
 Ipopt is released as open source code under the Eclipse Public License (EPL).
         For more information visit http://projects.coin-or.org/Ipopt
******************************************************************************

WARNING: Ipopt finished with status Restoration_Failed
WARNING: Not solved to optimality, status: Error
WARNING: there was an issue with getsolvetime() on the solver, falling back on @timed.  This is not a rigorous timing value.
full AC load shed ... NaN
###################################
mpc.areas
WARNING: unrecognized data matrix named "mpc.areas" data was ignored.
no start solution
no start solution
mpc.areas
WARNING: unrecognized data matrix named "mpc.areas" data was ignored.
Tried aggregator 1 time.
QCP Presolve eliminated 45 rows and 103 columns.
Aggregator did 1 substitutions.
Reduced QCP has 75 rows, 45 columns, and 141 nonzeros.
Reduced QCP has 8 quadratic constraints.
Presolve time = 0.00 sec. (0.07 ticks)
Parallel mode: using up to 32 threads for barrier.
Number of nonzeros in lower triangle of A*A' = 338
Using Approximate Minimum Degree ordering
Total time for automatic ordering = 0.00 sec. (0.02 ticks)
Summary statistics for Cholesky factor:
  Threads                   = 32
  Rows in Factor            = 75
  Integer space required    = 95
  Total non-zeros in factor = 599
  Total FP ops to factor    = 5839
 Itn      Primal Obj        Dual Obj  Prim Inf Upper Inf  Dual Inf Inf Ratio
   0   1.8120000e+01   1.4320000e+01  2.43e+02  0.00e+00  7.22e+01  1.00e+00
   1   1.7042510e+01   1.5405576e+01  2.43e+02  0.00e+00  7.22e+01  2.69e+00
   2   1.6217736e+01   1.5894903e+01  1.02e+02  0.00e+00  3.02e+01  2.31e+01
   3   1.6051533e+01   1.5937911e+01  1.85e+01  0.00e+00  5.50e+00  6.01e+01
   4   1.6074594e+01   1.6034278e+01  6.59e+00  0.00e+00  1.96e+00  9.01e+01
   5   1.6068916e+01   1.6065893e+01  2.60e+00  0.00e+00  7.73e-01  1.13e+03
   6   1.6070011e+01   1.6068398e+01  1.98e-01  0.00e+00  5.88e-02  2.03e+03
   7   1.6069775e+01   1.6069185e+01  1.07e-01  0.00e+00  3.17e-02  5.59e+03
   8   1.6069914e+01   1.6069505e+01  3.89e-02  0.00e+00  1.16e-02  7.95e+03
   9   1.6069927e+01   1.6069740e+01  2.71e-02  0.00e+00  8.04e-03  1.73e+04
  10   1.6069991e+01   1.6069958e+01  1.24e-02  0.00e+00  3.69e-03  9.89e+04
  11   1.6069997e+01   1.6069990e+01  2.16e-03  0.00e+00  6.43e-04  4.52e+05
  12   1.6070000e+01   1.6070000e+01  4.71e-04  0.00e+00  1.40e-04  3.39e+07
  13   1.6070000e+01   1.6070000e+01  6.28e-06  0.00e+00  1.87e-06  1.61e+10
CPLEX Error  3003: Not a mixed-integer problem.
Tried aggregator 1 time.
MIP Presolve eliminated 2 rows and 39 columns.
All rows and columns eliminated.
Presolve time = 0.00 sec. (0.01 ticks)
ub: 16.125762282937693, lb: 16.06999999992216
###################################
k ... 35
solution = x* ... Any[18,32,2,16,11,21,7,9,25,10,26,29,34,35,19,17,8,22,6,24,4,37,3,28,5,38,20,23,13,14,31,27,36,33,30]
model: PowerModels.GenericPowerModel{PowerModels.SOCWRForm}, cut_type: DC, model_type: OPF
total number of iterations ... 0
solution cost ... 16.06999999992216
computation time ... 0.001444963
mpc.areas
WARNING: unrecognized data matrix named "mpc.areas" data was ignored.

Root node processing (before b&c):
  Real time             =    0.00 sec. (0.02 ticks)
Parallel b&c, 32 threads:
  Real time             =    0.00 sec. (0.00 ticks)
  Sync time (average)   =    0.00 sec.
  Wait time (average)   =    0.00 sec.
                          ------------
Total (root+branch&cut) =    0.00 sec. (0.02 ticks)
WARNING: Ipopt finished with status Restoration_Failed
WARNING: Not solved to optimality, status: Error
WARNING: there was an issue with getsolvetime() on the solver, falling back on @timed.  This is not a rigorous timing value.
full AC load shed ... NaN
###################################
mpc.areas
WARNING: unrecognized data matrix named "mpc.areas" data was ignored.
no start solution
no start solution
mpc.areas
WARNING: unrecognized data matrix named "mpc.areas" data was ignored.
Tried aggregator 1 time.
QCP Presolve eliminated 45 rows and 103 columns.
Aggregator did 1 substitutions.
Reduced QCP has 75 rows, 45 columns, and 141 nonzeros.
Reduced QCP has 8 quadratic constraints.
Presolve time = 0.00 sec. (0.07 ticks)
Parallel mode: using up to 32 threads for barrier.
Number of nonzeros in lower triangle of A*A' = 338
Using Approximate Minimum Degree ordering
Total time for automatic ordering = 0.00 sec. (0.02 ticks)
Summary statistics for Cholesky factor:
  Threads                   = 32
  Rows in Factor            = 75
  Integer space required    = 95
  Total non-zeros in factor = 599
  Total FP ops to factor    = 5839
 Itn      Primal Obj        Dual Obj  Prim Inf Upper Inf  Dual Inf Inf Ratio
   0   1.8120000e+01   1.4320000e+01  2.43e+02  0.00e+00  7.22e+01  1.00e+00
   1   1.7042510e+01   1.5405576e+01  2.43e+02  0.00e+00  7.22e+01  2.69e+00
   2   1.6217736e+01   1.5894903e+01  1.02e+02  0.00e+00  3.02e+01  2.31e+01
   3   1.6051533e+01   1.5937911e+01  1.85e+01  0.00e+00  5.50e+00  6.01e+01
   4   1.6074594e+01   1.6034278e+01  6.59e+00  0.00e+00  1.96e+00  9.01e+01
   5   1.6068916e+01   1.6065893e+01  2.60e+00  0.00e+00  7.73e-01  1.13e+03
   6   1.6070011e+01   1.6068398e+01  1.98e-01  0.00e+00  5.88e-02  2.03e+03
   7   1.6069775e+01   1.6069185e+01  1.07e-01  0.00e+00  3.17e-02  5.59e+03
   8   1.6069914e+01   1.6069505e+01  3.89e-02  0.00e+00  1.16e-02  7.95e+03
   9   1.6069927e+01   1.6069740e+01  2.71e-02  0.00e+00  8.04e-03  1.73e+04
  10   1.6069991e+01   1.6069958e+01  1.24e-02  0.00e+00  3.69e-03  9.89e+04
  11   1.6069997e+01   1.6069990e+01  2.16e-03  0.00e+00  6.43e-04  4.52e+05
  12   1.6070000e+01   1.6070000e+01  4.71e-04  0.00e+00  1.40e-04  3.39e+07
  13   1.6070000e+01   1.6070000e+01  6.28e-06  0.00e+00  1.87e-06  1.61e+10
CPLEX Error  3003: Not a mixed-integer problem.
Tried aggregator 1 time.
MIP Presolve eliminated 2 rows and 39 columns.
All rows and columns eliminated.
Presolve time = 0.00 sec. (0.01 ticks)
ub: 16.237626043342125, lb: 16.06999999992216
mpc.areas
WARNING: unrecognized data matrix named "mpc.areas" data was ignored.

Root node processing (before b&c):
  Real time             =    0.00 sec. (0.02 ticks)
Parallel b&c, 32 threads:
  Real time             =    0.00 sec. (0.00 ticks)
  Sync time (average)   =    0.00 sec.
  Wait time (average)   =    0.00 sec.
                          ------------
Total (root+branch&cut) =    0.00 sec. (0.02 ticks)
Tried aggregator 1 time.
QCP Presolve eliminated 46 rows and 107 columns.
Aggregator did 4 substitutions.
Reduced QCP has 61 rows, 37 columns, and 116 nonzeros.
Reduced QCP has 7 quadratic constraints.
Presolve time = 0.00 sec. (0.07 ticks)
Parallel mode: using up to 32 threads for barrier.
Number of nonzeros in lower triangle of A*A' = 247
Using Approximate Minimum Degree ordering
Total time for automatic ordering = 0.00 sec. (0.01 ticks)
Summary statistics for Cholesky factor:
  Threads                   = 32
  Rows in Factor            = 61
  Integer space required    = 67
  Total non-zeros in factor = 435
  Total FP ops to factor    = 4087
 Itn      Primal Obj        Dual Obj  Prim Inf Upper Inf  Dual Inf Inf Ratio
   0   1.6070000e+01   1.6070000e+01  1.50e+02  0.00e+00  5.99e+01  1.00e+00
   1   1.6102201e+01   1.6217869e+01  1.50e+02  0.00e+00  5.99e+01  1.72e+00
   2   1.6084003e+01   1.6066108e+01  6.96e+01  0.00e+00  2.79e+01  1.08e+01
   3   1.6018747e+01   1.6015763e+01  1.65e+01  0.00e+00  6.60e+00  1.98e+02
   4   1.6030633e+01   1.6029569e+01  1.20e+00  0.00e+00  4.82e-01  1.79e+02
   5   1.6060050e+01   1.6060376e+01  9.97e-01  0.00e+00  3.99e-01  5.57e+02
   6   1.6069960e+01   1.6069959e+01  2.20e-01  0.00e+00  8.80e-02  1.13e+05
   7   1.6069997e+01   1.6069997e+01  1.41e-03  0.00e+00  5.63e-04  2.55e+06
   8   1.6070000e+01   1.6070000e+01  5.92e-05  0.00e+00  2.37e-05  2.17e+07
   9   1.6070000e+01   1.6070000e+01  5.61e-06  0.00e+00  2.25e-06  2.68e+08
CPLEX Error  3003: Not a mixed-integer problem.
Warning:  No solution found from 2 MIP starts.
Retaining values of one MIP start for possible repair.
Tried aggregator 1 time.
MIP Presolve eliminated 0 rows and 31 columns.
MIP Presolve modified 11 coefficients.
Reduced MIP has 4 rows, 8 columns, and 18 nonzeros.
Reduced MIP has 6 binaries, 1 generals, 0 SOSs, and 0 indicators.
Presolve time = 0.00 sec. (0.03 ticks)
Found incumbent of value 16.070000 after 0.00 sec. (0.06 ticks)
Probing time = 0.00 sec. (0.00 ticks)
MIP emphasis: balance optimality and feasibility.
MIP search method: dynamic search.
Parallel mode: deterministic, using up to 32 threads.
Root relaxation solution time = 0.00 sec. (0.00 ticks)

        Nodes                                         Cuts/
   Node  Left     Objective  IInf  Best Integer    Best Bound    ItCnt     Gap

*     0+    0                           16.0700       16.0700        0    0.00%
*     0     0      integral     0       16.0700       16.0700        0    0.00%
Elapsed time = 0.00 sec. (0.08 ticks, tree = 0.00 MB, solutions = 2)
ub: 16.070000174837833, lb: 16.06999999992216
###################################
k ... 35
solution = x* ... Any[18,32,2,16,11,21,7,9,25,10,26,29,34,35,19,17,8,22,6,24,4,37,3,28,5,38,20,23,13,14,31,27,36,33,30]
model: PowerModels.GenericPowerModel{PowerModels.SOCWRForm}, cut_type: AC, model_type: OPF
total number of iterations ... 1
solution cost ... 16.06999999992216
computation time ... 0.024386534
mpc.areas
WARNING: unrecognized data matrix named "mpc.areas" data was ignored.

Root node processing (before b&c):
  Real time             =    0.00 sec. (0.08 ticks)
Parallel b&c, 32 threads:
  Real time             =    0.00 sec. (0.00 ticks)
  Sync time (average)   =    0.00 sec.
  Wait time (average)   =    0.00 sec.
                          ------------
Total (root+branch&cut) =    0.00 sec. (0.08 ticks)
WARNING: Ipopt finished with status Restoration_Failed
WARNING: Not solved to optimality, status: Error
WARNING: there was an issue with getsolvetime() on the solver, falling back on @timed.  This is not a rigorous timing value.
full AC load shed ... NaN
###################################
