../data/nesta_case24_ieee_rts__sad.m
mpc.areas
WARNING: unrecognized data matrix named "mpc.areas" data was ignored.
no start solution
no start solution
mpc.areas
WARNING: unrecognized data matrix named "mpc.areas" data was ignored.
Tried aggregator 1 time.
LP Presolve eliminated 27 rows and 81 columns.
Aggregator did 1 substitutions.
All rows and columns eliminated.
Presolve time = 0.00 sec. (0.02 ticks)
CPLEX Error  3003: Not a mixed-integer problem.
Tried aggregator 1 time.
MIP Presolve eliminated 2 rows and 39 columns.
All rows and columns eliminated.
Presolve time = 0.00 sec. (0.01 ticks)
ub: 16.909999999999993, lb: 16.069999999999993
mpc.areas
WARNING: unrecognized data matrix named "mpc.areas" data was ignored.

Root node processing (before b&c):
  Real time             =    0.00 sec. (0.02 ticks)
Parallel b&c, 32 threads:
  Real time             =    0.00 sec. (0.00 ticks)
  Sync time (average)   =    0.00 sec.
  Wait time (average)   =    0.00 sec.
                          ------------
Total (root+branch&cut) =    0.00 sec. (0.02 ticks)
Tried aggregator 1 time.
LP Presolve eliminated 26 rows and 80 columns.
Aggregator did 2 substitutions.
All rows and columns eliminated.
Presolve time = 0.00 sec. (0.02 ticks)
CPLEX Error  3003: Not a mixed-integer problem.
Warning:  No solution found from 2 MIP starts.
Retaining values of one MIP start for possible repair.
Tried aggregator 1 time.
MIP Presolve eliminated 4 rows and 39 columns.
All rows and columns eliminated.
Presolve time = 0.00 sec. (0.03 ticks)
ub: 16.069999999999993, lb: 16.069999999999993
###################################
k ... 37
solution = x* ... Any[18,12,32,2,16,11,21,7,9,25,10,26,29,34,35,19,17,8,22,6,24,4,37,3,28,5,38,20,23,13,14,31,27,36,15,33,30]
model: PowerModels.GenericPowerModel{PowerModels.StandardDCPForm}, cut_type: DC, model_type: OPF
total number of iterations ... 1
solution cost ... 16.069999999999993
computation time ... 0.183182684
mpc.areas
WARNING: unrecognized data matrix named "mpc.areas" data was ignored.

Root node processing (before b&c):
  Real time             =    0.00 sec. (0.05 ticks)
Parallel b&c, 32 threads:
  Real time             =    0.00 sec. (0.00 ticks)
  Sync time (average)   =    0.00 sec.
  Wait time (average)   =    0.00 sec.
                          ------------
Total (root+branch&cut) =    0.00 sec. (0.05 ticks)

******************************************************************************
This program contains Ipopt, a library for large-scale nonlinear optimization.
 Ipopt is released as open source code under the Eclipse Public License (EPL).
         For more information visit http://projects.coin-or.org/Ipopt
******************************************************************************

WARNING: Ipopt finished with status Restoration_Failed
WARNING: Not solved to optimality, status: Error
WARNING: there was an issue with getsolvetime() on the solver, falling back on @timed.  This is not a rigorous timing value.
full AC load shed ... NaN
###################################
mpc.areas
WARNING: unrecognized data matrix named "mpc.areas" data was ignored.
no start solution
no start solution
mpc.areas
WARNING: unrecognized data matrix named "mpc.areas" data was ignored.
Tried aggregator 1 time.
QCP Presolve eliminated 46 rows and 106 columns.
Reduced QCP has 32 rows, 20 columns, and 58 nonzeros.
Reduced QCP has 3 quadratic constraints.
Presolve time = 0.00 sec. (0.04 ticks)
Parallel mode: using up to 32 threads for barrier.
Number of nonzeros in lower triangle of A*A' = 124
Using Approximate Minimum Degree ordering
Total time for automatic ordering = 0.00 sec. (0.01 ticks)
Summary statistics for Cholesky factor:
  Threads                   = 32
  Rows in Factor            = 32
  Integer space required    = 36
  Total non-zeros in factor = 228
  Total FP ops to factor    = 1940
 Itn      Primal Obj        Dual Obj  Prim Inf Upper Inf  Dual Inf Inf Ratio
   0   1.8120000e+01   1.6070000e+01  1.67e+02  0.00e+00  3.24e+01  1.00e+00
   1   1.6511906e+01   1.6093459e+01  1.67e+02  0.00e+00  3.24e+01  1.18e+01
   2   1.6071338e+01   1.6037432e+01  2.76e+01  0.00e+00  5.34e+00  3.02e+02
   3   1.6070184e+01   1.6067405e+01  2.04e+00  0.00e+00  3.95e-01  3.39e+03
   4   1.6070002e+01   1.6069987e+01  1.69e-01  0.00e+00  3.26e-02  5.68e+05
   5   1.6070000e+01   1.6070000e+01  9.13e-04  0.00e+00  1.77e-04  2.52e+08
   6   1.6070000e+01   1.6070000e+01  1.92e-06  0.00e+00  3.71e-07  1.12e+11
CPLEX Error  3003: Not a mixed-integer problem.
Tried aggregator 1 time.
MIP Presolve eliminated 2 rows and 39 columns.
All rows and columns eliminated.
Presolve time = 0.00 sec. (0.01 ticks)
ub: 16.133366098691546, lb: 16.070000000012826
###################################
k ... 37
solution = x* ... Any[18,12,32,2,16,11,21,7,9,25,10,26,29,34,35,19,17,8,22,6,24,4,37,3,28,5,38,20,23,13,14,31,27,36,15,33,30]
model: PowerModels.GenericPowerModel{PowerModels.SOCWRForm}, cut_type: DC, model_type: OPF
total number of iterations ... 0
solution cost ... 16.070000000012826
computation time ... 0.001345
mpc.areas
WARNING: unrecognized data matrix named "mpc.areas" data was ignored.

Root node processing (before b&c):
  Real time             =    0.00 sec. (0.02 ticks)
Parallel b&c, 32 threads:
  Real time             =    0.00 sec. (0.00 ticks)
  Sync time (average)   =    0.00 sec.
  Wait time (average)   =    0.00 sec.
                          ------------
Total (root+branch&cut) =    0.00 sec. (0.02 ticks)
WARNING: Ipopt finished with status Restoration_Failed
WARNING: Not solved to optimality, status: Error
WARNING: there was an issue with getsolvetime() on the solver, falling back on @timed.  This is not a rigorous timing value.
full AC load shed ... NaN
###################################
mpc.areas
WARNING: unrecognized data matrix named "mpc.areas" data was ignored.
no start solution
no start solution
mpc.areas
WARNING: unrecognized data matrix named "mpc.areas" data was ignored.
Tried aggregator 1 time.
QCP Presolve eliminated 46 rows and 106 columns.
Reduced QCP has 32 rows, 20 columns, and 58 nonzeros.
Reduced QCP has 3 quadratic constraints.
Presolve time = 0.00 sec. (0.04 ticks)
Parallel mode: using up to 32 threads for barrier.
Number of nonzeros in lower triangle of A*A' = 124
Using Approximate Minimum Degree ordering
Total time for automatic ordering = 0.00 sec. (0.01 ticks)
Summary statistics for Cholesky factor:
  Threads                   = 32
  Rows in Factor            = 32
  Integer space required    = 36
  Total non-zeros in factor = 228
  Total FP ops to factor    = 1940
 Itn      Primal Obj        Dual Obj  Prim Inf Upper Inf  Dual Inf Inf Ratio
   0   1.8120000e+01   1.6070000e+01  1.67e+02  0.00e+00  3.24e+01  1.00e+00
   1   1.6511906e+01   1.6093459e+01  1.67e+02  0.00e+00  3.24e+01  1.18e+01
   2   1.6071338e+01   1.6037432e+01  2.76e+01  0.00e+00  5.34e+00  3.02e+02
   3   1.6070184e+01   1.6067405e+01  2.04e+00  0.00e+00  3.95e-01  3.39e+03
   4   1.6070002e+01   1.6069987e+01  1.69e-01  0.00e+00  3.26e-02  5.68e+05
   5   1.6070000e+01   1.6070000e+01  9.13e-04  0.00e+00  1.77e-04  2.52e+08
   6   1.6070000e+01   1.6070000e+01  1.92e-06  0.00e+00  3.71e-07  1.12e+11
CPLEX Error  3003: Not a mixed-integer problem.
Tried aggregator 1 time.
MIP Presolve eliminated 2 rows and 39 columns.
All rows and columns eliminated.
Presolve time = 0.00 sec. (0.01 ticks)
ub: 16.274062862168154, lb: 16.070000000012826
mpc.areas
WARNING: unrecognized data matrix named "mpc.areas" data was ignored.

Root node processing (before b&c):
  Real time             =    0.00 sec. (0.02 ticks)
Parallel b&c, 32 threads:
  Real time             =    0.00 sec. (0.00 ticks)
  Sync time (average)   =    0.00 sec.
  Wait time (average)   =    0.00 sec.
                          ------------
Total (root+branch&cut) =    0.00 sec. (0.02 ticks)
Tried aggregator 1 time.
QCP Presolve eliminated 46 rows and 110 columns.
Aggregator did 2 substitutions.
Reduced QCP has 24 rows, 14 columns, and 44 nonzeros.
Reduced QCP has 3 quadratic constraints.
Presolve time = 0.00 sec. (0.05 ticks)
Parallel mode: using up to 32 threads for barrier.
Number of nonzeros in lower triangle of A*A' = 100
Using Approximate Minimum Degree ordering
Total time for automatic ordering = 0.00 sec. (0.01 ticks)
Summary statistics for Cholesky factor:
  Threads                   = 32
  Rows in Factor            = 24
  Integer space required    = 28
  Total non-zeros in factor = 144
  Total FP ops to factor    = 1048
 Itn      Primal Obj        Dual Obj  Prim Inf Upper Inf  Dual Inf Inf Ratio
   0   1.6070000e+01   1.6070000e+01  3.78e+01  0.00e+00  2.42e+01  1.00e+00
   1   1.6069973e+01   1.6001659e+01  3.78e+01  0.00e+00  2.42e+01  7.06e+00
   2   1.6070003e+01   1.6055878e+01  7.95e+00  0.00e+00  5.09e+00  2.10e+02
   3   1.6070000e+01   1.6069940e+01  7.15e-01  0.00e+00  4.58e-01  9.51e+03
   4   1.6070000e+01   1.6070000e+01  6.24e-03  0.00e+00  4.00e-03  3.11e+06
   5   1.6070000e+01   1.6070000e+01  1.89e-05  0.00e+00  1.21e-05  1.01e+09
   6   1.6070000e+01   1.6070000e+01  5.75e-08  0.00e+00  3.68e-08  3.32e+11
CPLEX Error  3003: Not a mixed-integer problem.
Warning:  No solution found from 2 MIP starts.
Retaining values of one MIP start for possible repair.
Tried aggregator 1 time.
MIP Presolve eliminated 4 rows and 39 columns.
All rows and columns eliminated.
Presolve time = 0.00 sec. (0.03 ticks)
ub: 16.070000000000537, lb: 16.070000000012826
###################################
k ... 37
solution = x* ... Any[18,12,32,2,16,11,21,7,9,25,10,26,29,34,35,19,17,8,22,6,24,4,37,3,28,5,38,20,23,13,14,31,27,36,15,33,30]
model: PowerModels.GenericPowerModel{PowerModels.SOCWRForm}, cut_type: AC, model_type: OPF
total number of iterations ... 1
solution cost ... 16.070000000012826
computation time ... 0.018850371
mpc.areas
WARNING: unrecognized data matrix named "mpc.areas" data was ignored.

Root node processing (before b&c):
  Real time             =    0.00 sec. (0.05 ticks)
Parallel b&c, 32 threads:
  Real time             =    0.00 sec. (0.00 ticks)
  Sync time (average)   =    0.00 sec.
  Wait time (average)   =    0.00 sec.
                          ------------
Total (root+branch&cut) =    0.00 sec. (0.05 ticks)
WARNING: Ipopt finished with status Restoration_Failed
WARNING: Not solved to optimality, status: Error
WARNING: there was an issue with getsolvetime() on the solver, falling back on @timed.  This is not a rigorous timing value.
full AC load shed ... NaN
###################################
