../data/nesta_case24_ieee_rts__sad.m
mpc.areas
WARNING: unrecognized data matrix named "mpc.areas" data was ignored.
no start solution
no start solution
mpc.areas
WARNING: unrecognized data matrix named "mpc.areas" data was ignored.
Tried aggregator 1 time.
LP Presolve eliminated 28 rows and 80 columns.
Aggregator did 3 substitutions.
All rows and columns eliminated.
Presolve time = 0.00 sec. (0.02 ticks)
CPLEX Error  3003: Not a mixed-integer problem.
Tried aggregator 1 time.
MIP Presolve eliminated 2 rows and 39 columns.
All rows and columns eliminated.
Presolve time = 0.00 sec. (0.01 ticks)
ub: 17.019999999999992, lb: 16.069999999999993
mpc.areas
WARNING: unrecognized data matrix named "mpc.areas" data was ignored.

Root node processing (before b&c):
  Real time             =    0.00 sec. (0.02 ticks)
Parallel b&c, 32 threads:
  Real time             =    0.00 sec. (0.00 ticks)
  Sync time (average)   =    0.00 sec.
  Wait time (average)   =    0.00 sec.
                          ------------
Total (root+branch&cut) =    0.00 sec. (0.02 ticks)
Tried aggregator 1 time.
LP Presolve eliminated 27 rows and 79 columns.
Aggregator did 4 substitutions.
All rows and columns eliminated.
Presolve time = 0.00 sec. (0.02 ticks)
CPLEX Error  3003: Not a mixed-integer problem.
Warning:  No solution found from 2 MIP starts.
Retaining values of one MIP start for possible repair.
Tried aggregator 2 times.
MIP Presolve eliminated 3 rows and 38 columns.
Aggregator did 1 substitutions.
All rows and columns eliminated.
Presolve time = 0.00 sec. (0.03 ticks)
ub: 16.069999999999993, lb: 16.069999999999993
###################################
k ... 36
solution = x* ... Any[18,32,2,16,11,21,7,9,25,10,26,29,34,35,19,17,8,22,6,24,4,37,3,28,5,38,20,23,13,14,31,27,36,15,33,30]
model: PowerModels.GenericPowerModel{PowerModels.StandardDCPForm}, cut_type: DC, model_type: OPF
total number of iterations ... 1
solution cost ... 16.069999999999993
computation time ... 0.176926063
mpc.areas
WARNING: unrecognized data matrix named "mpc.areas" data was ignored.

Root node processing (before b&c):
  Real time             =    0.00 sec. (0.05 ticks)
Parallel b&c, 32 threads:
  Real time             =    0.00 sec. (0.00 ticks)
  Sync time (average)   =    0.00 sec.
  Wait time (average)   =    0.00 sec.
                          ------------
Total (root+branch&cut) =    0.00 sec. (0.05 ticks)

******************************************************************************
This program contains Ipopt, a library for large-scale nonlinear optimization.
 Ipopt is released as open source code under the Eclipse Public License (EPL).
         For more information visit http://projects.coin-or.org/Ipopt
******************************************************************************

WARNING: Ipopt finished with status Restoration_Failed
WARNING: Not solved to optimality, status: Error
WARNING: there was an issue with getsolvetime() on the solver, falling back on @timed.  This is not a rigorous timing value.
full AC load shed ... NaN
###################################
mpc.areas
WARNING: unrecognized data matrix named "mpc.areas" data was ignored.
no start solution
no start solution
mpc.areas
WARNING: unrecognized data matrix named "mpc.areas" data was ignored.
Tried aggregator 1 time.
QCP Presolve eliminated 44 rows and 102 columns.
Aggregator did 2 substitutions.
Reduced QCP has 56 rows, 34 columns, and 102 nonzeros.
Reduced QCP has 6 quadratic constraints.
Presolve time = 0.00 sec. (0.06 ticks)
Parallel mode: using up to 32 threads for barrier.
Number of nonzeros in lower triangle of A*A' = 224
Using Approximate Minimum Degree ordering
Total time for automatic ordering = 0.00 sec. (0.01 ticks)
Summary statistics for Cholesky factor:
  Threads                   = 32
  Rows in Factor            = 56
  Integer space required    = 64
  Total non-zeros in factor = 372
  Total FP ops to factor    = 2988
 Itn      Primal Obj        Dual Obj  Prim Inf Upper Inf  Dual Inf Inf Ratio
   0   1.8120000e+01   1.6070000e+01  1.98e+02  0.00e+00  5.66e+01  1.00e+00
   1   1.6504964e+01   1.6118095e+01  1.98e+02  0.00e+00  5.66e+01  1.12e+01
   2   1.6071727e+01   1.6032132e+01  3.09e+01  0.00e+00  8.83e+00  1.94e+02
   3   1.6070183e+01   1.6067333e+01  2.91e+00  0.00e+00  8.30e-01  2.56e+03
   4   1.6070002e+01   1.6069988e+01  2.11e-01  0.00e+00  6.01e-02  4.94e+05
   5   1.6070000e+01   1.6070000e+01  1.05e-03  0.00e+00  3.00e-04  2.23e+08
   6   1.6070000e+01   1.6070000e+01  2.20e-06  0.00e+00  6.29e-07  1.11e+09
CPLEX Error  3003: Not a mixed-integer problem.
Tried aggregator 1 time.
MIP Presolve eliminated 2 rows and 39 columns.
All rows and columns eliminated.
Presolve time = 0.00 sec. (0.01 ticks)
ub: 16.127876556314426, lb: 16.070000001132513
###################################
k ... 36
solution = x* ... Any[18,32,2,16,11,21,7,9,25,10,26,29,34,35,19,17,8,22,6,24,4,37,3,28,5,38,20,23,13,14,31,27,36,15,33,30]
model: PowerModels.GenericPowerModel{PowerModels.SOCWRForm}, cut_type: DC, model_type: OPF
total number of iterations ... 0
solution cost ... 16.070000001132513
computation time ... 0.001182597
mpc.areas
WARNING: unrecognized data matrix named "mpc.areas" data was ignored.

Root node processing (before b&c):
  Real time             =    0.00 sec. (0.02 ticks)
Parallel b&c, 32 threads:
  Real time             =    0.00 sec. (0.00 ticks)
  Sync time (average)   =    0.00 sec.
  Wait time (average)   =    0.00 sec.
                          ------------
Total (root+branch&cut) =    0.00 sec. (0.02 ticks)
WARNING: Ipopt finished with status Restoration_Failed
WARNING: Not solved to optimality, status: Error
WARNING: there was an issue with getsolvetime() on the solver, falling back on @timed.  This is not a rigorous timing value.
full AC load shed ... NaN
###################################
mpc.areas
WARNING: unrecognized data matrix named "mpc.areas" data was ignored.
no start solution
no start solution
mpc.areas
WARNING: unrecognized data matrix named "mpc.areas" data was ignored.
Tried aggregator 1 time.
QCP Presolve eliminated 44 rows and 102 columns.
Aggregator did 2 substitutions.
Reduced QCP has 56 rows, 34 columns, and 102 nonzeros.
Reduced QCP has 6 quadratic constraints.
Presolve time = 0.00 sec. (0.06 ticks)
Parallel mode: using up to 32 threads for barrier.
Number of nonzeros in lower triangle of A*A' = 224
Using Approximate Minimum Degree ordering
Total time for automatic ordering = 0.00 sec. (0.01 ticks)
Summary statistics for Cholesky factor:
  Threads                   = 32
  Rows in Factor            = 56
  Integer space required    = 64
  Total non-zeros in factor = 372
  Total FP ops to factor    = 2988
 Itn      Primal Obj        Dual Obj  Prim Inf Upper Inf  Dual Inf Inf Ratio
   0   1.8120000e+01   1.6070000e+01  1.98e+02  0.00e+00  5.66e+01  1.00e+00
   1   1.6504964e+01   1.6118095e+01  1.98e+02  0.00e+00  5.66e+01  1.12e+01
   2   1.6071727e+01   1.6032132e+01  3.09e+01  0.00e+00  8.83e+00  1.94e+02
   3   1.6070183e+01   1.6067333e+01  2.91e+00  0.00e+00  8.30e-01  2.56e+03
   4   1.6070002e+01   1.6069988e+01  2.11e-01  0.00e+00  6.01e-02  4.94e+05
   5   1.6070000e+01   1.6070000e+01  1.05e-03  0.00e+00  3.00e-04  2.23e+08
   6   1.6070000e+01   1.6070000e+01  2.20e-06  0.00e+00  6.29e-07  1.11e+09
CPLEX Error  3003: Not a mixed-integer problem.
Tried aggregator 1 time.
MIP Presolve eliminated 2 rows and 39 columns.
All rows and columns eliminated.
Presolve time = 0.00 sec. (0.01 ticks)
ub: 16.246517726006044, lb: 16.070000001132513
mpc.areas
WARNING: unrecognized data matrix named "mpc.areas" data was ignored.

Root node processing (before b&c):
  Real time             =    0.00 sec. (0.02 ticks)
Parallel b&c, 32 threads:
  Real time             =    0.00 sec. (0.00 ticks)
  Sync time (average)   =    0.00 sec.
  Wait time (average)   =    0.00 sec.
                          ------------
Total (root+branch&cut) =    0.00 sec. (0.02 ticks)
Tried aggregator 1 time.
QCP Presolve eliminated 46 rows and 109 columns.
Aggregator did 3 substitutions.
Reduced QCP has 42 rows, 25 columns, and 79 nonzeros.
Reduced QCP has 5 quadratic constraints.
Presolve time = 0.00 sec. (0.06 ticks)
Parallel mode: using up to 32 threads for barrier.
Number of nonzeros in lower triangle of A*A' = 173
Using Approximate Minimum Degree ordering
Total time for automatic ordering = 0.00 sec. (0.01 ticks)
Summary statistics for Cholesky factor:
  Threads                   = 32
  Rows in Factor            = 42
  Integer space required    = 46
  Total non-zeros in factor = 315
  Total FP ops to factor    = 3157
 Itn      Primal Obj        Dual Obj  Prim Inf Upper Inf  Dual Inf Inf Ratio
   0   1.6070000e+01   1.6070000e+01  7.94e+01  0.00e+00  4.11e+01  1.00e+00
   1   1.6069953e+01   1.6067155e+01  7.94e+01  0.00e+00  4.11e+01  2.55e+00
   2   1.6070009e+01   1.6027912e+01  3.13e+01  0.00e+00  1.62e+01  1.53e+02
   3   1.6070000e+01   1.6069785e+01  3.86e+00  0.00e+00  2.00e+00  6.41e+02
   4   1.6070000e+01   1.6069999e+01  1.41e-01  0.00e+00  7.29e-02  2.10e+05
   5   1.6070000e+01   1.6070000e+01  4.33e-04  0.00e+00  2.24e-04  6.84e+07
   6   1.6070000e+01   1.6070000e+01  1.33e-06  0.00e+00  6.89e-07  6.43e+09
CPLEX Error  3003: Not a mixed-integer problem.
Warning:  No solution found from 2 MIP starts.
Retaining values of one MIP start for possible repair.
Tried aggregator 2 times.
MIP Presolve eliminated 3 rows and 38 columns.
Aggregator did 1 substitutions.
All rows and columns eliminated.
Presolve time = 0.00 sec. (0.03 ticks)
ub: 16.070000000002437, lb: 16.070000001132513
###################################
k ... 36
solution = x* ... Any[18,32,2,16,11,21,7,9,25,10,26,29,34,35,19,17,8,22,6,24,4,37,3,28,5,38,20,23,13,14,31,27,36,15,33,30]
model: PowerModels.GenericPowerModel{PowerModels.SOCWRForm}, cut_type: AC, model_type: OPF
total number of iterations ... 1
solution cost ... 16.070000001132513
computation time ... 0.019092272
mpc.areas
WARNING: unrecognized data matrix named "mpc.areas" data was ignored.

Root node processing (before b&c):
  Real time             =    0.00 sec. (0.05 ticks)
Parallel b&c, 32 threads:
  Real time             =    0.00 sec. (0.00 ticks)
  Sync time (average)   =    0.00 sec.
  Wait time (average)   =    0.00 sec.
                          ------------
Total (root+branch&cut) =    0.00 sec. (0.05 ticks)
WARNING: Ipopt finished with status Restoration_Failed
WARNING: Not solved to optimality, status: Error
WARNING: there was an issue with getsolvetime() on the solver, falling back on @timed.  This is not a rigorous timing value.
full AC load shed ... NaN
###################################
