../data/nesta_case24_ieee_rts__sad.m
mpc.areas
WARNING: unrecognized data matrix named "mpc.areas" data was ignored.
no start solution
no start solution
mpc.areas
WARNING: unrecognized data matrix named "mpc.areas" data was ignored.
Tried aggregator 1 time.
LP Presolve eliminated 44 rows and 80 columns.
Aggregator did 11 substitutions.
All rows and columns eliminated.
Presolve time = 0.00 sec. (0.04 ticks)
CPLEX Error  3003: Not a mixed-integer problem.
Tried aggregator 1 time.
MIP Presolve eliminated 2 rows and 39 columns.
All rows and columns eliminated.
Presolve time = 0.00 sec. (0.01 ticks)
ub: 16.740000000000002, lb: 15.05
mpc.areas
WARNING: unrecognized data matrix named "mpc.areas" data was ignored.

Root node processing (before b&c):
  Real time             =    0.00 sec. (0.02 ticks)
Parallel b&c, 32 threads:
  Real time             =    0.00 sec. (0.00 ticks)
  Sync time (average)   =    0.00 sec.
  Wait time (average)   =    0.00 sec.
                          ------------
Total (root+branch&cut) =    0.00 sec. (0.02 ticks)
Tried aggregator 1 time.
LP Presolve eliminated 44 rows and 79 columns.
Aggregator did 9 substitutions.
Reduced LP has 2 rows, 3 columns, and 4 nonzeros.
Presolve time = 0.00 sec. (0.04 ticks)
Initializing dual steep norms . . .

Iteration log . . .
Iteration:     1   Dual objective     =            12.764129
CPLEX Error  3003: Not a mixed-integer problem.
Warning:  No solution found from 2 MIP starts.
Retaining values of one MIP start for possible repair.
Tried aggregator 1 time.
MIP Presolve eliminated 0 rows and 29 columns.
MIP Presolve modified 15 coefficients.
Reduced MIP has 4 rows, 10 columns, and 21 nonzeros.
Reduced MIP has 5 binaries, 4 generals, 0 SOSs, and 0 indicators.
Presolve time = 0.00 sec. (0.03 ticks)
Found incumbent of value 12.764129 after 0.00 sec. (0.06 ticks)
Probing time = 0.00 sec. (0.00 ticks)
Tried aggregator 1 time.
Reduced MIP has 4 rows, 10 columns, and 21 nonzeros.
Reduced MIP has 5 binaries, 4 generals, 0 SOSs, and 0 indicators.
Presolve time = 0.00 sec. (0.01 ticks)
Probing time = 0.00 sec. (0.00 ticks)
MIP emphasis: balance optimality and feasibility.
MIP search method: dynamic search.
Parallel mode: deterministic, using up to 32 threads.
Root relaxation solution time = 0.00 sec. (0.01 ticks)

        Nodes                                         Cuts/
   Node  Left     Objective  IInf  Best Integer    Best Bound    ItCnt     Gap

*     0+    0                           12.7641       16.7400        4   31.15%
*     0+    0                           15.0500       16.7400        4   11.23%
      0     0       16.7400     2       15.0500       16.7400        4   11.23%
*     0+    0                           16.7400       16.7400        4    0.00%
      0     0        cutoff             16.7400       16.7400        4    0.00%
Elapsed time = 0.00 sec. (0.12 ticks, tree = 0.00 MB, solutions = 3)
ub: 16.74, lb: 15.05
mpc.areas
WARNING: unrecognized data matrix named "mpc.areas" data was ignored.

Root node processing (before b&c):
  Real time             =    0.00 sec. (0.12 ticks)
Parallel b&c, 32 threads:
  Real time             =    0.00 sec. (0.00 ticks)
  Sync time (average)   =    0.00 sec.
  Wait time (average)   =    0.00 sec.
                          ------------
Total (root+branch&cut) =    0.00 sec. (0.12 ticks)
Tried aggregator 1 time.
LP Presolve eliminated 38 rows and 71 columns.
Aggregator did 15 substitutions.
Reduced LP has 2 rows, 5 columns, and 6 nonzeros.
Presolve time = 0.00 sec. (0.04 ticks)
Initializing dual steep norms . . .

Iteration log . . .
Iteration:     1   Dual objective     =            13.757335
CPLEX Error  3003: Not a mixed-integer problem.
1 of 4 MIP starts provided solutions.
MIP start 'm2' defined initial solution with objective 15.0500.
Retaining values of one MIP start for possible repair.
Tried aggregator 1 time.
MIP Presolve eliminated 0 rows and 25 columns.
MIP Presolve modified 48 coefficients.
Reduced MIP has 6 rows, 14 columns, and 39 nonzeros.
Reduced MIP has 9 binaries, 4 generals, 0 SOSs, and 0 indicators.
Presolve time = 0.00 sec. (0.05 ticks)
Probing time = 0.00 sec. (0.00 ticks)
Tried aggregator 1 time.
Reduced MIP has 6 rows, 14 columns, and 39 nonzeros.
Reduced MIP has 9 binaries, 4 generals, 0 SOSs, and 0 indicators.
Presolve time = 0.00 sec. (0.02 ticks)
Probing time = 0.00 sec. (0.00 ticks)
MIP emphasis: balance optimality and feasibility.
MIP search method: dynamic search.
Parallel mode: deterministic, using up to 32 threads.
Root relaxation solution time = 0.00 sec. (0.01 ticks)

        Nodes                                         Cuts/
   Node  Left     Objective  IInf  Best Integer    Best Bound    ItCnt     Gap

*     0+    0                           15.0500       16.7400        8   11.23%
      0     0       16.7400     3       15.0500       16.7400        8   11.23%
*     0+    0                           16.2659       16.7400        8    2.91%
*     0     0      integral     0       16.7400       Cuts: 3       10    0.00%
      0     0        cutoff             16.7400       16.7400       10    0.00%
Elapsed time = 0.00 sec. (0.20 ticks, tree = 0.00 MB, solutions = 3)
ub: 16.74, lb: 15.05

Mixed integer rounding cuts applied:  2
Gomory fractional cuts applied:  1

Root node processing (before b&c):
  Real time             =    0.00 sec. (0.20 ticks)
Parallel b&c, 32 threads:
  Real time             =    0.00 sec. (0.00 ticks)
  Sync time (average)   =    0.00 sec.
  Wait time (average)   =    0.00 sec.
                          ------------
Total (root+branch&cut) =    0.00 sec. (0.20 ticks)
mpc.areas
WARNING: unrecognized data matrix named "mpc.areas" data was ignored.
Tried aggregator 1 time.
LP Presolve eliminated 42 rows and 75 columns.
Aggregator did 11 substitutions.
Reduced LP has 2 rows, 5 columns, and 6 nonzeros.
Presolve time = 0.00 sec. (0.04 ticks)
Initializing dual steep norms . . .

Iteration log . . .
Iteration:     1   Dual objective     =            13.445121
CPLEX Error  3003: Not a mixed-integer problem.
Warning:  No solution found from 5 MIP starts.
Retaining values of one MIP start for possible repair.
Tried aggregator 1 time.
MIP Presolve eliminated 0 rows and 23 columns.
MIP Presolve modified 80 coefficients.
Reduced MIP has 8 rows, 16 columns, and 56 nonzeros.
Reduced MIP has 11 binaries, 4 generals, 0 SOSs, and 0 indicators.
Presolve time = 0.00 sec. (0.07 ticks)
Found incumbent of value 12.764129 after 0.00 sec. (0.12 ticks)
Probing time = 0.00 sec. (0.01 ticks)
Tried aggregator 1 time.
Reduced MIP has 8 rows, 16 columns, and 56 nonzeros.
Reduced MIP has 11 binaries, 4 generals, 0 SOSs, and 0 indicators.
Presolve time = 0.00 sec. (0.02 ticks)
Probing time = 0.00 sec. (0.01 ticks)
MIP emphasis: balance optimality and feasibility.
MIP search method: dynamic search.
Parallel mode: deterministic, using up to 32 threads.
Root relaxation solution time = 0.00 sec. (0.02 ticks)

        Nodes                                         Cuts/
   Node  Left     Objective  IInf  Best Integer    Best Bound    ItCnt     Gap

*     0+    0                           12.7641       16.7400       14   31.15%
*     0+    0                           15.0500       16.7400       14   11.23%
      0     0       16.7400     4       15.0500       16.7400       14   11.23%
*     0+    0                           16.7400       16.7400       14    0.00%
      0     0        cutoff             16.7400       16.7400       14    0.00%
Elapsed time = 0.00 sec. (0.23 ticks, tree = 0.00 MB, solutions = 3)
ub: 16.74, lb: 15.05
mpc.areas
WARNING: unrecognized data matrix named "mpc.areas" data was ignored.

Root node processing (before b&c):
  Real time             =    0.00 sec. (0.23 ticks)
Parallel b&c, 32 threads:
  Real time             =    0.00 sec. (0.00 ticks)
  Sync time (average)   =    0.00 sec.
  Wait time (average)   =    0.00 sec.
                          ------------
Total (root+branch&cut) =    0.00 sec. (0.23 ticks)
Tried aggregator 1 time.
LP Presolve eliminated 38 rows and 74 columns.
Aggregator did 15 substitutions.
Reduced LP has 2 rows, 2 columns, and 4 nonzeros.
Presolve time = 0.00 sec. (0.05 ticks)

Iteration log . . .
Iteration:     1   Dual objective     =            13.060000
CPLEX Error  3003: Not a mixed-integer problem.
1 of 4 MIP starts provided solutions.
MIP start 'm2' defined initial solution with objective 15.0500.
Retaining values of one MIP start for possible repair.
Tried aggregator 1 time.
MIP Presolve eliminated 0 rows and 21 columns.
MIP Presolve modified 99 coefficients.
Reduced MIP has 10 rows, 18 columns, and 74 nonzeros.
Reduced MIP has 13 binaries, 4 generals, 0 SOSs, and 0 indicators.
Presolve time = 0.00 sec. (0.10 ticks)
Probing time = 0.00 sec. (0.01 ticks)
Tried aggregator 1 time.
Reduced MIP has 10 rows, 18 columns, and 74 nonzeros.
Reduced MIP has 13 binaries, 4 generals, 0 SOSs, and 0 indicators.
Presolve time = 0.00 sec. (0.03 ticks)
Probing time = 0.00 sec. (0.01 ticks)
MIP emphasis: balance optimality and feasibility.
MIP search method: dynamic search.
Parallel mode: deterministic, using up to 32 threads.
Root relaxation solution time = 0.00 sec. (0.01 ticks)

        Nodes                                         Cuts/
   Node  Left     Objective  IInf  Best Integer    Best Bound    ItCnt     Gap

*     0+    0                           15.0500       16.7400        0   11.23%
*     0     0      integral     0       16.7400       16.7400        0    0.00%
Elapsed time = 0.00 sec. (0.21 ticks, tree = 0.00 MB, solutions = 2)
ub: 16.74, lb: 15.05
mpc.areas
WARNING: unrecognized data matrix named "mpc.areas" data was ignored.

Root node processing (before b&c):
  Real time             =    0.00 sec. (0.21 ticks)
Parallel b&c, 32 threads:
  Real time             =    0.00 sec. (0.00 ticks)
  Sync time (average)   =    0.00 sec.
  Wait time (average)   =    0.00 sec.
                          ------------
Total (root+branch&cut) =    0.00 sec. (0.21 ticks)
Tried aggregator 1 time.
LP Presolve eliminated 44 rows and 80 columns.
Aggregator did 11 substitutions.
All rows and columns eliminated.
Presolve time = 0.00 sec. (0.04 ticks)
CPLEX Error  3003: Not a mixed-integer problem.
1 of 4 MIP starts provided solutions.
MIP start 'm2' defined initial solution with objective 15.0500.
Retaining values of one MIP start for possible repair.
Tried aggregator 1 time.
MIP Presolve eliminated 1 rows and 20 columns.
MIP Presolve modified 116 coefficients.
Reduced MIP has 11 rows, 19 columns, and 80 nonzeros.
Reduced MIP has 13 binaries, 5 generals, 0 SOSs, and 0 indicators.
Presolve time = 0.00 sec. (0.10 ticks)
Probing time = 0.00 sec. (0.01 ticks)
Tried aggregator 1 time.
Reduced MIP has 11 rows, 19 columns, and 80 nonzeros.
Reduced MIP has 13 binaries, 5 generals, 0 SOSs, and 0 indicators.
Presolve time = 0.00 sec. (0.03 ticks)
Probing time = 0.00 sec. (0.01 ticks)
MIP emphasis: balance optimality and feasibility.
MIP search method: dynamic search.
Parallel mode: deterministic, using up to 32 threads.
Root relaxation solution time = 0.00 sec. (0.02 ticks)

        Nodes                                         Cuts/
   Node  Left     Objective  IInf  Best Integer    Best Bound    ItCnt     Gap

*     0+    0                           15.0500       16.0700       12    6.78%
      0     0       16.0700     3       15.0500       16.0700       12    6.78%
*     0+    0                           16.0700       16.0700       12    0.00%
      0     0        cutoff             16.0700       16.0700       12    0.00%
Elapsed time = 0.00 sec. (0.27 ticks, tree = 0.00 MB, solutions = 2)
ub: 16.07, lb: 16.069999999999993
###################################
k ... 28
solution = x* ... Any[18,12,1,32,2,16,11,21,25,26,29,24,4,37,3,28,5,38,20,23,13,14,31,27,36,15,33,30]
model: PowerModels.GenericPowerModel{PowerModels.StandardDCPForm}, cut_type: DC, model_type: OPF
total number of iterations ... 5
solution cost ... 16.069999999999993
computation time ... 0.265989171
mpc.areas
WARNING: unrecognized data matrix named "mpc.areas" data was ignored.

Root node processing (before b&c):
  Real time             =    0.00 sec. (0.27 ticks)
Parallel b&c, 32 threads:
  Real time             =    0.00 sec. (0.00 ticks)
  Sync time (average)   =    0.00 sec.
  Wait time (average)   =    0.00 sec.
                          ------------
Total (root+branch&cut) =    0.00 sec. (0.27 ticks)

******************************************************************************
This program contains Ipopt, a library for large-scale nonlinear optimization.
 Ipopt is released as open source code under the Eclipse Public License (EPL).
         For more information visit http://projects.coin-or.org/Ipopt
******************************************************************************

WARNING: there was an issue with getsolvetime() on the solver, falling back on @timed.  This is not a rigorous timing value.
full AC load shed ... 16.07000001226622
###################################
mpc.areas
WARNING: unrecognized data matrix named "mpc.areas" data was ignored.
no start solution
no start solution
mpc.areas
WARNING: unrecognized data matrix named "mpc.areas" data was ignored.
Tried aggregator 1 time.
QCP Presolve eliminated 37 rows and 91 columns.
Aggregator did 4 substitutions.
Reduced QCP has 221 rows, 124 columns, and 425 nonzeros.
Reduced QCP has 25 quadratic constraints.
Presolve time = 0.00 sec. (0.12 ticks)
Parallel mode: using up to 32 threads for barrier.
Number of nonzeros in lower triangle of A*A' = 1172
Using Approximate Minimum Degree ordering
Total time for automatic ordering = 0.00 sec. (0.06 ticks)
Summary statistics for Cholesky factor:
  Threads                   = 32
  Rows in Factor            = 221
  Integer space required    = 319
  Total non-zeros in factor = 1853
  Total FP ops to factor    = 18979
 Itn      Primal Obj        Dual Obj  Prim Inf Upper Inf  Dual Inf Inf Ratio
   0   2.1550000e+01   1.0010000e+01  8.50e+02  0.00e+00  2.15e+02  1.00e+00
   1   1.8426413e+01   1.4521121e+01  8.50e+02  0.00e+00  2.15e+02  7.87e-01
   2   1.5412848e+01   1.4553489e+01  3.51e+02  0.00e+00  8.87e+01  5.50e+00
   3   1.5128310e+01   1.4954631e+01  7.06e+01  0.00e+00  1.78e+01  3.18e+01
   4   1.5193749e+01   1.5063663e+01  1.39e+01  0.00e+00  3.52e+00  3.93e+01
   5   1.5072610e+01   1.5021481e+01  1.05e+01  0.00e+00  2.66e+00  9.82e+01
   6   1.5054998e+01   1.5022561e+01  4.16e+00  0.00e+00  1.05e+00  1.61e+02
   7   1.5059963e+01   1.5035488e+01  2.62e+00  0.00e+00  6.63e-01  1.98e+02
   8   1.5049922e+01   1.5049578e+01  2.00e+00  0.00e+00  5.06e-01  1.47e+04
   9   1.5049997e+01   1.5049991e+01  2.79e-02  0.00e+00  7.05e-03  8.77e+05
  10   1.5050000e+01   1.5049999e+01  4.72e-04  0.00e+00  1.19e-04  1.63e+07
  11   1.5050000e+01   1.5050000e+01  2.42e-05  0.00e+00  6.12e-06  5.70e+08
CPLEX Error  3003: Not a mixed-integer problem.
Tried aggregator 1 time.
MIP Presolve eliminated 2 rows and 39 columns.
All rows and columns eliminated.
Presolve time = 0.00 sec. (0.02 ticks)
ub: 17.395660662750647, lb: 15.04999999039246
mpc.areas
WARNING: unrecognized data matrix named "mpc.areas" data was ignored.

Root node processing (before b&c):
  Real time             =    0.00 sec. (0.02 ticks)
Parallel b&c, 32 threads:
  Real time             =    0.00 sec. (0.00 ticks)
  Sync time (average)   =    0.00 sec.
  Wait time (average)   =    0.00 sec.
                          ------------
Total (root+branch&cut) =    0.00 sec. (0.02 ticks)
Tried aggregator 1 time.
QCP Presolve eliminated 36 rows and 80 columns.
Aggregator did 6 substitutions.
Reduced QCP has 245 rows, 145 columns, and 462 nonzeros.
Reduced QCP has 27 quadratic constraints.
Presolve time = 0.00 sec. (0.15 ticks)
Parallel mode: using up to 32 threads for barrier.
Number of nonzeros in lower triangle of A*A' = 1161
Using Approximate Minimum Degree ordering
Total time for automatic ordering = 0.00 sec. (0.06 ticks)
Summary statistics for Cholesky factor:
  Threads                   = 32
  Rows in Factor            = 245
  Integer space required    = 319
  Total non-zeros in factor = 1856
  Total FP ops to factor    = 17020
 Itn      Primal Obj        Dual Obj  Prim Inf Upper Inf  Dual Inf Inf Ratio
   0   2.3920000e+01   1.1590000e+01  7.53e+02  0.00e+00  2.40e+02  1.00e+00
   1   1.9276213e+01   1.3944164e+01  7.53e+02  0.00e+00  2.40e+02  1.19e+00
   2   1.4919575e+01   1.3623303e+01  3.49e+02  0.00e+00  1.11e+02  7.63e+00
   3   1.2782828e+01   1.2210642e+01  8.06e+01  0.00e+00  2.57e+01  1.64e+01
   4   1.2741336e+01   1.2437082e+01  3.57e+01  0.00e+00  1.14e+01  2.60e+01
   5   1.2665043e+01   1.2522760e+01  1.94e+01  0.00e+00  6.16e+00  5.17e+01
   6   1.2642436e+01   1.2580545e+01  9.12e+00  0.00e+00  2.90e+00  1.24e+02
   7   1.2708845e+01   1.2650385e+01  3.95e+00  0.00e+00  1.26e+00  1.29e+02
   8   1.2754138e+01   1.2726113e+01  3.74e+00  0.00e+00  1.19e+00  2.56e+02
   9   1.2775791e+01   1.2773842e+01  1.80e+00  0.00e+00  5.74e-01  4.12e+03
  10   1.2775385e+01   1.2774844e+01  1.24e-01  0.00e+00  3.94e-02  1.41e+04
  11   1.2775705e+01   1.2775620e+01  3.46e-02  0.00e+00  1.10e-02  8.56e+04
  12   1.2775740e+01   1.2775711e+01  5.47e-03  0.00e+00  1.74e-03  2.37e+05
  13   1.2775776e+01   1.2775765e+01  1.89e-03  0.00e+00  6.03e-04  6.16e+05
  14   1.2775799e+01   1.2775797e+01  6.97e-04  0.00e+00  2.22e-04  3.80e+06
  15   1.2775802e+01   1.2775802e+01  1.11e-04  0.00e+00  3.55e-05  1.44e+07
  16   1.2775803e+01   1.2775803e+01  2.94e-05  0.00e+00  9.35e-06  1.20e+08
CPLEX Error  3003: Not a mixed-integer problem.
Warning:  No solution found from 2 MIP starts.
Retaining values of one MIP start for possible repair.
Tried aggregator 1 time.
MIP Presolve eliminated 0 rows and 18 columns.
MIP Presolve added 1 rows and 1 columns.
MIP Presolve modified 30 coefficients.
Reduced MIP has 5 rows, 22 columns, and 54 nonzeros.
Reduced MIP has 18 binaries, 3 generals, 0 SOSs, and 0 indicators.
Presolve time = 0.00 sec. (0.07 ticks)
Found incumbent of value 12.775803 after 0.00 sec. (0.10 ticks)
Probing time = 0.00 sec. (0.01 ticks)
Tried aggregator 1 time.
Reduced MIP has 5 rows, 22 columns, and 54 nonzeros.
Reduced MIP has 18 binaries, 3 generals, 0 SOSs, and 0 indicators.
Presolve time = 0.00 sec. (0.03 ticks)
Probing time = 0.00 sec. (0.01 ticks)
MIP emphasis: balance optimality and feasibility.
MIP search method: dynamic search.
Parallel mode: deterministic, using up to 32 threads.
Root relaxation solution time = 0.00 sec. (0.01 ticks)

        Nodes                                         Cuts/
   Node  Left     Objective  IInf  Best Integer    Best Bound    ItCnt     Gap

*     0+    0                           12.7758       17.3957        0   36.16%
*     0+    0                           15.0500       17.3957        0   15.59%
*     0     0      integral     0       17.3957       17.3957        0    0.00%
Elapsed time = 0.00 sec. (0.19 ticks, tree = 0.00 MB, solutions = 3)
ub: 17.39566066275065, lb: 15.04999999039246
mpc.areas
WARNING: unrecognized data matrix named "mpc.areas" data was ignored.

Root node processing (before b&c):
  Real time             =    0.00 sec. (0.19 ticks)
Parallel b&c, 32 threads:
  Real time             =    0.00 sec. (0.00 ticks)
  Sync time (average)   =    0.00 sec.
  Wait time (average)   =    0.00 sec.
                          ------------
Total (root+branch&cut) =    0.00 sec. (0.19 ticks)
Tried aggregator 1 time.
QCP Presolve eliminated 29 rows and 72 columns.
Aggregator did 10 substitutions.
Reduced QCP has 258 rows, 151 columns, and 483 nonzeros.
Reduced QCP has 29 quadratic constraints.
Presolve time = 0.00 sec. (0.15 ticks)
Parallel mode: using up to 32 threads for barrier.
Number of nonzeros in lower triangle of A*A' = 1206
Using Approximate Minimum Degree ordering
Total time for automatic ordering = 0.00 sec. (0.06 ticks)
Summary statistics for Cholesky factor:
  Threads                   = 32
  Rows in Factor            = 258
  Integer space required    = 360
  Total non-zeros in factor = 2048
  Total FP ops to factor    = 20040
 Itn      Primal Obj        Dual Obj  Prim Inf Upper Inf  Dual Inf Inf Ratio
   0   2.3920000e+01   1.4340000e+01  7.31e+02  0.00e+00  2.57e+02  1.00e+00
   1   1.9182462e+01   1.4732781e+01  7.31e+02  0.00e+00  2.57e+02  1.26e+00
   2   1.5311636e+01   1.4182929e+01  3.62e+02  0.00e+00  1.27e+02  7.35e+00
   3   1.2545937e+01   1.2233262e+01  8.74e+01  0.00e+00  3.08e+01  2.90e+01
   4   1.2250725e+01   1.2098642e+01  2.40e+01  0.00e+00  8.44e+00  5.18e+01
   5   1.2304587e+01   1.2167817e+01  1.18e+01  0.00e+00  4.17e+00  5.56e+01
   6   1.2344180e+01   1.2246367e+01  1.07e+01  0.00e+00  3.76e+00  7.16e+01
   7   1.2340494e+01   1.2284255e+01  7.72e+00  0.00e+00  2.72e+00  1.12e+02
   8   1.2376702e+01   1.2330446e+01  4.50e+00  0.00e+00  1.58e+00  1.46e+02
   9   1.2401325e+01   1.2356743e+01  3.67e+00  0.00e+00  1.29e+00  1.48e+02
  10   1.2470791e+01   1.2449938e+01  3.55e+00  0.00e+00  1.25e+00  2.98e+02
  11   1.2483028e+01   1.2481205e+01  1.67e+00  0.00e+00  5.89e-01  3.41e+03
  12   1.2482128e+01   1.2481535e+01  1.46e-01  0.00e+00  5.15e-02  9.85e+03
  13   1.2483119e+01   1.2483058e+01  4.79e-02  0.00e+00  1.69e-02  9.08e+04
  14   1.2483178e+01   1.2483166e+01  5.02e-03  0.00e+00  1.77e-03  4.51e+05
  15   1.2483195e+01   1.2483191e+01  9.80e-04  0.00e+00  3.45e-04  1.65e+06
  16   1.2483198e+01   1.2483196e+01  2.66e-04  0.00e+00  9.35e-05  2.96e+06
  17   1.2483201e+01   1.2483200e+01  1.47e-04  0.00e+00  5.18e-05  8.57e+06
  18   1.2483201e+01   1.2483201e+01  5.08e-05  0.00e+00  1.79e-05  1.11e+07
  19   1.2483202e+01   1.2483202e+01  3.93e-05  0.00e+00  1.38e-05  3.92e+07
CPLEX Error  3003: Not a mixed-integer problem.
Warning:  No solution found from 4 MIP starts.
Retaining values of one MIP start for possible repair.
Tried aggregator 1 time.
MIP Presolve eliminated 0 rows and 8 columns.
MIP Presolve added 1 rows and 1 columns.
MIP Presolve modified 80 coefficients.
Reduced MIP has 7 rows, 32 columns, and 85 nonzeros.
Reduced MIP has 28 binaries, 3 generals, 0 SOSs, and 0 indicators.
Presolve time = 0.00 sec. (0.09 ticks)
Found incumbent of value 12.483202 after 0.00 sec. (0.14 ticks)
Probing time = 0.00 sec. (0.01 ticks)
Tried aggregator 1 time.
Reduced MIP has 7 rows, 32 columns, and 85 nonzeros.
Reduced MIP has 28 binaries, 3 generals, 0 SOSs, and 0 indicators.
Presolve time = 0.00 sec. (0.04 ticks)
Probing time = 0.00 sec. (0.01 ticks)
MIP emphasis: balance optimality and feasibility.
MIP search method: dynamic search.
Parallel mode: deterministic, using up to 32 threads.
Root relaxation solution time = 0.00 sec. (0.04 ticks)

        Nodes                                         Cuts/
   Node  Left     Objective  IInf  Best Integer    Best Bound    ItCnt     Gap

*     0+    0                           12.4832       16.6430       21   33.32%
*     0+    0                           16.6430       16.6430       21    0.00%
      0     0        cutoff             16.6430       16.6430       21    0.00%
      0     0        cutoff             16.6430       16.6430       21    0.00%
Elapsed time = 0.00 sec. (0.30 ticks, tree = 0.00 MB, solutions = 2)
ub: 16.64301000344105, lb: 15.04999999039246
mpc.areas
WARNING: unrecognized data matrix named "mpc.areas" data was ignored.

Root node processing (before b&c):
  Real time             =    0.00 sec. (0.30 ticks)
Parallel b&c, 32 threads:
  Real time             =    0.00 sec. (0.00 ticks)
  Sync time (average)   =    0.00 sec.
  Wait time (average)   =    0.00 sec.
                          ------------
Total (root+branch&cut) =    0.00 sec. (0.30 ticks)
Tried aggregator 1 time.
QCP Presolve eliminated 35 rows and 84 columns.
Aggregator did 4 substitutions.
Reduced QCP has 238 rows, 137 columns, and 450 nonzeros.
Reduced QCP has 26 quadratic constraints.
Presolve time = 0.00 sec. (0.13 ticks)
Parallel mode: using up to 32 threads for barrier.
Number of nonzeros in lower triangle of A*A' = 1169
Using Approximate Minimum Degree ordering
Total time for automatic ordering = 0.00 sec. (0.06 ticks)
Summary statistics for Cholesky factor:
  Threads                   = 32
  Rows in Factor            = 238
  Integer space required    = 334
  Total non-zeros in factor = 1864
  Total FP ops to factor    = 17708
 Itn      Primal Obj        Dual Obj  Prim Inf Upper Inf  Dual Inf Inf Ratio
   0   2.5380000e+01   1.4270000e+01  8.58e+02  0.00e+00  2.33e+02  1.00e+00
   1   1.9673957e+01   1.5099126e+01  8.58e+02  0.00e+00  2.33e+02  9.24e-01
   2   1.5444028e+01   1.4177411e+01  4.01e+02  0.00e+00  1.09e+02  4.45e+00
   3   1.2248692e+01   1.1769073e+01  1.06e+02  0.00e+00  2.87e+01  1.18e+01
   4   1.2253182e+01   1.1778387e+01  4.00e+01  0.00e+00  1.09e+01  1.18e+01
   5   1.2305115e+01   1.1866427e+01  3.97e+01  0.00e+00  1.08e+01  1.29e+01
   6   1.1929865e+01   1.1631756e+01  3.66e+01  0.00e+00  9.92e+00  1.80e+01
   7   1.2004427e+01   1.1770925e+01  2.51e+01  0.00e+00  6.80e+00  2.29e+01
   8   1.1745626e+01   1.1659066e+01  1.96e+01  0.00e+00  5.33e+00  5.84e+01
   9   1.1745563e+01   1.1674574e+01  7.35e+00  0.00e+00  1.99e+00  6.85e+01
  10   1.1732334e+01   1.1702890e+01  6.07e+00  0.00e+00  1.65e+00  1.64e+02
  11   1.1776346e+01   1.1766756e+01  2.52e+00  0.00e+00  6.83e-01  5.06e+02
  12   1.1782456e+01   1.1781564e+01  8.20e-01  0.00e+00  2.22e-01  5.47e+03
  13   1.1783070e+01   1.1782942e+01  7.62e-02  0.00e+00  2.07e-02  3.72e+04
  14   1.1783160e+01   1.1783081e+01  1.10e-02  0.00e+00  2.99e-03  6.02e+04
  15   1.1783296e+01   1.1783292e+01  6.76e-03  0.00e+00  1.83e-03  1.22e+06
  16   1.1783304e+01   1.1783302e+01  3.32e-04  0.00e+00  9.02e-05  3.49e+06
  17   1.1783307e+01   1.1783306e+01  1.16e-04  0.00e+00  3.14e-05  1.03e+08
CPLEX Error  3003: Not a mixed-integer problem.
Warning:  No solution found from 3 MIP starts.
Retaining values of one MIP start for possible repair.
Tried aggregator 1 time.
MIP Presolve eliminated 0 rows and 1 columns.
MIP Presolve added 1 rows and 1 columns.
MIP Presolve modified 141 coefficients.
Reduced MIP has 9 rows, 39 columns, and 113 nonzeros.
Reduced MIP has 36 binaries, 2 generals, 0 SOSs, and 0 indicators.
Presolve time = 0.00 sec. (0.12 ticks)
Found incumbent of value 11.783307 after 0.00 sec. (0.18 ticks)
Probing time = 0.00 sec. (0.01 ticks)
Tried aggregator 1 time.
Reduced MIP has 9 rows, 39 columns, and 113 nonzeros.
Reduced MIP has 36 binaries, 2 generals, 0 SOSs, and 0 indicators.
Presolve time = 0.00 sec. (0.06 ticks)
Probing time = 0.00 sec. (0.01 ticks)
MIP emphasis: balance optimality and feasibility.
MIP search method: dynamic search.
Parallel mode: deterministic, using up to 32 threads.
Root relaxation solution time = 0.00 sec. (0.06 ticks)

        Nodes                                         Cuts/
   Node  Left     Objective  IInf  Best Integer    Best Bound    ItCnt     Gap

*     0+    0                           11.7833       16.6430       31   41.24%
*     0+    0                           14.8110       16.6430       31   12.37%
      0     0       16.6430     3       14.8110       16.6430       31   12.37%
*     0+    0                           15.9077       16.6430       31    4.62%
*     0     0      integral     0       16.6430       Cuts: 4       33    0.00%
      0     0        cutoff             16.6430       16.6430       33    0.00%
Elapsed time = 0.00 sec. (0.50 ticks, tree = 0.00 MB, solutions = 4)
ub: 16.643009811526316, lb: 15.04999999039246
mpc.areas
WARNING: unrecognized data matrix named "mpc.areas" data was ignored.

Implied bound cuts applied:  1
Mixed integer rounding cuts applied:  2
Gomory fractional cuts applied:  1

Root node processing (before b&c):
  Real time             =    0.00 sec. (0.50 ticks)
Parallel b&c, 32 threads:
  Real time             =    0.00 sec. (0.00 ticks)
  Sync time (average)   =    0.00 sec.
  Wait time (average)   =    0.00 sec.
                          ------------
Total (root+branch&cut) =    0.00 sec. (0.50 ticks)
Tried aggregator 1 time.
QCP Presolve eliminated 38 rows and 86 columns.
Aggregator did 7 substitutions.
Reduced QCP has 238 rows, 139 columns, and 456 nonzeros.
Reduced QCP has 28 quadratic constraints.
Presolve time = 0.00 sec. (0.14 ticks)
Parallel mode: using up to 32 threads for barrier.
Number of nonzeros in lower triangle of A*A' = 1256
Using Approximate Minimum Degree ordering
Total time for automatic ordering = 0.00 sec. (0.06 ticks)
Summary statistics for Cholesky factor:
  Threads                   = 32
  Rows in Factor            = 238
  Integer space required    = 342
  Total non-zeros in factor = 1967
  Total FP ops to factor    = 19333
 Itn      Primal Obj        Dual Obj  Prim Inf Upper Inf  Dual Inf Inf Ratio
   0   2.2550000e+01   1.1590000e+01  7.78e+02  0.00e+00  2.32e+02  1.00e+00
   1   1.9027060e+01   1.4568844e+01  7.78e+02  0.00e+00  2.32e+02  9.98e-01
   2   1.6078203e+01   1.4775770e+01  3.55e+02  0.00e+00  1.06e+02  4.54e+00
   3   1.4428183e+01   1.3799975e+01  9.90e+01  0.00e+00  2.95e+01  9.74e+00
   4   1.4060443e+01   1.3843848e+01  4.75e+01  0.00e+00  1.41e+01  2.89e+01
   5   1.4097589e+01   1.3979776e+01  1.63e+01  0.00e+00  4.86e+00  4.94e+01
   6   1.4129723e+01   1.4082771e+01  8.98e+00  0.00e+00  2.67e+00  1.18e+02
   7   1.4130792e+01   1.4129359e+01  3.60e+00  0.00e+00  1.07e+00  4.49e+03
   8   1.4130010e+01   1.4129967e+01  1.08e-01  0.00e+00  3.20e-02  1.52e+05
   9   1.4129998e+01   1.4129996e+01  3.22e-03  0.00e+00  9.60e-04  2.76e+06
  10   1.4130000e+01   1.4130000e+01  1.63e-04  0.00e+00  4.87e-05  4.02e+07
  11   1.4130000e+01   1.4130000e+01  1.07e-05  0.00e+00  3.18e-06  5.23e+09
CPLEX Error  3003: Not a mixed-integer problem.
2 of 5 MIP starts provided solutions.
MIP start 'm2' defined initial solution with objective 14.8110.
Tried aggregator 1 time.
MIP Presolve eliminated 0 rows and 1 columns.
MIP Presolve added 2 rows and 2 columns.
MIP Presolve modified 188 coefficients.
Reduced MIP has 12 rows, 40 columns, and 137 nonzeros.
Reduced MIP has 36 binaries, 3 generals, 0 SOSs, and 0 indicators.
Presolve time = 0.00 sec. (0.15 ticks)
Probing time = 0.00 sec. (0.01 ticks)
Tried aggregator 1 time.
Reduced MIP has 12 rows, 40 columns, and 137 nonzeros.
Reduced MIP has 36 binaries, 3 generals, 0 SOSs, and 0 indicators.
Presolve time = 0.00 sec. (0.07 ticks)
Probing time = 0.00 sec. (0.01 ticks)
MIP emphasis: balance optimality and feasibility.
MIP search method: dynamic search.
Parallel mode: deterministic, using up to 32 threads.
Root relaxation solution time = 0.00 sec. (0.07 ticks)

        Nodes                                         Cuts/
   Node  Left     Objective  IInf  Best Integer    Best Bound    ItCnt     Gap

*     0+    0                           14.8110       16.6430       30   12.37%
      0     0       16.6430     3       14.8110       16.6430       30   12.37%
*     0+    0                           16.1462       16.6430       30    3.08%
      0     0       16.6430     2       16.1462       Cuts: 3       34    3.08%
*     0+    0                           16.6430       16.6430       34   -0.00%
      0     0        cutoff             16.6430       16.6430       34   -0.00%
Elapsed time = 0.01 sec. (0.59 ticks, tree = 0.00 MB, solutions = 2)
ub: 16.643010003441045, lb: 15.04999999039246
mpc.areas
WARNING: unrecognized data matrix named "mpc.areas" data was ignored.

Implied bound cuts applied:  1
Flow cuts applied:  1
Mixed integer rounding cuts applied:  1

Root node processing (before b&c):
  Real time             =    0.01 sec. (0.60 ticks)
Parallel b&c, 32 threads:
  Real time             =    0.00 sec. (0.00 ticks)
  Sync time (average)   =    0.00 sec.
  Wait time (average)   =    0.00 sec.
                          ------------
Total (root+branch&cut) =    0.01 sec. (0.60 ticks)
Tried aggregator 1 time.
QCP Presolve eliminated 40 rows and 92 columns.
Aggregator did 6 substitutions.
Reduced QCP has 229 rows, 133 columns, and 441 nonzeros.
Reduced QCP has 27 quadratic constraints.
Presolve time = 0.00 sec. (0.14 ticks)
Parallel mode: using up to 32 threads for barrier.
Number of nonzeros in lower triangle of A*A' = 1226
Using Approximate Minimum Degree ordering
Total time for automatic ordering = 0.00 sec. (0.06 ticks)
Summary statistics for Cholesky factor:
  Threads                   = 32
  Rows in Factor            = 229
  Integer space required    = 335
  Total non-zeros in factor = 1836
  Total FP ops to factor    = 17132
 Itn      Primal Obj        Dual Obj  Prim Inf Upper Inf  Dual Inf Inf Ratio
   0   2.1550000e+01   9.6400000e+00  6.56e+02  0.00e+00  2.19e+02  1.00e+00
   1   1.8801923e+01   1.3111018e+01  6.56e+02  0.00e+00  2.19e+02  1.20e+00
   2   1.6341457e+01   1.4922082e+01  3.31e+02  0.00e+00  1.11e+02  6.19e+00
   3   1.5710753e+01   1.5458256e+01  8.03e+01  0.00e+00  2.68e+01  4.71e+01
   4   1.5985415e+01   1.5805224e+01  1.39e+01  0.00e+00  4.65e+00  5.04e+01
   5   1.6044029e+01   1.5975170e+01  1.02e+01  0.00e+00  3.39e+00  1.28e+02
   6   1.6068876e+01   1.6065979e+01  3.90e+00  0.00e+00  1.30e+00  3.21e+03
   7   1.6069868e+01   1.6069736e+01  1.63e-01  0.00e+00  5.44e-02  7.21e+04
   8   1.6069970e+01   1.6069951e+01  7.40e-03  0.00e+00  2.47e-03  3.95e+05
   9   1.6069996e+01   1.6069994e+01  1.08e-03  0.00e+00  3.62e-04  3.32e+06
  10   1.6069999e+01   1.6069998e+01  1.29e-04  0.00e+00  4.32e-05  1.04e+07
  11   1.6070000e+01   1.6069999e+01  3.93e-05  0.00e+00  1.31e-05  3.25e+07
CPLEX Error  3003: Not a mixed-integer problem.
1 of 5 MIP starts provided solutions.
MIP start 'm1' defined initial solution with objective 16.0700.
Tried aggregator 1 time.
MIP Presolve eliminated 0 rows and 1 columns.
MIP Presolve added 2 rows and 2 columns.
MIP Presolve modified 236 coefficients.
Reduced MIP has 14 rows, 40 columns, and 158 nonzeros.
Reduced MIP has 36 binaries, 3 generals, 0 SOSs, and 0 indicators.
Presolve time = 0.00 sec. (0.17 ticks)
Probing time = 0.00 sec. (0.01 ticks)
Tried aggregator 1 time.
Reduced MIP has 14 rows, 40 columns, and 158 nonzeros.
Reduced MIP has 36 binaries, 3 generals, 0 SOSs, and 0 indicators.
Presolve time = 0.00 sec. (0.07 ticks)
Probing time = 0.00 sec. (0.01 ticks)
MIP emphasis: balance optimality and feasibility.
MIP search method: dynamic search.
Parallel mode: deterministic, using up to 32 threads.
Root relaxation solution time = 0.00 sec. (0.07 ticks)

        Nodes                                         Cuts/
   Node  Left     Objective  IInf  Best Integer    Best Bound    ItCnt     Gap

*     0+    0                           16.0700       16.6430       27    3.57%
      0     0       16.6430     2       16.0700       16.6430       27    3.57%
*     0+    0                           16.6430       16.6430       27    0.00%
      0     0        cutoff             16.6430       16.6430       27    0.00%
Elapsed time = 0.00 sec. (0.54 ticks, tree = 0.00 MB, solutions = 2)
ub: 16.64301000344105, lb: 16.069999578906703
mpc.areas
WARNING: unrecognized data matrix named "mpc.areas" data was ignored.

Root node processing (before b&c):
  Real time             =    0.00 sec. (0.54 ticks)
Parallel b&c, 32 threads:
  Real time             =    0.00 sec. (0.00 ticks)
  Sync time (average)   =    0.00 sec.
  Wait time (average)   =    0.00 sec.
                          ------------
Total (root+branch&cut) =    0.00 sec. (0.54 ticks)
Tried aggregator 1 time.
QCP Presolve eliminated 39 rows and 91 columns.
Aggregator did 4 substitutions.
Reduced QCP has 235 rows, 136 columns, and 452 nonzeros.
Reduced QCP has 27 quadratic constraints.
Presolve time = 0.00 sec. (0.13 ticks)
Parallel mode: using up to 32 threads for barrier.
Number of nonzeros in lower triangle of A*A' = 1270
Using Approximate Minimum Degree ordering
Total time for automatic ordering = 0.00 sec. (0.06 ticks)
Summary statistics for Cholesky factor:
  Threads                   = 32
  Rows in Factor            = 235
  Integer space required    = 337
  Total non-zeros in factor = 1842
  Total FP ops to factor    = 16582
 Itn      Primal Obj        Dual Obj  Prim Inf Upper Inf  Dual Inf Inf Ratio
   0   2.2550000e+01   9.6400000e+00  6.72e+02  0.00e+00  2.25e+02  1.00e+00
   1   1.9568230e+01   1.4358080e+01  6.72e+02  0.00e+00  2.25e+02  1.14e+00
   2   1.6618516e+01   1.5010185e+01  2.94e+02  0.00e+00  9.85e+01  5.00e+00
   3   1.5715319e+01   1.5444924e+01  8.73e+01  0.00e+00  2.93e+01  4.24e+01
   4   1.5986355e+01   1.5792463e+01  1.42e+01  0.00e+00  4.76e+00  4.71e+01
   5   1.6045035e+01   1.5969811e+01  1.04e+01  0.00e+00  3.48e+00  1.18e+02
   6   1.6069000e+01   1.6065773e+01  4.04e+00  0.00e+00  1.35e+00  2.94e+03
   7   1.6069901e+01   1.6069788e+01  1.72e-01  0.00e+00  5.77e-02  8.56e+04
   8   1.6069982e+01   1.6069969e+01  6.04e-03  0.00e+00  2.02e-03  5.94e+05
   9   1.6069998e+01   1.6069997e+01  7.15e-04  0.00e+00  2.39e-04  6.94e+06
  10   1.6070000e+01   1.6069999e+01  6.11e-05  0.00e+00  2.05e-05  2.87e+07
CPLEX Error  3003: Not a mixed-integer problem.
1 of 4 MIP starts provided solutions.
MIP start 'm2' defined initial solution with objective 14.8110.
Retaining values of one MIP start for possible repair.
Tried aggregator 1 time.
MIP Presolve eliminated 0 rows and 1 columns.
MIP Presolve added 2 rows and 2 columns.
MIP Presolve modified 283 coefficients.
Reduced MIP has 16 rows, 40 columns, and 179 nonzeros.
Reduced MIP has 36 binaries, 3 generals, 0 SOSs, and 0 indicators.
Presolve time = 0.00 sec. (0.20 ticks)
Probing time = 0.00 sec. (0.02 ticks)
Tried aggregator 1 time.
Reduced MIP has 16 rows, 40 columns, and 179 nonzeros.
Reduced MIP has 36 binaries, 3 generals, 0 SOSs, and 0 indicators.
Presolve time = 0.00 sec. (0.08 ticks)
Probing time = 0.00 sec. (0.02 ticks)
MIP emphasis: balance optimality and feasibility.
MIP search method: dynamic search.
Parallel mode: deterministic, using up to 32 threads.
Root relaxation solution time = 0.00 sec. (0.08 ticks)

        Nodes                                         Cuts/
   Node  Left     Objective  IInf  Best Integer    Best Bound    ItCnt     Gap

*     0+    0                           14.8110       16.6430       31   12.37%
      0     0       16.6430     3       14.8110       16.6430       31   12.37%
*     0+    0                           15.9817       16.6430       31    4.14%
*     0     0      integral     0       16.6430       Cuts: 4       34    0.00%
      0     0        cutoff             16.6430       16.6430       34    0.00%
Elapsed time = 0.00 sec. (0.67 ticks, tree = 0.00 MB, solutions = 2)
ub: 16.64301000344105, lb: 16.069999578906703
mpc.areas
WARNING: unrecognized data matrix named "mpc.areas" data was ignored.

Flow cuts applied:  2
Mixed integer rounding cuts applied:  2

Root node processing (before b&c):
  Real time             =    0.00 sec. (0.67 ticks)
Parallel b&c, 32 threads:
  Real time             =    0.00 sec. (0.00 ticks)
  Sync time (average)   =    0.00 sec.
  Wait time (average)   =    0.00 sec.
                          ------------
Total (root+branch&cut) =    0.00 sec. (0.67 ticks)
Tried aggregator 1 time.
QCP Presolve eliminated 37 rows and 88 columns.
Aggregator did 5 substitutions.
Reduced QCP has 238 rows, 138 columns, and 455 nonzeros.
Reduced QCP has 27 quadratic constraints.
Presolve time = 0.00 sec. (0.14 ticks)
Parallel mode: using up to 32 threads for barrier.
Number of nonzeros in lower triangle of A*A' = 1232
Using Approximate Minimum Degree ordering
Total time for automatic ordering = 0.00 sec. (0.06 ticks)
Summary statistics for Cholesky factor:
  Threads                   = 32
  Rows in Factor            = 238
  Integer space required    = 332
  Total non-zeros in factor = 1886
  Total FP ops to factor    = 17514
 Itn      Primal Obj        Dual Obj  Prim Inf Upper Inf  Dual Inf Inf Ratio
   0   2.2550000e+01   9.6400000e+00  6.34e+02  0.00e+00  2.30e+02  1.00e+00
   1   1.9726641e+01   1.3394501e+01  6.34e+02  0.00e+00  2.30e+02  1.23e+00
   2   1.6717071e+01   1.4774182e+01  3.26e+02  0.00e+00  1.18e+02  4.72e+00
   3   1.5523858e+01   1.5187573e+01  9.83e+01  0.00e+00  3.56e+01  4.11e+01
   4   1.5666939e+01   1.5361278e+01  1.64e+01  0.00e+00  5.97e+00  4.06e+01
   5   1.5787260e+01   1.5522737e+01  1.51e+01  0.00e+00  5.46e+00  4.37e+01
   6   1.5959032e+01   1.5861407e+01  1.31e+01  0.00e+00  4.75e+00  1.04e+02
   7   1.6034667e+01   1.6006651e+01  4.89e+00  0.00e+00  1.77e+00  3.55e+02
   8   1.6064792e+01   1.6061299e+01  1.41e+00  0.00e+00  5.10e-01  2.72e+03
   9   1.6069527e+01   1.6069309e+01  1.76e-01  0.00e+00  6.38e-02  3.58e+04
  10   1.6069957e+01   1.6069939e+01  1.12e-02  0.00e+00  4.07e-03  4.23e+05
  11   1.6069999e+01   1.6069999e+01  9.47e-04  0.00e+00  3.43e-04  2.01e+07
  12   1.6070000e+01   1.6070000e+01  1.90e-05  0.00e+00  6.88e-06  5.05e+08
CPLEX Error  3003: Not a mixed-integer problem.
1 of 4 MIP starts provided solutions.
MIP start 'm1' defined initial solution with objective 15.9817.
Tried aggregator 1 time.
MIP Presolve eliminated 0 rows and 1 columns.
MIP Presolve added 2 rows and 2 columns.
MIP Presolve modified 331 coefficients.
Reduced MIP has 18 rows, 40 columns, and 200 nonzeros.
Reduced MIP has 36 binaries, 3 generals, 0 SOSs, and 0 indicators.
Presolve time = 0.00 sec. (0.23 ticks)
Probing time = 0.00 sec. (0.02 ticks)
Tried aggregator 1 time.
Reduced MIP has 18 rows, 40 columns, and 200 nonzeros.
Reduced MIP has 36 binaries, 3 generals, 0 SOSs, and 0 indicators.
Presolve time = 0.00 sec. (0.08 ticks)
Probing time = 0.00 sec. (0.02 ticks)
MIP emphasis: balance optimality and feasibility.
MIP search method: dynamic search.
Parallel mode: deterministic, using up to 32 threads.
Root relaxation solution time = 0.00 sec. (0.09 ticks)

        Nodes                                         Cuts/
   Node  Left     Objective  IInf  Best Integer    Best Bound    ItCnt     Gap

*     0+    0                           15.9817       16.6430       33    4.14%
      0     0       16.6430     2       15.9817       16.6430       33    4.14%
*     0+    0                           16.1924       16.6430       33    2.78%
*     0     0      integral     0       16.6430       Cuts: 3       35    0.00%
      0     0        cutoff             16.6430       16.6430       35    0.00%
Elapsed time = 0.00 sec. (0.76 ticks, tree = 0.00 MB, solutions = 2)
ub: 16.64301000344105, lb: 16.069999578906703
mpc.areas
WARNING: unrecognized data matrix named "mpc.areas" data was ignored.

Flow cuts applied:  1
Mixed integer rounding cuts applied:  2

Root node processing (before b&c):
  Real time             =    0.00 sec. (0.76 ticks)
Parallel b&c, 32 threads:
  Real time             =    0.00 sec. (0.00 ticks)
  Sync time (average)   =    0.00 sec.
  Wait time (average)   =    0.00 sec.
                          ------------
Total (root+branch&cut) =    0.00 sec. (0.76 ticks)
Tried aggregator 1 time.
QCP Presolve eliminated 38 rows and 91 columns.
Aggregator did 3 substitutions.
Reduced QCP has 238 rows, 137 columns, and 458 nonzeros.
Reduced QCP has 27 quadratic constraints.
Presolve time = 0.00 sec. (0.13 ticks)
Parallel mode: using up to 32 threads for barrier.
Number of nonzeros in lower triangle of A*A' = 1271
Using Approximate Minimum Degree ordering
Total time for automatic ordering = 0.00 sec. (0.06 ticks)
Summary statistics for Cholesky factor:
  Threads                   = 32
  Rows in Factor            = 238
  Integer space required    = 346
  Total non-zeros in factor = 1952
  Total FP ops to factor    = 18630
 Itn      Primal Obj        Dual Obj  Prim Inf Upper Inf  Dual Inf Inf Ratio
   0   2.1870000e+01   9.6400000e+00  6.17e+02  0.00e+00  2.28e+02  1.00e+00
   1   1.8671103e+01   1.3467228e+01  6.17e+02  0.00e+00  2.28e+02  1.13e+00
   2   1.5243542e+01   1.3969676e+01  2.84e+02  0.00e+00  1.05e+02  7.36e+00
   3   1.3622326e+01   1.3016256e+01  6.57e+01  0.00e+00  2.43e+01  1.49e+01
   4   1.3644702e+01   1.3385880e+01  3.14e+01  0.00e+00  1.16e+01  2.71e+01
   5   1.3794340e+01   1.3617634e+01  1.38e+01  0.00e+00  5.10e+00  3.73e+01
   6   1.3810331e+01   1.3729319e+01  9.49e+00  0.00e+00  3.51e+00  7.81e+01
   7   1.3952743e+01   1.3894695e+01  4.37e+00  0.00e+00  1.62e+00  1.19e+02
   8   1.3953210e+01   1.3927007e+01  3.10e+00  0.00e+00  1.15e+00  2.48e+02
   9   1.4008965e+01   1.3997821e+01  1.41e+00  0.00e+00  5.22e-01  5.56e+02
  10   1.4050160e+01   1.4048641e+01  6.03e-01  0.00e+00  2.23e-01  4.42e+03
  11   1.4054837e+01   1.4054613e+01  8.13e-02  0.00e+00  3.01e-02  2.82e+04
  12   1.4055590e+01   1.4055547e+01  1.21e-02  0.00e+00  4.49e-03  1.37e+05
  13   1.4055706e+01   1.4055691e+01  2.33e-03  0.00e+00  8.61e-04  3.73e+05
  14   1.4055786e+01   1.4055783e+01  8.30e-04  0.00e+00  3.07e-04  2.41e+06
  15   1.4055797e+01   1.4055796e+01  1.28e-04  0.00e+00  4.75e-05  7.70e+06
  16   1.4055799e+01   1.4055799e+01  3.97e-05  0.00e+00  1.47e-05  1.50e+07
CPLEX Error  3003: Not a mixed-integer problem.
1 of 4 MIP starts provided solutions.
MIP start 'm1' defined initial solution with objective 15.5410.
Tried aggregator 1 time.
MIP Presolve eliminated 0 rows and 1 columns.
MIP Presolve added 2 rows and 2 columns.
MIP Presolve modified 378 coefficients.
Reduced MIP has 20 rows, 40 columns, and 221 nonzeros.
Reduced MIP has 36 binaries, 3 generals, 0 SOSs, and 0 indicators.
Presolve time = 0.00 sec. (0.27 ticks)
Probing time = 0.00 sec. (0.02 ticks)
Tried aggregator 1 time.
Reduced MIP has 20 rows, 40 columns, and 221 nonzeros.
Reduced MIP has 36 binaries, 3 generals, 0 SOSs, and 0 indicators.
Presolve time = 0.00 sec. (0.09 ticks)
Probing time = 0.00 sec. (0.02 ticks)
MIP emphasis: balance optimality and feasibility.
MIP search method: dynamic search.
Parallel mode: deterministic, using up to 32 threads.
Root relaxation solution time = 0.00 sec. (0.09 ticks)

        Nodes                                         Cuts/
   Node  Left     Objective  IInf  Best Integer    Best Bound    ItCnt     Gap

*     0+    0                           15.5410       16.6430       33    7.09%
      0     0       16.6430     5       15.5410       16.6430       33    7.09%
*     0+    0                           16.0910       16.6430       33    3.43%
*     0     0      integral     0       16.6430       Cuts: 5       38    0.00%
      0     0        cutoff             16.6430       16.6430       38    0.00%
Elapsed time = 0.00 sec. (0.86 ticks, tree = 0.00 MB, solutions = 2)
ub: 16.64301000344105, lb: 16.069999578906703
mpc.areas
WARNING: unrecognized data matrix named "mpc.areas" data was ignored.

Implied bound cuts applied:  1
Mixed integer rounding cuts applied:  3

Root node processing (before b&c):
  Real time             =    0.00 sec. (0.86 ticks)
Parallel b&c, 32 threads:
  Real time             =    0.00 sec. (0.00 ticks)
  Sync time (average)   =    0.00 sec.
  Wait time (average)   =    0.00 sec.
                          ------------
Total (root+branch&cut) =    0.00 sec. (0.86 ticks)
Tried aggregator 1 time.
QCP Presolve eliminated 34 rows and 82 columns.
Aggregator did 7 substitutions.
Reduced QCP has 243 rows, 142 columns, and 460 nonzeros.
Reduced QCP has 27 quadratic constraints.
Presolve time = 0.00 sec. (0.14 ticks)
Parallel mode: using up to 32 threads for barrier.
Number of nonzeros in lower triangle of A*A' = 1164
Using Approximate Minimum Degree ordering
Total time for automatic ordering = 0.00 sec. (0.06 ticks)
Summary statistics for Cholesky factor:
  Threads                   = 32
  Rows in Factor            = 243
  Integer space required    = 319
  Total non-zeros in factor = 1859
  Total FP ops to factor    = 17235
 Itn      Primal Obj        Dual Obj  Prim Inf Upper Inf  Dual Inf Inf Ratio
   0   2.3630000e+01   9.6400000e+00  6.05e+02  0.00e+00  2.38e+02  1.00e+00
   1   2.0430279e+01   1.2902428e+01  6.05e+02  0.00e+00  2.38e+02  1.46e+00
   2   1.6885670e+01   1.4275151e+01  3.31e+02  0.00e+00  1.31e+02  4.68e+00
   3   1.5357217e+01   1.4796632e+01  1.14e+02  0.00e+00  4.49e+01  2.98e+01
   4   1.5230256e+01   1.4953123e+01  2.40e+01  0.00e+00  9.44e+00  5.51e+01
   5   1.5313655e+01   1.5100263e+01  1.19e+01  0.00e+00  4.69e+00  6.44e+01
   6   1.5436510e+01   1.5295572e+01  9.24e+00  0.00e+00  3.64e+00  8.20e+01
   7   1.5418772e+01   1.5356392e+01  6.18e+00  0.00e+00  2.43e+00  1.82e+02
   8   1.5428162e+01   1.5401624e+01  2.74e+00  0.00e+00  1.08e+00  3.79e+02
   9   1.5434877e+01   1.5432526e+01  1.18e+00  0.00e+00  4.64e-01  4.19e+03
  10   1.5437958e+01   1.5437921e+01  1.04e-01  0.00e+00  4.11e-02  2.62e+05
  11   1.5438013e+01   1.5438011e+01  1.64e-03  0.00e+00  6.44e-04  4.78e+06
  12   1.5438017e+01   1.5438017e+01  8.65e-05  0.00e+00  3.41e-05  2.24e+08
CPLEX Error  3003: Not a mixed-integer problem.
1 of 4 MIP starts provided solutions.
MIP start 'm1' defined initial solution with objective 16.0937.
Tried aggregator 1 time.
MIP Presolve eliminated 1 rows and 1 columns.
MIP Presolve added 1 rows and 1 columns.
MIP Presolve modified 415 coefficients.
Reduced MIP has 20 rows, 39 columns, and 229 nonzeros.
Reduced MIP has 36 binaries, 2 generals, 0 SOSs, and 0 indicators.
Presolve time = 0.00 sec. (0.28 ticks)
Probing time = 0.00 sec. (0.02 ticks)
Tried aggregator 1 time.
Reduced MIP has 20 rows, 39 columns, and 229 nonzeros.
Reduced MIP has 36 binaries, 2 generals, 0 SOSs, and 0 indicators.
Presolve time = 0.00 sec. (0.09 ticks)
Probing time = 0.00 sec. (0.02 ticks)
MIP emphasis: balance optimality and feasibility.
MIP search method: dynamic search.
Parallel mode: deterministic, using up to 32 threads.
Root relaxation solution time = 0.00 sec. (0.10 ticks)

        Nodes                                         Cuts/
   Node  Left     Objective  IInf  Best Integer    Best Bound    ItCnt     Gap

*     0+    0                           16.0937       16.6430       33    3.41%
      0     0       16.6430     4       16.0937       16.6430       33    3.41%
*     0+    0                           16.4639       16.6430       33    1.09%
      0     0       16.6430     2       16.4639       Cuts: 3       39    1.09%
*     0+    0                           16.5380       16.6430       39    0.64%
*     0     0      integral     0       16.6430       Cuts: 2       40    0.00%
*     0+    0                           16.6430       16.6430       40   -0.00%
      0     0        cutoff             16.6430       16.6430       40   -0.00%
Elapsed time = 0.00 sec. (1.05 ticks, tree = 0.00 MB, solutions = 5)
ub: 16.64301000344105, lb: 16.069999578906703
mpc.areas
WARNING: unrecognized data matrix named "mpc.areas" data was ignored.

Clique cuts applied:  1
Implied bound cuts applied:  1
Mixed integer rounding cuts applied:  2

Root node processing (before b&c):
  Real time             =    0.00 sec. (1.06 ticks)
Parallel b&c, 32 threads:
  Real time             =    0.00 sec. (0.00 ticks)
  Sync time (average)   =    0.00 sec.
  Wait time (average)   =    0.00 sec.
                          ------------
Total (root+branch&cut) =    0.00 sec. (1.06 ticks)
Tried aggregator 1 time.
QCP Presolve eliminated 40 rows and 89 columns.
Aggregator did 2 substitutions.
Reduced QCP has 237 rows, 139 columns, and 456 nonzeros.
Reduced QCP has 26 quadratic constraints.
Presolve time = 0.00 sec. (0.13 ticks)
Parallel mode: using up to 32 threads for barrier.
Number of nonzeros in lower triangle of A*A' = 1202
Using Approximate Minimum Degree ordering
Total time for automatic ordering = 0.00 sec. (0.06 ticks)
Summary statistics for Cholesky factor:
  Threads                   = 32
  Rows in Factor            = 237
  Integer space required    = 339
  Total non-zeros in factor = 1916
  Total FP ops to factor    = 17980
 Itn      Primal Obj        Dual Obj  Prim Inf Upper Inf  Dual Inf Inf Ratio
   0   2.1270000e+01   7.7000000e+00  6.96e+02  0.00e+00  2.26e+02  1.00e+00
   1   1.8899936e+01   1.3269296e+01  6.96e+02  0.00e+00  2.26e+02  1.39e+00
   2   1.6464186e+01   1.5122536e+01  3.03e+02  0.00e+00  9.86e+01  9.90e+00
   3   1.5529191e+01   1.5101024e+01  6.89e+01  0.00e+00  2.24e+01  3.20e+01
   4   1.5342775e+01   1.5163338e+01  2.19e+01  0.00e+00  7.14e+00  6.53e+01
   5   1.5340964e+01   1.5177810e+01  9.30e+00  0.00e+00  3.03e+00  7.20e+01
   6   1.5370767e+01   1.5225042e+01  8.46e+00  0.00e+00  2.75e+00  7.48e+01
   7   1.5352591e+01   1.5285784e+01  7.60e+00  0.00e+00  2.47e+00  1.49e+02
   8   1.5383544e+01   1.5326022e+01  3.51e+00  0.00e+00  1.14e+00  1.91e+02
   9   1.5390158e+01   1.5332431e+01  3.00e+00  0.00e+00  9.75e-01  1.88e+02
  10   1.5454653e+01   1.5402479e+01  3.01e+00  0.00e+00  9.80e-01  1.85e+02
  11   1.5494304e+01   1.5475095e+01  2.75e+00  0.00e+00  8.95e-01  4.82e+02
  12   1.5517270e+01   1.5514490e+01  1.02e+00  0.00e+00  3.31e-01  3.28e+03
  13   1.5520956e+01   1.5520615e+01  1.47e-01  0.00e+00  4.79e-02  2.65e+04
  14   1.5521143e+01   1.5521007e+01  1.81e-02  0.00e+00  5.89e-03  6.38e+04
  15   1.5521231e+01   1.5521152e+01  7.21e-03  0.00e+00  2.35e-03  1.07e+05
  16   1.5521362e+01   1.5521358e+01  4.21e-03  0.00e+00  1.37e-03  2.07e+06
  17   1.5521371e+01   1.5521371e+01  2.13e-04  0.00e+00  6.92e-05  4.22e+07
  18   1.5521372e+01   1.5521372e+01  1.02e-05  0.00e+00  3.32e-06  1.81e+09
CPLEX Error  3003: Not a mixed-integer problem.
1 of 7 MIP starts provided solutions.
MIP start 'm2' defined initial solution with objective 16.0910.
Retaining values of one MIP start for possible repair.
Tried aggregator 1 time.
MIP Presolve eliminated 1 rows and 1 columns.
MIP Presolve added 1 rows and 1 columns.
MIP Presolve modified 469 coefficients.
Reduced MIP has 22 rows, 39 columns, and 250 nonzeros.
Reduced MIP has 36 binaries, 2 generals, 0 SOSs, and 0 indicators.
Presolve time = 0.00 sec. (0.29 ticks)
Probing time = 0.00 sec. (0.02 ticks)
Tried aggregator 1 time.
Reduced MIP has 22 rows, 39 columns, and 250 nonzeros.
Reduced MIP has 36 binaries, 2 generals, 0 SOSs, and 0 indicators.
Presolve time = 0.00 sec. (0.10 ticks)
Probing time = 0.00 sec. (0.02 ticks)
MIP emphasis: balance optimality and feasibility.
MIP search method: dynamic search.
Parallel mode: deterministic, using up to 32 threads.
Root relaxation solution time = 0.00 sec. (0.10 ticks)

        Nodes                                         Cuts/
   Node  Left     Objective  IInf  Best Integer    Best Bound    ItCnt     Gap

*     0+    0                           16.0910       16.1348       31    0.27%
      0     0       16.1348     2       16.0910       16.1348       31    0.27%
*     0     0      integral     0       16.1348       Cuts: 3       33    0.00%
      0     0        cutoff             16.1348       16.1348       33    0.00%
Elapsed time = 0.00 sec. (0.83 ticks, tree = 0.00 MB, solutions = 1)
ub: 16.13480562183194, lb: 16.069999578906703
###################################
k ... 28
solution = x* ... Any[18,1,32,2,16,11,21,7,9,25,26,29,34,35,19,22,6,24,4,37,3,28,5,38,20,23,36,15]
model: PowerModels.GenericPowerModel{PowerModels.SOCWRForm}, cut_type: DC, model_type: OPF
total number of iterations ... 10
solution cost ... 16.069999578906703
computation time ... 0.308890634
mpc.areas
WARNING: unrecognized data matrix named "mpc.areas" data was ignored.

Implied bound cuts applied:  1
Mixed integer rounding cuts applied:  1
Gomory fractional cuts applied:  1

Root node processing (before b&c):
  Real time             =    0.00 sec. (0.83 ticks)
Parallel b&c, 32 threads:
  Real time             =    0.00 sec. (0.00 ticks)
  Sync time (average)   =    0.00 sec.
  Wait time (average)   =    0.00 sec.
                          ------------
Total (root+branch&cut) =    0.00 sec. (0.83 ticks)
WARNING: there was an issue with getsolvetime() on the solver, falling back on @timed.  This is not a rigorous timing value.
full AC load shed ... 16.07000001226712
###################################
mpc.areas
WARNING: unrecognized data matrix named "mpc.areas" data was ignored.
no start solution
no start solution
mpc.areas
WARNING: unrecognized data matrix named "mpc.areas" data was ignored.
Tried aggregator 1 time.
QCP Presolve eliminated 37 rows and 91 columns.
Aggregator did 4 substitutions.
Reduced QCP has 221 rows, 124 columns, and 425 nonzeros.
Reduced QCP has 25 quadratic constraints.
Presolve time = 0.00 sec. (0.12 ticks)
Parallel mode: using up to 32 threads for barrier.
Number of nonzeros in lower triangle of A*A' = 1172
Using Approximate Minimum Degree ordering
Total time for automatic ordering = 0.00 sec. (0.06 ticks)
Summary statistics for Cholesky factor:
  Threads                   = 32
  Rows in Factor            = 221
  Integer space required    = 319
  Total non-zeros in factor = 1853
  Total FP ops to factor    = 18979
 Itn      Primal Obj        Dual Obj  Prim Inf Upper Inf  Dual Inf Inf Ratio
   0   2.1550000e+01   1.0010000e+01  8.50e+02  0.00e+00  2.15e+02  1.00e+00
   1   1.8426413e+01   1.4521121e+01  8.50e+02  0.00e+00  2.15e+02  7.87e-01
   2   1.5412848e+01   1.4553489e+01  3.51e+02  0.00e+00  8.87e+01  5.50e+00
   3   1.5128310e+01   1.4954631e+01  7.06e+01  0.00e+00  1.78e+01  3.18e+01
   4   1.5193749e+01   1.5063663e+01  1.39e+01  0.00e+00  3.52e+00  3.93e+01
   5   1.5072610e+01   1.5021481e+01  1.05e+01  0.00e+00  2.66e+00  9.82e+01
   6   1.5054998e+01   1.5022561e+01  4.16e+00  0.00e+00  1.05e+00  1.61e+02
   7   1.5059963e+01   1.5035488e+01  2.62e+00  0.00e+00  6.63e-01  1.98e+02
   8   1.5049922e+01   1.5049578e+01  2.00e+00  0.00e+00  5.06e-01  1.47e+04
   9   1.5049997e+01   1.5049991e+01  2.79e-02  0.00e+00  7.05e-03  8.77e+05
  10   1.5050000e+01   1.5049999e+01  4.72e-04  0.00e+00  1.19e-04  1.63e+07
  11   1.5050000e+01   1.5050000e+01  2.42e-05  0.00e+00  6.12e-06  5.70e+08
CPLEX Error  3003: Not a mixed-integer problem.
Tried aggregator 1 time.
MIP Presolve eliminated 2 rows and 39 columns.
All rows and columns eliminated.
Presolve time = 0.00 sec. (0.02 ticks)
ub: 17.926481466953575, lb: 15.04999999039246
mpc.areas
WARNING: unrecognized data matrix named "mpc.areas" data was ignored.

Root node processing (before b&c):
  Real time             =    0.00 sec. (0.02 ticks)
Parallel b&c, 32 threads:
  Real time             =    0.00 sec. (0.00 ticks)
  Sync time (average)   =    0.00 sec.
  Wait time (average)   =    0.00 sec.
                          ------------
Total (root+branch&cut) =    0.00 sec. (0.02 ticks)
Tried aggregator 1 time.
QCP Presolve eliminated 36 rows and 80 columns.
Aggregator did 6 substitutions.
Reduced QCP has 245 rows, 145 columns, and 462 nonzeros.
Reduced QCP has 27 quadratic constraints.
Presolve time = 0.00 sec. (0.15 ticks)
Parallel mode: using up to 32 threads for barrier.
Number of nonzeros in lower triangle of A*A' = 1161
Using Approximate Minimum Degree ordering
Total time for automatic ordering = 0.00 sec. (0.06 ticks)
Summary statistics for Cholesky factor:
  Threads                   = 32
  Rows in Factor            = 245
  Integer space required    = 319
  Total non-zeros in factor = 1856
  Total FP ops to factor    = 17020
 Itn      Primal Obj        Dual Obj  Prim Inf Upper Inf  Dual Inf Inf Ratio
   0   2.3920000e+01   1.1590000e+01  7.53e+02  0.00e+00  2.40e+02  1.00e+00
   1   1.9276213e+01   1.3944164e+01  7.53e+02  0.00e+00  2.40e+02  1.19e+00
   2   1.4919575e+01   1.3623303e+01  3.49e+02  0.00e+00  1.11e+02  7.63e+00
   3   1.2782828e+01   1.2210642e+01  8.06e+01  0.00e+00  2.57e+01  1.64e+01
   4   1.2741336e+01   1.2437082e+01  3.57e+01  0.00e+00  1.14e+01  2.60e+01
   5   1.2665043e+01   1.2522760e+01  1.94e+01  0.00e+00  6.16e+00  5.17e+01
   6   1.2642436e+01   1.2580545e+01  9.12e+00  0.00e+00  2.90e+00  1.24e+02
   7   1.2708845e+01   1.2650385e+01  3.95e+00  0.00e+00  1.26e+00  1.29e+02
   8   1.2754138e+01   1.2726113e+01  3.74e+00  0.00e+00  1.19e+00  2.56e+02
   9   1.2775791e+01   1.2773842e+01  1.80e+00  0.00e+00  5.74e-01  4.12e+03
  10   1.2775385e+01   1.2774844e+01  1.24e-01  0.00e+00  3.94e-02  1.41e+04
  11   1.2775705e+01   1.2775620e+01  3.46e-02  0.00e+00  1.10e-02  8.56e+04
  12   1.2775740e+01   1.2775711e+01  5.47e-03  0.00e+00  1.74e-03  2.37e+05
  13   1.2775776e+01   1.2775765e+01  1.89e-03  0.00e+00  6.03e-04  6.16e+05
  14   1.2775799e+01   1.2775797e+01  6.97e-04  0.00e+00  2.22e-04  3.80e+06
  15   1.2775802e+01   1.2775802e+01  1.11e-04  0.00e+00  3.55e-05  1.44e+07
  16   1.2775803e+01   1.2775803e+01  2.94e-05  0.00e+00  9.35e-06  1.20e+08
CPLEX Error  3003: Not a mixed-integer problem.
Warning:  No solution found from 2 MIP starts.
Retaining values of one MIP start for possible repair.
Tried aggregator 1 time.
MIP Presolve eliminated 0 rows and 18 columns.
MIP Presolve added 1 rows and 1 columns.
MIP Presolve modified 30 coefficients.
Reduced MIP has 5 rows, 22 columns, and 54 nonzeros.
Reduced MIP has 18 binaries, 3 generals, 0 SOSs, and 0 indicators.
Presolve time = 0.00 sec. (0.07 ticks)
Found incumbent of value 12.775803 after 0.00 sec. (0.10 ticks)
Probing time = 0.00 sec. (0.01 ticks)
Tried aggregator 1 time.
Reduced MIP has 5 rows, 22 columns, and 54 nonzeros.
Reduced MIP has 18 binaries, 3 generals, 0 SOSs, and 0 indicators.
Presolve time = 0.00 sec. (0.03 ticks)
Probing time = 0.00 sec. (0.01 ticks)
MIP emphasis: balance optimality and feasibility.
MIP search method: dynamic search.
Parallel mode: deterministic, using up to 32 threads.
Root relaxation solution time = 0.00 sec. (0.01 ticks)

        Nodes                                         Cuts/
   Node  Left     Objective  IInf  Best Integer    Best Bound    ItCnt     Gap

*     0+    0                           12.7758       17.9265        0   40.32%
*     0+    0                           15.0500       17.9265        0   19.11%
*     0     0      integral     0       17.9265       17.9265        0    0.00%
Elapsed time = 0.00 sec. (0.19 ticks, tree = 0.00 MB, solutions = 3)
ub: 17.92648146695358, lb: 15.04999999039246
mpc.areas
WARNING: unrecognized data matrix named "mpc.areas" data was ignored.

Root node processing (before b&c):
  Real time             =    0.00 sec. (0.19 ticks)
Parallel b&c, 32 threads:
  Real time             =    0.00 sec. (0.00 ticks)
  Sync time (average)   =    0.00 sec.
  Wait time (average)   =    0.00 sec.
                          ------------
Total (root+branch&cut) =    0.00 sec. (0.19 ticks)
Tried aggregator 1 time.
QCP Presolve eliminated 29 rows and 72 columns.
Aggregator did 10 substitutions.
Reduced QCP has 258 rows, 151 columns, and 483 nonzeros.
Reduced QCP has 29 quadratic constraints.
Presolve time = 0.00 sec. (0.15 ticks)
Parallel mode: using up to 32 threads for barrier.
Number of nonzeros in lower triangle of A*A' = 1206
Using Approximate Minimum Degree ordering
Total time for automatic ordering = 0.00 sec. (0.06 ticks)
Summary statistics for Cholesky factor:
  Threads                   = 32
  Rows in Factor            = 258
  Integer space required    = 360
  Total non-zeros in factor = 2048
  Total FP ops to factor    = 20040
 Itn      Primal Obj        Dual Obj  Prim Inf Upper Inf  Dual Inf Inf Ratio
   0   2.3920000e+01   1.4340000e+01  7.31e+02  0.00e+00  2.57e+02  1.00e+00
   1   1.9182462e+01   1.4732781e+01  7.31e+02  0.00e+00  2.57e+02  1.26e+00
   2   1.5311636e+01   1.4182929e+01  3.62e+02  0.00e+00  1.27e+02  7.35e+00
   3   1.2545937e+01   1.2233262e+01  8.74e+01  0.00e+00  3.08e+01  2.90e+01
   4   1.2250725e+01   1.2098642e+01  2.40e+01  0.00e+00  8.44e+00  5.18e+01
   5   1.2304587e+01   1.2167817e+01  1.18e+01  0.00e+00  4.17e+00  5.56e+01
   6   1.2344180e+01   1.2246367e+01  1.07e+01  0.00e+00  3.76e+00  7.16e+01
   7   1.2340494e+01   1.2284255e+01  7.72e+00  0.00e+00  2.72e+00  1.12e+02
   8   1.2376702e+01   1.2330446e+01  4.50e+00  0.00e+00  1.58e+00  1.46e+02
   9   1.2401325e+01   1.2356743e+01  3.67e+00  0.00e+00  1.29e+00  1.48e+02
  10   1.2470791e+01   1.2449938e+01  3.55e+00  0.00e+00  1.25e+00  2.98e+02
  11   1.2483028e+01   1.2481205e+01  1.67e+00  0.00e+00  5.89e-01  3.41e+03
  12   1.2482128e+01   1.2481535e+01  1.46e-01  0.00e+00  5.15e-02  9.85e+03
  13   1.2483119e+01   1.2483058e+01  4.79e-02  0.00e+00  1.69e-02  9.08e+04
  14   1.2483178e+01   1.2483166e+01  5.02e-03  0.00e+00  1.77e-03  4.51e+05
  15   1.2483195e+01   1.2483191e+01  9.80e-04  0.00e+00  3.45e-04  1.65e+06
  16   1.2483198e+01   1.2483196e+01  2.66e-04  0.00e+00  9.35e-05  2.96e+06
  17   1.2483201e+01   1.2483200e+01  1.47e-04  0.00e+00  5.18e-05  8.57e+06
  18   1.2483201e+01   1.2483201e+01  5.08e-05  0.00e+00  1.79e-05  1.11e+07
  19   1.2483202e+01   1.2483202e+01  3.93e-05  0.00e+00  1.38e-05  3.92e+07
CPLEX Error  3003: Not a mixed-integer problem.
Warning:  No solution found from 4 MIP starts.
Retaining values of one MIP start for possible repair.
Tried aggregator 1 time.
MIP Presolve eliminated 0 rows and 8 columns.
MIP Presolve added 1 rows and 1 columns.
MIP Presolve modified 80 coefficients.
Reduced MIP has 7 rows, 32 columns, and 85 nonzeros.
Reduced MIP has 28 binaries, 3 generals, 0 SOSs, and 0 indicators.
Presolve time = 0.00 sec. (0.09 ticks)
Found incumbent of value 12.483202 after 0.00 sec. (0.14 ticks)
Probing time = 0.00 sec. (0.01 ticks)
Tried aggregator 1 time.
Reduced MIP has 7 rows, 32 columns, and 85 nonzeros.
Reduced MIP has 28 binaries, 3 generals, 0 SOSs, and 0 indicators.
Presolve time = 0.00 sec. (0.04 ticks)
Probing time = 0.00 sec. (0.01 ticks)
MIP emphasis: balance optimality and feasibility.
MIP search method: dynamic search.
Parallel mode: deterministic, using up to 32 threads.
Root relaxation solution time = 0.00 sec. (0.04 ticks)

        Nodes                                         Cuts/
   Node  Left     Objective  IInf  Best Integer    Best Bound    ItCnt     Gap

*     0+    0                           12.4832       17.9265       25   43.60%
*     0+    0                           16.7654       17.9265       25    6.93%
      0     0       17.9265     3       16.7654       17.9265       25    6.93%
*     0+    0                           17.9265       17.9265       25    0.00%
      0     0        cutoff             17.9265       17.9265       25    0.00%
Elapsed time = 0.00 sec. (0.33 ticks, tree = 0.00 MB, solutions = 3)
ub: 17.92648146695358, lb: 15.04999999039246
mpc.areas
WARNING: unrecognized data matrix named "mpc.areas" data was ignored.

Root node processing (before b&c):
  Real time             =    0.00 sec. (0.34 ticks)
Parallel b&c, 32 threads:
  Real time             =    0.00 sec. (0.00 ticks)
  Sync time (average)   =    0.00 sec.
  Wait time (average)   =    0.00 sec.
                          ------------
Total (root+branch&cut) =    0.00 sec. (0.34 ticks)
Tried aggregator 1 time.
QCP Presolve eliminated 36 rows and 89 columns.
Aggregator did 3 substitutions.
Reduced QCP has 242 rows, 139 columns, and 462 nonzeros.
Reduced QCP has 27 quadratic constraints.
Presolve time = 0.00 sec. (0.13 ticks)
Parallel mode: using up to 32 threads for barrier.
Number of nonzeros in lower triangle of A*A' = 1244
Using Approximate Minimum Degree ordering
Total time for automatic ordering = 0.00 sec. (0.06 ticks)
Summary statistics for Cholesky factor:
  Threads                   = 32
  Rows in Factor            = 242
  Integer space required    = 344
  Total non-zeros in factor = 1945
  Total FP ops to factor    = 18373
 Itn      Primal Obj        Dual Obj  Prim Inf Upper Inf  Dual Inf Inf Ratio
   0   2.1550000e+01   9.7900000e+00  6.15e+02  0.00e+00  2.31e+02  1.00e+00
   1   1.8634516e+01   1.3973335e+01  6.15e+02  0.00e+00  2.31e+02  1.25e+00
   2   1.5683843e+01   1.4466698e+01  2.63e+02  0.00e+00  9.89e+01  7.69e+00
   3   1.3279499e+01   1.2941784e+01  6.49e+01  0.00e+00  2.44e+01  2.78e+01
   4   1.3256650e+01   1.3030054e+01  1.80e+01  0.00e+00  6.76e+00  3.77e+01
   5   1.3104804e+01   1.3020413e+01  1.22e+01  0.00e+00  4.58e+00  9.69e+01
   6   1.3085425e+01   1.3044273e+01  4.56e+00  0.00e+00  1.71e+00  1.81e+02
   7   1.3121347e+01   1.3080357e+01  2.25e+00  0.00e+00  8.45e-01  1.75e+02
   8   1.3172414e+01   1.3146639e+01  2.25e+00  0.00e+00  8.45e-01  2.63e+02
   9   1.3229992e+01   1.3225017e+01  1.43e+00  0.00e+00  5.35e-01  1.34e+03
  10   1.3233966e+01   1.3230634e+01  2.76e-01  0.00e+00  1.04e-01  1.92e+03
  11   1.3243483e+01   1.3242801e+01  1.86e-01  0.00e+00  6.97e-02  9.39e+03
  12   1.3246003e+01   1.3245881e+01  3.80e-02  0.00e+00  1.43e-02  4.91e+04
  13   1.3246411e+01   1.3246379e+01  6.87e-03  0.00e+00  2.58e-03  1.88e+05
  14   1.3246523e+01   1.3246519e+01  1.79e-03  0.00e+00  6.71e-04  1.49e+06
  15   1.3246537e+01   1.3246536e+01  2.21e-04  0.00e+00  8.31e-05  4.52e+06
  16   1.3246541e+01   1.3246540e+01  7.27e-05  0.00e+00  2.73e-05  8.76e+06
  17   1.3246543e+01   1.3246543e+01  3.74e-05  0.00e+00  1.41e-05  3.18e+07
CPLEX Error  3003: Not a mixed-integer problem.
Warning:  No solution found from 4 MIP starts.
Retaining values of one MIP start for possible repair.
Tried aggregator 1 time.
MIP Presolve eliminated 0 rows and 3 columns.
MIP Presolve added 2 rows and 2 columns.
MIP Presolve modified 135 coefficients.
Reduced MIP has 10 rows, 38 columns, and 114 nonzeros.
Reduced MIP has 33 binaries, 4 generals, 0 SOSs, and 0 indicators.
Presolve time = 0.00 sec. (0.14 ticks)
Found incumbent of value 12.483202 after 0.00 sec. (0.20 ticks)
Probing time = 0.00 sec. (0.01 ticks)
Tried aggregator 1 time.
Reduced MIP has 10 rows, 38 columns, and 114 nonzeros.
Reduced MIP has 33 binaries, 4 generals, 0 SOSs, and 0 indicators.
Presolve time = 0.00 sec. (0.06 ticks)
Probing time = 0.00 sec. (0.01 ticks)
MIP emphasis: balance optimality and feasibility.
MIP search method: dynamic search.
Parallel mode: deterministic, using up to 32 threads.
Root relaxation solution time = 0.00 sec. (0.07 ticks)

        Nodes                                         Cuts/
   Node  Left     Objective  IInf  Best Integer    Best Bound    ItCnt     Gap

*     0+    0                           12.4832       17.7927       38   42.53%
*     0+    0                           14.8110       17.7927       38   20.13%
      0     0       17.7927     4       14.8110       17.7927       38   20.13%
*     0+    0                           17.6660       17.7927       38    0.72%
*     0     0      integral     0       17.7927       Cuts: 2       42    0.00%
      0     0        cutoff             17.7927       17.7927       42    0.00%
Elapsed time = 0.00 sec. (0.53 ticks, tree = 0.00 MB, solutions = 4)
ub: 17.792663940996896, lb: 15.04999999039246
mpc.areas
WARNING: unrecognized data matrix named "mpc.areas" data was ignored.

Flow cuts applied:  1
Gomory fractional cuts applied:  1

Root node processing (before b&c):
  Real time             =    0.00 sec. (0.53 ticks)
Parallel b&c, 32 threads:
  Real time             =    0.00 sec. (0.00 ticks)
  Sync time (average)   =    0.00 sec.
  Wait time (average)   =    0.00 sec.
                          ------------
Total (root+branch&cut) =    0.00 sec. (0.53 ticks)
Tried aggregator 1 time.
QCP Presolve eliminated 30 rows and 84 columns.
Aggregator did 5 substitutions.
Reduced QCP has 247 rows, 138 columns, and 469 nonzeros.
Reduced QCP has 28 quadratic constraints.
Presolve time = 0.00 sec. (0.13 ticks)
Parallel mode: using up to 32 threads for barrier.
Number of nonzeros in lower triangle of A*A' = 1325
Using Approximate Minimum Degree ordering
Total time for automatic ordering = 0.00 sec. (0.07 ticks)
Summary statistics for Cholesky factor:
  Threads                   = 32
  Rows in Factor            = 247
  Integer space required    = 345
  Total non-zeros in factor = 2004
  Total FP ops to factor    = 19416
 Itn      Primal Obj        Dual Obj  Prim Inf Upper Inf  Dual Inf Inf Ratio
   0   2.3050000e+01   9.0900000e+00  7.88e+02  0.00e+00  2.40e+02  1.00e+00
   1   1.8703115e+01   1.3583370e+01  7.88e+02  0.00e+00  2.40e+02  8.24e-01
   2   1.4933226e+01   1.3819238e+01  3.34e+02  0.00e+00  1.01e+02  6.35e+00
   3   1.2507812e+01   1.2135451e+01  6.70e+01  0.00e+00  2.04e+01  1.81e+01
   4   1.2847268e+01   1.2644052e+01  2.25e+01  0.00e+00  6.85e+00  3.02e+01
   5   1.2735547e+01   1.2650113e+01  1.24e+01  0.00e+00  3.78e+00  6.92e+01
   6   1.2715406e+01   1.2695813e+01  5.26e+00  0.00e+00  1.60e+00  2.96e+02
   7   1.2752854e+01   1.2750602e+01  1.21e+00  0.00e+00  3.68e-01  2.63e+03
   8   1.2752336e+01   1.2750434e+01  1.39e-01  0.00e+00  4.22e-02  3.09e+03
   9   1.2754039e+01   1.2753784e+01  1.17e-01  0.00e+00  3.56e-02  2.30e+04
  10   1.2754350e+01   1.2754254e+01  1.57e-02  0.00e+00  4.78e-03  5.91e+04
  11   1.2754462e+01   1.2754434e+01  5.98e-03  0.00e+00  1.82e-03  1.96e+05
  12   1.2754524e+01   1.2754519e+01  1.77e-03  0.00e+00  5.39e-04  1.17e+06
  13   1.2754535e+01   1.2754535e+01  2.95e-04  0.00e+00  8.96e-05  3.63e+07
  14   1.2754536e+01   1.2754536e+01  9.47e-06  0.00e+00  2.88e-06  1.93e+08
CPLEX Error  3003: Not a mixed-integer problem.
1 of 5 MIP starts provided solutions.
MIP start 'm2' defined initial solution with objective 14.8110.
Retaining values of one MIP start for possible repair.
Tried aggregator 1 time.
MIP Presolve eliminated 0 rows and 1 columns.
MIP Presolve added 2 rows and 2 columns.
MIP Presolve modified 188 coefficients.
Reduced MIP has 12 rows, 40 columns, and 137 nonzeros.
Reduced MIP has 36 binaries, 3 generals, 0 SOSs, and 0 indicators.
Presolve time = 0.00 sec. (0.17 ticks)
Probing time = 0.00 sec. (0.02 ticks)
Tried aggregator 1 time.
Reduced MIP has 12 rows, 40 columns, and 137 nonzeros.
Reduced MIP has 36 binaries, 3 generals, 0 SOSs, and 0 indicators.
Presolve time = 0.00 sec. (0.07 ticks)
Probing time = 0.00 sec. (0.02 ticks)
MIP emphasis: balance optimality and feasibility.
MIP search method: dynamic search.
Parallel mode: deterministic, using up to 32 threads.
Root relaxation solution time = 0.00 sec. (0.08 ticks)

        Nodes                                         Cuts/
   Node  Left     Objective  IInf  Best Integer    Best Bound    ItCnt     Gap

*     0+    0                           14.8110       17.7927       41   20.13%
      0     0       17.7927     5       14.8110       17.7927       41   20.13%
*     0+    0                           17.7122       17.7927       41    0.45%
      0     0       17.7927     2       17.7122       Cuts: 6       53    0.45%
*     0+    0                           17.7927       17.7927       53    0.00%
      0     0        cutoff             17.7927       17.7927       53    0.00%
Elapsed time = 0.00 sec. (0.65 ticks, tree = 0.00 MB, solutions = 2)
ub: 17.79266342991137, lb: 15.04999999039246
mpc.areas
WARNING: unrecognized data matrix named "mpc.areas" data was ignored.

Flow cuts applied:  1
Mixed integer rounding cuts applied:  1
Gomory fractional cuts applied:  2

Root node processing (before b&c):
  Real time             =    0.00 sec. (0.65 ticks)
Parallel b&c, 32 threads:
  Real time             =    0.00 sec. (0.00 ticks)
  Sync time (average)   =    0.00 sec.
  Wait time (average)   =    0.00 sec.
                          ------------
Total (root+branch&cut) =    0.00 sec. (0.65 ticks)
Tried aggregator 1 time.
QCP Presolve eliminated 35 rows and 85 columns.
Aggregator did 6 substitutions.
Reduced QCP has 236 rows, 135 columns, and 449 nonzeros.
Reduced QCP has 27 quadratic constraints.
Presolve time = 0.00 sec. (0.13 ticks)
Parallel mode: using up to 32 threads for barrier.
Number of nonzeros in lower triangle of A*A' = 1222
Using Approximate Minimum Degree ordering
Total time for automatic ordering = 0.00 sec. (0.06 ticks)
Summary statistics for Cholesky factor:
  Threads                   = 32
  Rows in Factor            = 236
  Integer space required    = 318
  Total non-zeros in factor = 1841
  Total FP ops to factor    = 17325
 Itn      Primal Obj        Dual Obj  Prim Inf Upper Inf  Dual Inf Inf Ratio
   0   2.1450000e+01   9.2800000e+00  7.22e+02  0.00e+00  2.27e+02  1.00e+00
   1   1.8883943e+01   1.2829915e+01  7.22e+02  0.00e+00  2.27e+02  1.26e+00
   2   1.6442341e+01   1.4543290e+01  3.75e+02  0.00e+00  1.18e+02  4.67e+00
   3   1.5664834e+01   1.5415838e+01  1.16e+02  0.00e+00  3.65e+01  6.78e+01
   4   1.5938307e+01   1.5736601e+01  1.45e+01  0.00e+00  4.55e+00  6.17e+01
   5   1.6049722e+01   1.5987635e+01  1.19e+01  0.00e+00  3.76e+00  1.80e+02
   6   1.6068827e+01   1.6066005e+01  3.71e+00  0.00e+00  1.17e+00  3.76e+03
   7   1.6069905e+01   1.6069830e+01  1.69e-01  0.00e+00  5.33e-02  1.28e+05
   8   1.6069988e+01   1.6069979e+01  4.59e-03  0.00e+00  1.45e-03  9.12e+05
   9   1.6069999e+01   1.6069998e+01  5.21e-04  0.00e+00  1.64e-04  1.03e+07
  10   1.6070000e+01   1.6070000e+01  4.64e-05  0.00e+00  1.46e-05  7.95e+07
CPLEX Error  3003: Not a mixed-integer problem.
Warning:  No solution found from 4 MIP starts.
Retaining values of one MIP start for possible repair.
Tried aggregator 1 time.
MIP Presolve eliminated 0 rows and 1 columns.
MIP Presolve added 2 rows and 2 columns.
MIP Presolve modified 235 coefficients.
Reduced MIP has 14 rows, 40 columns, and 158 nonzeros.
Reduced MIP has 36 binaries, 3 generals, 0 SOSs, and 0 indicators.
Presolve time = 0.00 sec. (0.18 ticks)
Found incumbent of value 12.483202 after 0.00 sec. (0.25 ticks)
Probing time = 0.00 sec. (0.02 ticks)
Tried aggregator 1 time.
Reduced MIP has 14 rows, 40 columns, and 158 nonzeros.
Reduced MIP has 36 binaries, 3 generals, 0 SOSs, and 0 indicators.
Presolve time = 0.00 sec. (0.07 ticks)
Probing time = 0.00 sec. (0.02 ticks)
MIP emphasis: balance optimality and feasibility.
MIP search method: dynamic search.
Parallel mode: deterministic, using up to 32 threads.
Root relaxation solution time = 0.00 sec. (0.07 ticks)

        Nodes                                         Cuts/
   Node  Left     Objective  IInf  Best Integer    Best Bound    ItCnt     Gap

*     0+    0                           12.4832       17.3550       27   39.03%
*     0+    0                           14.8110       17.3550       27   17.18%
*     0     0      integral     0       17.3550       17.3550       27    0.00%
Elapsed time = 0.00 sec. (0.49 ticks, tree = 0.00 MB, solutions = 3)
ub: 17.355008716719038, lb: 16.069999824068816
mpc.areas
WARNING: unrecognized data matrix named "mpc.areas" data was ignored.

Root node processing (before b&c):
  Real time             =    0.00 sec. (0.49 ticks)
Parallel b&c, 32 threads:
  Real time             =    0.00 sec. (0.00 ticks)
  Sync time (average)   =    0.00 sec.
  Wait time (average)   =    0.00 sec.
                          ------------
Total (root+branch&cut) =    0.00 sec. (0.49 ticks)
Tried aggregator 1 time.
QCP Presolve eliminated 38 rows and 92 columns.
Aggregator did 3 substitutions.
Reduced QCP has 229 rows, 130 columns, and 441 nonzeros.
Reduced QCP has 26 quadratic constraints.
Presolve time = 0.00 sec. (0.13 ticks)
Parallel mode: using up to 32 threads for barrier.
Number of nonzeros in lower triangle of A*A' = 1234
Using Approximate Minimum Degree ordering
Total time for automatic ordering = 0.00 sec. (0.06 ticks)
Summary statistics for Cholesky factor:
  Threads                   = 32
  Rows in Factor            = 229
  Integer space required    = 321
  Total non-zeros in factor = 1836
  Total FP ops to factor    = 17538
 Itn      Primal Obj        Dual Obj  Prim Inf Upper Inf  Dual Inf Inf Ratio
   0   1.9220000e+01   6.5500000e+00  5.90e+02  0.00e+00  2.17e+02  1.00e+00
   1   1.7757058e+01   1.2628151e+01  5.90e+02  0.00e+00  2.17e+02  1.08e+00
   2   1.6083042e+01   1.4873528e+01  2.61e+02  0.00e+00  9.63e+01  7.30e+00
   3   1.5131949e+01   1.4890219e+01  5.81e+01  0.00e+00  2.14e+01  4.24e+01
   4   1.5360877e+01   1.5177825e+01  1.15e+01  0.00e+00  4.22e+00  4.72e+01
   5   1.5488331e+01   1.5410085e+01  8.82e+00  0.00e+00  3.25e+00  1.04e+02
   6   1.5520538e+01   1.5514335e+01  3.79e+00  0.00e+00  1.40e+00  1.30e+03
   7   1.5520900e+01   1.5520261e+01  3.01e-01  0.00e+00  1.11e-01  1.24e+04
   8   1.5521061e+01   1.5520730e+01  3.11e-02  0.00e+00  1.14e-02  2.21e+04
   9   1.5521340e+01   1.5521295e+01  1.62e-02  0.00e+00  5.99e-03  1.60e+05
  10   1.5521364e+01   1.5521359e+01  2.24e-03  0.00e+00  8.25e-04  1.40e+06
  11   1.5521370e+01   1.5521369e+01  2.55e-04  0.00e+00  9.39e-05  7.80e+06
  12   1.5521372e+01   1.5521372e+01  4.24e-05  0.00e+00  1.56e-05  2.19e+08
CPLEX Error  3003: Not a mixed-integer problem.
1 of 4 MIP starts provided solutions.
MIP start 'm2' defined initial solution with objective 14.8110.
Retaining values of one MIP start for possible repair.
Tried aggregator 1 time.
MIP Presolve eliminated 0 rows and 1 columns.
MIP Presolve added 2 rows and 2 columns.
MIP Presolve modified 285 coefficients.
Reduced MIP has 16 rows, 40 columns, and 179 nonzeros.
Reduced MIP has 36 binaries, 3 generals, 0 SOSs, and 0 indicators.
Presolve time = 0.00 sec. (0.18 ticks)
Probing time = 0.00 sec. (0.01 ticks)
Tried aggregator 1 time.
Reduced MIP has 16 rows, 40 columns, and 179 nonzeros.
Reduced MIP has 36 binaries, 3 generals, 0 SOSs, and 0 indicators.
Presolve time = 0.00 sec. (0.07 ticks)
Probing time = 0.00 sec. (0.01 ticks)
MIP emphasis: balance optimality and feasibility.
MIP search method: dynamic search.
Parallel mode: deterministic, using up to 32 threads.
Root relaxation solution time = 0.00 sec. (0.07 ticks)

        Nodes                                         Cuts/
   Node  Left     Objective  IInf  Best Integer    Best Bound    ItCnt     Gap

*     0+    0                           14.8110       16.0714       26    8.51%
*     0     0      integral     0       16.0714       16.0714       26    0.00%
Elapsed time = 0.00 sec. (0.46 ticks, tree = 0.00 MB, solutions = 1)
ub: 16.071373323488764, lb: 16.069999824068816
###################################
k ... 28
solution = x* ... Any[18,12,2,16,11,21,7,25,26,29,19,22,24,4,37,3,28,5,38,20,23,13,31,27,36,15,33,30]
model: PowerModels.GenericPowerModel{PowerModels.SOCWRForm}, cut_type: AC, model_type: OPF
total number of iterations ... 6
solution cost ... 16.069999824068816
computation time ... 0.189017049
mpc.areas
WARNING: unrecognized data matrix named "mpc.areas" data was ignored.

Root node processing (before b&c):
  Real time             =    0.00 sec. (0.46 ticks)
Parallel b&c, 32 threads:
  Real time             =    0.00 sec. (0.00 ticks)
  Sync time (average)   =    0.00 sec.
  Wait time (average)   =    0.00 sec.
                          ------------
Total (root+branch&cut) =    0.00 sec. (0.46 ticks)
WARNING: there was an issue with getsolvetime() on the solver, falling back on @timed.  This is not a rigorous timing value.
full AC load shed ... 16.070000012265865
###################################
