../data/nesta_case24_ieee_rts__sad.m
mpc.areas
WARNING: unrecognized data matrix named "mpc.areas" data was ignored.
no start solution
no start solution
mpc.areas
WARNING: unrecognized data matrix named "mpc.areas" data was ignored.
Tried aggregator 1 time.
LP Presolve eliminated 44 rows and 35 columns.
Aggregator did 22 substitutions.
Reduced LP has 67 rows, 60 columns, and 251 nonzeros.
Presolve time = 0.00 sec. (0.11 ticks)
Initializing dual steep norms . . .

Iteration log . . .
Iteration:     1   Dual objective     =             1.940000
Perturbation started.
Iteration:    51   Dual objective     =             1.940000
Removing perturbation.
CPLEX Error  3003: Not a mixed-integer problem.
Tried aggregator 1 time.
MIP Presolve eliminated 2 rows and 39 columns.
All rows and columns eliminated.
Presolve time = 0.00 sec. (0.02 ticks)
ub: 5.96834629075622, lb: 2.1097352286048583
mpc.areas
WARNING: unrecognized data matrix named "mpc.areas" data was ignored.

Root node processing (before b&c):
  Real time             =    0.00 sec. (0.02 ticks)
Parallel b&c, 32 threads:
  Real time             =    0.00 sec. (0.00 ticks)
  Sync time (average)   =    0.00 sec.
  Wait time (average)   =    0.00 sec.
                          ------------
Total (root+branch&cut) =    0.00 sec. (0.02 ticks)
Tried aggregator 1 time.
LP Presolve eliminated 43 rows and 34 columns.
Aggregator did 22 substitutions.
Reduced LP has 68 rows, 61 columns, and 262 nonzeros.
Presolve time = 0.00 sec. (0.11 ticks)
Initializing dual steep norms . . .

Iteration log . . .
Iteration:     1   Dual objective     =             0.000000
CPLEX Error  3003: Not a mixed-integer problem.
Warning:  No solution found from 2 MIP starts.
Retaining values of one MIP start for possible repair.
Found incumbent of value 2.109735 after 0.00 sec. (0.02 ticks)
Tried aggregator 1 time.
MIP Presolve eliminated 1 rows and 7 columns.
MIP Presolve modified 36 coefficients.
Reduced MIP has 3 rows, 32 columns, and 92 nonzeros.
Reduced MIP has 26 binaries, 5 generals, 0 SOSs, and 0 indicators.
Presolve time = 0.00 sec. (0.18 ticks)
Probing fixed 0 vars, tightened 5 bounds.
Probing time = 0.00 sec. (0.03 ticks)
Tried aggregator 1 time.
Reduced MIP has 3 rows, 32 columns, and 92 nonzeros.
Reduced MIP has 26 binaries, 5 generals, 0 SOSs, and 0 indicators.
Presolve time = 0.00 sec. (0.06 ticks)
Probing time = 0.00 sec. (0.03 ticks)
MIP emphasis: balance optimality and feasibility.
MIP search method: dynamic search.
Parallel mode: deterministic, using up to 32 threads.
Root relaxation solution time = 0.00 sec. (0.02 ticks)

        Nodes                                         Cuts/
   Node  Left     Objective  IInf  Best Integer    Best Bound    ItCnt     Gap

*     0+    0                            2.1097       23.3765        4     --- 
*     0+    0                            4.3263       23.3765        4  440.33%
      0     0        5.3514     2        4.3263        5.3514        4   23.69%
      0     0        5.3068     2        4.3263      Fract: 1        6   22.66%
*     0+    0                            5.1587        5.3068        6    2.87%
      0     0        cutoff              5.1587                      8    0.00%
Elapsed time = 0.20 sec. (0.54 ticks, tree = 0.00 MB, solutions = 3)
ub: 5.15868898919473, lb: 2.6085905559143523
mpc.areas
WARNING: unrecognized data matrix named "mpc.areas" data was ignored.

Mixed integer rounding cuts applied:  2
Gomory fractional cuts applied:  1

Root node processing (before b&c):
  Real time             =    0.20 sec. (0.54 ticks)
Parallel b&c, 32 threads:
  Real time             =    0.00 sec. (0.00 ticks)
  Sync time (average)   =    0.00 sec.
  Wait time (average)   =    0.00 sec.
                          ------------
Total (root+branch&cut) =    0.20 sec. (0.54 ticks)
Tried aggregator 1 time.
LP Presolve eliminated 47 rows and 35 columns.
Aggregator did 20 substitutions.
Reduced LP has 66 rows, 62 columns, and 249 nonzeros.
Presolve time = 0.00 sec. (0.11 ticks)
Initializing dual steep norms . . .

Iteration log . . .
Iteration:     1   Dual objective     =             0.000000
CPLEX Error  3003: Not a mixed-integer problem.
1 of 4 MIP starts provided solutions.
MIP start 'm2' defined initial solution with objective 4.3263.
Retaining values of one MIP start for possible repair.
Tried aggregator 1 time.
MIP Presolve eliminated 2 rows and 6 columns.
MIP Presolve modified 76 coefficients.
Reduced MIP has 4 rows, 33 columns, and 126 nonzeros.
Reduced MIP has 28 binaries, 4 generals, 0 SOSs, and 0 indicators.
Presolve time = 0.00 sec. (0.25 ticks)
Probing fixed 0 vars, tightened 7 bounds.
Probing time = 0.00 sec. (0.04 ticks)
Tried aggregator 1 time.
Reduced MIP has 4 rows, 33 columns, and 126 nonzeros.
Reduced MIP has 28 binaries, 4 generals, 0 SOSs, and 0 indicators.
Presolve time = 0.00 sec. (0.07 ticks)
Probing time = 0.00 sec. (0.03 ticks)
MIP emphasis: balance optimality and feasibility.
MIP search method: dynamic search.
Parallel mode: deterministic, using up to 32 threads.
Root relaxation solution time = 0.00 sec. (0.03 ticks)

        Nodes                                         Cuts/
   Node  Left     Objective  IInf  Best Integer    Best Bound    ItCnt     Gap

*     0+    0                            4.3263       23.3765        5  440.33%
      0     0        5.3256     3        4.3263        5.3256        5   23.10%
*     0+    0                            4.5897        5.3256        5   16.03%
      0     0        5.1496     2        4.5897      Fract: 1        8   12.20%
*     0+    0                            5.1252        5.1496        8    0.47%
*     0     0      integral     0        5.1252                      8    0.00%
Elapsed time = 0.01 sec. (0.62 ticks, tree = 0.00 MB, solutions = 2)
ub: 5.125247904143977, lb: 2.6085905559143523
mpc.areas
WARNING: unrecognized data matrix named "mpc.areas" data was ignored.

Gomory fractional cuts applied:  1

Root node processing (before b&c):
  Real time             =    0.01 sec. (0.63 ticks)
Parallel b&c, 32 threads:
  Real time             =    0.00 sec. (0.00 ticks)
  Sync time (average)   =    0.00 sec.
  Wait time (average)   =    0.00 sec.
                          ------------
Total (root+branch&cut) =    0.01 sec. (0.63 ticks)
Tried aggregator 1 time.
LP Presolve eliminated 48 rows and 33 columns.
Aggregator did 27 substitutions.
Reduced LP has 58 rows, 57 columns, and 216 nonzeros.
Presolve time = 0.00 sec. (0.11 ticks)
Initializing dual steep norms . . .

Iteration log . . .
Iteration:     1   Dual objective     =             0.000000
CPLEX Error  3003: Not a mixed-integer problem.
Warning:  No solution found from 4 MIP starts.
Retaining values of one MIP start for possible repair.
Found incumbent of value 1.260607 after 0.00 sec. (0.03 ticks)
Tried aggregator 1 time.
MIP Presolve eliminated 1 rows and 5 columns.
MIP Presolve modified 114 coefficients.
Reduced MIP has 7 rows, 34 columns, and 165 nonzeros.
Reduced MIP has 29 binaries, 4 generals, 0 SOSs, and 0 indicators.
Presolve time = 0.00 sec. (0.29 ticks)
Probing fixed 0 vars, tightened 1 bounds.
Probing time = 0.00 sec. (0.04 ticks)
Tried aggregator 1 time.
Reduced MIP has 7 rows, 34 columns, and 165 nonzeros.
Reduced MIP has 29 binaries, 4 generals, 0 SOSs, and 0 indicators.
Presolve time = 0.00 sec. (0.09 ticks)
Probing time = 0.00 sec. (0.04 ticks)
Clique table members: 2.
MIP emphasis: balance optimality and feasibility.
MIP search method: dynamic search.
Parallel mode: deterministic, using up to 32 threads.
Root relaxation solution time = 0.00 sec. (0.04 ticks)

        Nodes                                         Cuts/
   Node  Left     Objective  IInf  Best Integer    Best Bound    ItCnt     Gap

*     0+    0                            1.2606       25.1265        7     --- 
*     0+    0                            2.1144       25.1265        7     --- 
      0     0        4.9637     4        2.1144        4.9637        7  134.76%
*     0+    0                            4.7015        4.9637        7    5.58%
      0     0        4.8673     3        4.7015   Flowcuts: 1       10    3.53%
      0     0        4.7687     4        4.7015       Cuts: 2       14    1.43%
Repair heuristic found nothing.

Repeating presolve.
Tried aggregator 1 time.
MIP Presolve eliminated 2 rows and 27 columns.
Reduced MIP has 5 rows, 7 columns, and 30 nonzeros.
Reduced MIP has 5 binaries, 1 generals, 0 SOSs, and 0 indicators.
Presolve time = 0.00 sec. (0.03 ticks)
Probing time = 0.00 sec. (0.00 ticks)
Cover probing fixed 0 vars, tightened 2 bounds.
Tried aggregator 1 time.
Reduced MIP has 5 rows, 7 columns, and 30 nonzeros.
Reduced MIP has 6 binaries, 0 generals, 0 SOSs, and 0 indicators.
Presolve time = 0.00 sec. (0.01 ticks)
Represolve time = 0.00 sec. (0.06 ticks)
Probing fixed 0 vars, tightened 1 bounds.
Probing time = 0.00 sec. (0.00 ticks)
Cover probing fixed 0 vars, tightened 1 bounds.
MIP emphasis: balance optimality and feasibility.
MIP search method: dynamic search.
Parallel mode: deterministic, using up to 32 threads.
Root relaxation solution time = 0.00 sec. (0.03 ticks)

        Nodes                                         Cuts/
   Node  Left     Objective  IInf  Best Integer    Best Bound    ItCnt     Gap

*     0+    0                            4.7015        4.7687       26    1.43%
      0     0        4.7687     4        4.7015        4.7687       26    1.43%
      0     0        cutoff              4.7015                     30    0.00%
Elapsed time = 0.04 sec. (1.11 ticks, tree = 0.00 MB, solutions = 3)
ub: 4.701458694630199, lb: 2.6085905559143523
mpc.areas
WARNING: unrecognized data matrix named "mpc.areas" data was ignored.

Cover cuts applied:  2
Flow cuts applied:  1
Mixed integer rounding cuts applied:  1
Gomory fractional cuts applied:  1

Root node processing (before b&c):
  Real time             =    0.04 sec. (1.12 ticks)
Parallel b&c, 32 threads:
  Real time             =    0.00 sec. (0.00 ticks)
  Sync time (average)   =    0.00 sec.
  Wait time (average)   =    0.00 sec.
                          ------------
Total (root+branch&cut) =    0.04 sec. (1.12 ticks)
Tried aggregator 1 time.
LP Presolve eliminated 41 rows and 34 columns.
Aggregator did 21 substitutions.
Reduced LP has 71 rows, 62 columns, and 265 nonzeros.
Presolve time = 0.00 sec. (0.11 ticks)
Initializing dual steep norms . . .

Iteration log . . .
Iteration:     1   Dual objective     =             0.000000
Perturbation started.
Iteration:    51   Dual objective     =             0.000000
Removing perturbation.
CPLEX Error  3003: Not a mixed-integer problem.
1 of 4 MIP starts provided solutions.
MIP start 'm2' defined initial solution with objective 2.1144.
Retaining values of one MIP start for possible repair.
Tried aggregator 1 time.
MIP Presolve eliminated 1 rows and 4 columns.
MIP Presolve modified 156 coefficients.
Reduced MIP has 9 rows, 35 columns, and 205 nonzeros.
Reduced MIP has 31 binaries, 3 generals, 0 SOSs, and 0 indicators.
Presolve time = 0.00 sec. (0.34 ticks)
Probing fixed 0 vars, tightened 2 bounds.
Probing time = 0.00 sec. (0.03 ticks)
Tried aggregator 1 time.
Reduced MIP has 9 rows, 35 columns, and 205 nonzeros.
Reduced MIP has 31 binaries, 3 generals, 0 SOSs, and 0 indicators.
Presolve time = 0.00 sec. (0.10 ticks)
Probing time = 0.00 sec. (0.03 ticks)
Clique table members: 3.
MIP emphasis: balance optimality and feasibility.
MIP search method: dynamic search.
Parallel mode: deterministic, using up to 32 threads.
Root relaxation solution time = 0.00 sec. (0.04 ticks)

        Nodes                                         Cuts/
   Node  Left     Objective  IInf  Best Integer    Best Bound    ItCnt     Gap

*     0+    0                            2.1144       25.1265        6     --- 
      0     0        4.9072     4        2.1144        4.9072        6  132.09%
*     0+    0                            3.1518        4.9072        6   55.70%
      0     0        4.7731     3        3.1518      Fract: 1        9   51.44%
*     0+    0                            3.6271        4.7731        9   31.59%
      0     0        4.5919     4        3.6271      Fract: 2       14   26.60%
*     0+    0                            4.2262        4.5919       14    8.65%
*     0+    0                            4.2581        4.5919       14    7.84%
Repair heuristic found nothing.

Repeating presolve.
Tried aggregator 1 time.
MIP Presolve eliminated 0 rows and 20 columns.
Reduced MIP has 9 rows, 15 columns, and 86 nonzeros.
Reduced MIP has 14 binaries, 0 generals, 0 SOSs, and 0 indicators.
Presolve time = 0.00 sec. (0.07 ticks)
Probing fixed 0 vars, tightened 2 bounds.
Probing time = 0.00 sec. (0.01 ticks)
Tried aggregator 1 time.
Reduced MIP has 9 rows, 15 columns, and 86 nonzeros.
Reduced MIP has 14 binaries, 0 generals, 0 SOSs, and 0 indicators.
Presolve time = 0.00 sec. (0.03 ticks)
Represolve time = 0.00 sec. (0.16 ticks)
Probing time = 0.00 sec. (0.01 ticks)
Clique table members: 3.
MIP emphasis: balance optimality and feasibility.
MIP search method: dynamic search.
Parallel mode: deterministic, using up to 32 threads.
Root relaxation solution time = 0.00 sec. (0.05 ticks)

        Nodes                                         Cuts/
   Node  Left     Objective  IInf  Best Integer    Best Bound    ItCnt     Gap

*     0+    0                            4.2581        4.5798       27    7.55%
      0     0        4.5919     4        4.2581        4.5798       27    7.55%
      0     0        4.5321     5        4.2581       Cuts: 4       36    6.43%
      0     0        4.4877     6        4.2581       Cuts: 4       39    5.39%
      0     0        4.3493     6        4.2581       Cuts: 2       45    2.14%
ub: 4.258134968050244, lb: 2.6085905559143523
mpc.areas
WARNING: unrecognized data matrix named "mpc.areas" data was ignored.

GUB cover cuts applied:  1
Cover cuts applied:  1
Lift and project cuts applied:  2
Gomory fractional cuts applied:  3

Root node processing (before b&c):
  Real time             =    0.11 sec. (2.10 ticks)
Parallel b&c, 32 threads:
  Real time             =    0.00 sec. (0.00 ticks)
  Sync time (average)   =    0.00 sec.
  Wait time (average)   =    0.00 sec.
                          ------------
Total (root+branch&cut) =    0.11 sec. (2.10 ticks)
Tried aggregator 1 time.
LP Presolve eliminated 45 rows and 33 columns.
Aggregator did 23 substitutions.
Reduced LP has 65 rows, 61 columns, and 260 nonzeros.
Presolve time = 0.00 sec. (0.11 ticks)
Initializing dual steep norms . . .

Iteration log . . .
Iteration:     1   Dual objective     =             0.000000
CPLEX Error  3003: Not a mixed-integer problem.
Warning:  No solution found from 6 MIP starts.
Retaining values of one MIP start for possible repair.
Found incumbent of value 1.190316 after 0.00 sec. (0.04 ticks)
Tried aggregator 1 time.
MIP Presolve eliminated 0 rows and 3 columns.
MIP Presolve modified 195 coefficients.
Reduced MIP has 12 rows, 36 columns, and 248 nonzeros.
Reduced MIP has 32 binaries, 3 generals, 0 SOSs, and 0 indicators.
Presolve time = 0.00 sec. (0.37 ticks)
Probing time = 0.00 sec. (0.04 ticks)
Tried aggregator 1 time.
Reduced MIP has 12 rows, 36 columns, and 248 nonzeros.
Reduced MIP has 32 binaries, 3 generals, 0 SOSs, and 0 indicators.
Presolve time = 0.00 sec. (0.12 ticks)
Probing time = 0.00 sec. (0.04 ticks)
Clique table members: 5.
MIP emphasis: balance optimality and feasibility.
MIP search method: dynamic search.
Parallel mode: deterministic, using up to 32 threads.
Root relaxation solution time = 0.00 sec. (0.06 ticks)

        Nodes                                         Cuts/
   Node  Left     Objective  IInf  Best Integer    Best Bound    ItCnt     Gap

*     0+    0                            1.1903       24.5214        7     --- 
*     0+    0                            2.1144       24.5214        7     --- 
      0     0        4.6011     4        2.1144        4.6011        7  117.61%
*     0+    0                            3.6828        4.6011        7   24.94%
      0     0        4.4906     4        3.6828      Fract: 1       12   21.93%
*     0+    0                            3.7484        4.4906       12   19.80%
      0     0        4.4535     4        3.7484    MIRcuts: 1       13   18.81%
Repair heuristic found nothing.
*     0+    0                            4.0778        4.4535       13    9.22%

Repeating presolve.
Tried aggregator 1 time.
MIP Presolve eliminated 0 rows and 22 columns.
Reduced MIP has 12 rows, 14 columns, and 95 nonzeros.
Reduced MIP has 13 binaries, 0 generals, 0 SOSs, and 0 indicators.
Presolve time = 0.00 sec. (0.08 ticks)
Probing time = 0.00 sec. (0.01 ticks)
Tried aggregator 1 time.
Reduced MIP has 12 rows, 14 columns, and 95 nonzeros.
Reduced MIP has 13 binaries, 0 generals, 0 SOSs, and 0 indicators.
Presolve time = 0.00 sec. (0.04 ticks)
Represolve time = 0.00 sec. (0.17 ticks)
Probing time = 0.00 sec. (0.01 ticks)
Clique table members: 5.
MIP emphasis: balance optimality and feasibility.
MIP search method: dynamic search.
Parallel mode: deterministic, using up to 32 threads.
Root relaxation solution time = 0.00 sec. (0.05 ticks)

        Nodes                                         Cuts/
   Node  Left     Objective  IInf  Best Integer    Best Bound    ItCnt     Gap

*     0+    0                            4.0778        4.4535       26    9.22%
      0     0        4.4535     4        4.0778        4.4535       26    9.22%
      0     0        4.3522     6        4.0778       Cuts: 5       32    6.73%
      0     0        4.2322     5        4.0778       Cuts: 4       44    3.79%
      0     0        4.1709     4        4.0778       Cuts: 6       51    2.28%
ub: 4.077753285720238, lb: 2.6085905559143523
mpc.areas
WARNING: unrecognized data matrix named "mpc.areas" data was ignored.

GUB cover cuts applied:  2
Cover cuts applied:  2
Zero-half cuts applied:  2
Gomory fractional cuts applied:  2

Root node processing (before b&c):
  Real time             =    0.15 sec. (2.16 ticks)
Parallel b&c, 32 threads:
  Real time             =    0.00 sec. (0.00 ticks)
  Sync time (average)   =    0.00 sec.
  Wait time (average)   =    0.00 sec.
                          ------------
Total (root+branch&cut) =    0.15 sec. (2.16 ticks)
Tried aggregator 1 time.
LP Presolve eliminated 45 rows and 33 columns.
Aggregator did 24 substitutions.
Reduced LP has 64 rows, 60 columns, and 246 nonzeros.
Presolve time = 0.00 sec. (0.11 ticks)
Initializing dual steep norms . . .

Iteration log . . .
Iteration:     1   Dual objective     =             0.000000
CPLEX Error  3003: Not a mixed-integer problem.
3 of 6 MIP starts provided solutions.
MIP start 'm4' defined initial solution with objective 3.7484.
Retaining values of one MIP start for possible repair.
Tried aggregator 1 time.
MIP Presolve eliminated 0 rows and 3 columns.
MIP Presolve modified 234 coefficients.
Reduced MIP has 14 rows, 36 columns, and 284 nonzeros.
Reduced MIP has 32 binaries, 3 generals, 0 SOSs, and 0 indicators.
Presolve time = 0.00 sec. (0.40 ticks)
Probing time = 0.00 sec. (0.04 ticks)
Tried aggregator 1 time.
Reduced MIP has 14 rows, 36 columns, and 284 nonzeros.
Reduced MIP has 32 binaries, 3 generals, 0 SOSs, and 0 indicators.
Presolve time = 0.00 sec. (0.14 ticks)
Probing time = 0.00 sec. (0.04 ticks)
Clique table members: 6.
MIP emphasis: balance optimality and feasibility.
MIP search method: dynamic search.
Parallel mode: deterministic, using up to 32 threads.
Root relaxation solution time = 0.00 sec. (0.07 ticks)

        Nodes                                         Cuts/
   Node  Left     Objective  IInf  Best Integer    Best Bound    ItCnt     Gap

*     0+    0                            3.7484       24.5214        8  554.18%
      0     0        4.6011     5        3.7484        4.6011        8   22.75%
      0     0        4.5440     6        3.7484      Fract: 1       12   21.22%
      0     0        4.5348     7        3.7484    MIRcuts: 2       14   20.98%
*     0+    0                            3.7484        4.4963       14   19.95%
Repair heuristic found nothing.

Repeating presolve.
Tried aggregator 1 time.
MIP Presolve eliminated 0 rows and 15 columns.
Reduced MIP has 14 rows, 21 columns, and 165 nonzeros.
Reduced MIP has 19 binaries, 1 generals, 0 SOSs, and 0 indicators.
Presolve time = 0.00 sec. (0.12 ticks)
Probing time = 0.00 sec. (0.02 ticks)
Cover probing fixed 0 vars, tightened 1 bounds.
Tried aggregator 1 time.
Reduced MIP has 14 rows, 21 columns, and 165 nonzeros.
Reduced MIP has 20 binaries, 0 generals, 0 SOSs, and 0 indicators.
Presolve time = 0.00 sec. (0.09 ticks)
Represolve time = 0.00 sec. (0.30 ticks)
Probing time = 0.00 sec. (0.01 ticks)
Clique table members: 6.
MIP emphasis: balance optimality and feasibility.
MIP search method: dynamic search.
Parallel mode: deterministic, using up to 32 threads.
Root relaxation solution time = 0.00 sec. (0.07 ticks)

        Nodes                                         Cuts/
   Node  Left     Objective  IInf  Best Integer    Best Bound    ItCnt     Gap

*     0+    0                            3.7484        4.1989       26   12.02%
      0     0        4.5348     7        3.7484        4.1989       26   12.02%
      0     0        4.5313     6        3.7484       Cuts: 2       28   12.02%
      0     0        4.5041     6        3.7484      Fract: 1       31   12.02%
      0     0        4.4303     6        3.7484       Cuts: 3       36   12.02%
      0     0        4.4169     5        3.7484    MIRcuts: 1       38   12.02%
      0     0        cutoff              3.7484        3.7484       38    0.00%
Elapsed time = 0.19 sec. (2.84 ticks, tree = 0.00 MB, solutions = 0)
ub: 3.7484336082203216, lb: 3.992386152102392
###################################
k ... 2
solution = x* ... Any[18,23]
model: PowerModels.GenericPowerModel{PowerModels.StandardDCPForm}, cut_type: DC, model_type: OPF
total number of iterations ... 6
solution cost ... 3.992386152102392
computation time ... 0.95922003
mpc.areas
WARNING: unrecognized data matrix named "mpc.areas" data was ignored.

GUB cover cuts applied:  1
Mixed integer rounding cuts applied:  3
Gomory fractional cuts applied:  1

Root node processing (before b&c):
  Real time             =    0.19 sec. (2.85 ticks)
Parallel b&c, 32 threads:
  Real time             =    0.00 sec. (0.00 ticks)
  Sync time (average)   =    0.00 sec.
  Wait time (average)   =    0.00 sec.
                          ------------
Total (root+branch&cut) =    0.19 sec. (2.85 ticks)

******************************************************************************
This program contains Ipopt, a library for large-scale nonlinear optimization.
 Ipopt is released as open source code under the Eclipse Public License (EPL).
         For more information visit http://projects.coin-or.org/Ipopt
******************************************************************************

WARNING: there was an issue with getsolvetime() on the solver, falling back on @timed.  This is not a rigorous timing value.
full AC load shed ... 3.9846180484518716
###################################
mpc.areas
WARNING: unrecognized data matrix named "mpc.areas" data was ignored.
no start solution
no start solution
mpc.areas
WARNING: unrecognized data matrix named "mpc.areas" data was ignored.
Tried aggregator 1 time.
QCP Presolve eliminated 6 rows and 56 columns.
Reduced QCP has 860 rows, 466 columns, and 1693 nonzeros.
Reduced QCP has 104 quadratic constraints.
Presolve time = 0.00 sec. (0.33 ticks)
Parallel mode: using up to 32 threads for barrier.
Number of nonzeros in lower triangle of A*A' = 5912
Using Approximate Minimum Degree ordering
Total time for automatic ordering = 0.00 sec. (0.29 ticks)
Summary statistics for Cholesky factor:
  Threads                   = 32
  Rows in Factor            = 860
  Integer space required    = 1754
  Total non-zeros in factor = 9593
  Total FP ops to factor    = 139633
 Itn      Primal Obj        Dual Obj  Prim Inf Upper Inf  Dual Inf Inf Ratio
   0   2.8500000e+01   1.9400000e+00  2.88e+03  0.00e+00  8.08e+02  1.00e+00
   1   1.9186200e+01   8.5148914e+00  2.88e+03  0.00e+00  8.08e+02  8.53e-01
   2   1.0672429e+01   8.0645796e+00  1.24e+03  0.00e+00  3.47e+02  4.76e+00
   3   4.4170845e+00   3.3629971e+00  2.94e+02  0.00e+00  8.26e+01  1.21e+01
   4   2.7795984e+00   2.2846636e+00  1.19e+02  0.00e+00  3.33e+01  2.55e+01
   5   2.2035060e+00   2.0493357e+00  5.57e+01  0.00e+00  1.57e+01  8.04e+01
   6   2.0732880e+00   1.9929111e+00  1.74e+01  0.00e+00  4.88e+00  1.54e+02
   7   2.0263488e+00   1.9738909e+00  9.06e+00  0.00e+00  2.55e+00  2.35e+02
   8   2.0230589e+00   1.9728868e+00  5.92e+00  0.00e+00  1.66e+00  2.44e+02
   9   1.9642720e+00   1.9492130e+00  5.66e+00  0.00e+00  1.59e+00  8.19e+02
  10   1.9405219e+00   1.9400316e+00  1.70e+00  0.00e+00  4.77e-01  2.91e+04
  11   1.9400018e+00   1.9400001e+00  5.47e-02  0.00e+00  1.54e-02  8.53e+06
  12   1.9400000e+00   1.9400000e+00  1.90e-04  0.00e+00  5.35e-05  2.77e+09
CPLEX Error  3003: Not a mixed-integer problem.
Tried aggregator 1 time.
MIP Presolve eliminated 2 rows and 39 columns.
All rows and columns eliminated.
Presolve time = 0.00 sec. (0.02 ticks)
ub: 6.300532679792615, lb: 1.9400000055094615
mpc.areas
WARNING: unrecognized data matrix named "mpc.areas" data was ignored.

Root node processing (before b&c):
  Real time             =    0.00 sec. (0.02 ticks)
Parallel b&c, 32 threads:
  Real time             =    0.00 sec. (0.00 ticks)
  Sync time (average)   =    0.00 sec.
  Wait time (average)   =    0.00 sec.
                          ------------
Total (root+branch&cut) =    0.00 sec. (0.02 ticks)
Tried aggregator 1 time.
QCP Presolve eliminated 4 rows and 53 columns.
Reduced QCP has 865 rows, 469 columns, and 1699 nonzeros.
Reduced QCP has 104 quadratic constraints.
Presolve time = 0.00 sec. (0.33 ticks)
Parallel mode: using up to 32 threads for barrier.
Number of nonzeros in lower triangle of A*A' = 5884
Using Approximate Minimum Degree ordering
Total time for automatic ordering = 0.00 sec. (0.29 ticks)
Summary statistics for Cholesky factor:
  Threads                   = 32
  Rows in Factor            = 865
  Integer space required    = 1727
  Total non-zeros in factor = 9419
  Total FP ops to factor    = 131599
 Itn      Primal Obj        Dual Obj  Prim Inf Upper Inf  Dual Inf Inf Ratio
   0   2.8500000e+01   0.0000000e+00  2.89e+03  0.00e+00  8.14e+02  1.00e+00
   1   1.9087432e+01   7.6657977e+00  2.89e+03  0.00e+00  8.14e+02  8.55e-01
   2   1.0848758e+01   8.1332294e+00  1.24e+03  0.00e+00  3.47e+02  5.01e+00
   3   4.7181142e+00   3.3867659e+00  2.86e+02  0.00e+00  8.04e+01  1.02e+01
   4   2.1904343e+00   1.5377364e+00  1.40e+02  0.00e+00  3.94e+01  2.07e+01
   5   2.5053587e+00   2.1051693e+00  6.88e+01  0.00e+00  1.93e+01  3.15e+01
   6   2.2253319e+00   1.9902785e+00  4.24e+01  0.00e+00  1.19e+01  5.29e+01
   7   2.4011041e+00   2.2491308e+00  2.49e+01  0.00e+00  7.01e+00  8.61e+01
   8   2.2938995e+00   2.2102453e+00  1.60e+01  0.00e+00  4.51e+00  1.47e+02
   9   2.2800976e+00   2.2556638e+00  8.87e+00  0.00e+00  2.49e+00  5.03e+02
  10   2.2732044e+00   2.2668287e+00  2.59e+00  0.00e+00  7.29e-01  1.89e+03
  11   2.2821861e+00   2.2811285e+00  6.78e-01  0.00e+00  1.90e-01  1.13e+04
  12   2.2836812e+00   2.2833072e+00  1.12e-01  0.00e+00  3.16e-02  3.14e+04
  13   2.2840768e+00   2.2838606e+00  3.98e-02  0.00e+00  1.12e-02  5.39e+04
  14   2.2847477e+00   2.2847040e+00  2.30e-02  0.00e+00  6.47e-03  2.66e+05
  15   2.2848692e+00   2.2848561e+00  4.66e-03  0.00e+00  1.31e-03  8.82e+05
  16   2.2849137e+00   2.2849106e+00  1.40e-03  0.00e+00  3.93e-04  3.75e+06
  17   2.2849282e+00   2.2849281e+00  3.27e-04  0.00e+00  9.20e-05  1.11e+08
CPLEX Error  3003: Not a mixed-integer problem.
Warning:  No solution found from 2 MIP starts.
Retaining values of one MIP start for possible repair.
Found incumbent of value 1.940000 after 0.00 sec. (0.02 ticks)
Tried aggregator 1 time.
MIP Presolve eliminated 1 rows and 5 columns.
MIP Presolve modified 38 coefficients.
Reduced MIP has 3 rows, 34 columns, and 98 nonzeros.
Reduced MIP has 29 binaries, 4 generals, 0 SOSs, and 0 indicators.
Presolve time = 0.00 sec. (0.20 ticks)
Probing fixed 0 vars, tightened 3 bounds.
Probing time = 0.00 sec. (0.04 ticks)
Tried aggregator 1 time.
Reduced MIP has 3 rows, 34 columns, and 98 nonzeros.
Reduced MIP has 29 binaries, 4 generals, 0 SOSs, and 0 indicators.
Presolve time = 0.00 sec. (0.07 ticks)
Probing time = 0.00 sec. (0.03 ticks)
MIP emphasis: balance optimality and feasibility.
MIP search method: dynamic search.
Parallel mode: deterministic, using up to 32 threads.
Root relaxation solution time = 0.00 sec. (0.02 ticks)

        Nodes                                         Cuts/
   Node  Left     Objective  IInf  Best Integer    Best Bound    ItCnt     Gap

*     0+    0                            1.9400       28.3673        3     --- 
*     0+    0                            3.9859       28.3673        3  611.69%
      0     0        5.3002     2        3.9859        5.3002        3   32.97%
*     0+    0                            4.8767        5.3002        3    8.69%
      0     0        4.9127     3        4.8767      Fract: 1        5    0.74%
*     0+    0                            4.8917        4.9127        5    0.43%
*     0     0      integral     0        4.9086       Cuts: 2        6    0.00%
      0     0        cutoff              4.9086        4.9086        6    0.00%
Elapsed time = 0.01 sec. (0.58 ticks, tree = 0.00 MB, solutions = 5)
ub: 4.9086156517315835, lb: 2.284928189942471
mpc.areas
WARNING: unrecognized data matrix named "mpc.areas" data was ignored.

Mixed integer rounding cuts applied:  1
Gomory fractional cuts applied:  2

Root node processing (before b&c):
  Real time             =    0.01 sec. (0.58 ticks)
Parallel b&c, 32 threads:
  Real time             =    0.00 sec. (0.00 ticks)
  Sync time (average)   =    0.00 sec.
  Wait time (average)   =    0.00 sec.
                          ------------
Total (root+branch&cut) =    0.01 sec. (0.58 ticks)
Tried aggregator 1 time.
QCP Presolve eliminated 6 rows and 56 columns.
Reduced QCP has 860 rows, 466 columns, and 1693 nonzeros.
Reduced QCP has 104 quadratic constraints.
Presolve time = 0.00 sec. (0.33 ticks)
Parallel mode: using up to 32 threads for barrier.
Number of nonzeros in lower triangle of A*A' = 5880
Using Approximate Minimum Degree ordering
Total time for automatic ordering = 0.00 sec. (0.29 ticks)
Summary statistics for Cholesky factor:
  Threads                   = 32
  Rows in Factor            = 860
  Integer space required    = 1752
  Total non-zeros in factor = 9497
  Total FP ops to factor    = 133249
 Itn      Primal Obj        Dual Obj  Prim Inf Upper Inf  Dual Inf Inf Ratio
   0   2.7250000e+01   0.0000000e+00  2.96e+03  0.00e+00  8.07e+02  1.00e+00
   1   1.8843098e+01   7.8862789e+00  2.96e+03  0.00e+00  8.07e+02  8.20e-01
   2   1.0470981e+01   7.8459209e+00  1.27e+03  0.00e+00  3.48e+02  4.74e+00
   3   3.7377716e+00   2.7372391e+00  2.97e+02  0.00e+00  8.11e+01  1.27e+01
   4   2.3912219e+00   1.9789316e+00  1.13e+02  0.00e+00  3.09e+01  2.87e+01
   5   2.1487598e+00   1.9198275e+00  4.68e+01  0.00e+00  1.28e+01  5.00e+01
   6   2.4657224e+00   2.2834496e+00  2.60e+01  0.00e+00  7.12e+00  6.27e+01
   7   2.3288649e+00   2.2918127e+00  2.07e+01  0.00e+00  5.67e+00  3.09e+02
   8   2.3045813e+00   2.2816189e+00  4.21e+00  0.00e+00  1.15e+00  4.94e+02
   9   2.2858726e+00   2.2763670e+00  2.61e+00  0.00e+00  7.14e-01  1.17e+03
  10   2.2881358e+00   2.2851327e+00  1.08e+00  0.00e+00  2.96e-01  3.69e+03
  11   2.2913881e+00   2.2906800e+00  3.43e-01  0.00e+00  9.36e-02  1.56e+04
  12   2.2926754e+00   2.2925647e+00  8.08e-02  0.00e+00  2.21e-02  9.92e+04
  13   2.2927689e+00   2.2927041e+00  1.26e-02  0.00e+00  3.45e-03  1.69e+05
  14   2.2929469e+00   2.2929452e+00  7.40e-03  0.00e+00  2.02e-03  6.26e+06
  15   2.2929526e+00   2.2929526e+00  1.99e-04  0.00e+00  5.43e-05  1.63e+08
CPLEX Error  3003: Not a mixed-integer problem.
1 of 6 MIP starts provided solutions.
MIP start 'm2' defined initial solution with objective 3.9859.
Retaining values of one MIP start for possible repair.
Tried aggregator 1 time.
MIP Presolve eliminated 2 rows and 6 columns.
MIP Presolve modified 76 coefficients.
Reduced MIP has 4 rows, 33 columns, and 127 nonzeros.
Reduced MIP has 28 binaries, 4 generals, 0 SOSs, and 0 indicators.
Presolve time = 0.00 sec. (0.25 ticks)
Probing fixed 0 vars, tightened 6 bounds.
Probing time = 0.00 sec. (0.04 ticks)
Tried aggregator 1 time.
Reduced MIP has 4 rows, 33 columns, and 127 nonzeros.
Reduced MIP has 28 binaries, 4 generals, 0 SOSs, and 0 indicators.
Presolve time = 0.00 sec. (0.07 ticks)
Probing time = 0.00 sec. (0.03 ticks)
MIP emphasis: balance optimality and feasibility.
MIP search method: dynamic search.
Parallel mode: deterministic, using up to 32 threads.
Root relaxation solution time = 0.00 sec. (0.03 ticks)

        Nodes                                         Cuts/
   Node  Left     Objective  IInf  Best Integer    Best Bound    ItCnt     Gap

*     0+    0                            3.9859       26.9533        4  576.22%
      0     0        5.2726     3        3.9859        5.2726        4   32.28%
*     0+    0                            4.3035        5.2726        4   22.52%
      0     0        5.2482     2        4.3035      Fract: 1        5   21.95%
*     0+    0                            4.7040        5.2482        5   11.57%
      0     0        4.8454     3        4.7040       Cuts: 3        7    3.01%
Repair heuristic found nothing.

Repeating presolve.
Tried aggregator 1 time.
MIP Presolve eliminated 0 rows and 25 columns.
Reduced MIP has 4 rows, 8 columns, and 28 nonzeros.
Reduced MIP has 6 binaries, 1 generals, 0 SOSs, and 0 indicators.
Presolve time = 0.00 sec. (0.02 ticks)
Probing time = 0.00 sec. (0.00 ticks)
Cover probing fixed 0 vars, tightened 1 bounds.
Tried aggregator 1 time.
Reduced MIP has 4 rows, 8 columns, and 28 nonzeros.
Reduced MIP has 6 binaries, 1 generals, 0 SOSs, and 0 indicators.
Presolve time = 0.00 sec. (0.01 ticks)
Represolve time = 0.00 sec. (0.06 ticks)
Probing time = 0.00 sec. (0.00 ticks)
MIP emphasis: balance optimality and feasibility.
MIP search method: dynamic search.
Parallel mode: deterministic, using up to 32 threads.
Root relaxation solution time = 0.00 sec. (0.02 ticks)

        Nodes                                         Cuts/
   Node  Left     Objective  IInf  Best Integer    Best Bound    ItCnt     Gap

*     0+    0                            4.7040        4.8454       13    3.01%
      0     0        4.8454     3        4.7040        4.8454       13    3.01%
      0     0        4.7528     2        4.7040       Cuts: 2       18    1.04%
*     0+    0                            4.7190        4.7528       18    0.72%
      0     0        cutoff              4.7190                     19    0.00%
Elapsed time = 0.02 sec. (0.97 ticks, tree = 0.00 MB, solutions = 3)
ub: 4.718996150525719, lb: 2.292952633537781
mpc.areas
WARNING: unrecognized data matrix named "mpc.areas" data was ignored.

Mixed integer rounding cuts applied:  1
Zero-half cuts applied:  1
Gomory fractional cuts applied:  2

Root node processing (before b&c):
  Real time             =    0.02 sec. (0.97 ticks)
Parallel b&c, 32 threads:
  Real time             =    0.00 sec. (0.00 ticks)
  Sync time (average)   =    0.00 sec.
  Wait time (average)   =    0.00 sec.
                          ------------
Total (root+branch&cut) =    0.02 sec. (0.97 ticks)
Tried aggregator 1 time.
QCP Presolve eliminated 8 rows and 55 columns.
Reduced QCP has 864 rows, 472 columns, and 1702 nonzeros.
Reduced QCP has 104 quadratic constraints.
Presolve time = 0.00 sec. (0.34 ticks)
Parallel mode: using up to 32 threads for barrier.
Number of nonzeros in lower triangle of A*A' = 5897
Using Approximate Minimum Degree ordering
Total time for automatic ordering = 0.00 sec. (0.29 ticks)
Summary statistics for Cholesky factor:
  Threads                   = 32
  Rows in Factor            = 864
  Integer space required    = 1700
  Total non-zeros in factor = 9533
  Total FP ops to factor    = 135655
 Itn      Primal Obj        Dual Obj  Prim Inf Upper Inf  Dual Inf Inf Ratio
   0   2.8500000e+01   0.0000000e+00  2.84e+03  0.00e+00  8.13e+02  1.00e+00
   1   1.9347309e+01   7.7390172e+00  2.84e+03  0.00e+00  8.13e+02  8.62e-01
   2   1.0582785e+01   7.5305140e+00  1.23e+03  0.00e+00  3.52e+02  4.43e+00
   3   3.3380041e+00   2.1919042e+00  3.16e+02  0.00e+00  9.03e+01  1.23e+01
   4   1.1896846e+00   6.6294496e-01  1.18e+02  0.00e+00  3.38e+01  2.61e+01
   5   5.5576167e-01   3.4834281e-01  5.44e+01  0.00e+00  1.56e+01  6.42e+01
   6   5.6561759e-01   4.1415235e-01  2.15e+01  0.00e+00  6.14e+00  8.65e+01
   7   5.3267062e-01   4.6453112e-01  1.57e+01  0.00e+00  4.49e+00  1.83e+02
   8   6.1163944e-01   5.7039342e-01  7.09e+00  0.00e+00  2.03e+00  3.01e+02
   9   6.7090857e-01   6.5684480e-01  4.29e+00  0.00e+00  1.23e+00  8.74e+02
  10   6.8320992e-01   6.7233874e-01  1.47e+00  0.00e+00  4.19e-01  1.11e+03
  11   7.0832767e-01   7.0314289e-01  1.13e+00  0.00e+00  3.24e-01  2.33e+03
  12   7.2685015e-01   7.2602852e-01  5.41e-01  0.00e+00  1.55e-01  1.48e+04
  13   7.2881254e-01   7.2855908e-01  8.57e-02  0.00e+00  2.45e-02  4.58e+04
  14   7.2970513e-01   7.2961214e-01  2.65e-02  0.00e+00  7.58e-03  1.24e+05
  15   7.3000493e-01   7.2998086e-01  9.74e-03  0.00e+00  2.78e-03  4.69e+05
  16   7.3010884e-01   7.3010097e-01  2.52e-03  0.00e+00  7.22e-04  1.43e+06
  17   7.3015071e-01   7.3014950e-01  8.25e-04  0.00e+00  2.36e-04  9.34e+06
  18   7.3015642e-01   7.3015608e-01  1.26e-04  0.00e+00  3.61e-05  3.25e+07
  19   7.3015784e-01   7.3015771e-01  3.62e-05  0.00e+00  1.04e-05  8.78e+07
  20   7.3015861e-01   7.3015860e-01  1.34e-05  0.00e+00  3.84e-06  1.05e+09
CPLEX Error  3003: Not a mixed-integer problem.
Warning:  No solution found from 5 MIP starts.
Retaining values of one MIP start for possible repair.
Found incumbent of value 0.730159 after 0.00 sec. (0.03 ticks)
Tried aggregator 1 time.
MIP Presolve eliminated 1 rows and 4 columns.
MIP Presolve modified 117 coefficients.
Reduced MIP has 7 rows, 35 columns, and 171 nonzeros.
Reduced MIP has 31 binaries, 3 generals, 0 SOSs, and 0 indicators.
Presolve time = 0.00 sec. (0.30 ticks)
Probing time = 0.00 sec. (0.03 ticks)
Tried aggregator 1 time.
Reduced MIP has 7 rows, 35 columns, and 171 nonzeros.
Reduced MIP has 31 binaries, 3 generals, 0 SOSs, and 0 indicators.
Presolve time = 0.00 sec. (0.09 ticks)
Probing time = 0.00 sec. (0.03 ticks)
Clique table members: 2.
MIP emphasis: balance optimality and feasibility.
MIP search method: dynamic search.
Parallel mode: deterministic, using up to 32 threads.
Root relaxation solution time = 0.00 sec. (0.04 ticks)

        Nodes                                         Cuts/
   Node  Left     Objective  IInf  Best Integer    Best Bound    ItCnt     Gap

*     0+    0                            0.7302       28.2940        8     --- 
*     0+    0                            3.2407       28.2940        8  773.08%
      0     0        5.2581     3        3.2407        5.2581        8   62.25%
*     0+    0                            3.7327        5.2581        8   40.87%
      0     0        4.9573     5        3.7327    MIRcuts: 1       11   32.81%
      0     0        4.9364     5        3.7327      Fract: 1       13   32.25%
      0     0        4.9079     5        3.7327    MIRcuts: 1       14   31.49%
*     0+    0                            3.9773        4.9079       14   23.40%
*     0+    0                            4.6625        4.9079       14    5.26%
Repair heuristic found nothing.

Repeating presolve.
Tried aggregator 1 time.
MIP Presolve eliminated 0 rows and 21 columns.
Reduced MIP has 7 rows, 14 columns, and 67 nonzeros.
Reduced MIP has 12 binaries, 1 generals, 0 SOSs, and 0 indicators.
Presolve time = 0.00 sec. (0.06 ticks)
Probing time = 0.00 sec. (0.01 ticks)
Cover probing fixed 0 vars, tightened 1 bounds.
Tried aggregator 1 time.
Reduced MIP has 7 rows, 14 columns, and 67 nonzeros.
Reduced MIP has 13 binaries, 0 generals, 0 SOSs, and 0 indicators.
Presolve time = 0.00 sec. (0.04 ticks)
Represolve time = 0.00 sec. (0.16 ticks)
Probing time = 0.00 sec. (0.01 ticks)
Clique table members: 2.
MIP emphasis: balance optimality and feasibility.
MIP search method: dynamic search.
Parallel mode: deterministic, using up to 32 threads.
Root relaxation solution time = 0.00 sec. (0.04 ticks)

        Nodes                                         Cuts/
   Node  Left     Objective  IInf  Best Integer    Best Bound    ItCnt     Gap

*     0+    0                            4.6625        4.8807       23    4.68%
      0     0        4.9079     5        4.6625        4.8807       23    4.68%
      0     0        4.9009     6        4.6625       Cuts: 4       24    4.68%
      0     0        4.8561     6        4.6625       Cuts: 3       28    4.15%
      0     0        4.8264     6        4.6625   LiftProj: 1       29    3.52%
*     0+    0                            4.6934        4.8264       29    2.83%
      0     0        cutoff              4.6934        4.6934       29    0.00%
Elapsed time = 0.14 sec. (1.86 ticks, tree = 0.00 MB, solutions = 6)
ub: 4.693449513242189, lb: 2.292952633537781
mpc.areas
WARNING: unrecognized data matrix named "mpc.areas" data was ignored.

GUB cover cuts applied:  1
Cover cuts applied:  1
Mixed integer rounding cuts applied:  2
Lift and project cuts applied:  2
Gomory fractional cuts applied:  1

Root node processing (before b&c):
  Real time             =    0.14 sec. (1.86 ticks)
Parallel b&c, 32 threads:
  Real time             =    0.00 sec. (0.00 ticks)
  Sync time (average)   =    0.00 sec.
  Wait time (average)   =    0.00 sec.
                          ------------
Total (root+branch&cut) =    0.14 sec. (1.86 ticks)
Tried aggregator 1 time.
QCP Presolve eliminated 4 rows and 53 columns.
Reduced QCP has 873 rows, 475 columns, and 1715 nonzeros.
Reduced QCP has 105 quadratic constraints.
Presolve time = 0.00 sec. (0.34 ticks)
Parallel mode: using up to 32 threads for barrier.
Number of nonzeros in lower triangle of A*A' = 5893
Using Approximate Minimum Degree ordering
Total time for automatic ordering = 0.00 sec. (0.29 ticks)
Summary statistics for Cholesky factor:
  Threads                   = 32
  Rows in Factor            = 873
  Integer space required    = 1754
  Total non-zeros in factor = 9548
  Total FP ops to factor    = 131680
 Itn      Primal Obj        Dual Obj  Prim Inf Upper Inf  Dual Inf Inf Ratio
   0   2.8500000e+01   0.0000000e+00  2.88e+03  0.00e+00  8.21e+02  1.00e+00
   1   1.9396944e+01   7.7321627e+00  2.88e+03  0.00e+00  8.21e+02  8.51e-01
   2   1.0570650e+01   7.5653287e+00  1.26e+03  0.00e+00  3.57e+02  4.43e+00
   3   2.7940409e+00   1.6864748e+00  3.16e+02  0.00e+00  8.99e+01  1.25e+01
   4   1.2345264e+00   7.6360003e-01  1.16e+02  0.00e+00  3.31e+01  2.80e+01
   5   6.3970646e-01   3.9744453e-01  4.95e+01  0.00e+00  1.41e+01  5.21e+01
   6   7.1652343e-01   5.3997426e-01  2.56e+01  0.00e+00  7.28e+00  7.13e+01
   7   6.0638741e-01   5.4364457e-01  1.86e+01  0.00e+00  5.30e+00  1.94e+02
   8   6.5203307e-01   6.1905230e-01  6.64e+00  0.00e+00  1.89e+00  3.70e+02
   9   6.6400914e-01   6.4438560e-01  3.49e+00  0.00e+00  9.93e-01  6.17e+02
  10   6.6843176e-01   6.5668706e-01  2.08e+00  0.00e+00  5.91e-01  1.00e+03
  11   6.7534442e-01   6.6591539e-01  1.25e+00  0.00e+00  3.55e-01  1.24e+03
  12   6.9071073e-01   6.8543567e-01  1.00e+00  0.00e+00  2.85e-01  2.21e+03
  13   7.0418662e-01   7.0201464e-01  5.60e-01  0.00e+00  1.59e-01  5.35e+03
  14   7.1196135e-01   7.1162679e-01  2.31e-01  0.00e+00  6.57e-02  3.47e+04
  15   7.1316667e-01   7.1310063e-01  3.55e-02  0.00e+00  1.01e-02  1.74e+05
  16   7.1336256e-01   7.1333802e-01  7.02e-03  0.00e+00  2.00e-03  4.66e+05
  17   7.1346922e-01   7.1346526e-01  2.61e-03  0.00e+00  7.43e-04  2.88e+06
  18   7.1348527e-01   7.1348442e-01  4.20e-04  0.00e+00  1.20e-04  1.33e+07
  19   7.1348956e-01   7.1348948e-01  9.05e-05  0.00e+00  2.58e-05  1.32e+08
CPLEX Error  3003: Not a mixed-integer problem.
1 of 7 MIP starts provided solutions.
MIP start 'm2' defined initial solution with objective 3.2407.
Retaining values of one MIP start for possible repair.
Tried aggregator 1 time.
MIP Presolve eliminated 2 rows and 5 columns.
MIP Presolve modified 156 coefficients.
Reduced MIP has 8 rows, 34 columns, and 199 nonzeros.
Reduced MIP has 30 binaries, 3 generals, 0 SOSs, and 0 indicators.
Presolve time = 0.00 sec. (0.34 ticks)
Probing time = 0.00 sec. (0.03 ticks)
Tried aggregator 1 time.
Reduced MIP has 8 rows, 34 columns, and 199 nonzeros.
Reduced MIP has 30 binaries, 3 generals, 0 SOSs, and 0 indicators.
Presolve time = 0.00 sec. (0.10 ticks)
Probing time = 0.00 sec. (0.03 ticks)
Clique table members: 2.
MIP emphasis: balance optimality and feasibility.
MIP search method: dynamic search.
Parallel mode: deterministic, using up to 32 threads.
Root relaxation solution time = 0.00 sec. (0.04 ticks)

        Nodes                                         Cuts/
   Node  Left     Objective  IInf  Best Integer    Best Bound    ItCnt     Gap

*     0+    0                            3.2407       26.9225        5  730.76%
      0     0        4.7859     4        3.2407        4.7859        5   47.68%
*     0+    0                            4.2208        4.7859        5   13.39%
      0     0        4.5650     2        4.2208      Fract: 1        6    8.15%
      0     0        4.4674     5        4.2208       Cuts: 3        9    5.84%
Repair heuristic found nothing.

Repeating presolve.
Tried aggregator 1 time.
MIP Presolve eliminated 1 rows and 25 columns.
MIP Presolve modified 8 coefficients.
Reduced MIP has 7 rows, 9 columns, and 49 nonzeros.
Reduced MIP has 8 binaries, 0 generals, 0 SOSs, and 0 indicators.
Presolve time = 0.00 sec. (0.05 ticks)
Probing time = 0.00 sec. (0.01 ticks)
Cover probing fixed 0 vars, tightened 1 bounds.
Tried aggregator 1 time.
Reduced MIP has 7 rows, 9 columns, and 49 nonzeros.
Reduced MIP has 8 binaries, 0 generals, 0 SOSs, and 0 indicators.
Presolve time = 0.00 sec. (0.02 ticks)
Represolve time = 0.00 sec. (0.11 ticks)
Probing time = 0.00 sec. (0.00 ticks)
Clique table members: 1.
MIP emphasis: balance optimality and feasibility.
MIP search method: dynamic search.
Parallel mode: deterministic, using up to 32 threads.
Root relaxation solution time = 0.00 sec. (0.03 ticks)

        Nodes                                         Cuts/
   Node  Left     Objective  IInf  Best Integer    Best Bound    ItCnt     Gap

*     0+    0                            4.2208        4.4674       17    5.84%
      0     0        4.4674     5        4.2208        4.4674       17    5.84%
      0     0        4.2895     5        4.2208       Cuts: 5       22    1.63%
      0     0        cutoff              4.2208                     23    0.00%
Elapsed time = 0.05 sec. (1.41 ticks, tree = 0.00 MB, solutions = 1)
ub: 4.220765268783127, lb: 2.292952633537781
mpc.areas
WARNING: unrecognized data matrix named "mpc.areas" data was ignored.

GUB cover cuts applied:  1
Mixed integer rounding cuts applied:  1
Gomory fractional cuts applied:  2

Root node processing (before b&c):
  Real time             =    0.05 sec. (1.42 ticks)
Parallel b&c, 32 threads:
  Real time             =    0.00 sec. (0.00 ticks)
  Sync time (average)   =    0.00 sec.
  Wait time (average)   =    0.00 sec.
                          ------------
Total (root+branch&cut) =    0.05 sec. (1.42 ticks)
Tried aggregator 1 time.
QCP Presolve eliminated 6 rows and 53 columns.
Aggregator did 1 substitutions.
Reduced QCP has 861 rows, 468 columns, and 1692 nonzeros.
Reduced QCP has 104 quadratic constraints.
Presolve time = 0.00 sec. (0.35 ticks)
Parallel mode: using up to 32 threads for barrier.
Number of nonzeros in lower triangle of A*A' = 5857
Using Approximate Minimum Degree ordering
Total time for automatic ordering = 0.00 sec. (0.29 ticks)
Summary statistics for Cholesky factor:
  Threads                   = 32
  Rows in Factor            = 861
  Integer space required    = 1689
  Total non-zeros in factor = 9407
  Total FP ops to factor    = 131779
 Itn      Primal Obj        Dual Obj  Prim Inf Upper Inf  Dual Inf Inf Ratio
   0   2.8500000e+01   1.9400000e+00  2.88e+03  0.00e+00  8.11e+02  1.00e+00
   1   1.9306812e+01   8.4653096e+00  2.88e+03  0.00e+00  8.11e+02  8.61e-01
   2   1.0964168e+01   8.3308280e+00  1.25e+03  0.00e+00  3.53e+02  4.86e+00
   3   4.2688184e+00   3.3674571e+00  2.96e+02  0.00e+00  8.35e+01  1.47e+01
   4   4.3492858e+00   3.7735768e+00  1.01e+02  0.00e+00  2.85e+01  2.14e+01
   5   3.8664722e+00   3.6662589e+00  6.50e+01  0.00e+00  1.83e+01  6.06e+01
   6   3.9274511e+00   3.7303091e+00  2.26e+01  0.00e+00  6.38e+00  6.01e+01
   7   3.9409369e+00   3.8448019e+00  2.23e+01  0.00e+00  6.29e+00  1.21e+02
   8   3.9716676e+00   3.9405167e+00  1.09e+01  0.00e+00  3.07e+00  3.69e+02
   9   3.9911325e+00   3.9814361e+00  3.53e+00  0.00e+00  9.96e-01  1.18e+03
  10   3.9982663e+00   3.9955100e+00  1.10e+00  0.00e+00  3.10e-01  4.11e+03
  11   4.0021765e+00   4.0016595e+00  3.13e-01  0.00e+00  8.82e-02  2.14e+04
  12   4.0032713e+00   4.0030402e+00  5.88e-02  0.00e+00  1.66e-02  4.73e+04
  13   4.0039186e+00   4.0038703e+00  2.63e-02  0.00e+00  7.42e-03  2.26e+05
  14   4.0040092e+00   4.0039871e+00  5.51e-03  0.00e+00  1.55e-03  4.93e+05
  15   4.0040902e+00   4.0040874e+00  2.52e-03  0.00e+00  7.11e-04  3.84e+06
  16   4.0040998e+00   4.0040992e+00  3.23e-04  0.00e+00  9.11e-05  1.80e+07
  17   4.0041025e+00   4.0041025e+00  6.89e-05  0.00e+00  1.94e-05  1.75e+09
CPLEX Error  3003: Not a mixed-integer problem.
Warning:  No solution found from 3 MIP starts.
Retaining values of one MIP start for possible repair.
Found incumbent of value 0.713490 after 0.00 sec. (0.04 ticks)
Tried aggregator 1 time.
MIP Presolve eliminated 2 rows and 5 columns.
MIP Presolve modified 195 coefficients.
Reduced MIP has 10 rows, 34 columns, and 233 nonzeros.
Reduced MIP has 30 binaries, 3 generals, 0 SOSs, and 0 indicators.
Presolve time = 0.00 sec. (0.37 ticks)
Probing time = 0.00 sec. (0.04 ticks)
Tried aggregator 1 time.
Reduced MIP has 10 rows, 34 columns, and 233 nonzeros.
Reduced MIP has 30 binaries, 3 generals, 0 SOSs, and 0 indicators.
Presolve time = 0.00 sec. (0.11 ticks)
Probing time = 0.00 sec. (0.04 ticks)
Clique table members: 3.
MIP emphasis: balance optimality and feasibility.
MIP search method: dynamic search.
Parallel mode: deterministic, using up to 32 threads.
Root relaxation solution time = 0.00 sec. (0.04 ticks)

        Nodes                                         Cuts/
   Node  Left     Objective  IInf  Best Integer    Best Bound    ItCnt     Gap

*     0+    0                            0.7135       26.9225        5     --- 
*     0+    0                            3.2407       26.9225        5  730.76%
      0     0        4.7639     5        3.2407        4.7639        5   47.00%
*     0+    0                            3.5780        4.7639        5   33.14%
      0     0        4.3126     5        3.5780      Fract: 1       10   20.53%
*     0+    0                            3.7724        4.3126       10   14.32%
      0     0        4.2421     4        3.7724      Fract: 1       13   12.45%
*     0+    0                            3.8200        4.2421       13   11.05%
Repair heuristic succeeded.

Repeating presolve.
Tried aggregator 1 time.
MIP Presolve eliminated 2 rows and 19 columns.
Reduced MIP has 8 rows, 15 columns, and 99 nonzeros.
Reduced MIP has 13 binaries, 1 generals, 0 SOSs, and 0 indicators.
Presolve time = 0.00 sec. (0.08 ticks)
Probing fixed 0 vars, tightened 2 bounds.
Probing time = 0.00 sec. (0.01 ticks)
Cover probing fixed 0 vars, tightened 2 bounds.
Tried aggregator 1 time.
Reduced MIP has 8 rows, 15 columns, and 99 nonzeros.
Reduced MIP has 14 binaries, 0 generals, 0 SOSs, and 0 indicators.
Presolve time = 0.00 sec. (0.06 ticks)
Represolve time = 0.00 sec. (0.20 ticks)
Probing fixed 0 vars, tightened 1 bounds.
Probing time = 0.00 sec. (0.01 ticks)
Cover probing fixed 0 vars, tightened 1 bounds.
Clique table members: 1.
MIP emphasis: balance optimality and feasibility.
MIP search method: dynamic search.
Parallel mode: deterministic, using up to 32 threads.
Root relaxation solution time = 0.00 sec. (0.04 ticks)

        Nodes                                         Cuts/
   Node  Left     Objective  IInf  Best Integer    Best Bound    ItCnt     Gap

*     0+    0                            3.8200        4.2090       22   10.18%
      0     0        4.2421     4        3.8200        4.2090       22   10.18%
      0     0        4.1804     6        3.8200       Cuts: 3       26    9.43%
      0     0        4.1733     6        3.8200       Cuts: 4       30    9.25%
      0     0        3.8694     2        3.8200       Cuts: 3       39    1.29%
Repair heuristic found nothing.
ub: 3.8200022464874026, lb: 4.004102545919293
###################################
k ... 2
solution = x* ... Any[18,23]
model: PowerModels.GenericPowerModel{PowerModels.SOCWRForm}, cut_type: DC, model_type: OPF
total number of iterations ... 5
solution cost ... 4.004102545919293
computation time ... 0.717533536
mpc.areas
WARNING: unrecognized data matrix named "mpc.areas" data was ignored.

GUB cover cuts applied:  1
Cover cuts applied:  2
Mixed integer rounding cuts applied:  1
Lift and project cuts applied:  1

Root node processing (before b&c):
  Real time             =    0.23 sec. (2.46 ticks)
Parallel b&c, 32 threads:
  Real time             =    0.00 sec. (0.00 ticks)
  Sync time (average)   =    0.00 sec.
  Wait time (average)   =    0.00 sec.
                          ------------
Total (root+branch&cut) =    0.23 sec. (2.46 ticks)
WARNING: there was an issue with getsolvetime() on the solver, falling back on @timed.  This is not a rigorous timing value.
full AC load shed ... 3.9846180484518716
###################################
mpc.areas
WARNING: unrecognized data matrix named "mpc.areas" data was ignored.
no start solution
no start solution
mpc.areas
WARNING: unrecognized data matrix named "mpc.areas" data was ignored.
Tried aggregator 1 time.
QCP Presolve eliminated 6 rows and 56 columns.
Reduced QCP has 860 rows, 466 columns, and 1693 nonzeros.
Reduced QCP has 104 quadratic constraints.
Presolve time = 0.00 sec. (0.33 ticks)
Parallel mode: using up to 32 threads for barrier.
Number of nonzeros in lower triangle of A*A' = 5912
Using Approximate Minimum Degree ordering
Total time for automatic ordering = 0.00 sec. (0.29 ticks)
Summary statistics for Cholesky factor:
  Threads                   = 32
  Rows in Factor            = 860
  Integer space required    = 1754
  Total non-zeros in factor = 9593
  Total FP ops to factor    = 139633
 Itn      Primal Obj        Dual Obj  Prim Inf Upper Inf  Dual Inf Inf Ratio
   0   2.8500000e+01   1.9400000e+00  2.88e+03  0.00e+00  8.08e+02  1.00e+00
   1   1.9186200e+01   8.5148914e+00  2.88e+03  0.00e+00  8.08e+02  8.53e-01
   2   1.0672429e+01   8.0645796e+00  1.24e+03  0.00e+00  3.47e+02  4.76e+00
   3   4.4170845e+00   3.3629971e+00  2.94e+02  0.00e+00  8.26e+01  1.21e+01
   4   2.7795984e+00   2.2846636e+00  1.19e+02  0.00e+00  3.33e+01  2.55e+01
   5   2.2035060e+00   2.0493357e+00  5.57e+01  0.00e+00  1.57e+01  8.04e+01
   6   2.0732880e+00   1.9929111e+00  1.74e+01  0.00e+00  4.88e+00  1.54e+02
   7   2.0263488e+00   1.9738909e+00  9.06e+00  0.00e+00  2.55e+00  2.35e+02
   8   2.0230589e+00   1.9728868e+00  5.92e+00  0.00e+00  1.66e+00  2.44e+02
   9   1.9642720e+00   1.9492130e+00  5.66e+00  0.00e+00  1.59e+00  8.19e+02
  10   1.9405219e+00   1.9400316e+00  1.70e+00  0.00e+00  4.77e-01  2.91e+04
  11   1.9400018e+00   1.9400001e+00  5.47e-02  0.00e+00  1.54e-02  8.53e+06
  12   1.9400000e+00   1.9400000e+00  1.90e-04  0.00e+00  5.35e-05  2.77e+09
CPLEX Error  3003: Not a mixed-integer problem.
Tried aggregator 1 time.
MIP Presolve eliminated 2 rows and 39 columns.
All rows and columns eliminated.
Presolve time = 0.00 sec. (0.02 ticks)
ub: 6.300532679792615, lb: 1.9400000055094615
mpc.areas
WARNING: unrecognized data matrix named "mpc.areas" data was ignored.

Root node processing (before b&c):
  Real time             =    0.00 sec. (0.02 ticks)
Parallel b&c, 32 threads:
  Real time             =    0.00 sec. (0.00 ticks)
  Sync time (average)   =    0.00 sec.
  Wait time (average)   =    0.00 sec.
                          ------------
Total (root+branch&cut) =    0.00 sec. (0.02 ticks)
Tried aggregator 1 time.
QCP Presolve eliminated 4 rows and 53 columns.
Reduced QCP has 865 rows, 469 columns, and 1699 nonzeros.
Reduced QCP has 104 quadratic constraints.
Presolve time = 0.00 sec. (0.33 ticks)
Parallel mode: using up to 32 threads for barrier.
Number of nonzeros in lower triangle of A*A' = 5884
Using Approximate Minimum Degree ordering
Total time for automatic ordering = 0.00 sec. (0.29 ticks)
Summary statistics for Cholesky factor:
  Threads                   = 32
  Rows in Factor            = 865
  Integer space required    = 1727
  Total non-zeros in factor = 9419
  Total FP ops to factor    = 131599
 Itn      Primal Obj        Dual Obj  Prim Inf Upper Inf  Dual Inf Inf Ratio
   0   2.8500000e+01   0.0000000e+00  2.89e+03  0.00e+00  8.14e+02  1.00e+00
   1   1.9087432e+01   7.6657977e+00  2.89e+03  0.00e+00  8.14e+02  8.55e-01
   2   1.0848758e+01   8.1332294e+00  1.24e+03  0.00e+00  3.47e+02  5.01e+00
   3   4.7181142e+00   3.3867659e+00  2.86e+02  0.00e+00  8.04e+01  1.02e+01
   4   2.1904343e+00   1.5377364e+00  1.40e+02  0.00e+00  3.94e+01  2.07e+01
   5   2.5053587e+00   2.1051693e+00  6.88e+01  0.00e+00  1.93e+01  3.15e+01
   6   2.2253319e+00   1.9902785e+00  4.24e+01  0.00e+00  1.19e+01  5.29e+01
   7   2.4011041e+00   2.2491308e+00  2.49e+01  0.00e+00  7.01e+00  8.61e+01
   8   2.2938995e+00   2.2102453e+00  1.60e+01  0.00e+00  4.51e+00  1.47e+02
   9   2.2800976e+00   2.2556638e+00  8.87e+00  0.00e+00  2.49e+00  5.03e+02
  10   2.2732044e+00   2.2668287e+00  2.59e+00  0.00e+00  7.29e-01  1.89e+03
  11   2.2821861e+00   2.2811285e+00  6.78e-01  0.00e+00  1.90e-01  1.13e+04
  12   2.2836812e+00   2.2833072e+00  1.12e-01  0.00e+00  3.16e-02  3.14e+04
  13   2.2840768e+00   2.2838606e+00  3.98e-02  0.00e+00  1.12e-02  5.39e+04
  14   2.2847477e+00   2.2847040e+00  2.30e-02  0.00e+00  6.47e-03  2.66e+05
  15   2.2848692e+00   2.2848561e+00  4.66e-03  0.00e+00  1.31e-03  8.82e+05
  16   2.2849137e+00   2.2849106e+00  1.40e-03  0.00e+00  3.93e-04  3.75e+06
  17   2.2849282e+00   2.2849281e+00  3.27e-04  0.00e+00  9.20e-05  1.11e+08
CPLEX Error  3003: Not a mixed-integer problem.
Warning:  No solution found from 2 MIP starts.
Retaining values of one MIP start for possible repair.
Found incumbent of value 1.940000 after 0.00 sec. (0.02 ticks)
Tried aggregator 1 time.
MIP Presolve eliminated 1 rows and 5 columns.
MIP Presolve modified 38 coefficients.
Reduced MIP has 3 rows, 34 columns, and 98 nonzeros.
Reduced MIP has 29 binaries, 4 generals, 0 SOSs, and 0 indicators.
Presolve time = 0.00 sec. (0.20 ticks)
Probing fixed 0 vars, tightened 3 bounds.
Probing time = 0.00 sec. (0.03 ticks)
Tried aggregator 1 time.
Reduced MIP has 3 rows, 34 columns, and 98 nonzeros.
Reduced MIP has 29 binaries, 4 generals, 0 SOSs, and 0 indicators.
Presolve time = 0.00 sec. (0.07 ticks)
Probing time = 0.00 sec. (0.03 ticks)
MIP emphasis: balance optimality and feasibility.
MIP search method: dynamic search.
Parallel mode: deterministic, using up to 32 threads.
Root relaxation solution time = 0.00 sec. (0.02 ticks)

        Nodes                                         Cuts/
   Node  Left     Objective  IInf  Best Integer    Best Bound    ItCnt     Gap

*     0+    0                            1.9400       28.9498        3     --- 
*     0+    0                            3.9859       28.9498        3  626.30%
      0     0        5.3002     2        3.9859        5.3002        3   32.97%
*     0+    0                            4.8767        5.3002        3    8.69%
      0     0        4.9127     3        4.8767      Fract: 1        5    0.74%
*     0+    0                            4.8917        4.9127        5    0.43%
*     0     0      integral     0        4.9086       Cuts: 2        6    0.00%
      0     0        cutoff              4.9086        4.9086        6    0.00%
Elapsed time = 0.01 sec. (0.58 ticks, tree = 0.00 MB, solutions = 5)
ub: 4.9086156517315835, lb: 2.284928189942471
mpc.areas
WARNING: unrecognized data matrix named "mpc.areas" data was ignored.

Mixed integer rounding cuts applied:  1
Gomory fractional cuts applied:  2

Root node processing (before b&c):
  Real time             =    0.01 sec. (0.58 ticks)
Parallel b&c, 32 threads:
  Real time             =    0.00 sec. (0.00 ticks)
  Sync time (average)   =    0.00 sec.
  Wait time (average)   =    0.00 sec.
                          ------------
Total (root+branch&cut) =    0.01 sec. (0.58 ticks)
Tried aggregator 1 time.
QCP Presolve eliminated 6 rows and 56 columns.
Reduced QCP has 860 rows, 466 columns, and 1693 nonzeros.
Reduced QCP has 104 quadratic constraints.
Presolve time = 0.00 sec. (0.33 ticks)
Parallel mode: using up to 32 threads for barrier.
Number of nonzeros in lower triangle of A*A' = 5880
Using Approximate Minimum Degree ordering
Total time for automatic ordering = 0.00 sec. (0.29 ticks)
Summary statistics for Cholesky factor:
  Threads                   = 32
  Rows in Factor            = 860
  Integer space required    = 1752
  Total non-zeros in factor = 9497
  Total FP ops to factor    = 133249
 Itn      Primal Obj        Dual Obj  Prim Inf Upper Inf  Dual Inf Inf Ratio
   0   2.7250000e+01   0.0000000e+00  2.96e+03  0.00e+00  8.07e+02  1.00e+00
   1   1.8843098e+01   7.8862789e+00  2.96e+03  0.00e+00  8.07e+02  8.20e-01
   2   1.0470981e+01   7.8459209e+00  1.27e+03  0.00e+00  3.48e+02  4.74e+00
   3   3.7377716e+00   2.7372391e+00  2.97e+02  0.00e+00  8.11e+01  1.27e+01
   4   2.3912219e+00   1.9789316e+00  1.13e+02  0.00e+00  3.09e+01  2.87e+01
   5   2.1487598e+00   1.9198275e+00  4.68e+01  0.00e+00  1.28e+01  5.00e+01
   6   2.4657224e+00   2.2834496e+00  2.60e+01  0.00e+00  7.12e+00  6.27e+01
   7   2.3288649e+00   2.2918127e+00  2.07e+01  0.00e+00  5.67e+00  3.09e+02
   8   2.3045813e+00   2.2816189e+00  4.21e+00  0.00e+00  1.15e+00  4.94e+02
   9   2.2858726e+00   2.2763670e+00  2.61e+00  0.00e+00  7.14e-01  1.17e+03
  10   2.2881358e+00   2.2851327e+00  1.08e+00  0.00e+00  2.96e-01  3.69e+03
  11   2.2913881e+00   2.2906800e+00  3.43e-01  0.00e+00  9.36e-02  1.56e+04
  12   2.2926754e+00   2.2925647e+00  8.08e-02  0.00e+00  2.21e-02  9.92e+04
  13   2.2927689e+00   2.2927041e+00  1.26e-02  0.00e+00  3.45e-03  1.69e+05
  14   2.2929469e+00   2.2929452e+00  7.40e-03  0.00e+00  2.02e-03  6.26e+06
  15   2.2929526e+00   2.2929526e+00  1.99e-04  0.00e+00  5.43e-05  1.63e+08
CPLEX Error  3003: Not a mixed-integer problem.
1 of 6 MIP starts provided solutions.
MIP start 'm2' defined initial solution with objective 3.9859.
Retaining values of one MIP start for possible repair.
Tried aggregator 1 time.
MIP Presolve eliminated 2 rows and 6 columns.
MIP Presolve modified 76 coefficients.
Reduced MIP has 4 rows, 33 columns, and 127 nonzeros.
Reduced MIP has 28 binaries, 4 generals, 0 SOSs, and 0 indicators.
Presolve time = 0.00 sec. (0.25 ticks)
Probing fixed 0 vars, tightened 6 bounds.
Probing time = 0.00 sec. (0.04 ticks)
Tried aggregator 1 time.
Reduced MIP has 4 rows, 33 columns, and 127 nonzeros.
Reduced MIP has 28 binaries, 4 generals, 0 SOSs, and 0 indicators.
Presolve time = 0.00 sec. (0.07 ticks)
Probing time = 0.00 sec. (0.03 ticks)
MIP emphasis: balance optimality and feasibility.
MIP search method: dynamic search.
Parallel mode: deterministic, using up to 32 threads.
Root relaxation solution time = 0.00 sec. (0.03 ticks)

        Nodes                                         Cuts/
   Node  Left     Objective  IInf  Best Integer    Best Bound    ItCnt     Gap

*     0+    0                            3.9859       27.5359        4  590.83%
      0     0        5.2726     3        3.9859        5.2726        4   32.28%
*     0+    0                            4.3035        5.2726        4   22.52%
      0     0        5.2482     2        4.3035      Fract: 1        5   21.95%
*     0+    0                            4.7040        5.2482        5   11.57%
      0     0        4.8454     3        4.7040       Cuts: 3        7    3.01%
Repair heuristic found nothing.

Repeating presolve.
Tried aggregator 1 time.
MIP Presolve eliminated 0 rows and 25 columns.
Reduced MIP has 4 rows, 8 columns, and 28 nonzeros.
Reduced MIP has 6 binaries, 1 generals, 0 SOSs, and 0 indicators.
Presolve time = 0.00 sec. (0.02 ticks)
Probing time = 0.00 sec. (0.00 ticks)
Cover probing fixed 0 vars, tightened 1 bounds.
Tried aggregator 1 time.
Reduced MIP has 4 rows, 8 columns, and 28 nonzeros.
Reduced MIP has 6 binaries, 1 generals, 0 SOSs, and 0 indicators.
Presolve time = 0.00 sec. (0.01 ticks)
Represolve time = 0.00 sec. (0.06 ticks)
Probing time = 0.00 sec. (0.00 ticks)
MIP emphasis: balance optimality and feasibility.
MIP search method: dynamic search.
Parallel mode: deterministic, using up to 32 threads.
Root relaxation solution time = 0.00 sec. (0.02 ticks)

        Nodes                                         Cuts/
   Node  Left     Objective  IInf  Best Integer    Best Bound    ItCnt     Gap

*     0+    0                            4.7040        4.8454       13    3.01%
      0     0        4.8454     3        4.7040        4.8454       13    3.01%
      0     0        4.7528     2        4.7040       Cuts: 2       18    1.04%
*     0+    0                            4.7190        4.7528       18    0.72%
      0     0        cutoff              4.7190                     19    0.00%
Elapsed time = 0.09 sec. (0.97 ticks, tree = 0.00 MB, solutions = 3)
ub: 4.718996150525719, lb: 2.292952633537781
mpc.areas
WARNING: unrecognized data matrix named "mpc.areas" data was ignored.

Mixed integer rounding cuts applied:  1
Zero-half cuts applied:  1
Gomory fractional cuts applied:  2

Root node processing (before b&c):
  Real time             =    0.09 sec. (0.97 ticks)
Parallel b&c, 32 threads:
  Real time             =    0.00 sec. (0.00 ticks)
  Sync time (average)   =    0.00 sec.
  Wait time (average)   =    0.00 sec.
                          ------------
Total (root+branch&cut) =    0.09 sec. (0.97 ticks)
Tried aggregator 1 time.
QCP Presolve eliminated 8 rows and 55 columns.
Reduced QCP has 864 rows, 472 columns, and 1702 nonzeros.
Reduced QCP has 104 quadratic constraints.
Presolve time = 0.00 sec. (0.34 ticks)
Parallel mode: using up to 32 threads for barrier.
Number of nonzeros in lower triangle of A*A' = 5897
Using Approximate Minimum Degree ordering
Total time for automatic ordering = 0.00 sec. (0.29 ticks)
Summary statistics for Cholesky factor:
  Threads                   = 32
  Rows in Factor            = 864
  Integer space required    = 1700
  Total non-zeros in factor = 9533
  Total FP ops to factor    = 135655
 Itn      Primal Obj        Dual Obj  Prim Inf Upper Inf  Dual Inf Inf Ratio
   0   2.8500000e+01   0.0000000e+00  2.84e+03  0.00e+00  8.13e+02  1.00e+00
   1   1.9347309e+01   7.7390172e+00  2.84e+03  0.00e+00  8.13e+02  8.62e-01
   2   1.0582785e+01   7.5305140e+00  1.23e+03  0.00e+00  3.52e+02  4.43e+00
   3   3.3380041e+00   2.1919042e+00  3.16e+02  0.00e+00  9.03e+01  1.23e+01
   4   1.1896846e+00   6.6294496e-01  1.18e+02  0.00e+00  3.38e+01  2.61e+01
   5   5.5576167e-01   3.4834281e-01  5.44e+01  0.00e+00  1.56e+01  6.42e+01
   6   5.6561759e-01   4.1415235e-01  2.15e+01  0.00e+00  6.14e+00  8.65e+01
   7   5.3267062e-01   4.6453112e-01  1.57e+01  0.00e+00  4.49e+00  1.83e+02
   8   6.1163944e-01   5.7039342e-01  7.09e+00  0.00e+00  2.03e+00  3.01e+02
   9   6.7090857e-01   6.5684480e-01  4.29e+00  0.00e+00  1.23e+00  8.74e+02
  10   6.8320992e-01   6.7233874e-01  1.47e+00  0.00e+00  4.19e-01  1.11e+03
  11   7.0832767e-01   7.0314289e-01  1.13e+00  0.00e+00  3.24e-01  2.33e+03
  12   7.2685015e-01   7.2602852e-01  5.41e-01  0.00e+00  1.55e-01  1.48e+04
  13   7.2881254e-01   7.2855908e-01  8.57e-02  0.00e+00  2.45e-02  4.58e+04
  14   7.2970513e-01   7.2961214e-01  2.65e-02  0.00e+00  7.58e-03  1.24e+05
  15   7.3000493e-01   7.2998086e-01  9.74e-03  0.00e+00  2.78e-03  4.69e+05
  16   7.3010884e-01   7.3010097e-01  2.52e-03  0.00e+00  7.22e-04  1.43e+06
  17   7.3015071e-01   7.3014950e-01  8.25e-04  0.00e+00  2.36e-04  9.34e+06
  18   7.3015642e-01   7.3015608e-01  1.26e-04  0.00e+00  3.61e-05  3.25e+07
  19   7.3015784e-01   7.3015771e-01  3.62e-05  0.00e+00  1.04e-05  8.78e+07
  20   7.3015861e-01   7.3015860e-01  1.34e-05  0.00e+00  3.84e-06  1.05e+09
CPLEX Error  3003: Not a mixed-integer problem.
Warning:  No solution found from 5 MIP starts.
Retaining values of one MIP start for possible repair.
Found incumbent of value 0.730159 after 0.00 sec. (0.03 ticks)
Tried aggregator 1 time.
MIP Presolve eliminated 1 rows and 4 columns.
MIP Presolve modified 117 coefficients.
Reduced MIP has 7 rows, 35 columns, and 171 nonzeros.
Reduced MIP has 31 binaries, 3 generals, 0 SOSs, and 0 indicators.
Presolve time = 0.00 sec. (0.30 ticks)
Probing time = 0.00 sec. (0.03 ticks)
Tried aggregator 1 time.
Reduced MIP has 7 rows, 35 columns, and 171 nonzeros.
Reduced MIP has 31 binaries, 3 generals, 0 SOSs, and 0 indicators.
Presolve time = 0.00 sec. (0.09 ticks)
Probing time = 0.00 sec. (0.03 ticks)
Clique table members: 2.
MIP emphasis: balance optimality and feasibility.
MIP search method: dynamic search.
Parallel mode: deterministic, using up to 32 threads.
Root relaxation solution time = 0.00 sec. (0.04 ticks)

        Nodes                                         Cuts/
   Node  Left     Objective  IInf  Best Integer    Best Bound    ItCnt     Gap

*     0+    0                            0.7302       28.8765        8     --- 
*     0+    0                            3.2407       28.8765        8  791.05%
      0     0        5.2581     3        3.2407        5.2581        8   62.25%
*     0+    0                            3.7327        5.2581        8   40.87%
      0     0        4.9573     5        3.7327    MIRcuts: 1       11   32.81%
      0     0        4.9364     5        3.7327      Fract: 1       13   32.25%
      0     0        4.9079     5        3.7327    MIRcuts: 1       14   31.49%
*     0+    0                            3.9773        4.9079       14   23.40%
*     0+    0                            4.6625        4.9079       14    5.26%
Repair heuristic found nothing.

Repeating presolve.
Tried aggregator 1 time.
MIP Presolve eliminated 0 rows and 20 columns.
Reduced MIP has 7 rows, 15 columns, and 72 nonzeros.
Reduced MIP has 13 binaries, 1 generals, 0 SOSs, and 0 indicators.
Presolve time = 0.00 sec. (0.06 ticks)
Probing time = 0.00 sec. (0.01 ticks)
Cover probing fixed 0 vars, tightened 1 bounds.
Tried aggregator 1 time.
Reduced MIP has 7 rows, 15 columns, and 72 nonzeros.
Reduced MIP has 14 binaries, 0 generals, 0 SOSs, and 0 indicators.
Presolve time = 0.00 sec. (0.04 ticks)
Represolve time = 0.00 sec. (0.16 ticks)
Probing time = 0.00 sec. (0.01 ticks)
Clique table members: 2.
MIP emphasis: balance optimality and feasibility.
MIP search method: dynamic search.
Parallel mode: deterministic, using up to 32 threads.
Root relaxation solution time = 0.00 sec. (0.04 ticks)

        Nodes                                         Cuts/
   Node  Left     Objective  IInf  Best Integer    Best Bound    ItCnt     Gap

*     0+    0                            4.6625        4.8807       22    4.68%
      0     0        4.9079     5        4.6625        4.8807       22    4.68%
      0     0        4.9009     6        4.6625       Cuts: 4       23    4.68%
      0     0        4.8561     6        4.6625       Cuts: 3       27    4.15%
      0     0        4.8264     6        4.6625   LiftProj: 1       28    3.52%
*     0+    0                            4.6934        4.8264       28    2.83%
Repair heuristic found nothing.
      0     0        cutoff              4.6934        4.6934       28    0.00%
Elapsed time = 0.13 sec. (2.02 ticks, tree = 0.00 MB, solutions = 6)
ub: 4.693449513242189, lb: 2.292952633537781
mpc.areas
WARNING: unrecognized data matrix named "mpc.areas" data was ignored.

GUB cover cuts applied:  1
Cover cuts applied:  1
Mixed integer rounding cuts applied:  2
Lift and project cuts applied:  2
Gomory fractional cuts applied:  1

Root node processing (before b&c):
  Real time             =    0.13 sec. (2.03 ticks)
Parallel b&c, 32 threads:
  Real time             =    0.00 sec. (0.00 ticks)
  Sync time (average)   =    0.00 sec.
  Wait time (average)   =    0.00 sec.
                          ------------
Total (root+branch&cut) =    0.13 sec. (2.03 ticks)
Tried aggregator 1 time.
QCP Presolve eliminated 4 rows and 53 columns.
Reduced QCP has 873 rows, 475 columns, and 1715 nonzeros.
Reduced QCP has 105 quadratic constraints.
Presolve time = 0.00 sec. (0.34 ticks)
Parallel mode: using up to 32 threads for barrier.
Number of nonzeros in lower triangle of A*A' = 5893
Using Approximate Minimum Degree ordering
Total time for automatic ordering = 0.00 sec. (0.29 ticks)
Summary statistics for Cholesky factor:
  Threads                   = 32
  Rows in Factor            = 873
  Integer space required    = 1754
  Total non-zeros in factor = 9548
  Total FP ops to factor    = 131680
 Itn      Primal Obj        Dual Obj  Prim Inf Upper Inf  Dual Inf Inf Ratio
   0   2.8500000e+01   0.0000000e+00  2.88e+03  0.00e+00  8.21e+02  1.00e+00
   1   1.9396944e+01   7.7321627e+00  2.88e+03  0.00e+00  8.21e+02  8.51e-01
   2   1.0570650e+01   7.5653287e+00  1.26e+03  0.00e+00  3.57e+02  4.43e+00
   3   2.7940409e+00   1.6864748e+00  3.16e+02  0.00e+00  8.99e+01  1.25e+01
   4   1.2345264e+00   7.6360003e-01  1.16e+02  0.00e+00  3.31e+01  2.80e+01
   5   6.3970646e-01   3.9744453e-01  4.95e+01  0.00e+00  1.41e+01  5.21e+01
   6   7.1652343e-01   5.3997426e-01  2.56e+01  0.00e+00  7.28e+00  7.13e+01
   7   6.0638741e-01   5.4364457e-01  1.86e+01  0.00e+00  5.30e+00  1.94e+02
   8   6.5203307e-01   6.1905230e-01  6.64e+00  0.00e+00  1.89e+00  3.70e+02
   9   6.6400914e-01   6.4438560e-01  3.49e+00  0.00e+00  9.93e-01  6.17e+02
  10   6.6843176e-01   6.5668706e-01  2.08e+00  0.00e+00  5.91e-01  1.00e+03
  11   6.7534442e-01   6.6591539e-01  1.25e+00  0.00e+00  3.55e-01  1.24e+03
  12   6.9071073e-01   6.8543567e-01  1.00e+00  0.00e+00  2.85e-01  2.21e+03
  13   7.0418662e-01   7.0201464e-01  5.60e-01  0.00e+00  1.59e-01  5.35e+03
  14   7.1196135e-01   7.1162679e-01  2.31e-01  0.00e+00  6.57e-02  3.47e+04
  15   7.1316667e-01   7.1310063e-01  3.55e-02  0.00e+00  1.01e-02  1.74e+05
  16   7.1336256e-01   7.1333802e-01  7.02e-03  0.00e+00  2.00e-03  4.66e+05
  17   7.1346922e-01   7.1346526e-01  2.61e-03  0.00e+00  7.43e-04  2.88e+06
  18   7.1348527e-01   7.1348442e-01  4.20e-04  0.00e+00  1.20e-04  1.33e+07
  19   7.1348956e-01   7.1348948e-01  9.05e-05  0.00e+00  2.58e-05  1.32e+08
CPLEX Error  3003: Not a mixed-integer problem.
1 of 7 MIP starts provided solutions.
MIP start 'm2' defined initial solution with objective 3.2407.
Retaining values of one MIP start for possible repair.
Tried aggregator 1 time.
MIP Presolve eliminated 2 rows and 5 columns.
MIP Presolve modified 156 coefficients.
Reduced MIP has 8 rows, 34 columns, and 199 nonzeros.
Reduced MIP has 30 binaries, 3 generals, 0 SOSs, and 0 indicators.
Presolve time = 0.00 sec. (0.34 ticks)
Probing time = 0.00 sec. (0.03 ticks)
Tried aggregator 1 time.
Reduced MIP has 8 rows, 34 columns, and 199 nonzeros.
Reduced MIP has 30 binaries, 3 generals, 0 SOSs, and 0 indicators.
Presolve time = 0.00 sec. (0.10 ticks)
Probing time = 0.00 sec. (0.03 ticks)
Clique table members: 2.
MIP emphasis: balance optimality and feasibility.
MIP search method: dynamic search.
Parallel mode: deterministic, using up to 32 threads.
Root relaxation solution time = 0.00 sec. (0.04 ticks)

        Nodes                                         Cuts/
   Node  Left     Objective  IInf  Best Integer    Best Bound    ItCnt     Gap

*     0+    0                            3.2407       27.5051        5  748.73%
      0     0        4.7859     4        3.2407        4.7859        5   47.68%
*     0+    0                            4.2208        4.7859        5   13.39%
      0     0        4.5650     2        4.2208      Fract: 1        6    8.15%
      0     0        4.4674     5        4.2208       Cuts: 3        9    5.84%
Repair heuristic found nothing.

Repeating presolve.
Tried aggregator 1 time.
MIP Presolve eliminated 1 rows and 24 columns.
MIP Presolve modified 9 coefficients.
Reduced MIP has 7 rows, 10 columns, and 55 nonzeros.
Reduced MIP has 9 binaries, 0 generals, 0 SOSs, and 0 indicators.
Presolve time = 0.00 sec. (0.06 ticks)
Probing time = 0.00 sec. (0.01 ticks)
Cover probing fixed 0 vars, tightened 1 bounds.
Tried aggregator 1 time.
Reduced MIP has 7 rows, 10 columns, and 55 nonzeros.
Reduced MIP has 9 binaries, 0 generals, 0 SOSs, and 0 indicators.
Presolve time = 0.00 sec. (0.02 ticks)
Represolve time = 0.00 sec. (0.12 ticks)
Probing time = 0.00 sec. (0.00 ticks)
Clique table members: 1.
MIP emphasis: balance optimality and feasibility.
MIP search method: dynamic search.
Parallel mode: deterministic, using up to 32 threads.
Root relaxation solution time = 0.00 sec. (0.03 ticks)

        Nodes                                         Cuts/
   Node  Left     Objective  IInf  Best Integer    Best Bound    ItCnt     Gap

*     0+    0                            4.2208        4.4674       17    5.84%
      0     0        4.4674     5        4.2208        4.4674       17    5.84%
      0     0        4.2895     5        4.2208       Cuts: 5       22    1.63%
      0     0        cutoff              4.2208                     23    0.00%
Elapsed time = 0.03 sec. (1.45 ticks, tree = 0.00 MB, solutions = 1)
ub: 4.220765268783127, lb: 2.292952633537781
mpc.areas
WARNING: unrecognized data matrix named "mpc.areas" data was ignored.

GUB cover cuts applied:  1
Mixed integer rounding cuts applied:  1
Gomory fractional cuts applied:  2

Root node processing (before b&c):
  Real time             =    0.03 sec. (1.45 ticks)
Parallel b&c, 32 threads:
  Real time             =    0.00 sec. (0.00 ticks)
  Sync time (average)   =    0.00 sec.
  Wait time (average)   =    0.00 sec.
                          ------------
Total (root+branch&cut) =    0.03 sec. (1.45 ticks)
Tried aggregator 1 time.
QCP Presolve eliminated 6 rows and 53 columns.
Aggregator did 1 substitutions.
Reduced QCP has 861 rows, 468 columns, and 1692 nonzeros.
Reduced QCP has 104 quadratic constraints.
Presolve time = 0.00 sec. (0.35 ticks)
Parallel mode: using up to 32 threads for barrier.
Number of nonzeros in lower triangle of A*A' = 5857
Using Approximate Minimum Degree ordering
Total time for automatic ordering = 0.00 sec. (0.29 ticks)
Summary statistics for Cholesky factor:
  Threads                   = 32
  Rows in Factor            = 861
  Integer space required    = 1689
  Total non-zeros in factor = 9407
  Total FP ops to factor    = 131779
 Itn      Primal Obj        Dual Obj  Prim Inf Upper Inf  Dual Inf Inf Ratio
   0   2.8500000e+01   1.9400000e+00  2.88e+03  0.00e+00  8.11e+02  1.00e+00
   1   1.9306812e+01   8.4653096e+00  2.88e+03  0.00e+00  8.11e+02  8.61e-01
   2   1.0964168e+01   8.3308280e+00  1.25e+03  0.00e+00  3.53e+02  4.86e+00
   3   4.2688184e+00   3.3674571e+00  2.96e+02  0.00e+00  8.35e+01  1.47e+01
   4   4.3492858e+00   3.7735768e+00  1.01e+02  0.00e+00  2.85e+01  2.14e+01
   5   3.8664722e+00   3.6662589e+00  6.50e+01  0.00e+00  1.83e+01  6.06e+01
   6   3.9274511e+00   3.7303091e+00  2.26e+01  0.00e+00  6.38e+00  6.01e+01
   7   3.9409369e+00   3.8448019e+00  2.23e+01  0.00e+00  6.29e+00  1.21e+02
   8   3.9716676e+00   3.9405167e+00  1.09e+01  0.00e+00  3.07e+00  3.69e+02
   9   3.9911325e+00   3.9814361e+00  3.53e+00  0.00e+00  9.96e-01  1.18e+03
  10   3.9982663e+00   3.9955100e+00  1.10e+00  0.00e+00  3.10e-01  4.11e+03
  11   4.0021765e+00   4.0016595e+00  3.13e-01  0.00e+00  8.82e-02  2.14e+04
  12   4.0032713e+00   4.0030402e+00  5.88e-02  0.00e+00  1.66e-02  4.73e+04
  13   4.0039186e+00   4.0038703e+00  2.63e-02  0.00e+00  7.42e-03  2.26e+05
  14   4.0040092e+00   4.0039871e+00  5.51e-03  0.00e+00  1.55e-03  4.93e+05
  15   4.0040902e+00   4.0040874e+00  2.52e-03  0.00e+00  7.11e-04  3.84e+06
  16   4.0040998e+00   4.0040992e+00  3.23e-04  0.00e+00  9.11e-05  1.80e+07
  17   4.0041025e+00   4.0041025e+00  6.89e-05  0.00e+00  1.94e-05  1.75e+09
CPLEX Error  3003: Not a mixed-integer problem.
Warning:  No solution found from 3 MIP starts.
Retaining values of one MIP start for possible repair.
Found incumbent of value 0.713490 after 0.00 sec. (0.04 ticks)
Tried aggregator 1 time.
MIP Presolve eliminated 2 rows and 5 columns.
MIP Presolve modified 195 coefficients.
Reduced MIP has 10 rows, 34 columns, and 233 nonzeros.
Reduced MIP has 30 binaries, 3 generals, 0 SOSs, and 0 indicators.
Presolve time = 0.00 sec. (0.37 ticks)
Probing time = 0.00 sec. (0.04 ticks)
Tried aggregator 1 time.
Reduced MIP has 10 rows, 34 columns, and 233 nonzeros.
Reduced MIP has 30 binaries, 3 generals, 0 SOSs, and 0 indicators.
Presolve time = 0.00 sec. (0.11 ticks)
Probing time = 0.00 sec. (0.04 ticks)
Clique table members: 3.
MIP emphasis: balance optimality and feasibility.
MIP search method: dynamic search.
Parallel mode: deterministic, using up to 32 threads.
Root relaxation solution time = 0.00 sec. (0.04 ticks)

        Nodes                                         Cuts/
   Node  Left     Objective  IInf  Best Integer    Best Bound    ItCnt     Gap

*     0+    0                            0.7135       27.5051        5     --- 
*     0+    0                            3.2407       27.5051        5  748.73%
      0     0        4.7639     5        3.2407        4.7639        5   47.00%
*     0+    0                            3.5780        4.7639        5   33.14%
      0     0        4.3126     5        3.5780      Fract: 1       10   20.53%
*     0+    0                            3.7724        4.3126       10   14.32%
      0     0        4.2421     4        3.7724      Fract: 1       13   12.45%
*     0+    0                            3.8200        4.2421       13   11.05%
Repair heuristic succeeded.

Repeating presolve.
Tried aggregator 1 time.
MIP Presolve eliminated 2 rows and 18 columns.
Reduced MIP has 8 rows, 16 columns, and 106 nonzeros.
Reduced MIP has 14 binaries, 1 generals, 0 SOSs, and 0 indicators.
Presolve time = 0.00 sec. (0.09 ticks)
Probing fixed 0 vars, tightened 2 bounds.
Probing time = 0.00 sec. (0.01 ticks)
Cover probing fixed 0 vars, tightened 2 bounds.
Tried aggregator 1 time.
Reduced MIP has 8 rows, 16 columns, and 106 nonzeros.
Reduced MIP has 15 binaries, 0 generals, 0 SOSs, and 0 indicators.
Presolve time = 0.00 sec. (0.06 ticks)
Represolve time = 0.00 sec. (0.21 ticks)
Probing fixed 0 vars, tightened 1 bounds.
Probing time = 0.00 sec. (0.01 ticks)
Cover probing fixed 0 vars, tightened 1 bounds.
Clique table members: 1.
MIP emphasis: balance optimality and feasibility.
MIP search method: dynamic search.
Parallel mode: deterministic, using up to 32 threads.
Root relaxation solution time = 0.00 sec. (0.04 ticks)

        Nodes                                         Cuts/
   Node  Left     Objective  IInf  Best Integer    Best Bound    ItCnt     Gap

*     0+    0                            3.8200        4.2090       22   10.18%
      0     0        4.2421     4        3.8200        4.2090       22   10.18%
      0     0        4.1804     6        3.8200       Cuts: 3       26    9.43%
      0     0        4.1733     6        3.8200       Cuts: 4       30    9.25%
      0     0        3.8694     2        3.8200       Cuts: 3       38    1.29%
Repair heuristic found nothing.

Repeating presolve.
Tried aggregator 1 time.
MIP Presolve eliminated 1 rows and 7 columns.
Reduced MIP has 7 rows, 9 columns, and 56 nonzeros.
Reduced MIP has 8 binaries, 0 generals, 0 SOSs, and 0 indicators.
Presolve time = 0.00 sec. (0.02 ticks)
Probing time = 0.00 sec. (0.01 ticks)
Cover probing fixed 0 vars, tightened 1 bounds.
Tried aggregator 1 time.
Reduced MIP has 7 rows, 9 columns, and 56 nonzeros.
Reduced MIP has 8 binaries, 0 generals, 0 SOSs, and 0 indicators.
Presolve time = 0.00 sec. (0.02 ticks)
Represolve time = 0.00 sec. (0.10 ticks)
Probing time = 0.00 sec. (0.00 ticks)
MIP emphasis: balance optimality and feasibility.
MIP search method: dynamic search.
Parallel mode: deterministic, using up to 32 threads.
Root relaxation solution time = 0.00 sec. (0.04 ticks)

        Nodes                                         Cuts/
   Node  Left     Objective  IInf  Best Integer    Best Bound    ItCnt     Gap

*     0+    0                            3.8200        3.8694       49    1.29%
      0     0        3.8694     2        3.8200        3.8694       49    1.29%
      0     0        3.8521     4        3.8200       Cuts: 4       51    0.84%
      0     0        cutoff              3.8200                     53    0.00%
Elapsed time = 0.10 sec. (2.84 ticks, tree = 0.00 MB, solutions = 4)
ub: 3.8200022464874026, lb: 4.004102545919293
###################################
k ... 2
solution = x* ... Any[18,23]
model: PowerModels.GenericPowerModel{PowerModels.SOCWRForm}, cut_type: AC, model_type: OPF
total number of iterations ... 5
solution cost ... 4.004102545919293
computation time ... 0.615803208
mpc.areas
WARNING: unrecognized data matrix named "mpc.areas" data was ignored.

GUB cover cuts applied:  2
Cover cuts applied:  2
Flow cuts applied:  1
Mixed integer rounding cuts applied:  1
Zero-half cuts applied:  1
Lift and project cuts applied:  1

Root node processing (before b&c):
  Real time             =    0.10 sec. (2.85 ticks)
Parallel b&c, 32 threads:
  Real time             =    0.00 sec. (0.00 ticks)
  Sync time (average)   =    0.00 sec.
  Wait time (average)   =    0.00 sec.
                          ------------
Total (root+branch&cut) =    0.10 sec. (2.85 ticks)
WARNING: there was an issue with getsolvetime() on the solver, falling back on @timed.  This is not a rigorous timing value.
full AC load shed ... 3.9846180484518716
###################################
